[2023-08-09T08:37:37.431+0000] {processor.py:157} INFO - Started process (PID=6645) to work on /opt/airflow/dags/Chap6_20.py
[2023-08-09T08:37:37.434+0000] {processor.py:826} INFO - Processing file /opt/airflow/dags/Chap6_20.py for tasks to queue
[2023-08-09T08:37:37.435+0000] {logging_mixin.py:149} INFO - [2023-08-09T08:37:37.435+0000] {dagbag.py:541} INFO - Filling up the DagBag from /opt/airflow/dags/Chap6_20.py
[2023-08-09T08:37:37.463+0000] {processor.py:836} INFO - DAG(s) dict_keys(['Chap6_20_dag_1', 'Chap6_20_dag_2']) retrieved from /opt/airflow/dags/Chap6_20.py
[2023-08-09T08:37:37.498+0000] {logging_mixin.py:149} INFO - [2023-08-09T08:37:37.498+0000] {dag.py:2726} INFO - Sync 2 DAGs
[2023-08-09T08:37:37.518+0000] {logging_mixin.py:149} INFO - [2023-08-09T08:37:37.518+0000] {dag.py:3486} INFO - Setting next_dagrun for Chap6_20_dag_1 to 2023-08-06T16:00:00+00:00, run_after=2023-08-07T16:00:00+00:00
[2023-08-09T08:37:37.523+0000] {logging_mixin.py:149} INFO - [2023-08-09T08:37:37.523+0000] {dag.py:3486} INFO - Setting next_dagrun for Chap6_20_dag_2 to 2023-08-06T16:00:00+00:00, run_after=2023-08-07T16:00:00+00:00
[2023-08-09T08:37:37.540+0000] {processor.py:179} INFO - Processing /opt/airflow/dags/Chap6_20.py took 0.112 seconds
[2023-08-09T08:38:08.356+0000] {processor.py:157} INFO - Started process (PID=6784) to work on /opt/airflow/dags/Chap6_20.py
[2023-08-09T08:38:08.358+0000] {processor.py:826} INFO - Processing file /opt/airflow/dags/Chap6_20.py for tasks to queue
[2023-08-09T08:38:08.360+0000] {logging_mixin.py:149} INFO - [2023-08-09T08:38:08.360+0000] {dagbag.py:541} INFO - Filling up the DagBag from /opt/airflow/dags/Chap6_20.py
[2023-08-09T08:38:08.385+0000] {processor.py:836} INFO - DAG(s) dict_keys(['Chap6_20_dag_2', 'Chap6_20_dag_1']) retrieved from /opt/airflow/dags/Chap6_20.py
[2023-08-09T08:38:08.418+0000] {logging_mixin.py:149} INFO - [2023-08-09T08:38:08.418+0000] {dag.py:2726} INFO - Sync 2 DAGs
[2023-08-09T08:38:08.438+0000] {logging_mixin.py:149} INFO - [2023-08-09T08:38:08.438+0000] {dag.py:3486} INFO - Setting next_dagrun for Chap6_20_dag_1 to 2023-08-06T16:00:00+00:00, run_after=2023-08-07T16:00:00+00:00
[2023-08-09T08:38:08.443+0000] {logging_mixin.py:149} INFO - [2023-08-09T08:38:08.443+0000] {dag.py:3486} INFO - Setting next_dagrun for Chap6_20_dag_2 to 2023-08-06T16:00:00+00:00, run_after=2023-08-07T16:00:00+00:00
[2023-08-09T08:38:08.457+0000] {processor.py:179} INFO - Processing /opt/airflow/dags/Chap6_20.py took 0.107 seconds
[2023-08-09T08:38:39.206+0000] {processor.py:157} INFO - Started process (PID=6924) to work on /opt/airflow/dags/Chap6_20.py
[2023-08-09T08:38:39.213+0000] {processor.py:826} INFO - Processing file /opt/airflow/dags/Chap6_20.py for tasks to queue
[2023-08-09T08:38:39.215+0000] {logging_mixin.py:149} INFO - [2023-08-09T08:38:39.215+0000] {dagbag.py:541} INFO - Filling up the DagBag from /opt/airflow/dags/Chap6_20.py
[2023-08-09T08:38:39.235+0000] {processor.py:836} INFO - DAG(s) dict_keys(['Chap6_20_dag_1', 'Chap6_20_dag_2']) retrieved from /opt/airflow/dags/Chap6_20.py
[2023-08-09T08:38:39.262+0000] {logging_mixin.py:149} INFO - [2023-08-09T08:38:39.262+0000] {dag.py:2726} INFO - Sync 2 DAGs
[2023-08-09T08:38:39.279+0000] {logging_mixin.py:149} INFO - [2023-08-09T08:38:39.279+0000] {dag.py:3486} INFO - Setting next_dagrun for Chap6_20_dag_1 to 2023-08-06T16:00:00+00:00, run_after=2023-08-07T16:00:00+00:00
[2023-08-09T08:38:39.283+0000] {logging_mixin.py:149} INFO - [2023-08-09T08:38:39.283+0000] {dag.py:3486} INFO - Setting next_dagrun for Chap6_20_dag_2 to 2023-08-06T16:00:00+00:00, run_after=2023-08-07T16:00:00+00:00
[2023-08-09T08:38:39.296+0000] {processor.py:179} INFO - Processing /opt/airflow/dags/Chap6_20.py took 0.095 seconds
[2023-08-09T08:39:10.100+0000] {processor.py:157} INFO - Started process (PID=7063) to work on /opt/airflow/dags/Chap6_20.py
[2023-08-09T08:39:10.103+0000] {processor.py:826} INFO - Processing file /opt/airflow/dags/Chap6_20.py for tasks to queue
[2023-08-09T08:39:10.104+0000] {logging_mixin.py:149} INFO - [2023-08-09T08:39:10.104+0000] {dagbag.py:541} INFO - Filling up the DagBag from /opt/airflow/dags/Chap6_20.py
[2023-08-09T08:39:10.128+0000] {processor.py:836} INFO - DAG(s) dict_keys(['Chap6_20_dag_2', 'Chap6_20_dag_1']) retrieved from /opt/airflow/dags/Chap6_20.py
[2023-08-09T08:39:10.156+0000] {logging_mixin.py:149} INFO - [2023-08-09T08:39:10.156+0000] {dag.py:2726} INFO - Sync 2 DAGs
[2023-08-09T08:39:10.172+0000] {logging_mixin.py:149} INFO - [2023-08-09T08:39:10.172+0000] {dag.py:3486} INFO - Setting next_dagrun for Chap6_20_dag_1 to 2023-08-06T16:00:00+00:00, run_after=2023-08-07T16:00:00+00:00
[2023-08-09T08:39:10.176+0000] {logging_mixin.py:149} INFO - [2023-08-09T08:39:10.176+0000] {dag.py:3486} INFO - Setting next_dagrun for Chap6_20_dag_2 to 2023-08-06T16:00:00+00:00, run_after=2023-08-07T16:00:00+00:00
[2023-08-09T08:39:10.187+0000] {processor.py:179} INFO - Processing /opt/airflow/dags/Chap6_20.py took 0.092 seconds
[2023-08-09T08:39:40.731+0000] {processor.py:157} INFO - Started process (PID=7202) to work on /opt/airflow/dags/Chap6_20.py
[2023-08-09T08:39:40.733+0000] {processor.py:826} INFO - Processing file /opt/airflow/dags/Chap6_20.py for tasks to queue
[2023-08-09T08:39:40.734+0000] {logging_mixin.py:149} INFO - [2023-08-09T08:39:40.734+0000] {dagbag.py:541} INFO - Filling up the DagBag from /opt/airflow/dags/Chap6_20.py
[2023-08-09T08:39:40.756+0000] {processor.py:836} INFO - DAG(s) dict_keys(['Chap6_20_dag_1', 'Chap6_20_dag_2']) retrieved from /opt/airflow/dags/Chap6_20.py
[2023-08-09T08:39:40.785+0000] {logging_mixin.py:149} INFO - [2023-08-09T08:39:40.784+0000] {dag.py:2726} INFO - Sync 2 DAGs
[2023-08-09T08:39:40.801+0000] {logging_mixin.py:149} INFO - [2023-08-09T08:39:40.801+0000] {dag.py:3486} INFO - Setting next_dagrun for Chap6_20_dag_1 to 2023-08-06T16:00:00+00:00, run_after=2023-08-07T16:00:00+00:00
[2023-08-09T08:39:40.805+0000] {logging_mixin.py:149} INFO - [2023-08-09T08:39:40.805+0000] {dag.py:3486} INFO - Setting next_dagrun for Chap6_20_dag_2 to 2023-08-06T16:00:00+00:00, run_after=2023-08-07T16:00:00+00:00
[2023-08-09T08:39:40.815+0000] {processor.py:179} INFO - Processing /opt/airflow/dags/Chap6_20.py took 0.089 seconds
[2023-08-09T08:40:11.563+0000] {processor.py:157} INFO - Started process (PID=7341) to work on /opt/airflow/dags/Chap6_20.py
[2023-08-09T08:40:11.566+0000] {processor.py:826} INFO - Processing file /opt/airflow/dags/Chap6_20.py for tasks to queue
[2023-08-09T08:40:11.567+0000] {logging_mixin.py:149} INFO - [2023-08-09T08:40:11.567+0000] {dagbag.py:541} INFO - Filling up the DagBag from /opt/airflow/dags/Chap6_20.py
[2023-08-09T08:40:11.589+0000] {processor.py:836} INFO - DAG(s) dict_keys(['Chap6_20_dag_2', 'Chap6_20_dag_1']) retrieved from /opt/airflow/dags/Chap6_20.py
[2023-08-09T08:40:11.616+0000] {logging_mixin.py:149} INFO - [2023-08-09T08:40:11.615+0000] {dag.py:2726} INFO - Sync 2 DAGs
[2023-08-09T08:40:11.632+0000] {logging_mixin.py:149} INFO - [2023-08-09T08:40:11.632+0000] {dag.py:3486} INFO - Setting next_dagrun for Chap6_20_dag_1 to 2023-08-06T16:00:00+00:00, run_after=2023-08-07T16:00:00+00:00
[2023-08-09T08:40:11.636+0000] {logging_mixin.py:149} INFO - [2023-08-09T08:40:11.636+0000] {dag.py:3486} INFO - Setting next_dagrun for Chap6_20_dag_2 to 2023-08-06T16:00:00+00:00, run_after=2023-08-07T16:00:00+00:00
[2023-08-09T08:40:11.647+0000] {processor.py:179} INFO - Processing /opt/airflow/dags/Chap6_20.py took 0.088 seconds
[2023-08-09T08:40:42.056+0000] {processor.py:157} INFO - Started process (PID=7480) to work on /opt/airflow/dags/Chap6_20.py
[2023-08-09T08:40:42.059+0000] {processor.py:826} INFO - Processing file /opt/airflow/dags/Chap6_20.py for tasks to queue
[2023-08-09T08:40:42.062+0000] {logging_mixin.py:149} INFO - [2023-08-09T08:40:42.062+0000] {dagbag.py:541} INFO - Filling up the DagBag from /opt/airflow/dags/Chap6_20.py
[2023-08-09T08:40:42.077+0000] {processor.py:836} INFO - DAG(s) dict_keys(['Chap6_20_dag_1', 'Chap6_20_dag_2']) retrieved from /opt/airflow/dags/Chap6_20.py
[2023-08-09T08:40:42.102+0000] {logging_mixin.py:149} INFO - [2023-08-09T08:40:42.101+0000] {dag.py:2726} INFO - Sync 2 DAGs
[2023-08-09T08:40:42.117+0000] {logging_mixin.py:149} INFO - [2023-08-09T08:40:42.117+0000] {dag.py:3486} INFO - Setting next_dagrun for Chap6_20_dag_1 to 2023-08-06T16:00:00+00:00, run_after=2023-08-07T16:00:00+00:00
[2023-08-09T08:40:42.121+0000] {logging_mixin.py:149} INFO - [2023-08-09T08:40:42.121+0000] {dag.py:3486} INFO - Setting next_dagrun for Chap6_20_dag_2 to 2023-08-06T16:00:00+00:00, run_after=2023-08-07T16:00:00+00:00
[2023-08-09T08:40:42.131+0000] {processor.py:179} INFO - Processing /opt/airflow/dags/Chap6_20.py took 0.079 seconds
[2023-08-09T08:41:12.631+0000] {processor.py:157} INFO - Started process (PID=7619) to work on /opt/airflow/dags/Chap6_20.py
[2023-08-09T08:41:12.634+0000] {processor.py:826} INFO - Processing file /opt/airflow/dags/Chap6_20.py for tasks to queue
[2023-08-09T08:41:12.635+0000] {logging_mixin.py:149} INFO - [2023-08-09T08:41:12.635+0000] {dagbag.py:541} INFO - Filling up the DagBag from /opt/airflow/dags/Chap6_20.py
[2023-08-09T08:41:12.652+0000] {processor.py:836} INFO - DAG(s) dict_keys(['Chap6_20_dag_2', 'Chap6_20_dag_1']) retrieved from /opt/airflow/dags/Chap6_20.py
[2023-08-09T08:41:12.677+0000] {logging_mixin.py:149} INFO - [2023-08-09T08:41:12.677+0000] {dag.py:2726} INFO - Sync 2 DAGs
[2023-08-09T08:41:12.692+0000] {logging_mixin.py:149} INFO - [2023-08-09T08:41:12.692+0000] {dag.py:3486} INFO - Setting next_dagrun for Chap6_20_dag_1 to 2023-08-06T16:00:00+00:00, run_after=2023-08-07T16:00:00+00:00
[2023-08-09T08:41:12.696+0000] {logging_mixin.py:149} INFO - [2023-08-09T08:41:12.696+0000] {dag.py:3486} INFO - Setting next_dagrun for Chap6_20_dag_2 to 2023-08-06T16:00:00+00:00, run_after=2023-08-07T16:00:00+00:00
[2023-08-09T08:41:12.706+0000] {processor.py:179} INFO - Processing /opt/airflow/dags/Chap6_20.py took 0.078 seconds
[2023-08-09T08:41:43.268+0000] {processor.py:157} INFO - Started process (PID=7758) to work on /opt/airflow/dags/Chap6_20.py
[2023-08-09T08:41:43.278+0000] {processor.py:826} INFO - Processing file /opt/airflow/dags/Chap6_20.py for tasks to queue
[2023-08-09T08:41:43.279+0000] {logging_mixin.py:149} INFO - [2023-08-09T08:41:43.279+0000] {dagbag.py:541} INFO - Filling up the DagBag from /opt/airflow/dags/Chap6_20.py
[2023-08-09T08:41:43.294+0000] {processor.py:836} INFO - DAG(s) dict_keys(['Chap6_20_dag_1', 'Chap6_20_dag_2']) retrieved from /opt/airflow/dags/Chap6_20.py
[2023-08-09T08:41:43.320+0000] {logging_mixin.py:149} INFO - [2023-08-09T08:41:43.320+0000] {dag.py:2726} INFO - Sync 2 DAGs
[2023-08-09T08:41:43.334+0000] {logging_mixin.py:149} INFO - [2023-08-09T08:41:43.334+0000] {dag.py:3486} INFO - Setting next_dagrun for Chap6_20_dag_1 to 2023-08-06T16:00:00+00:00, run_after=2023-08-07T16:00:00+00:00
[2023-08-09T08:41:43.338+0000] {logging_mixin.py:149} INFO - [2023-08-09T08:41:43.338+0000] {dag.py:3486} INFO - Setting next_dagrun for Chap6_20_dag_2 to 2023-08-06T16:00:00+00:00, run_after=2023-08-07T16:00:00+00:00
[2023-08-09T08:41:43.348+0000] {processor.py:179} INFO - Processing /opt/airflow/dags/Chap6_20.py took 0.084 seconds
[2023-08-09T08:42:13.860+0000] {processor.py:157} INFO - Started process (PID=7897) to work on /opt/airflow/dags/Chap6_20.py
[2023-08-09T08:42:13.864+0000] {processor.py:826} INFO - Processing file /opt/airflow/dags/Chap6_20.py for tasks to queue
[2023-08-09T08:42:13.865+0000] {logging_mixin.py:149} INFO - [2023-08-09T08:42:13.865+0000] {dagbag.py:541} INFO - Filling up the DagBag from /opt/airflow/dags/Chap6_20.py
[2023-08-09T08:42:13.880+0000] {processor.py:836} INFO - DAG(s) dict_keys(['Chap6_20_dag_1', 'Chap6_20_dag_2']) retrieved from /opt/airflow/dags/Chap6_20.py
[2023-08-09T08:42:13.906+0000] {logging_mixin.py:149} INFO - [2023-08-09T08:42:13.906+0000] {dag.py:2726} INFO - Sync 2 DAGs
[2023-08-09T08:42:13.942+0000] {logging_mixin.py:149} INFO - [2023-08-09T08:42:13.942+0000] {dag.py:3486} INFO - Setting next_dagrun for Chap6_20_dag_1 to 2023-08-06T16:00:00+00:00, run_after=2023-08-07T16:00:00+00:00
[2023-08-09T08:42:13.946+0000] {logging_mixin.py:149} INFO - [2023-08-09T08:42:13.946+0000] {dag.py:3486} INFO - Setting next_dagrun for Chap6_20_dag_2 to 2023-08-06T16:00:00+00:00, run_after=2023-08-07T16:00:00+00:00
[2023-08-09T08:42:13.960+0000] {processor.py:179} INFO - Processing /opt/airflow/dags/Chap6_20.py took 0.109 seconds
[2023-08-09T08:42:44.270+0000] {processor.py:157} INFO - Started process (PID=8036) to work on /opt/airflow/dags/Chap6_20.py
[2023-08-09T08:42:44.272+0000] {processor.py:826} INFO - Processing file /opt/airflow/dags/Chap6_20.py for tasks to queue
[2023-08-09T08:42:44.274+0000] {logging_mixin.py:149} INFO - [2023-08-09T08:42:44.274+0000] {dagbag.py:541} INFO - Filling up the DagBag from /opt/airflow/dags/Chap6_20.py
[2023-08-09T08:42:44.307+0000] {processor.py:836} INFO - DAG(s) dict_keys(['Chap6_20_dag_2', 'Chap6_20_dag_1']) retrieved from /opt/airflow/dags/Chap6_20.py
[2023-08-09T08:42:44.336+0000] {logging_mixin.py:149} INFO - [2023-08-09T08:42:44.336+0000] {dag.py:2726} INFO - Sync 2 DAGs
[2023-08-09T08:42:44.353+0000] {logging_mixin.py:149} INFO - [2023-08-09T08:42:44.353+0000] {dag.py:3486} INFO - Setting next_dagrun for Chap6_20_dag_1 to 2023-08-06T16:00:00+00:00, run_after=2023-08-07T16:00:00+00:00
[2023-08-09T08:42:44.357+0000] {logging_mixin.py:149} INFO - [2023-08-09T08:42:44.357+0000] {dag.py:3486} INFO - Setting next_dagrun for Chap6_20_dag_2 to 2023-08-06T16:00:00+00:00, run_after=2023-08-07T16:00:00+00:00
[2023-08-09T08:42:44.368+0000] {processor.py:179} INFO - Processing /opt/airflow/dags/Chap6_20.py took 0.100 seconds
[2023-08-09T08:43:14.709+0000] {processor.py:157} INFO - Started process (PID=8173) to work on /opt/airflow/dags/Chap6_20.py
[2023-08-09T08:43:14.711+0000] {processor.py:826} INFO - Processing file /opt/airflow/dags/Chap6_20.py for tasks to queue
[2023-08-09T08:43:14.717+0000] {logging_mixin.py:149} INFO - [2023-08-09T08:43:14.717+0000] {dagbag.py:541} INFO - Filling up the DagBag from /opt/airflow/dags/Chap6_20.py
[2023-08-09T08:43:14.731+0000] {processor.py:836} INFO - DAG(s) dict_keys(['Chap6_20_dag_1', 'Chap6_20_dag_2']) retrieved from /opt/airflow/dags/Chap6_20.py
[2023-08-09T08:43:14.757+0000] {logging_mixin.py:149} INFO - [2023-08-09T08:43:14.757+0000] {dag.py:2726} INFO - Sync 2 DAGs
[2023-08-09T08:43:14.774+0000] {logging_mixin.py:149} INFO - [2023-08-09T08:43:14.773+0000] {dag.py:3486} INFO - Setting next_dagrun for Chap6_20_dag_1 to 2023-08-06T16:00:00+00:00, run_after=2023-08-07T16:00:00+00:00
[2023-08-09T08:43:14.777+0000] {logging_mixin.py:149} INFO - [2023-08-09T08:43:14.777+0000] {dag.py:3486} INFO - Setting next_dagrun for Chap6_20_dag_2 to 2023-08-06T16:00:00+00:00, run_after=2023-08-07T16:00:00+00:00
[2023-08-09T08:43:14.789+0000] {processor.py:179} INFO - Processing /opt/airflow/dags/Chap6_20.py took 0.083 seconds
[2023-08-09T08:43:46.071+0000] {processor.py:157} INFO - Started process (PID=8312) to work on /opt/airflow/dags/Chap6_20.py
[2023-08-09T08:43:46.073+0000] {processor.py:826} INFO - Processing file /opt/airflow/dags/Chap6_20.py for tasks to queue
[2023-08-09T08:43:46.074+0000] {logging_mixin.py:149} INFO - [2023-08-09T08:43:46.074+0000] {dagbag.py:541} INFO - Filling up the DagBag from /opt/airflow/dags/Chap6_20.py
[2023-08-09T08:43:46.088+0000] {processor.py:836} INFO - DAG(s) dict_keys(['Chap6_20_dag_2', 'Chap6_20_dag_1']) retrieved from /opt/airflow/dags/Chap6_20.py
[2023-08-09T08:43:46.113+0000] {logging_mixin.py:149} INFO - [2023-08-09T08:43:46.113+0000] {dag.py:2726} INFO - Sync 2 DAGs
[2023-08-09T08:43:46.129+0000] {logging_mixin.py:149} INFO - [2023-08-09T08:43:46.129+0000] {dag.py:3486} INFO - Setting next_dagrun for Chap6_20_dag_1 to 2023-08-06T16:00:00+00:00, run_after=2023-08-07T16:00:00+00:00
[2023-08-09T08:43:46.133+0000] {logging_mixin.py:149} INFO - [2023-08-09T08:43:46.133+0000] {dag.py:3486} INFO - Setting next_dagrun for Chap6_20_dag_2 to 2023-08-06T16:00:00+00:00, run_after=2023-08-07T16:00:00+00:00
[2023-08-09T08:43:46.144+0000] {processor.py:179} INFO - Processing /opt/airflow/dags/Chap6_20.py took 0.076 seconds
[2023-08-09T08:44:16.698+0000] {processor.py:157} INFO - Started process (PID=8453) to work on /opt/airflow/dags/Chap6_20.py
[2023-08-09T08:44:16.701+0000] {processor.py:826} INFO - Processing file /opt/airflow/dags/Chap6_20.py for tasks to queue
[2023-08-09T08:44:16.702+0000] {logging_mixin.py:149} INFO - [2023-08-09T08:44:16.702+0000] {dagbag.py:541} INFO - Filling up the DagBag from /opt/airflow/dags/Chap6_20.py
[2023-08-09T08:44:16.718+0000] {processor.py:836} INFO - DAG(s) dict_keys(['Chap6_20_dag_2', 'Chap6_20_dag_1']) retrieved from /opt/airflow/dags/Chap6_20.py
[2023-08-09T08:44:16.746+0000] {logging_mixin.py:149} INFO - [2023-08-09T08:44:16.746+0000] {dag.py:2726} INFO - Sync 2 DAGs
[2023-08-09T08:44:16.762+0000] {logging_mixin.py:149} INFO - [2023-08-09T08:44:16.762+0000] {dag.py:3486} INFO - Setting next_dagrun for Chap6_20_dag_1 to 2023-08-06T16:00:00+00:00, run_after=2023-08-07T16:00:00+00:00
[2023-08-09T08:44:16.767+0000] {logging_mixin.py:149} INFO - [2023-08-09T08:44:16.767+0000] {dag.py:3486} INFO - Setting next_dagrun for Chap6_20_dag_2 to 2023-08-06T16:00:00+00:00, run_after=2023-08-07T16:00:00+00:00
[2023-08-09T08:44:16.777+0000] {processor.py:179} INFO - Processing /opt/airflow/dags/Chap6_20.py took 0.082 seconds
[2023-08-09T08:44:47.530+0000] {processor.py:157} INFO - Started process (PID=8590) to work on /opt/airflow/dags/Chap6_20.py
[2023-08-09T08:44:47.533+0000] {processor.py:826} INFO - Processing file /opt/airflow/dags/Chap6_20.py for tasks to queue
[2023-08-09T08:44:47.536+0000] {logging_mixin.py:149} INFO - [2023-08-09T08:44:47.536+0000] {dagbag.py:541} INFO - Filling up the DagBag from /opt/airflow/dags/Chap6_20.py
[2023-08-09T08:44:47.553+0000] {processor.py:836} INFO - DAG(s) dict_keys(['Chap6_20_dag_1', 'Chap6_20_dag_2']) retrieved from /opt/airflow/dags/Chap6_20.py
[2023-08-09T08:44:47.586+0000] {logging_mixin.py:149} INFO - [2023-08-09T08:44:47.586+0000] {dag.py:2726} INFO - Sync 2 DAGs
[2023-08-09T08:44:47.604+0000] {logging_mixin.py:149} INFO - [2023-08-09T08:44:47.603+0000] {dag.py:3486} INFO - Setting next_dagrun for Chap6_20_dag_1 to 2023-08-06T16:00:00+00:00, run_after=2023-08-07T16:00:00+00:00
[2023-08-09T08:44:47.607+0000] {logging_mixin.py:149} INFO - [2023-08-09T08:44:47.607+0000] {dag.py:3486} INFO - Setting next_dagrun for Chap6_20_dag_2 to 2023-08-06T16:00:00+00:00, run_after=2023-08-07T16:00:00+00:00
[2023-08-09T08:44:47.621+0000] {processor.py:179} INFO - Processing /opt/airflow/dags/Chap6_20.py took 0.094 seconds
[2023-08-09T08:45:18.304+0000] {processor.py:157} INFO - Started process (PID=8729) to work on /opt/airflow/dags/Chap6_20.py
[2023-08-09T08:45:18.307+0000] {processor.py:826} INFO - Processing file /opt/airflow/dags/Chap6_20.py for tasks to queue
[2023-08-09T08:45:18.308+0000] {logging_mixin.py:149} INFO - [2023-08-09T08:45:18.308+0000] {dagbag.py:541} INFO - Filling up the DagBag from /opt/airflow/dags/Chap6_20.py
[2023-08-09T08:45:18.330+0000] {processor.py:836} INFO - DAG(s) dict_keys(['Chap6_20_dag_1', 'Chap6_20_dag_2']) retrieved from /opt/airflow/dags/Chap6_20.py
[2023-08-09T08:45:18.360+0000] {logging_mixin.py:149} INFO - [2023-08-09T08:45:18.360+0000] {dag.py:2726} INFO - Sync 2 DAGs
[2023-08-09T08:45:18.377+0000] {logging_mixin.py:149} INFO - [2023-08-09T08:45:18.377+0000] {dag.py:3486} INFO - Setting next_dagrun for Chap6_20_dag_1 to 2023-08-06T16:00:00+00:00, run_after=2023-08-07T16:00:00+00:00
[2023-08-09T08:45:18.381+0000] {logging_mixin.py:149} INFO - [2023-08-09T08:45:18.381+0000] {dag.py:3486} INFO - Setting next_dagrun for Chap6_20_dag_2 to 2023-08-06T16:00:00+00:00, run_after=2023-08-07T16:00:00+00:00
[2023-08-09T08:45:18.394+0000] {processor.py:179} INFO - Processing /opt/airflow/dags/Chap6_20.py took 0.093 seconds
[2023-08-09T08:45:49.792+0000] {processor.py:157} INFO - Started process (PID=8868) to work on /opt/airflow/dags/Chap6_20.py
[2023-08-09T08:45:49.794+0000] {processor.py:826} INFO - Processing file /opt/airflow/dags/Chap6_20.py for tasks to queue
[2023-08-09T08:45:49.796+0000] {logging_mixin.py:149} INFO - [2023-08-09T08:45:49.796+0000] {dagbag.py:541} INFO - Filling up the DagBag from /opt/airflow/dags/Chap6_20.py
[2023-08-09T08:45:49.812+0000] {processor.py:836} INFO - DAG(s) dict_keys(['Chap6_20_dag_1', 'Chap6_20_dag_2']) retrieved from /opt/airflow/dags/Chap6_20.py
[2023-08-09T08:45:49.841+0000] {logging_mixin.py:149} INFO - [2023-08-09T08:45:49.841+0000] {dag.py:2726} INFO - Sync 2 DAGs
[2023-08-09T08:45:49.863+0000] {logging_mixin.py:149} INFO - [2023-08-09T08:45:49.863+0000] {dag.py:3486} INFO - Setting next_dagrun for Chap6_20_dag_1 to 2023-08-06T16:00:00+00:00, run_after=2023-08-07T16:00:00+00:00
[2023-08-09T08:45:49.876+0000] {logging_mixin.py:149} INFO - [2023-08-09T08:45:49.876+0000] {dag.py:3486} INFO - Setting next_dagrun for Chap6_20_dag_2 to 2023-08-06T16:00:00+00:00, run_after=2023-08-07T16:00:00+00:00
[2023-08-09T08:45:49.901+0000] {processor.py:179} INFO - Processing /opt/airflow/dags/Chap6_20.py took 0.112 seconds
[2023-08-09T08:46:20.964+0000] {processor.py:157} INFO - Started process (PID=9007) to work on /opt/airflow/dags/Chap6_20.py
[2023-08-09T08:46:20.966+0000] {processor.py:826} INFO - Processing file /opt/airflow/dags/Chap6_20.py for tasks to queue
[2023-08-09T08:46:20.967+0000] {logging_mixin.py:149} INFO - [2023-08-09T08:46:20.967+0000] {dagbag.py:541} INFO - Filling up the DagBag from /opt/airflow/dags/Chap6_20.py
[2023-08-09T08:46:20.987+0000] {processor.py:836} INFO - DAG(s) dict_keys(['Chap6_20_dag_2', 'Chap6_20_dag_1']) retrieved from /opt/airflow/dags/Chap6_20.py
[2023-08-09T08:46:21.024+0000] {logging_mixin.py:149} INFO - [2023-08-09T08:46:21.024+0000] {dag.py:2726} INFO - Sync 2 DAGs
[2023-08-09T08:46:21.052+0000] {logging_mixin.py:149} INFO - [2023-08-09T08:46:21.052+0000] {dag.py:3486} INFO - Setting next_dagrun for Chap6_20_dag_1 to 2023-08-06T16:00:00+00:00, run_after=2023-08-07T16:00:00+00:00
[2023-08-09T08:46:21.056+0000] {logging_mixin.py:149} INFO - [2023-08-09T08:46:21.056+0000] {dag.py:3486} INFO - Setting next_dagrun for Chap6_20_dag_2 to 2023-08-06T16:00:00+00:00, run_after=2023-08-07T16:00:00+00:00
[2023-08-09T08:46:21.072+0000] {processor.py:179} INFO - Processing /opt/airflow/dags/Chap6_20.py took 0.112 seconds
[2023-08-09T08:46:51.927+0000] {processor.py:157} INFO - Started process (PID=9147) to work on /opt/airflow/dags/Chap6_20.py
[2023-08-09T08:46:51.929+0000] {processor.py:826} INFO - Processing file /opt/airflow/dags/Chap6_20.py for tasks to queue
[2023-08-09T08:46:51.931+0000] {logging_mixin.py:149} INFO - [2023-08-09T08:46:51.931+0000] {dagbag.py:541} INFO - Filling up the DagBag from /opt/airflow/dags/Chap6_20.py
[2023-08-09T08:46:51.958+0000] {processor.py:836} INFO - DAG(s) dict_keys(['Chap6_20_dag_1', 'Chap6_20_dag_2']) retrieved from /opt/airflow/dags/Chap6_20.py
[2023-08-09T08:46:51.985+0000] {logging_mixin.py:149} INFO - [2023-08-09T08:46:51.985+0000] {dag.py:2726} INFO - Sync 2 DAGs
[2023-08-09T08:46:52.003+0000] {logging_mixin.py:149} INFO - [2023-08-09T08:46:52.003+0000] {dag.py:3486} INFO - Setting next_dagrun for Chap6_20_dag_1 to 2023-08-06T16:00:00+00:00, run_after=2023-08-07T16:00:00+00:00
[2023-08-09T08:46:52.007+0000] {logging_mixin.py:149} INFO - [2023-08-09T08:46:52.007+0000] {dag.py:3486} INFO - Setting next_dagrun for Chap6_20_dag_2 to 2023-08-06T16:00:00+00:00, run_after=2023-08-07T16:00:00+00:00
[2023-08-09T08:46:52.023+0000] {processor.py:179} INFO - Processing /opt/airflow/dags/Chap6_20.py took 0.099 seconds
[2023-08-09T08:47:22.923+0000] {processor.py:157} INFO - Started process (PID=9286) to work on /opt/airflow/dags/Chap6_20.py
[2023-08-09T08:47:22.925+0000] {processor.py:826} INFO - Processing file /opt/airflow/dags/Chap6_20.py for tasks to queue
[2023-08-09T08:47:22.926+0000] {logging_mixin.py:149} INFO - [2023-08-09T08:47:22.926+0000] {dagbag.py:541} INFO - Filling up the DagBag from /opt/airflow/dags/Chap6_20.py
[2023-08-09T08:47:22.940+0000] {processor.py:836} INFO - DAG(s) dict_keys(['Chap6_20_dag_2', 'Chap6_20_dag_1']) retrieved from /opt/airflow/dags/Chap6_20.py
[2023-08-09T08:47:22.964+0000] {logging_mixin.py:149} INFO - [2023-08-09T08:47:22.963+0000] {dag.py:2726} INFO - Sync 2 DAGs
[2023-08-09T08:47:22.978+0000] {logging_mixin.py:149} INFO - [2023-08-09T08:47:22.978+0000] {dag.py:3486} INFO - Setting next_dagrun for Chap6_20_dag_1 to 2023-08-06T16:00:00+00:00, run_after=2023-08-07T16:00:00+00:00
[2023-08-09T08:47:23.001+0000] {logging_mixin.py:149} INFO - [2023-08-09T08:47:23.001+0000] {dag.py:3486} INFO - Setting next_dagrun for Chap6_20_dag_2 to 2023-08-06T16:00:00+00:00, run_after=2023-08-07T16:00:00+00:00
[2023-08-09T08:47:23.015+0000] {processor.py:179} INFO - Processing /opt/airflow/dags/Chap6_20.py took 0.095 seconds
[2023-08-09T08:47:53.823+0000] {processor.py:157} INFO - Started process (PID=9426) to work on /opt/airflow/dags/Chap6_20.py
[2023-08-09T08:47:53.826+0000] {processor.py:826} INFO - Processing file /opt/airflow/dags/Chap6_20.py for tasks to queue
[2023-08-09T08:47:53.827+0000] {logging_mixin.py:149} INFO - [2023-08-09T08:47:53.827+0000] {dagbag.py:541} INFO - Filling up the DagBag from /opt/airflow/dags/Chap6_20.py
[2023-08-09T08:47:53.843+0000] {processor.py:836} INFO - DAG(s) dict_keys(['Chap6_20_dag_1', 'Chap6_20_dag_2']) retrieved from /opt/airflow/dags/Chap6_20.py
[2023-08-09T08:47:53.867+0000] {logging_mixin.py:149} INFO - [2023-08-09T08:47:53.867+0000] {dag.py:2726} INFO - Sync 2 DAGs
[2023-08-09T08:47:53.882+0000] {logging_mixin.py:149} INFO - [2023-08-09T08:47:53.882+0000] {dag.py:3486} INFO - Setting next_dagrun for Chap6_20_dag_1 to 2023-08-06T16:00:00+00:00, run_after=2023-08-07T16:00:00+00:00
[2023-08-09T08:47:53.886+0000] {logging_mixin.py:149} INFO - [2023-08-09T08:47:53.886+0000] {dag.py:3486} INFO - Setting next_dagrun for Chap6_20_dag_2 to 2023-08-06T16:00:00+00:00, run_after=2023-08-07T16:00:00+00:00
[2023-08-09T08:47:53.897+0000] {processor.py:179} INFO - Processing /opt/airflow/dags/Chap6_20.py took 0.077 seconds
[2023-08-09T08:48:24.751+0000] {processor.py:157} INFO - Started process (PID=9565) to work on /opt/airflow/dags/Chap6_20.py
[2023-08-09T08:48:24.753+0000] {processor.py:826} INFO - Processing file /opt/airflow/dags/Chap6_20.py for tasks to queue
[2023-08-09T08:48:24.755+0000] {logging_mixin.py:149} INFO - [2023-08-09T08:48:24.754+0000] {dagbag.py:541} INFO - Filling up the DagBag from /opt/airflow/dags/Chap6_20.py
[2023-08-09T08:48:24.776+0000] {processor.py:836} INFO - DAG(s) dict_keys(['Chap6_20_dag_2', 'Chap6_20_dag_1']) retrieved from /opt/airflow/dags/Chap6_20.py
[2023-08-09T08:48:24.804+0000] {logging_mixin.py:149} INFO - [2023-08-09T08:48:24.804+0000] {dag.py:2726} INFO - Sync 2 DAGs
[2023-08-09T08:48:24.823+0000] {logging_mixin.py:149} INFO - [2023-08-09T08:48:24.823+0000] {dag.py:3486} INFO - Setting next_dagrun for Chap6_20_dag_1 to 2023-08-06T16:00:00+00:00, run_after=2023-08-07T16:00:00+00:00
[2023-08-09T08:48:24.827+0000] {logging_mixin.py:149} INFO - [2023-08-09T08:48:24.827+0000] {dag.py:3486} INFO - Setting next_dagrun for Chap6_20_dag_2 to 2023-08-06T16:00:00+00:00, run_after=2023-08-07T16:00:00+00:00
[2023-08-09T08:48:24.841+0000] {processor.py:179} INFO - Processing /opt/airflow/dags/Chap6_20.py took 0.095 seconds
[2023-08-09T08:48:55.615+0000] {processor.py:157} INFO - Started process (PID=9703) to work on /opt/airflow/dags/Chap6_20.py
[2023-08-09T08:48:55.618+0000] {processor.py:826} INFO - Processing file /opt/airflow/dags/Chap6_20.py for tasks to queue
[2023-08-09T08:48:55.619+0000] {logging_mixin.py:149} INFO - [2023-08-09T08:48:55.619+0000] {dagbag.py:541} INFO - Filling up the DagBag from /opt/airflow/dags/Chap6_20.py
[2023-08-09T08:48:55.636+0000] {processor.py:836} INFO - DAG(s) dict_keys(['Chap6_20_dag_2', 'Chap6_20_dag_1']) retrieved from /opt/airflow/dags/Chap6_20.py
[2023-08-09T08:48:55.660+0000] {logging_mixin.py:149} INFO - [2023-08-09T08:48:55.660+0000] {dag.py:2726} INFO - Sync 2 DAGs
[2023-08-09T08:48:55.685+0000] {logging_mixin.py:149} INFO - [2023-08-09T08:48:55.685+0000] {dag.py:3486} INFO - Setting next_dagrun for Chap6_20_dag_1 to 2023-08-06T16:00:00+00:00, run_after=2023-08-07T16:00:00+00:00
[2023-08-09T08:48:55.689+0000] {logging_mixin.py:149} INFO - [2023-08-09T08:48:55.689+0000] {dag.py:3486} INFO - Setting next_dagrun for Chap6_20_dag_2 to 2023-08-06T16:00:00+00:00, run_after=2023-08-07T16:00:00+00:00
[2023-08-09T08:48:55.700+0000] {processor.py:179} INFO - Processing /opt/airflow/dags/Chap6_20.py took 0.088 seconds
[2023-08-09T08:49:26.645+0000] {processor.py:157} INFO - Started process (PID=9851) to work on /opt/airflow/dags/Chap6_20.py
[2023-08-09T08:49:26.647+0000] {processor.py:826} INFO - Processing file /opt/airflow/dags/Chap6_20.py for tasks to queue
[2023-08-09T08:49:26.650+0000] {logging_mixin.py:149} INFO - [2023-08-09T08:49:26.650+0000] {dagbag.py:541} INFO - Filling up the DagBag from /opt/airflow/dags/Chap6_20.py
[2023-08-09T08:49:26.667+0000] {processor.py:836} INFO - DAG(s) dict_keys(['Chap6_20_dag_2', 'Chap6_20_dag_1']) retrieved from /opt/airflow/dags/Chap6_20.py
[2023-08-09T08:49:26.701+0000] {logging_mixin.py:149} INFO - [2023-08-09T08:49:26.701+0000] {dag.py:2726} INFO - Sync 2 DAGs
[2023-08-09T08:49:26.730+0000] {logging_mixin.py:149} INFO - [2023-08-09T08:49:26.729+0000] {dag.py:3486} INFO - Setting next_dagrun for Chap6_20_dag_1 to 2023-08-06T16:00:00+00:00, run_after=2023-08-07T16:00:00+00:00
[2023-08-09T08:49:26.739+0000] {logging_mixin.py:149} INFO - [2023-08-09T08:49:26.739+0000] {dag.py:3486} INFO - Setting next_dagrun for Chap6_20_dag_2 to 2023-08-06T16:00:00+00:00, run_after=2023-08-07T16:00:00+00:00
[2023-08-09T08:49:26.759+0000] {processor.py:179} INFO - Processing /opt/airflow/dags/Chap6_20.py took 0.117 seconds
[2023-08-09T08:49:57.230+0000] {processor.py:157} INFO - Started process (PID=9990) to work on /opt/airflow/dags/Chap6_20.py
[2023-08-09T08:49:57.249+0000] {processor.py:826} INFO - Processing file /opt/airflow/dags/Chap6_20.py for tasks to queue
[2023-08-09T08:49:57.251+0000] {logging_mixin.py:149} INFO - [2023-08-09T08:49:57.251+0000] {dagbag.py:541} INFO - Filling up the DagBag from /opt/airflow/dags/Chap6_20.py
[2023-08-09T08:49:57.266+0000] {processor.py:836} INFO - DAG(s) dict_keys(['Chap6_20_dag_2', 'Chap6_20_dag_1']) retrieved from /opt/airflow/dags/Chap6_20.py
[2023-08-09T08:49:57.296+0000] {logging_mixin.py:149} INFO - [2023-08-09T08:49:57.296+0000] {dag.py:2726} INFO - Sync 2 DAGs
[2023-08-09T08:49:57.315+0000] {logging_mixin.py:149} INFO - [2023-08-09T08:49:57.315+0000] {dag.py:3486} INFO - Setting next_dagrun for Chap6_20_dag_1 to 2023-08-06T16:00:00+00:00, run_after=2023-08-07T16:00:00+00:00
[2023-08-09T08:49:57.318+0000] {logging_mixin.py:149} INFO - [2023-08-09T08:49:57.318+0000] {dag.py:3486} INFO - Setting next_dagrun for Chap6_20_dag_2 to 2023-08-06T16:00:00+00:00, run_after=2023-08-07T16:00:00+00:00
[2023-08-09T08:49:57.330+0000] {processor.py:179} INFO - Processing /opt/airflow/dags/Chap6_20.py took 0.103 seconds
[2023-08-09T08:50:28.301+0000] {processor.py:157} INFO - Started process (PID=10127) to work on /opt/airflow/dags/Chap6_20.py
[2023-08-09T08:50:28.303+0000] {processor.py:826} INFO - Processing file /opt/airflow/dags/Chap6_20.py for tasks to queue
[2023-08-09T08:50:28.305+0000] {logging_mixin.py:149} INFO - [2023-08-09T08:50:28.304+0000] {dagbag.py:541} INFO - Filling up the DagBag from /opt/airflow/dags/Chap6_20.py
[2023-08-09T08:50:28.323+0000] {processor.py:836} INFO - DAG(s) dict_keys(['Chap6_20_dag_1', 'Chap6_20_dag_2']) retrieved from /opt/airflow/dags/Chap6_20.py
[2023-08-09T08:50:28.352+0000] {logging_mixin.py:149} INFO - [2023-08-09T08:50:28.352+0000] {dag.py:2726} INFO - Sync 2 DAGs
[2023-08-09T08:50:28.378+0000] {logging_mixin.py:149} INFO - [2023-08-09T08:50:28.378+0000] {dag.py:3486} INFO - Setting next_dagrun for Chap6_20_dag_1 to 2023-08-06T16:00:00+00:00, run_after=2023-08-07T16:00:00+00:00
[2023-08-09T08:50:28.383+0000] {logging_mixin.py:149} INFO - [2023-08-09T08:50:28.383+0000] {dag.py:3486} INFO - Setting next_dagrun for Chap6_20_dag_2 to 2023-08-06T16:00:00+00:00, run_after=2023-08-07T16:00:00+00:00
[2023-08-09T08:50:28.396+0000] {processor.py:179} INFO - Processing /opt/airflow/dags/Chap6_20.py took 0.099 seconds
[2023-08-09T08:50:58.867+0000] {processor.py:157} INFO - Started process (PID=10266) to work on /opt/airflow/dags/Chap6_20.py
[2023-08-09T08:50:58.869+0000] {processor.py:826} INFO - Processing file /opt/airflow/dags/Chap6_20.py for tasks to queue
[2023-08-09T08:50:58.873+0000] {logging_mixin.py:149} INFO - [2023-08-09T08:50:58.873+0000] {dagbag.py:541} INFO - Filling up the DagBag from /opt/airflow/dags/Chap6_20.py
[2023-08-09T08:50:58.888+0000] {processor.py:836} INFO - DAG(s) dict_keys(['Chap6_20_dag_1', 'Chap6_20_dag_2']) retrieved from /opt/airflow/dags/Chap6_20.py
[2023-08-09T08:50:58.912+0000] {logging_mixin.py:149} INFO - [2023-08-09T08:50:58.912+0000] {dag.py:2726} INFO - Sync 2 DAGs
[2023-08-09T08:50:58.934+0000] {logging_mixin.py:149} INFO - [2023-08-09T08:50:58.934+0000] {dag.py:3486} INFO - Setting next_dagrun for Chap6_20_dag_1 to 2023-08-06T16:00:00+00:00, run_after=2023-08-07T16:00:00+00:00
[2023-08-09T08:50:58.937+0000] {logging_mixin.py:149} INFO - [2023-08-09T08:50:58.937+0000] {dag.py:3486} INFO - Setting next_dagrun for Chap6_20_dag_2 to 2023-08-06T16:00:00+00:00, run_after=2023-08-07T16:00:00+00:00
[2023-08-09T08:50:58.948+0000] {processor.py:179} INFO - Processing /opt/airflow/dags/Chap6_20.py took 0.084 seconds
[2023-08-09T08:51:29.131+0000] {processor.py:157} INFO - Started process (PID=10399) to work on /opt/airflow/dags/Chap6_20.py
[2023-08-09T08:51:29.133+0000] {processor.py:826} INFO - Processing file /opt/airflow/dags/Chap6_20.py for tasks to queue
[2023-08-09T08:51:29.134+0000] {logging_mixin.py:149} INFO - [2023-08-09T08:51:29.134+0000] {dagbag.py:541} INFO - Filling up the DagBag from /opt/airflow/dags/Chap6_20.py
[2023-08-09T08:51:29.151+0000] {processor.py:836} INFO - DAG(s) dict_keys(['Chap6_20_dag_1', 'Chap6_20_dag_2']) retrieved from /opt/airflow/dags/Chap6_20.py
[2023-08-09T08:51:29.185+0000] {logging_mixin.py:149} INFO - [2023-08-09T08:51:29.184+0000] {dag.py:2726} INFO - Sync 2 DAGs
[2023-08-09T08:51:29.201+0000] {logging_mixin.py:149} INFO - [2023-08-09T08:51:29.201+0000] {dag.py:3486} INFO - Setting next_dagrun for Chap6_20_dag_1 to 2023-08-06T16:00:00+00:00, run_after=2023-08-07T16:00:00+00:00
[2023-08-09T08:51:29.204+0000] {logging_mixin.py:149} INFO - [2023-08-09T08:51:29.204+0000] {dag.py:3486} INFO - Setting next_dagrun for Chap6_20_dag_2 to 2023-08-06T16:00:00+00:00, run_after=2023-08-07T16:00:00+00:00
[2023-08-09T08:51:29.218+0000] {processor.py:179} INFO - Processing /opt/airflow/dags/Chap6_20.py took 0.090 seconds
[2023-08-09T08:51:59.481+0000] {processor.py:157} INFO - Started process (PID=10538) to work on /opt/airflow/dags/Chap6_20.py
[2023-08-09T08:51:59.483+0000] {processor.py:826} INFO - Processing file /opt/airflow/dags/Chap6_20.py for tasks to queue
[2023-08-09T08:51:59.484+0000] {logging_mixin.py:149} INFO - [2023-08-09T08:51:59.484+0000] {dagbag.py:541} INFO - Filling up the DagBag from /opt/airflow/dags/Chap6_20.py
[2023-08-09T08:51:59.503+0000] {processor.py:836} INFO - DAG(s) dict_keys(['Chap6_20_dag_1', 'Chap6_20_dag_2']) retrieved from /opt/airflow/dags/Chap6_20.py
[2023-08-09T08:51:59.527+0000] {logging_mixin.py:149} INFO - [2023-08-09T08:51:59.527+0000] {dag.py:2726} INFO - Sync 2 DAGs
[2023-08-09T08:51:59.543+0000] {logging_mixin.py:149} INFO - [2023-08-09T08:51:59.543+0000] {dag.py:3486} INFO - Setting next_dagrun for Chap6_20_dag_1 to 2023-08-06T16:00:00+00:00, run_after=2023-08-07T16:00:00+00:00
[2023-08-09T08:51:59.547+0000] {logging_mixin.py:149} INFO - [2023-08-09T08:51:59.546+0000] {dag.py:3486} INFO - Setting next_dagrun for Chap6_20_dag_2 to 2023-08-06T16:00:00+00:00, run_after=2023-08-07T16:00:00+00:00
[2023-08-09T08:51:59.561+0000] {processor.py:179} INFO - Processing /opt/airflow/dags/Chap6_20.py took 0.083 seconds
