[2023-08-09T08:37:35.618+0000] {processor.py:157} INFO - Started process (PID=6621) to work on /opt/airflow/dags/Chap8_hook.py
[2023-08-09T08:37:35.620+0000] {processor.py:826} INFO - Processing file /opt/airflow/dags/Chap8_hook.py for tasks to queue
[2023-08-09T08:37:35.622+0000] {logging_mixin.py:149} INFO - [2023-08-09T08:37:35.622+0000] {dagbag.py:541} INFO - Filling up the DagBag from /opt/airflow/dags/Chap8_hook.py
[2023-08-09T08:37:35.867+0000] {processor.py:836} INFO - DAG(s) dict_keys(['Chap8_hook']) retrieved from /opt/airflow/dags/Chap8_hook.py
[2023-08-09T08:37:36.042+0000] {logging_mixin.py:149} INFO - [2023-08-09T08:37:36.042+0000] {dag.py:2726} INFO - Sync 1 DAGs
[2023-08-09T08:37:36.058+0000] {logging_mixin.py:149} INFO - [2023-08-09T08:37:36.058+0000] {dag.py:3486} INFO - Setting next_dagrun for Chap8_hook to 2019-01-01T00:00:00+00:00, run_after=2019-01-02T00:00:00+00:00
[2023-08-09T08:37:36.073+0000] {processor.py:179} INFO - Processing /opt/airflow/dags/Chap8_hook.py took 0.460 seconds
[2023-08-09T08:38:06.624+0000] {processor.py:157} INFO - Started process (PID=6760) to work on /opt/airflow/dags/Chap8_hook.py
[2023-08-09T08:38:06.626+0000] {processor.py:826} INFO - Processing file /opt/airflow/dags/Chap8_hook.py for tasks to queue
[2023-08-09T08:38:06.628+0000] {logging_mixin.py:149} INFO - [2023-08-09T08:38:06.628+0000] {dagbag.py:541} INFO - Filling up the DagBag from /opt/airflow/dags/Chap8_hook.py
[2023-08-09T08:38:06.998+0000] {processor.py:836} INFO - DAG(s) dict_keys(['Chap8_hook']) retrieved from /opt/airflow/dags/Chap8_hook.py
[2023-08-09T08:38:07.019+0000] {logging_mixin.py:149} INFO - [2023-08-09T08:38:07.019+0000] {dag.py:2726} INFO - Sync 1 DAGs
[2023-08-09T08:38:07.037+0000] {logging_mixin.py:149} INFO - [2023-08-09T08:38:07.037+0000] {dag.py:3486} INFO - Setting next_dagrun for Chap8_hook to 2019-01-01T00:00:00+00:00, run_after=2019-01-02T00:00:00+00:00
[2023-08-09T08:38:07.049+0000] {processor.py:179} INFO - Processing /opt/airflow/dags/Chap8_hook.py took 0.429 seconds
[2023-08-09T08:38:37.460+0000] {processor.py:157} INFO - Started process (PID=6900) to work on /opt/airflow/dags/Chap8_hook.py
[2023-08-09T08:38:37.464+0000] {processor.py:826} INFO - Processing file /opt/airflow/dags/Chap8_hook.py for tasks to queue
[2023-08-09T08:38:37.466+0000] {logging_mixin.py:149} INFO - [2023-08-09T08:38:37.465+0000] {dagbag.py:541} INFO - Filling up the DagBag from /opt/airflow/dags/Chap8_hook.py
[2023-08-09T08:38:37.830+0000] {processor.py:836} INFO - DAG(s) dict_keys(['Chap8_hook']) retrieved from /opt/airflow/dags/Chap8_hook.py
[2023-08-09T08:38:37.851+0000] {logging_mixin.py:149} INFO - [2023-08-09T08:38:37.850+0000] {dag.py:2726} INFO - Sync 1 DAGs
[2023-08-09T08:38:37.866+0000] {logging_mixin.py:149} INFO - [2023-08-09T08:38:37.866+0000] {dag.py:3486} INFO - Setting next_dagrun for Chap8_hook to 2019-01-01T00:00:00+00:00, run_after=2019-01-02T00:00:00+00:00
[2023-08-09T08:38:37.880+0000] {processor.py:179} INFO - Processing /opt/airflow/dags/Chap8_hook.py took 0.422 seconds
[2023-08-09T08:39:08.246+0000] {processor.py:157} INFO - Started process (PID=7039) to work on /opt/airflow/dags/Chap8_hook.py
[2023-08-09T08:39:08.248+0000] {processor.py:826} INFO - Processing file /opt/airflow/dags/Chap8_hook.py for tasks to queue
[2023-08-09T08:39:08.250+0000] {logging_mixin.py:149} INFO - [2023-08-09T08:39:08.249+0000] {dagbag.py:541} INFO - Filling up the DagBag from /opt/airflow/dags/Chap8_hook.py
[2023-08-09T08:39:08.709+0000] {processor.py:836} INFO - DAG(s) dict_keys(['Chap8_hook']) retrieved from /opt/airflow/dags/Chap8_hook.py
[2023-08-09T08:39:08.733+0000] {logging_mixin.py:149} INFO - [2023-08-09T08:39:08.733+0000] {dag.py:2726} INFO - Sync 1 DAGs
[2023-08-09T08:39:08.753+0000] {logging_mixin.py:149} INFO - [2023-08-09T08:39:08.753+0000] {dag.py:3486} INFO - Setting next_dagrun for Chap8_hook to 2019-01-01T00:00:00+00:00, run_after=2019-01-02T00:00:00+00:00
[2023-08-09T08:39:08.768+0000] {processor.py:179} INFO - Processing /opt/airflow/dags/Chap8_hook.py took 0.525 seconds
[2023-08-09T08:39:39.031+0000] {processor.py:157} INFO - Started process (PID=7178) to work on /opt/airflow/dags/Chap8_hook.py
[2023-08-09T08:39:39.054+0000] {processor.py:826} INFO - Processing file /opt/airflow/dags/Chap8_hook.py for tasks to queue
[2023-08-09T08:39:39.056+0000] {logging_mixin.py:149} INFO - [2023-08-09T08:39:39.056+0000] {dagbag.py:541} INFO - Filling up the DagBag from /opt/airflow/dags/Chap8_hook.py
[2023-08-09T08:39:39.370+0000] {processor.py:836} INFO - DAG(s) dict_keys(['Chap8_hook']) retrieved from /opt/airflow/dags/Chap8_hook.py
[2023-08-09T08:39:39.390+0000] {logging_mixin.py:149} INFO - [2023-08-09T08:39:39.389+0000] {dag.py:2726} INFO - Sync 1 DAGs
[2023-08-09T08:39:39.403+0000] {logging_mixin.py:149} INFO - [2023-08-09T08:39:39.403+0000] {dag.py:3486} INFO - Setting next_dagrun for Chap8_hook to 2019-01-01T00:00:00+00:00, run_after=2019-01-02T00:00:00+00:00
[2023-08-09T08:39:39.414+0000] {processor.py:179} INFO - Processing /opt/airflow/dags/Chap8_hook.py took 0.386 seconds
[2023-08-09T08:40:09.778+0000] {processor.py:157} INFO - Started process (PID=7317) to work on /opt/airflow/dags/Chap8_hook.py
[2023-08-09T08:40:09.795+0000] {processor.py:826} INFO - Processing file /opt/airflow/dags/Chap8_hook.py for tasks to queue
[2023-08-09T08:40:09.797+0000] {logging_mixin.py:149} INFO - [2023-08-09T08:40:09.797+0000] {dagbag.py:541} INFO - Filling up the DagBag from /opt/airflow/dags/Chap8_hook.py
[2023-08-09T08:40:10.214+0000] {processor.py:836} INFO - DAG(s) dict_keys(['Chap8_hook']) retrieved from /opt/airflow/dags/Chap8_hook.py
[2023-08-09T08:40:10.238+0000] {logging_mixin.py:149} INFO - [2023-08-09T08:40:10.238+0000] {dag.py:2726} INFO - Sync 1 DAGs
[2023-08-09T08:40:10.253+0000] {logging_mixin.py:149} INFO - [2023-08-09T08:40:10.253+0000] {dag.py:3486} INFO - Setting next_dagrun for Chap8_hook to 2019-01-01T00:00:00+00:00, run_after=2019-01-02T00:00:00+00:00
[2023-08-09T08:40:10.266+0000] {processor.py:179} INFO - Processing /opt/airflow/dags/Chap8_hook.py took 0.491 seconds
[2023-08-09T08:40:40.403+0000] {processor.py:157} INFO - Started process (PID=7456) to work on /opt/airflow/dags/Chap8_hook.py
[2023-08-09T08:40:40.405+0000] {processor.py:826} INFO - Processing file /opt/airflow/dags/Chap8_hook.py for tasks to queue
[2023-08-09T08:40:40.406+0000] {logging_mixin.py:149} INFO - [2023-08-09T08:40:40.406+0000] {dagbag.py:541} INFO - Filling up the DagBag from /opt/airflow/dags/Chap8_hook.py
[2023-08-09T08:40:40.708+0000] {processor.py:836} INFO - DAG(s) dict_keys(['Chap8_hook']) retrieved from /opt/airflow/dags/Chap8_hook.py
[2023-08-09T08:40:40.727+0000] {logging_mixin.py:149} INFO - [2023-08-09T08:40:40.727+0000] {dag.py:2726} INFO - Sync 1 DAGs
[2023-08-09T08:40:40.741+0000] {logging_mixin.py:149} INFO - [2023-08-09T08:40:40.741+0000] {dag.py:3486} INFO - Setting next_dagrun for Chap8_hook to 2019-01-01T00:00:00+00:00, run_after=2019-01-02T00:00:00+00:00
[2023-08-09T08:40:40.753+0000] {processor.py:179} INFO - Processing /opt/airflow/dags/Chap8_hook.py took 0.353 seconds
[2023-08-09T08:41:10.952+0000] {processor.py:157} INFO - Started process (PID=7595) to work on /opt/airflow/dags/Chap8_hook.py
[2023-08-09T08:41:10.956+0000] {processor.py:826} INFO - Processing file /opt/airflow/dags/Chap8_hook.py for tasks to queue
[2023-08-09T08:41:10.958+0000] {logging_mixin.py:149} INFO - [2023-08-09T08:41:10.958+0000] {dagbag.py:541} INFO - Filling up the DagBag from /opt/airflow/dags/Chap8_hook.py
[2023-08-09T08:41:11.258+0000] {processor.py:836} INFO - DAG(s) dict_keys(['Chap8_hook']) retrieved from /opt/airflow/dags/Chap8_hook.py
[2023-08-09T08:41:11.277+0000] {logging_mixin.py:149} INFO - [2023-08-09T08:41:11.277+0000] {dag.py:2726} INFO - Sync 1 DAGs
[2023-08-09T08:41:11.291+0000] {logging_mixin.py:149} INFO - [2023-08-09T08:41:11.291+0000] {dag.py:3486} INFO - Setting next_dagrun for Chap8_hook to 2019-01-01T00:00:00+00:00, run_after=2019-01-02T00:00:00+00:00
[2023-08-09T08:41:11.305+0000] {processor.py:179} INFO - Processing /opt/airflow/dags/Chap8_hook.py took 0.356 seconds
[2023-08-09T08:41:41.613+0000] {processor.py:157} INFO - Started process (PID=7734) to work on /opt/airflow/dags/Chap8_hook.py
[2023-08-09T08:41:41.616+0000] {processor.py:826} INFO - Processing file /opt/airflow/dags/Chap8_hook.py for tasks to queue
[2023-08-09T08:41:41.617+0000] {logging_mixin.py:149} INFO - [2023-08-09T08:41:41.617+0000] {dagbag.py:541} INFO - Filling up the DagBag from /opt/airflow/dags/Chap8_hook.py
[2023-08-09T08:41:41.911+0000] {processor.py:836} INFO - DAG(s) dict_keys(['Chap8_hook']) retrieved from /opt/airflow/dags/Chap8_hook.py
[2023-08-09T08:41:41.947+0000] {logging_mixin.py:149} INFO - [2023-08-09T08:41:41.947+0000] {dag.py:2726} INFO - Sync 1 DAGs
[2023-08-09T08:41:41.961+0000] {logging_mixin.py:149} INFO - [2023-08-09T08:41:41.961+0000] {dag.py:3486} INFO - Setting next_dagrun for Chap8_hook to 2019-01-01T00:00:00+00:00, run_after=2019-01-02T00:00:00+00:00
[2023-08-09T08:41:41.972+0000] {processor.py:179} INFO - Processing /opt/airflow/dags/Chap8_hook.py took 0.362 seconds
[2023-08-09T08:42:12.181+0000] {processor.py:157} INFO - Started process (PID=7873) to work on /opt/airflow/dags/Chap8_hook.py
[2023-08-09T08:42:12.183+0000] {processor.py:826} INFO - Processing file /opt/airflow/dags/Chap8_hook.py for tasks to queue
[2023-08-09T08:42:12.184+0000] {logging_mixin.py:149} INFO - [2023-08-09T08:42:12.184+0000] {dagbag.py:541} INFO - Filling up the DagBag from /opt/airflow/dags/Chap8_hook.py
[2023-08-09T08:42:12.508+0000] {processor.py:836} INFO - DAG(s) dict_keys(['Chap8_hook']) retrieved from /opt/airflow/dags/Chap8_hook.py
[2023-08-09T08:42:12.527+0000] {logging_mixin.py:149} INFO - [2023-08-09T08:42:12.527+0000] {dag.py:2726} INFO - Sync 1 DAGs
[2023-08-09T08:42:12.541+0000] {logging_mixin.py:149} INFO - [2023-08-09T08:42:12.541+0000] {dag.py:3486} INFO - Setting next_dagrun for Chap8_hook to 2019-01-01T00:00:00+00:00, run_after=2019-01-02T00:00:00+00:00
[2023-08-09T08:42:12.553+0000] {processor.py:179} INFO - Processing /opt/airflow/dags/Chap8_hook.py took 0.375 seconds
[2023-08-09T08:42:43.654+0000] {processor.py:157} INFO - Started process (PID=8012) to work on /opt/airflow/dags/Chap8_hook.py
[2023-08-09T08:42:43.656+0000] {processor.py:826} INFO - Processing file /opt/airflow/dags/Chap8_hook.py for tasks to queue
[2023-08-09T08:42:43.657+0000] {logging_mixin.py:149} INFO - [2023-08-09T08:42:43.657+0000] {dagbag.py:541} INFO - Filling up the DagBag from /opt/airflow/dags/Chap8_hook.py
[2023-08-09T08:42:43.969+0000] {processor.py:836} INFO - DAG(s) dict_keys(['Chap8_hook']) retrieved from /opt/airflow/dags/Chap8_hook.py
[2023-08-09T08:42:43.989+0000] {logging_mixin.py:149} INFO - [2023-08-09T08:42:43.988+0000] {dag.py:2726} INFO - Sync 1 DAGs
[2023-08-09T08:42:44.003+0000] {logging_mixin.py:149} INFO - [2023-08-09T08:42:44.003+0000] {dag.py:3486} INFO - Setting next_dagrun for Chap8_hook to 2019-01-01T00:00:00+00:00, run_after=2019-01-02T00:00:00+00:00
[2023-08-09T08:42:44.016+0000] {processor.py:179} INFO - Processing /opt/airflow/dags/Chap8_hook.py took 0.366 seconds
[2023-08-09T08:43:14.151+0000] {processor.py:157} INFO - Started process (PID=8151) to work on /opt/airflow/dags/Chap8_hook.py
[2023-08-09T08:43:14.154+0000] {processor.py:826} INFO - Processing file /opt/airflow/dags/Chap8_hook.py for tasks to queue
[2023-08-09T08:43:14.155+0000] {logging_mixin.py:149} INFO - [2023-08-09T08:43:14.155+0000] {dagbag.py:541} INFO - Filling up the DagBag from /opt/airflow/dags/Chap8_hook.py
[2023-08-09T08:43:14.466+0000] {processor.py:836} INFO - DAG(s) dict_keys(['Chap8_hook']) retrieved from /opt/airflow/dags/Chap8_hook.py
[2023-08-09T08:43:14.485+0000] {logging_mixin.py:149} INFO - [2023-08-09T08:43:14.484+0000] {dag.py:2726} INFO - Sync 1 DAGs
[2023-08-09T08:43:14.499+0000] {logging_mixin.py:149} INFO - [2023-08-09T08:43:14.499+0000] {dag.py:3486} INFO - Setting next_dagrun for Chap8_hook to 2019-01-01T00:00:00+00:00, run_after=2019-01-02T00:00:00+00:00
[2023-08-09T08:43:14.511+0000] {processor.py:179} INFO - Processing /opt/airflow/dags/Chap8_hook.py took 0.363 seconds
[2023-08-09T08:43:45.517+0000] {processor.py:157} INFO - Started process (PID=8290) to work on /opt/airflow/dags/Chap8_hook.py
[2023-08-09T08:43:45.520+0000] {processor.py:826} INFO - Processing file /opt/airflow/dags/Chap8_hook.py for tasks to queue
[2023-08-09T08:43:45.522+0000] {logging_mixin.py:149} INFO - [2023-08-09T08:43:45.522+0000] {dagbag.py:541} INFO - Filling up the DagBag from /opt/airflow/dags/Chap8_hook.py
[2023-08-09T08:43:45.814+0000] {processor.py:836} INFO - DAG(s) dict_keys(['Chap8_hook']) retrieved from /opt/airflow/dags/Chap8_hook.py
[2023-08-09T08:43:45.832+0000] {logging_mixin.py:149} INFO - [2023-08-09T08:43:45.832+0000] {dag.py:2726} INFO - Sync 1 DAGs
[2023-08-09T08:43:45.845+0000] {logging_mixin.py:149} INFO - [2023-08-09T08:43:45.845+0000] {dag.py:3486} INFO - Setting next_dagrun for Chap8_hook to 2019-01-01T00:00:00+00:00, run_after=2019-01-02T00:00:00+00:00
[2023-08-09T08:43:45.857+0000] {processor.py:179} INFO - Processing /opt/airflow/dags/Chap8_hook.py took 0.343 seconds
[2023-08-09T08:44:16.032+0000] {processor.py:157} INFO - Started process (PID=8429) to work on /opt/airflow/dags/Chap8_hook.py
[2023-08-09T08:44:16.034+0000] {processor.py:826} INFO - Processing file /opt/airflow/dags/Chap8_hook.py for tasks to queue
[2023-08-09T08:44:16.036+0000] {logging_mixin.py:149} INFO - [2023-08-09T08:44:16.036+0000] {dagbag.py:541} INFO - Filling up the DagBag from /opt/airflow/dags/Chap8_hook.py
[2023-08-09T08:44:16.372+0000] {processor.py:836} INFO - DAG(s) dict_keys(['Chap8_hook']) retrieved from /opt/airflow/dags/Chap8_hook.py
[2023-08-09T08:44:16.393+0000] {logging_mixin.py:149} INFO - [2023-08-09T08:44:16.392+0000] {dag.py:2726} INFO - Sync 1 DAGs
[2023-08-09T08:44:16.407+0000] {logging_mixin.py:149} INFO - [2023-08-09T08:44:16.407+0000] {dag.py:3486} INFO - Setting next_dagrun for Chap8_hook to 2019-01-01T00:00:00+00:00, run_after=2019-01-02T00:00:00+00:00
[2023-08-09T08:44:16.420+0000] {processor.py:179} INFO - Processing /opt/airflow/dags/Chap8_hook.py took 0.390 seconds
[2023-08-09T08:44:46.671+0000] {processor.py:157} INFO - Started process (PID=8568) to work on /opt/airflow/dags/Chap8_hook.py
[2023-08-09T08:44:46.674+0000] {processor.py:826} INFO - Processing file /opt/airflow/dags/Chap8_hook.py for tasks to queue
[2023-08-09T08:44:46.675+0000] {logging_mixin.py:149} INFO - [2023-08-09T08:44:46.675+0000] {dagbag.py:541} INFO - Filling up the DagBag from /opt/airflow/dags/Chap8_hook.py
[2023-08-09T08:44:47.151+0000] {processor.py:836} INFO - DAG(s) dict_keys(['Chap8_hook']) retrieved from /opt/airflow/dags/Chap8_hook.py
[2023-08-09T08:44:47.174+0000] {logging_mixin.py:149} INFO - [2023-08-09T08:44:47.173+0000] {dag.py:2726} INFO - Sync 1 DAGs
[2023-08-09T08:44:47.191+0000] {logging_mixin.py:149} INFO - [2023-08-09T08:44:47.191+0000] {dag.py:3486} INFO - Setting next_dagrun for Chap8_hook to 2019-01-01T00:00:00+00:00, run_after=2019-01-02T00:00:00+00:00
[2023-08-09T08:44:47.206+0000] {processor.py:179} INFO - Processing /opt/airflow/dags/Chap8_hook.py took 0.537 seconds
[2023-08-09T08:45:17.478+0000] {processor.py:157} INFO - Started process (PID=8707) to work on /opt/airflow/dags/Chap8_hook.py
[2023-08-09T08:45:17.497+0000] {processor.py:826} INFO - Processing file /opt/airflow/dags/Chap8_hook.py for tasks to queue
[2023-08-09T08:45:17.499+0000] {logging_mixin.py:149} INFO - [2023-08-09T08:45:17.499+0000] {dagbag.py:541} INFO - Filling up the DagBag from /opt/airflow/dags/Chap8_hook.py
[2023-08-09T08:45:17.975+0000] {processor.py:836} INFO - DAG(s) dict_keys(['Chap8_hook']) retrieved from /opt/airflow/dags/Chap8_hook.py
[2023-08-09T08:45:18.004+0000] {logging_mixin.py:149} INFO - [2023-08-09T08:45:18.003+0000] {dag.py:2726} INFO - Sync 1 DAGs
[2023-08-09T08:45:18.022+0000] {logging_mixin.py:149} INFO - [2023-08-09T08:45:18.022+0000] {dag.py:3486} INFO - Setting next_dagrun for Chap8_hook to 2019-01-01T00:00:00+00:00, run_after=2019-01-02T00:00:00+00:00
[2023-08-09T08:45:18.037+0000] {processor.py:179} INFO - Processing /opt/airflow/dags/Chap8_hook.py took 0.563 seconds
[2023-08-09T08:45:48.850+0000] {processor.py:157} INFO - Started process (PID=8846) to work on /opt/airflow/dags/Chap8_hook.py
[2023-08-09T08:45:48.859+0000] {processor.py:826} INFO - Processing file /opt/airflow/dags/Chap8_hook.py for tasks to queue
[2023-08-09T08:45:48.860+0000] {logging_mixin.py:149} INFO - [2023-08-09T08:45:48.860+0000] {dagbag.py:541} INFO - Filling up the DagBag from /opt/airflow/dags/Chap8_hook.py
[2023-08-09T08:45:49.412+0000] {processor.py:836} INFO - DAG(s) dict_keys(['Chap8_hook']) retrieved from /opt/airflow/dags/Chap8_hook.py
[2023-08-09T08:45:49.439+0000] {logging_mixin.py:149} INFO - [2023-08-09T08:45:49.439+0000] {dag.py:2726} INFO - Sync 1 DAGs
[2023-08-09T08:45:49.458+0000] {logging_mixin.py:149} INFO - [2023-08-09T08:45:49.458+0000] {dag.py:3486} INFO - Setting next_dagrun for Chap8_hook to 2019-01-01T00:00:00+00:00, run_after=2019-01-02T00:00:00+00:00
[2023-08-09T08:45:49.477+0000] {processor.py:179} INFO - Processing /opt/airflow/dags/Chap8_hook.py took 0.631 seconds
[2023-08-09T08:46:20.085+0000] {processor.py:157} INFO - Started process (PID=8985) to work on /opt/airflow/dags/Chap8_hook.py
[2023-08-09T08:46:20.087+0000] {processor.py:826} INFO - Processing file /opt/airflow/dags/Chap8_hook.py for tasks to queue
[2023-08-09T08:46:20.089+0000] {logging_mixin.py:149} INFO - [2023-08-09T08:46:20.089+0000] {dagbag.py:541} INFO - Filling up the DagBag from /opt/airflow/dags/Chap8_hook.py
[2023-08-09T08:46:20.649+0000] {processor.py:836} INFO - DAG(s) dict_keys(['Chap8_hook']) retrieved from /opt/airflow/dags/Chap8_hook.py
[2023-08-09T08:46:20.673+0000] {logging_mixin.py:149} INFO - [2023-08-09T08:46:20.672+0000] {dag.py:2726} INFO - Sync 1 DAGs
[2023-08-09T08:46:20.691+0000] {logging_mixin.py:149} INFO - [2023-08-09T08:46:20.691+0000] {dag.py:3486} INFO - Setting next_dagrun for Chap8_hook to 2019-01-01T00:00:00+00:00, run_after=2019-01-02T00:00:00+00:00
[2023-08-09T08:46:20.706+0000] {processor.py:179} INFO - Processing /opt/airflow/dags/Chap8_hook.py took 0.625 seconds
[2023-08-09T08:46:51.045+0000] {processor.py:157} INFO - Started process (PID=9125) to work on /opt/airflow/dags/Chap8_hook.py
[2023-08-09T08:46:51.048+0000] {processor.py:826} INFO - Processing file /opt/airflow/dags/Chap8_hook.py for tasks to queue
[2023-08-09T08:46:51.069+0000] {logging_mixin.py:149} INFO - [2023-08-09T08:46:51.068+0000] {dagbag.py:541} INFO - Filling up the DagBag from /opt/airflow/dags/Chap8_hook.py
[2023-08-09T08:46:51.593+0000] {processor.py:836} INFO - DAG(s) dict_keys(['Chap8_hook']) retrieved from /opt/airflow/dags/Chap8_hook.py
[2023-08-09T08:46:51.617+0000] {logging_mixin.py:149} INFO - [2023-08-09T08:46:51.617+0000] {dag.py:2726} INFO - Sync 1 DAGs
[2023-08-09T08:46:51.635+0000] {logging_mixin.py:149} INFO - [2023-08-09T08:46:51.634+0000] {dag.py:3486} INFO - Setting next_dagrun for Chap8_hook to 2019-01-01T00:00:00+00:00, run_after=2019-01-02T00:00:00+00:00
[2023-08-09T08:46:51.649+0000] {processor.py:179} INFO - Processing /opt/airflow/dags/Chap8_hook.py took 0.610 seconds
[2023-08-09T08:47:22.080+0000] {processor.py:157} INFO - Started process (PID=9264) to work on /opt/airflow/dags/Chap8_hook.py
[2023-08-09T08:47:22.082+0000] {processor.py:826} INFO - Processing file /opt/airflow/dags/Chap8_hook.py for tasks to queue
[2023-08-09T08:47:22.084+0000] {logging_mixin.py:149} INFO - [2023-08-09T08:47:22.084+0000] {dagbag.py:541} INFO - Filling up the DagBag from /opt/airflow/dags/Chap8_hook.py
[2023-08-09T08:47:22.589+0000] {processor.py:836} INFO - DAG(s) dict_keys(['Chap8_hook']) retrieved from /opt/airflow/dags/Chap8_hook.py
[2023-08-09T08:47:22.616+0000] {logging_mixin.py:149} INFO - [2023-08-09T08:47:22.616+0000] {dag.py:2726} INFO - Sync 1 DAGs
[2023-08-09T08:47:22.639+0000] {logging_mixin.py:149} INFO - [2023-08-09T08:47:22.639+0000] {dag.py:3486} INFO - Setting next_dagrun for Chap8_hook to 2019-01-01T00:00:00+00:00, run_after=2019-01-02T00:00:00+00:00
[2023-08-09T08:47:22.651+0000] {processor.py:179} INFO - Processing /opt/airflow/dags/Chap8_hook.py took 0.574 seconds
[2023-08-09T08:47:52.968+0000] {processor.py:157} INFO - Started process (PID=9404) to work on /opt/airflow/dags/Chap8_hook.py
[2023-08-09T08:47:52.971+0000] {processor.py:826} INFO - Processing file /opt/airflow/dags/Chap8_hook.py for tasks to queue
[2023-08-09T08:47:52.972+0000] {logging_mixin.py:149} INFO - [2023-08-09T08:47:52.972+0000] {dagbag.py:541} INFO - Filling up the DagBag from /opt/airflow/dags/Chap8_hook.py
[2023-08-09T08:47:53.493+0000] {processor.py:836} INFO - DAG(s) dict_keys(['Chap8_hook']) retrieved from /opt/airflow/dags/Chap8_hook.py
[2023-08-09T08:47:53.516+0000] {logging_mixin.py:149} INFO - [2023-08-09T08:47:53.516+0000] {dag.py:2726} INFO - Sync 1 DAGs
[2023-08-09T08:47:53.533+0000] {logging_mixin.py:149} INFO - [2023-08-09T08:47:53.533+0000] {dag.py:3486} INFO - Setting next_dagrun for Chap8_hook to 2019-01-01T00:00:00+00:00, run_after=2019-01-02T00:00:00+00:00
[2023-08-09T08:47:53.546+0000] {processor.py:179} INFO - Processing /opt/airflow/dags/Chap8_hook.py took 0.582 seconds
[2023-08-09T08:48:23.924+0000] {processor.py:157} INFO - Started process (PID=9543) to work on /opt/airflow/dags/Chap8_hook.py
[2023-08-09T08:48:23.927+0000] {processor.py:826} INFO - Processing file /opt/airflow/dags/Chap8_hook.py for tasks to queue
[2023-08-09T08:48:23.929+0000] {logging_mixin.py:149} INFO - [2023-08-09T08:48:23.929+0000] {dagbag.py:541} INFO - Filling up the DagBag from /opt/airflow/dags/Chap8_hook.py
[2023-08-09T08:48:24.404+0000] {processor.py:836} INFO - DAG(s) dict_keys(['Chap8_hook']) retrieved from /opt/airflow/dags/Chap8_hook.py
[2023-08-09T08:48:24.429+0000] {logging_mixin.py:149} INFO - [2023-08-09T08:48:24.428+0000] {dag.py:2726} INFO - Sync 1 DAGs
[2023-08-09T08:48:24.446+0000] {logging_mixin.py:149} INFO - [2023-08-09T08:48:24.446+0000] {dag.py:3486} INFO - Setting next_dagrun for Chap8_hook to 2019-01-01T00:00:00+00:00, run_after=2019-01-02T00:00:00+00:00
[2023-08-09T08:48:24.460+0000] {processor.py:179} INFO - Processing /opt/airflow/dags/Chap8_hook.py took 0.540 seconds
[2023-08-09T08:48:54.978+0000] {processor.py:157} INFO - Started process (PID=9681) to work on /opt/airflow/dags/Chap8_hook.py
[2023-08-09T08:48:54.980+0000] {processor.py:826} INFO - Processing file /opt/airflow/dags/Chap8_hook.py for tasks to queue
[2023-08-09T08:48:54.982+0000] {logging_mixin.py:149} INFO - [2023-08-09T08:48:54.982+0000] {dagbag.py:541} INFO - Filling up the DagBag from /opt/airflow/dags/Chap8_hook.py
[2023-08-09T08:48:55.324+0000] {processor.py:836} INFO - DAG(s) dict_keys(['Chap8_hook']) retrieved from /opt/airflow/dags/Chap8_hook.py
[2023-08-09T08:48:55.342+0000] {logging_mixin.py:149} INFO - [2023-08-09T08:48:55.342+0000] {dag.py:2726} INFO - Sync 1 DAGs
[2023-08-09T08:48:55.355+0000] {logging_mixin.py:149} INFO - [2023-08-09T08:48:55.355+0000] {dag.py:3486} INFO - Setting next_dagrun for Chap8_hook to 2019-01-01T00:00:00+00:00, run_after=2019-01-02T00:00:00+00:00
[2023-08-09T08:48:55.366+0000] {processor.py:179} INFO - Processing /opt/airflow/dags/Chap8_hook.py took 0.390 seconds
[2023-08-09T08:49:25.807+0000] {processor.py:157} INFO - Started process (PID=9820) to work on /opt/airflow/dags/Chap8_hook.py
[2023-08-09T08:49:25.810+0000] {processor.py:826} INFO - Processing file /opt/airflow/dags/Chap8_hook.py for tasks to queue
[2023-08-09T08:49:25.812+0000] {logging_mixin.py:149} INFO - [2023-08-09T08:49:25.812+0000] {dagbag.py:541} INFO - Filling up the DagBag from /opt/airflow/dags/Chap8_hook.py
[2023-08-09T08:49:26.256+0000] {processor.py:836} INFO - DAG(s) dict_keys(['Chap8_hook']) retrieved from /opt/airflow/dags/Chap8_hook.py
[2023-08-09T08:49:26.277+0000] {logging_mixin.py:149} INFO - [2023-08-09T08:49:26.277+0000] {dag.py:2726} INFO - Sync 1 DAGs
[2023-08-09T08:49:26.294+0000] {logging_mixin.py:149} INFO - [2023-08-09T08:49:26.294+0000] {dag.py:3486} INFO - Setting next_dagrun for Chap8_hook to 2019-01-01T00:00:00+00:00, run_after=2019-01-02T00:00:00+00:00
[2023-08-09T08:49:26.306+0000] {processor.py:179} INFO - Processing /opt/airflow/dags/Chap8_hook.py took 0.503 seconds
[2023-08-09T08:49:56.493+0000] {processor.py:157} INFO - Started process (PID=9966) to work on /opt/airflow/dags/Chap8_hook.py
[2023-08-09T08:49:56.496+0000] {processor.py:826} INFO - Processing file /opt/airflow/dags/Chap8_hook.py for tasks to queue
[2023-08-09T08:49:56.497+0000] {logging_mixin.py:149} INFO - [2023-08-09T08:49:56.497+0000] {dagbag.py:541} INFO - Filling up the DagBag from /opt/airflow/dags/Chap8_hook.py
[2023-08-09T08:49:56.909+0000] {processor.py:836} INFO - DAG(s) dict_keys(['Chap8_hook']) retrieved from /opt/airflow/dags/Chap8_hook.py
[2023-08-09T08:49:56.928+0000] {logging_mixin.py:149} INFO - [2023-08-09T08:49:56.928+0000] {dag.py:2726} INFO - Sync 1 DAGs
[2023-08-09T08:49:56.942+0000] {logging_mixin.py:149} INFO - [2023-08-09T08:49:56.942+0000] {dag.py:3486} INFO - Setting next_dagrun for Chap8_hook to 2019-01-01T00:00:00+00:00, run_after=2019-01-02T00:00:00+00:00
[2023-08-09T08:49:56.955+0000] {processor.py:179} INFO - Processing /opt/airflow/dags/Chap8_hook.py took 0.466 seconds
[2023-08-09T08:50:27.939+0000] {processor.py:157} INFO - Started process (PID=10108) to work on /opt/airflow/dags/Chap8_hook.py
[2023-08-09T08:50:27.941+0000] {processor.py:826} INFO - Processing file /opt/airflow/dags/Chap8_hook.py for tasks to queue
[2023-08-09T08:50:27.942+0000] {logging_mixin.py:149} INFO - [2023-08-09T08:50:27.942+0000] {dagbag.py:541} INFO - Filling up the DagBag from /opt/airflow/dags/Chap8_hook.py
[2023-08-09T08:50:28.281+0000] {processor.py:836} INFO - DAG(s) dict_keys(['Chap8_hook']) retrieved from /opt/airflow/dags/Chap8_hook.py
[2023-08-09T08:50:28.302+0000] {logging_mixin.py:149} INFO - [2023-08-09T08:50:28.301+0000] {dag.py:2726} INFO - Sync 1 DAGs
[2023-08-09T08:50:28.316+0000] {logging_mixin.py:149} INFO - [2023-08-09T08:50:28.316+0000] {dag.py:3486} INFO - Setting next_dagrun for Chap8_hook to 2019-01-01T00:00:00+00:00, run_after=2019-01-02T00:00:00+00:00
[2023-08-09T08:50:28.329+0000] {processor.py:179} INFO - Processing /opt/airflow/dags/Chap8_hook.py took 0.392 seconds
[2023-08-09T08:50:58.473+0000] {processor.py:157} INFO - Started process (PID=10255) to work on /opt/airflow/dags/Chap8_hook.py
[2023-08-09T08:50:58.476+0000] {processor.py:826} INFO - Processing file /opt/airflow/dags/Chap8_hook.py for tasks to queue
[2023-08-09T08:50:58.477+0000] {logging_mixin.py:149} INFO - [2023-08-09T08:50:58.477+0000] {dagbag.py:541} INFO - Filling up the DagBag from /opt/airflow/dags/Chap8_hook.py
[2023-08-09T08:50:58.882+0000] {processor.py:836} INFO - DAG(s) dict_keys(['Chap8_hook']) retrieved from /opt/airflow/dags/Chap8_hook.py
[2023-08-09T08:50:58.900+0000] {logging_mixin.py:149} INFO - [2023-08-09T08:50:58.899+0000] {dag.py:2726} INFO - Sync 1 DAGs
[2023-08-09T08:50:58.933+0000] {logging_mixin.py:149} INFO - [2023-08-09T08:50:58.933+0000] {dag.py:3486} INFO - Setting next_dagrun for Chap8_hook to 2019-01-01T00:00:00+00:00, run_after=2019-01-02T00:00:00+00:00
[2023-08-09T08:50:58.944+0000] {processor.py:179} INFO - Processing /opt/airflow/dags/Chap8_hook.py took 0.476 seconds
[2023-08-09T08:51:29.256+0000] {processor.py:157} INFO - Started process (PID=10406) to work on /opt/airflow/dags/Chap8_hook.py
[2023-08-09T08:51:29.258+0000] {processor.py:826} INFO - Processing file /opt/airflow/dags/Chap8_hook.py for tasks to queue
[2023-08-09T08:51:29.259+0000] {logging_mixin.py:149} INFO - [2023-08-09T08:51:29.259+0000] {dagbag.py:541} INFO - Filling up the DagBag from /opt/airflow/dags/Chap8_hook.py
[2023-08-09T08:51:29.624+0000] {processor.py:836} INFO - DAG(s) dict_keys(['Chap8_hook']) retrieved from /opt/airflow/dags/Chap8_hook.py
[2023-08-09T08:51:29.644+0000] {logging_mixin.py:149} INFO - [2023-08-09T08:51:29.643+0000] {dag.py:2726} INFO - Sync 1 DAGs
[2023-08-09T08:51:29.661+0000] {logging_mixin.py:149} INFO - [2023-08-09T08:51:29.661+0000] {dag.py:3486} INFO - Setting next_dagrun for Chap8_hook to 2019-01-01T00:00:00+00:00, run_after=2019-01-02T00:00:00+00:00
[2023-08-09T08:51:29.688+0000] {processor.py:179} INFO - Processing /opt/airflow/dags/Chap8_hook.py took 0.434 seconds
[2023-08-09T08:51:59.856+0000] {processor.py:157} INFO - Started process (PID=10555) to work on /opt/airflow/dags/Chap8_hook.py
[2023-08-09T08:51:59.861+0000] {processor.py:826} INFO - Processing file /opt/airflow/dags/Chap8_hook.py for tasks to queue
[2023-08-09T08:51:59.862+0000] {logging_mixin.py:149} INFO - [2023-08-09T08:51:59.862+0000] {dagbag.py:541} INFO - Filling up the DagBag from /opt/airflow/dags/Chap8_hook.py
[2023-08-09T08:52:00.132+0000] {processor.py:836} INFO - DAG(s) dict_keys(['Chap8_hook']) retrieved from /opt/airflow/dags/Chap8_hook.py
[2023-08-09T08:52:00.150+0000] {logging_mixin.py:149} INFO - [2023-08-09T08:52:00.150+0000] {dag.py:2726} INFO - Sync 1 DAGs
[2023-08-09T08:52:00.162+0000] {logging_mixin.py:149} INFO - [2023-08-09T08:52:00.162+0000] {dag.py:3486} INFO - Setting next_dagrun for Chap8_hook to 2019-01-01T00:00:00+00:00, run_after=2019-01-02T00:00:00+00:00
[2023-08-09T08:52:00.173+0000] {processor.py:179} INFO - Processing /opt/airflow/dags/Chap8_hook.py took 0.320 seconds
