[2023-08-09T08:37:37.919+0000] {processor.py:157} INFO - Started process (PID=6673) to work on /opt/airflow/dags/Chap4_1.py
[2023-08-09T08:37:37.921+0000] {processor.py:826} INFO - Processing file /opt/airflow/dags/Chap4_1.py for tasks to queue
[2023-08-09T08:37:37.922+0000] {logging_mixin.py:149} INFO - [2023-08-09T08:37:37.922+0000] {dagbag.py:541} INFO - Filling up the DagBag from /opt/airflow/dags/Chap4_1.py
[2023-08-09T08:37:37.936+0000] {processor.py:836} INFO - DAG(s) dict_keys(['Chap4_2']) retrieved from /opt/airflow/dags/Chap4_1.py
[2023-08-09T08:37:37.963+0000] {logging_mixin.py:149} INFO - [2023-08-09T08:37:37.963+0000] {dag.py:2726} INFO - Sync 1 DAGs
[2023-08-09T08:37:37.982+0000] {logging_mixin.py:149} INFO - [2023-08-09T08:37:37.981+0000] {dag.py:3486} INFO - Setting next_dagrun for Chap4_2 to 2023-06-28T00:00:00+00:00, run_after=2023-06-29T00:00:00+00:00
[2023-08-09T08:37:37.996+0000] {processor.py:179} INFO - Processing /opt/airflow/dags/Chap4_1.py took 0.082 seconds
[2023-08-09T08:38:08.750+0000] {processor.py:157} INFO - Started process (PID=6812) to work on /opt/airflow/dags/Chap4_1.py
[2023-08-09T08:38:08.752+0000] {processor.py:826} INFO - Processing file /opt/airflow/dags/Chap4_1.py for tasks to queue
[2023-08-09T08:38:08.753+0000] {logging_mixin.py:149} INFO - [2023-08-09T08:38:08.753+0000] {dagbag.py:541} INFO - Filling up the DagBag from /opt/airflow/dags/Chap4_1.py
[2023-08-09T08:38:08.768+0000] {processor.py:836} INFO - DAG(s) dict_keys(['Chap4_2']) retrieved from /opt/airflow/dags/Chap4_1.py
[2023-08-09T08:38:08.792+0000] {logging_mixin.py:149} INFO - [2023-08-09T08:38:08.791+0000] {dag.py:2726} INFO - Sync 1 DAGs
[2023-08-09T08:38:08.809+0000] {logging_mixin.py:149} INFO - [2023-08-09T08:38:08.809+0000] {dag.py:3486} INFO - Setting next_dagrun for Chap4_2 to 2023-06-28T00:00:00+00:00, run_after=2023-06-29T00:00:00+00:00
[2023-08-09T08:38:08.829+0000] {processor.py:179} INFO - Processing /opt/airflow/dags/Chap4_1.py took 0.083 seconds
[2023-08-09T08:38:39.704+0000] {processor.py:157} INFO - Started process (PID=6954) to work on /opt/airflow/dags/Chap4_1.py
[2023-08-09T08:38:39.707+0000] {processor.py:826} INFO - Processing file /opt/airflow/dags/Chap4_1.py for tasks to queue
[2023-08-09T08:38:39.708+0000] {logging_mixin.py:149} INFO - [2023-08-09T08:38:39.708+0000] {dagbag.py:541} INFO - Filling up the DagBag from /opt/airflow/dags/Chap4_1.py
[2023-08-09T08:38:39.724+0000] {processor.py:836} INFO - DAG(s) dict_keys(['Chap4_2']) retrieved from /opt/airflow/dags/Chap4_1.py
[2023-08-09T08:38:39.749+0000] {logging_mixin.py:149} INFO - [2023-08-09T08:38:39.749+0000] {dag.py:2726} INFO - Sync 1 DAGs
[2023-08-09T08:38:39.767+0000] {logging_mixin.py:149} INFO - [2023-08-09T08:38:39.767+0000] {dag.py:3486} INFO - Setting next_dagrun for Chap4_2 to 2023-06-28T00:00:00+00:00, run_after=2023-06-29T00:00:00+00:00
[2023-08-09T08:38:39.780+0000] {processor.py:179} INFO - Processing /opt/airflow/dags/Chap4_1.py took 0.079 seconds
[2023-08-09T08:39:10.499+0000] {processor.py:157} INFO - Started process (PID=7091) to work on /opt/airflow/dags/Chap4_1.py
[2023-08-09T08:39:10.502+0000] {processor.py:826} INFO - Processing file /opt/airflow/dags/Chap4_1.py for tasks to queue
[2023-08-09T08:39:10.503+0000] {logging_mixin.py:149} INFO - [2023-08-09T08:39:10.503+0000] {dagbag.py:541} INFO - Filling up the DagBag from /opt/airflow/dags/Chap4_1.py
[2023-08-09T08:39:10.515+0000] {processor.py:836} INFO - DAG(s) dict_keys(['Chap4_2']) retrieved from /opt/airflow/dags/Chap4_1.py
[2023-08-09T08:39:10.538+0000] {logging_mixin.py:149} INFO - [2023-08-09T08:39:10.538+0000] {dag.py:2726} INFO - Sync 1 DAGs
[2023-08-09T08:39:10.554+0000] {logging_mixin.py:149} INFO - [2023-08-09T08:39:10.554+0000] {dag.py:3486} INFO - Setting next_dagrun for Chap4_2 to 2023-06-28T00:00:00+00:00, run_after=2023-06-29T00:00:00+00:00
[2023-08-09T08:39:10.567+0000] {processor.py:179} INFO - Processing /opt/airflow/dags/Chap4_1.py took 0.071 seconds
[2023-08-09T08:39:41.206+0000] {processor.py:157} INFO - Started process (PID=7232) to work on /opt/airflow/dags/Chap4_1.py
[2023-08-09T08:39:41.210+0000] {processor.py:826} INFO - Processing file /opt/airflow/dags/Chap4_1.py for tasks to queue
[2023-08-09T08:39:41.211+0000] {logging_mixin.py:149} INFO - [2023-08-09T08:39:41.211+0000] {dagbag.py:541} INFO - Filling up the DagBag from /opt/airflow/dags/Chap4_1.py
[2023-08-09T08:39:41.241+0000] {processor.py:836} INFO - DAG(s) dict_keys(['Chap4_2']) retrieved from /opt/airflow/dags/Chap4_1.py
[2023-08-09T08:39:41.264+0000] {logging_mixin.py:149} INFO - [2023-08-09T08:39:41.264+0000] {dag.py:2726} INFO - Sync 1 DAGs
[2023-08-09T08:39:41.278+0000] {logging_mixin.py:149} INFO - [2023-08-09T08:39:41.278+0000] {dag.py:3486} INFO - Setting next_dagrun for Chap4_2 to 2023-06-28T00:00:00+00:00, run_after=2023-06-29T00:00:00+00:00
[2023-08-09T08:39:41.290+0000] {processor.py:179} INFO - Processing /opt/airflow/dags/Chap4_1.py took 0.087 seconds
[2023-08-09T08:40:11.951+0000] {processor.py:157} INFO - Started process (PID=7369) to work on /opt/airflow/dags/Chap4_1.py
[2023-08-09T08:40:11.953+0000] {processor.py:826} INFO - Processing file /opt/airflow/dags/Chap4_1.py for tasks to queue
[2023-08-09T08:40:11.954+0000] {logging_mixin.py:149} INFO - [2023-08-09T08:40:11.954+0000] {dagbag.py:541} INFO - Filling up the DagBag from /opt/airflow/dags/Chap4_1.py
[2023-08-09T08:40:11.966+0000] {processor.py:836} INFO - DAG(s) dict_keys(['Chap4_2']) retrieved from /opt/airflow/dags/Chap4_1.py
[2023-08-09T08:40:11.993+0000] {logging_mixin.py:149} INFO - [2023-08-09T08:40:11.993+0000] {dag.py:2726} INFO - Sync 1 DAGs
[2023-08-09T08:40:12.009+0000] {logging_mixin.py:149} INFO - [2023-08-09T08:40:12.008+0000] {dag.py:3486} INFO - Setting next_dagrun for Chap4_2 to 2023-06-28T00:00:00+00:00, run_after=2023-06-29T00:00:00+00:00
[2023-08-09T08:40:12.022+0000] {processor.py:179} INFO - Processing /opt/airflow/dags/Chap4_1.py took 0.075 seconds
[2023-08-09T08:40:42.528+0000] {processor.py:157} INFO - Started process (PID=7510) to work on /opt/airflow/dags/Chap4_1.py
[2023-08-09T08:40:42.530+0000] {processor.py:826} INFO - Processing file /opt/airflow/dags/Chap4_1.py for tasks to queue
[2023-08-09T08:40:42.537+0000] {logging_mixin.py:149} INFO - [2023-08-09T08:40:42.537+0000] {dagbag.py:541} INFO - Filling up the DagBag from /opt/airflow/dags/Chap4_1.py
[2023-08-09T08:40:42.550+0000] {processor.py:836} INFO - DAG(s) dict_keys(['Chap4_2']) retrieved from /opt/airflow/dags/Chap4_1.py
[2023-08-09T08:40:42.575+0000] {logging_mixin.py:149} INFO - [2023-08-09T08:40:42.575+0000] {dag.py:2726} INFO - Sync 1 DAGs
[2023-08-09T08:40:42.591+0000] {logging_mixin.py:149} INFO - [2023-08-09T08:40:42.591+0000] {dag.py:3486} INFO - Setting next_dagrun for Chap4_2 to 2023-06-28T00:00:00+00:00, run_after=2023-06-29T00:00:00+00:00
[2023-08-09T08:40:42.604+0000] {processor.py:179} INFO - Processing /opt/airflow/dags/Chap4_1.py took 0.081 seconds
[2023-08-09T08:41:13.005+0000] {processor.py:157} INFO - Started process (PID=7647) to work on /opt/airflow/dags/Chap4_1.py
[2023-08-09T08:41:13.007+0000] {processor.py:826} INFO - Processing file /opt/airflow/dags/Chap4_1.py for tasks to queue
[2023-08-09T08:41:13.008+0000] {logging_mixin.py:149} INFO - [2023-08-09T08:41:13.008+0000] {dagbag.py:541} INFO - Filling up the DagBag from /opt/airflow/dags/Chap4_1.py
[2023-08-09T08:41:13.021+0000] {processor.py:836} INFO - DAG(s) dict_keys(['Chap4_2']) retrieved from /opt/airflow/dags/Chap4_1.py
[2023-08-09T08:41:13.043+0000] {logging_mixin.py:149} INFO - [2023-08-09T08:41:13.043+0000] {dag.py:2726} INFO - Sync 1 DAGs
[2023-08-09T08:41:13.059+0000] {logging_mixin.py:149} INFO - [2023-08-09T08:41:13.059+0000] {dag.py:3486} INFO - Setting next_dagrun for Chap4_2 to 2023-06-28T00:00:00+00:00, run_after=2023-06-29T00:00:00+00:00
[2023-08-09T08:41:13.073+0000] {processor.py:179} INFO - Processing /opt/airflow/dags/Chap4_1.py took 0.071 seconds
[2023-08-09T08:41:43.756+0000] {processor.py:157} INFO - Started process (PID=7788) to work on /opt/airflow/dags/Chap4_1.py
[2023-08-09T08:41:43.759+0000] {processor.py:826} INFO - Processing file /opt/airflow/dags/Chap4_1.py for tasks to queue
[2023-08-09T08:41:43.765+0000] {logging_mixin.py:149} INFO - [2023-08-09T08:41:43.765+0000] {dagbag.py:541} INFO - Filling up the DagBag from /opt/airflow/dags/Chap4_1.py
[2023-08-09T08:41:43.778+0000] {processor.py:836} INFO - DAG(s) dict_keys(['Chap4_2']) retrieved from /opt/airflow/dags/Chap4_1.py
[2023-08-09T08:41:43.803+0000] {logging_mixin.py:149} INFO - [2023-08-09T08:41:43.803+0000] {dag.py:2726} INFO - Sync 1 DAGs
[2023-08-09T08:41:43.825+0000] {logging_mixin.py:149} INFO - [2023-08-09T08:41:43.825+0000] {dag.py:3486} INFO - Setting next_dagrun for Chap4_2 to 2023-06-28T00:00:00+00:00, run_after=2023-06-29T00:00:00+00:00
[2023-08-09T08:41:43.839+0000] {processor.py:179} INFO - Processing /opt/airflow/dags/Chap4_1.py took 0.085 seconds
[2023-08-09T08:42:14.222+0000] {processor.py:157} INFO - Started process (PID=7925) to work on /opt/airflow/dags/Chap4_1.py
[2023-08-09T08:42:14.224+0000] {processor.py:826} INFO - Processing file /opt/airflow/dags/Chap4_1.py for tasks to queue
[2023-08-09T08:42:14.225+0000] {logging_mixin.py:149} INFO - [2023-08-09T08:42:14.225+0000] {dagbag.py:541} INFO - Filling up the DagBag from /opt/airflow/dags/Chap4_1.py
[2023-08-09T08:42:14.244+0000] {processor.py:836} INFO - DAG(s) dict_keys(['Chap4_2']) retrieved from /opt/airflow/dags/Chap4_1.py
[2023-08-09T08:42:14.272+0000] {logging_mixin.py:149} INFO - [2023-08-09T08:42:14.272+0000] {dag.py:2726} INFO - Sync 1 DAGs
[2023-08-09T08:42:14.290+0000] {logging_mixin.py:149} INFO - [2023-08-09T08:42:14.290+0000] {dag.py:3486} INFO - Setting next_dagrun for Chap4_2 to 2023-06-28T00:00:00+00:00, run_after=2023-06-29T00:00:00+00:00
[2023-08-09T08:42:14.303+0000] {processor.py:179} INFO - Processing /opt/airflow/dags/Chap4_1.py took 0.085 seconds
[2023-08-09T08:42:44.659+0000] {processor.py:157} INFO - Started process (PID=8064) to work on /opt/airflow/dags/Chap4_1.py
[2023-08-09T08:42:44.661+0000] {processor.py:826} INFO - Processing file /opt/airflow/dags/Chap4_1.py for tasks to queue
[2023-08-09T08:42:44.663+0000] {logging_mixin.py:149} INFO - [2023-08-09T08:42:44.662+0000] {dagbag.py:541} INFO - Filling up the DagBag from /opt/airflow/dags/Chap4_1.py
[2023-08-09T08:42:44.675+0000] {processor.py:836} INFO - DAG(s) dict_keys(['Chap4_2']) retrieved from /opt/airflow/dags/Chap4_1.py
[2023-08-09T08:42:44.699+0000] {logging_mixin.py:149} INFO - [2023-08-09T08:42:44.699+0000] {dag.py:2726} INFO - Sync 1 DAGs
[2023-08-09T08:42:44.717+0000] {logging_mixin.py:149} INFO - [2023-08-09T08:42:44.717+0000] {dag.py:3486} INFO - Setting next_dagrun for Chap4_2 to 2023-06-28T00:00:00+00:00, run_after=2023-06-29T00:00:00+00:00
[2023-08-09T08:42:44.729+0000] {processor.py:179} INFO - Processing /opt/airflow/dags/Chap4_1.py took 0.073 seconds
[2023-08-09T08:43:15.104+0000] {processor.py:157} INFO - Started process (PID=8203) to work on /opt/airflow/dags/Chap4_1.py
[2023-08-09T08:43:15.106+0000] {processor.py:826} INFO - Processing file /opt/airflow/dags/Chap4_1.py for tasks to queue
[2023-08-09T08:43:15.107+0000] {logging_mixin.py:149} INFO - [2023-08-09T08:43:15.107+0000] {dagbag.py:541} INFO - Filling up the DagBag from /opt/airflow/dags/Chap4_1.py
[2023-08-09T08:43:15.121+0000] {processor.py:836} INFO - DAG(s) dict_keys(['Chap4_2']) retrieved from /opt/airflow/dags/Chap4_1.py
[2023-08-09T08:43:15.149+0000] {logging_mixin.py:149} INFO - [2023-08-09T08:43:15.149+0000] {dag.py:2726} INFO - Sync 1 DAGs
[2023-08-09T08:43:15.173+0000] {logging_mixin.py:149} INFO - [2023-08-09T08:43:15.173+0000] {dag.py:3486} INFO - Setting next_dagrun for Chap4_2 to 2023-06-28T00:00:00+00:00, run_after=2023-06-29T00:00:00+00:00
[2023-08-09T08:43:15.189+0000] {processor.py:179} INFO - Processing /opt/airflow/dags/Chap4_1.py took 0.087 seconds
[2023-08-09T08:43:46.468+0000] {processor.py:157} INFO - Started process (PID=8342) to work on /opt/airflow/dags/Chap4_1.py
[2023-08-09T08:43:46.470+0000] {processor.py:826} INFO - Processing file /opt/airflow/dags/Chap4_1.py for tasks to queue
[2023-08-09T08:43:46.471+0000] {logging_mixin.py:149} INFO - [2023-08-09T08:43:46.471+0000] {dagbag.py:541} INFO - Filling up the DagBag from /opt/airflow/dags/Chap4_1.py
[2023-08-09T08:43:46.485+0000] {processor.py:836} INFO - DAG(s) dict_keys(['Chap4_2']) retrieved from /opt/airflow/dags/Chap4_1.py
[2023-08-09T08:43:46.512+0000] {logging_mixin.py:149} INFO - [2023-08-09T08:43:46.512+0000] {dag.py:2726} INFO - Sync 1 DAGs
[2023-08-09T08:43:46.530+0000] {logging_mixin.py:149} INFO - [2023-08-09T08:43:46.529+0000] {dag.py:3486} INFO - Setting next_dagrun for Chap4_2 to 2023-06-28T00:00:00+00:00, run_after=2023-06-29T00:00:00+00:00
[2023-08-09T08:43:46.542+0000] {processor.py:179} INFO - Processing /opt/airflow/dags/Chap4_1.py took 0.077 seconds
[2023-08-09T08:44:17.083+0000] {processor.py:157} INFO - Started process (PID=8481) to work on /opt/airflow/dags/Chap4_1.py
[2023-08-09T08:44:17.085+0000] {processor.py:826} INFO - Processing file /opt/airflow/dags/Chap4_1.py for tasks to queue
[2023-08-09T08:44:17.087+0000] {logging_mixin.py:149} INFO - [2023-08-09T08:44:17.087+0000] {dagbag.py:541} INFO - Filling up the DagBag from /opt/airflow/dags/Chap4_1.py
[2023-08-09T08:44:17.100+0000] {processor.py:836} INFO - DAG(s) dict_keys(['Chap4_2']) retrieved from /opt/airflow/dags/Chap4_1.py
[2023-08-09T08:44:17.126+0000] {logging_mixin.py:149} INFO - [2023-08-09T08:44:17.126+0000] {dag.py:2726} INFO - Sync 1 DAGs
[2023-08-09T08:44:17.144+0000] {logging_mixin.py:149} INFO - [2023-08-09T08:44:17.144+0000] {dag.py:3486} INFO - Setting next_dagrun for Chap4_2 to 2023-06-28T00:00:00+00:00, run_after=2023-06-29T00:00:00+00:00
[2023-08-09T08:44:17.159+0000] {processor.py:179} INFO - Processing /opt/airflow/dags/Chap4_1.py took 0.079 seconds
[2023-08-09T08:44:47.946+0000] {processor.py:157} INFO - Started process (PID=8620) to work on /opt/airflow/dags/Chap4_1.py
[2023-08-09T08:44:47.949+0000] {processor.py:826} INFO - Processing file /opt/airflow/dags/Chap4_1.py for tasks to queue
[2023-08-09T08:44:47.950+0000] {logging_mixin.py:149} INFO - [2023-08-09T08:44:47.950+0000] {dagbag.py:541} INFO - Filling up the DagBag from /opt/airflow/dags/Chap4_1.py
[2023-08-09T08:44:47.964+0000] {processor.py:836} INFO - DAG(s) dict_keys(['Chap4_2']) retrieved from /opt/airflow/dags/Chap4_1.py
[2023-08-09T08:44:47.991+0000] {logging_mixin.py:149} INFO - [2023-08-09T08:44:47.991+0000] {dag.py:2726} INFO - Sync 1 DAGs
[2023-08-09T08:44:48.026+0000] {logging_mixin.py:149} INFO - [2023-08-09T08:44:48.026+0000] {dag.py:3486} INFO - Setting next_dagrun for Chap4_2 to 2023-06-28T00:00:00+00:00, run_after=2023-06-29T00:00:00+00:00
[2023-08-09T08:44:48.043+0000] {processor.py:179} INFO - Processing /opt/airflow/dags/Chap4_1.py took 0.100 seconds
[2023-08-09T08:45:18.707+0000] {processor.py:157} INFO - Started process (PID=8759) to work on /opt/airflow/dags/Chap4_1.py
[2023-08-09T08:45:18.709+0000] {processor.py:826} INFO - Processing file /opt/airflow/dags/Chap4_1.py for tasks to queue
[2023-08-09T08:45:18.710+0000] {logging_mixin.py:149} INFO - [2023-08-09T08:45:18.710+0000] {dagbag.py:541} INFO - Filling up the DagBag from /opt/airflow/dags/Chap4_1.py
[2023-08-09T08:45:18.724+0000] {processor.py:836} INFO - DAG(s) dict_keys(['Chap4_2']) retrieved from /opt/airflow/dags/Chap4_1.py
[2023-08-09T08:45:18.749+0000] {logging_mixin.py:149} INFO - [2023-08-09T08:45:18.749+0000] {dag.py:2726} INFO - Sync 1 DAGs
[2023-08-09T08:45:18.771+0000] {logging_mixin.py:149} INFO - [2023-08-09T08:45:18.771+0000] {dag.py:3486} INFO - Setting next_dagrun for Chap4_2 to 2023-06-28T00:00:00+00:00, run_after=2023-06-29T00:00:00+00:00
[2023-08-09T08:45:18.792+0000] {processor.py:179} INFO - Processing /opt/airflow/dags/Chap4_1.py took 0.089 seconds
[2023-08-09T08:45:50.289+0000] {processor.py:157} INFO - Started process (PID=8898) to work on /opt/airflow/dags/Chap4_1.py
[2023-08-09T08:45:50.296+0000] {processor.py:826} INFO - Processing file /opt/airflow/dags/Chap4_1.py for tasks to queue
[2023-08-09T08:45:50.297+0000] {logging_mixin.py:149} INFO - [2023-08-09T08:45:50.297+0000] {dagbag.py:541} INFO - Filling up the DagBag from /opt/airflow/dags/Chap4_1.py
[2023-08-09T08:45:50.335+0000] {processor.py:836} INFO - DAG(s) dict_keys(['Chap4_2']) retrieved from /opt/airflow/dags/Chap4_1.py
[2023-08-09T08:45:50.366+0000] {logging_mixin.py:149} INFO - [2023-08-09T08:45:50.366+0000] {dag.py:2726} INFO - Sync 1 DAGs
[2023-08-09T08:45:50.385+0000] {logging_mixin.py:149} INFO - [2023-08-09T08:45:50.385+0000] {dag.py:3486} INFO - Setting next_dagrun for Chap4_2 to 2023-06-28T00:00:00+00:00, run_after=2023-06-29T00:00:00+00:00
[2023-08-09T08:45:50.402+0000] {processor.py:179} INFO - Processing /opt/airflow/dags/Chap4_1.py took 0.115 seconds
[2023-08-09T08:46:21.416+0000] {processor.py:157} INFO - Started process (PID=9037) to work on /opt/airflow/dags/Chap4_1.py
[2023-08-09T08:46:21.418+0000] {processor.py:826} INFO - Processing file /opt/airflow/dags/Chap4_1.py for tasks to queue
[2023-08-09T08:46:21.420+0000] {logging_mixin.py:149} INFO - [2023-08-09T08:46:21.419+0000] {dagbag.py:541} INFO - Filling up the DagBag from /opt/airflow/dags/Chap4_1.py
[2023-08-09T08:46:21.437+0000] {processor.py:836} INFO - DAG(s) dict_keys(['Chap4_2']) retrieved from /opt/airflow/dags/Chap4_1.py
[2023-08-09T08:46:21.469+0000] {logging_mixin.py:149} INFO - [2023-08-09T08:46:21.468+0000] {dag.py:2726} INFO - Sync 1 DAGs
[2023-08-09T08:46:21.488+0000] {logging_mixin.py:149} INFO - [2023-08-09T08:46:21.488+0000] {dag.py:3486} INFO - Setting next_dagrun for Chap4_2 to 2023-06-28T00:00:00+00:00, run_after=2023-06-29T00:00:00+00:00
[2023-08-09T08:46:21.502+0000] {processor.py:179} INFO - Processing /opt/airflow/dags/Chap4_1.py took 0.090 seconds
[2023-08-09T08:46:52.478+0000] {processor.py:157} INFO - Started process (PID=9178) to work on /opt/airflow/dags/Chap4_1.py
[2023-08-09T08:46:52.480+0000] {processor.py:826} INFO - Processing file /opt/airflow/dags/Chap4_1.py for tasks to queue
[2023-08-09T08:46:52.483+0000] {logging_mixin.py:149} INFO - [2023-08-09T08:46:52.483+0000] {dagbag.py:541} INFO - Filling up the DagBag from /opt/airflow/dags/Chap4_1.py
[2023-08-09T08:46:52.501+0000] {processor.py:836} INFO - DAG(s) dict_keys(['Chap4_2']) retrieved from /opt/airflow/dags/Chap4_1.py
[2023-08-09T08:46:52.528+0000] {logging_mixin.py:149} INFO - [2023-08-09T08:46:52.527+0000] {dag.py:2726} INFO - Sync 1 DAGs
[2023-08-09T08:46:52.544+0000] {logging_mixin.py:149} INFO - [2023-08-09T08:46:52.544+0000] {dag.py:3486} INFO - Setting next_dagrun for Chap4_2 to 2023-06-28T00:00:00+00:00, run_after=2023-06-29T00:00:00+00:00
[2023-08-09T08:46:52.558+0000] {processor.py:179} INFO - Processing /opt/airflow/dags/Chap4_1.py took 0.082 seconds
[2023-08-09T08:47:23.411+0000] {processor.py:157} INFO - Started process (PID=9316) to work on /opt/airflow/dags/Chap4_1.py
[2023-08-09T08:47:23.417+0000] {processor.py:826} INFO - Processing file /opt/airflow/dags/Chap4_1.py for tasks to queue
[2023-08-09T08:47:23.421+0000] {logging_mixin.py:149} INFO - [2023-08-09T08:47:23.421+0000] {dagbag.py:541} INFO - Filling up the DagBag from /opt/airflow/dags/Chap4_1.py
[2023-08-09T08:47:23.442+0000] {processor.py:836} INFO - DAG(s) dict_keys(['Chap4_2']) retrieved from /opt/airflow/dags/Chap4_1.py
[2023-08-09T08:47:23.470+0000] {logging_mixin.py:149} INFO - [2023-08-09T08:47:23.470+0000] {dag.py:2726} INFO - Sync 1 DAGs
[2023-08-09T08:47:23.488+0000] {logging_mixin.py:149} INFO - [2023-08-09T08:47:23.488+0000] {dag.py:3486} INFO - Setting next_dagrun for Chap4_2 to 2023-06-28T00:00:00+00:00, run_after=2023-06-29T00:00:00+00:00
[2023-08-09T08:47:23.503+0000] {processor.py:179} INFO - Processing /opt/airflow/dags/Chap4_1.py took 0.095 seconds
[2023-08-09T08:47:54.331+0000] {processor.py:157} INFO - Started process (PID=9456) to work on /opt/airflow/dags/Chap4_1.py
[2023-08-09T08:47:54.333+0000] {processor.py:826} INFO - Processing file /opt/airflow/dags/Chap4_1.py for tasks to queue
[2023-08-09T08:47:54.335+0000] {logging_mixin.py:149} INFO - [2023-08-09T08:47:54.335+0000] {dagbag.py:541} INFO - Filling up the DagBag from /opt/airflow/dags/Chap4_1.py
[2023-08-09T08:47:54.367+0000] {processor.py:836} INFO - DAG(s) dict_keys(['Chap4_2']) retrieved from /opt/airflow/dags/Chap4_1.py
[2023-08-09T08:47:54.390+0000] {logging_mixin.py:149} INFO - [2023-08-09T08:47:54.390+0000] {dag.py:2726} INFO - Sync 1 DAGs
[2023-08-09T08:47:54.406+0000] {logging_mixin.py:149} INFO - [2023-08-09T08:47:54.406+0000] {dag.py:3486} INFO - Setting next_dagrun for Chap4_2 to 2023-06-28T00:00:00+00:00, run_after=2023-06-29T00:00:00+00:00
[2023-08-09T08:47:54.419+0000] {processor.py:179} INFO - Processing /opt/airflow/dags/Chap4_1.py took 0.092 seconds
[2023-08-09T08:48:25.328+0000] {processor.py:157} INFO - Started process (PID=9595) to work on /opt/airflow/dags/Chap4_1.py
[2023-08-09T08:48:25.329+0000] {processor.py:826} INFO - Processing file /opt/airflow/dags/Chap4_1.py for tasks to queue
[2023-08-09T08:48:25.350+0000] {logging_mixin.py:149} INFO - [2023-08-09T08:48:25.350+0000] {dagbag.py:541} INFO - Filling up the DagBag from /opt/airflow/dags/Chap4_1.py
[2023-08-09T08:48:25.365+0000] {processor.py:836} INFO - DAG(s) dict_keys(['Chap4_2']) retrieved from /opt/airflow/dags/Chap4_1.py
[2023-08-09T08:48:25.391+0000] {logging_mixin.py:149} INFO - [2023-08-09T08:48:25.391+0000] {dag.py:2726} INFO - Sync 1 DAGs
[2023-08-09T08:48:25.409+0000] {logging_mixin.py:149} INFO - [2023-08-09T08:48:25.409+0000] {dag.py:3486} INFO - Setting next_dagrun for Chap4_2 to 2023-06-28T00:00:00+00:00, run_after=2023-06-29T00:00:00+00:00
[2023-08-09T08:48:25.426+0000] {processor.py:179} INFO - Processing /opt/airflow/dags/Chap4_1.py took 0.102 seconds
[2023-08-09T08:48:56.036+0000] {processor.py:157} INFO - Started process (PID=9742) to work on /opt/airflow/dags/Chap4_1.py
[2023-08-09T08:48:56.038+0000] {processor.py:826} INFO - Processing file /opt/airflow/dags/Chap4_1.py for tasks to queue
[2023-08-09T08:48:56.039+0000] {logging_mixin.py:149} INFO - [2023-08-09T08:48:56.039+0000] {dagbag.py:541} INFO - Filling up the DagBag from /opt/airflow/dags/Chap4_1.py
[2023-08-09T08:48:56.051+0000] {processor.py:836} INFO - DAG(s) dict_keys(['Chap4_2']) retrieved from /opt/airflow/dags/Chap4_1.py
[2023-08-09T08:48:56.074+0000] {logging_mixin.py:149} INFO - [2023-08-09T08:48:56.073+0000] {dag.py:2726} INFO - Sync 1 DAGs
[2023-08-09T08:48:56.088+0000] {logging_mixin.py:149} INFO - [2023-08-09T08:48:56.088+0000] {dag.py:3486} INFO - Setting next_dagrun for Chap4_2 to 2023-06-28T00:00:00+00:00, run_after=2023-06-29T00:00:00+00:00
[2023-08-09T08:48:56.100+0000] {processor.py:179} INFO - Processing /opt/airflow/dags/Chap4_1.py took 0.067 seconds
[2023-08-09T08:49:27.065+0000] {processor.py:157} INFO - Started process (PID=9879) to work on /opt/airflow/dags/Chap4_1.py
[2023-08-09T08:49:27.068+0000] {processor.py:826} INFO - Processing file /opt/airflow/dags/Chap4_1.py for tasks to queue
[2023-08-09T08:49:27.069+0000] {logging_mixin.py:149} INFO - [2023-08-09T08:49:27.069+0000] {dagbag.py:541} INFO - Filling up the DagBag from /opt/airflow/dags/Chap4_1.py
[2023-08-09T08:49:27.085+0000] {processor.py:836} INFO - DAG(s) dict_keys(['Chap4_2']) retrieved from /opt/airflow/dags/Chap4_1.py
[2023-08-09T08:49:27.118+0000] {logging_mixin.py:149} INFO - [2023-08-09T08:49:27.118+0000] {dag.py:2726} INFO - Sync 1 DAGs
[2023-08-09T08:49:27.138+0000] {logging_mixin.py:149} INFO - [2023-08-09T08:49:27.138+0000] {dag.py:3486} INFO - Setting next_dagrun for Chap4_2 to 2023-06-28T00:00:00+00:00, run_after=2023-06-29T00:00:00+00:00
[2023-08-09T08:49:27.153+0000] {processor.py:179} INFO - Processing /opt/airflow/dags/Chap4_1.py took 0.091 seconds
[2023-08-09T08:49:57.623+0000] {processor.py:157} INFO - Started process (PID=10018) to work on /opt/airflow/dags/Chap4_1.py
[2023-08-09T08:49:57.625+0000] {processor.py:826} INFO - Processing file /opt/airflow/dags/Chap4_1.py for tasks to queue
[2023-08-09T08:49:57.626+0000] {logging_mixin.py:149} INFO - [2023-08-09T08:49:57.626+0000] {dagbag.py:541} INFO - Filling up the DagBag from /opt/airflow/dags/Chap4_1.py
[2023-08-09T08:49:57.639+0000] {processor.py:836} INFO - DAG(s) dict_keys(['Chap4_2']) retrieved from /opt/airflow/dags/Chap4_1.py
[2023-08-09T08:49:57.663+0000] {logging_mixin.py:149} INFO - [2023-08-09T08:49:57.663+0000] {dag.py:2726} INFO - Sync 1 DAGs
[2023-08-09T08:49:57.703+0000] {logging_mixin.py:149} INFO - [2023-08-09T08:49:57.703+0000] {dag.py:3486} INFO - Setting next_dagrun for Chap4_2 to 2023-06-28T00:00:00+00:00, run_after=2023-06-29T00:00:00+00:00
[2023-08-09T08:49:57.723+0000] {processor.py:179} INFO - Processing /opt/airflow/dags/Chap4_1.py took 0.103 seconds
[2023-08-09T08:50:28.718+0000] {processor.py:157} INFO - Started process (PID=10157) to work on /opt/airflow/dags/Chap4_1.py
[2023-08-09T08:50:28.720+0000] {processor.py:826} INFO - Processing file /opt/airflow/dags/Chap4_1.py for tasks to queue
[2023-08-09T08:50:28.721+0000] {logging_mixin.py:149} INFO - [2023-08-09T08:50:28.721+0000] {dagbag.py:541} INFO - Filling up the DagBag from /opt/airflow/dags/Chap4_1.py
[2023-08-09T08:50:28.736+0000] {processor.py:836} INFO - DAG(s) dict_keys(['Chap4_2']) retrieved from /opt/airflow/dags/Chap4_1.py
[2023-08-09T08:50:28.760+0000] {logging_mixin.py:149} INFO - [2023-08-09T08:50:28.760+0000] {dag.py:2726} INFO - Sync 1 DAGs
[2023-08-09T08:50:28.777+0000] {logging_mixin.py:149} INFO - [2023-08-09T08:50:28.777+0000] {dag.py:3486} INFO - Setting next_dagrun for Chap4_2 to 2023-06-28T00:00:00+00:00, run_after=2023-06-29T00:00:00+00:00
[2023-08-09T08:50:28.790+0000] {processor.py:179} INFO - Processing /opt/airflow/dags/Chap4_1.py took 0.075 seconds
[2023-08-09T08:50:59.288+0000] {processor.py:157} INFO - Started process (PID=10296) to work on /opt/airflow/dags/Chap4_1.py
[2023-08-09T08:50:59.290+0000] {processor.py:826} INFO - Processing file /opt/airflow/dags/Chap4_1.py for tasks to queue
[2023-08-09T08:50:59.292+0000] {logging_mixin.py:149} INFO - [2023-08-09T08:50:59.292+0000] {dagbag.py:541} INFO - Filling up the DagBag from /opt/airflow/dags/Chap4_1.py
[2023-08-09T08:50:59.304+0000] {processor.py:836} INFO - DAG(s) dict_keys(['Chap4_2']) retrieved from /opt/airflow/dags/Chap4_1.py
[2023-08-09T08:50:59.328+0000] {logging_mixin.py:149} INFO - [2023-08-09T08:50:59.328+0000] {dag.py:2726} INFO - Sync 1 DAGs
[2023-08-09T08:50:59.343+0000] {logging_mixin.py:149} INFO - [2023-08-09T08:50:59.343+0000] {dag.py:3486} INFO - Setting next_dagrun for Chap4_2 to 2023-06-28T00:00:00+00:00, run_after=2023-06-29T00:00:00+00:00
[2023-08-09T08:50:59.355+0000] {processor.py:179} INFO - Processing /opt/airflow/dags/Chap4_1.py took 0.070 seconds
[2023-08-09T08:51:29.843+0000] {processor.py:157} INFO - Started process (PID=10435) to work on /opt/airflow/dags/Chap4_1.py
[2023-08-09T08:51:29.845+0000] {processor.py:826} INFO - Processing file /opt/airflow/dags/Chap4_1.py for tasks to queue
[2023-08-09T08:51:29.847+0000] {logging_mixin.py:149} INFO - [2023-08-09T08:51:29.847+0000] {dagbag.py:541} INFO - Filling up the DagBag from /opt/airflow/dags/Chap4_1.py
[2023-08-09T08:51:29.859+0000] {processor.py:836} INFO - DAG(s) dict_keys(['Chap4_2']) retrieved from /opt/airflow/dags/Chap4_1.py
[2023-08-09T08:51:29.885+0000] {logging_mixin.py:149} INFO - [2023-08-09T08:51:29.885+0000] {dag.py:2726} INFO - Sync 1 DAGs
[2023-08-09T08:51:29.906+0000] {logging_mixin.py:149} INFO - [2023-08-09T08:51:29.906+0000] {dag.py:3486} INFO - Setting next_dagrun for Chap4_2 to 2023-06-28T00:00:00+00:00, run_after=2023-06-29T00:00:00+00:00
[2023-08-09T08:51:29.919+0000] {processor.py:179} INFO - Processing /opt/airflow/dags/Chap4_1.py took 0.079 seconds
[2023-08-09T08:52:00.378+0000] {processor.py:157} INFO - Started process (PID=10574) to work on /opt/airflow/dags/Chap4_1.py
[2023-08-09T08:52:00.384+0000] {processor.py:826} INFO - Processing file /opt/airflow/dags/Chap4_1.py for tasks to queue
[2023-08-09T08:52:00.390+0000] {logging_mixin.py:149} INFO - [2023-08-09T08:52:00.390+0000] {dagbag.py:541} INFO - Filling up the DagBag from /opt/airflow/dags/Chap4_1.py
[2023-08-09T08:52:00.403+0000] {processor.py:836} INFO - DAG(s) dict_keys(['Chap4_2']) retrieved from /opt/airflow/dags/Chap4_1.py
[2023-08-09T08:52:00.427+0000] {logging_mixin.py:149} INFO - [2023-08-09T08:52:00.427+0000] {dag.py:2726} INFO - Sync 1 DAGs
[2023-08-09T08:52:00.442+0000] {logging_mixin.py:149} INFO - [2023-08-09T08:52:00.442+0000] {dag.py:3486} INFO - Setting next_dagrun for Chap4_2 to 2023-06-28T00:00:00+00:00, run_after=2023-06-29T00:00:00+00:00
[2023-08-09T08:52:00.457+0000] {processor.py:179} INFO - Processing /opt/airflow/dags/Chap4_1.py took 0.082 seconds
