[2023-08-09T08:37:36.242+0000] {processor.py:157} INFO - Started process (PID=6638) to work on /opt/airflow/dags/Chap6_19.py
[2023-08-09T08:37:36.244+0000] {processor.py:826} INFO - Processing file /opt/airflow/dags/Chap6_19.py for tasks to queue
[2023-08-09T08:37:36.245+0000] {logging_mixin.py:149} INFO - [2023-08-09T08:37:36.245+0000] {dagbag.py:541} INFO - Filling up the DagBag from /opt/airflow/dags/Chap6_19.py
[2023-08-09T08:37:36.261+0000] {processor.py:836} INFO - DAG(s) dict_keys(['Chap6_19_dag_3', 'Chap6_19_dag_2', 'Chap6_19_dag_4', 'Chap6_19_dag_1']) retrieved from /opt/airflow/dags/Chap6_19.py
[2023-08-09T08:37:36.292+0000] {logging_mixin.py:149} INFO - [2023-08-09T08:37:36.291+0000] {dag.py:2726} INFO - Sync 4 DAGs
[2023-08-09T08:37:36.308+0000] {logging_mixin.py:149} INFO - [2023-08-09T08:37:36.308+0000] {dag.py:3486} INFO - Setting next_dagrun for Chap6_19_dag_1 to 2023-08-06T00:00:00+00:00, run_after=2023-08-07T00:00:00+00:00
[2023-08-09T08:37:36.313+0000] {logging_mixin.py:149} INFO - [2023-08-09T08:37:36.313+0000] {dag.py:3486} INFO - Setting next_dagrun for Chap6_19_dag_2 to 2023-08-06T00:00:00+00:00, run_after=2023-08-07T00:00:00+00:00
[2023-08-09T08:37:36.316+0000] {logging_mixin.py:149} INFO - [2023-08-09T08:37:36.316+0000] {dag.py:3486} INFO - Setting next_dagrun for Chap6_19_dag_3 to 2023-08-06T00:00:00+00:00, run_after=2023-08-07T00:00:00+00:00
[2023-08-09T08:37:36.319+0000] {logging_mixin.py:149} INFO - [2023-08-09T08:37:36.319+0000] {dag.py:3486} INFO - Setting next_dagrun for Chap6_19_dag_4 to 2023-08-06T02:00:00+00:00, run_after=2023-08-07T02:00:00+00:00
[2023-08-09T08:37:36.331+0000] {processor.py:179} INFO - Processing /opt/airflow/dags/Chap6_19.py took 0.092 seconds
[2023-08-09T08:38:07.183+0000] {processor.py:157} INFO - Started process (PID=6777) to work on /opt/airflow/dags/Chap6_19.py
[2023-08-09T08:38:07.185+0000] {processor.py:826} INFO - Processing file /opt/airflow/dags/Chap6_19.py for tasks to queue
[2023-08-09T08:38:07.186+0000] {logging_mixin.py:149} INFO - [2023-08-09T08:38:07.186+0000] {dagbag.py:541} INFO - Filling up the DagBag from /opt/airflow/dags/Chap6_19.py
[2023-08-09T08:38:07.200+0000] {processor.py:836} INFO - DAG(s) dict_keys(['Chap6_19_dag_2', 'Chap6_19_dag_4', 'Chap6_19_dag_3', 'Chap6_19_dag_1']) retrieved from /opt/airflow/dags/Chap6_19.py
[2023-08-09T08:38:07.240+0000] {logging_mixin.py:149} INFO - [2023-08-09T08:38:07.240+0000] {dag.py:2726} INFO - Sync 4 DAGs
[2023-08-09T08:38:07.257+0000] {logging_mixin.py:149} INFO - [2023-08-09T08:38:07.257+0000] {dag.py:3486} INFO - Setting next_dagrun for Chap6_19_dag_1 to 2023-08-06T00:00:00+00:00, run_after=2023-08-07T00:00:00+00:00
[2023-08-09T08:38:07.261+0000] {logging_mixin.py:149} INFO - [2023-08-09T08:38:07.261+0000] {dag.py:3486} INFO - Setting next_dagrun for Chap6_19_dag_2 to 2023-08-06T00:00:00+00:00, run_after=2023-08-07T00:00:00+00:00
[2023-08-09T08:38:07.263+0000] {logging_mixin.py:149} INFO - [2023-08-09T08:38:07.263+0000] {dag.py:3486} INFO - Setting next_dagrun for Chap6_19_dag_3 to 2023-08-06T00:00:00+00:00, run_after=2023-08-07T00:00:00+00:00
[2023-08-09T08:38:07.265+0000] {logging_mixin.py:149} INFO - [2023-08-09T08:38:07.265+0000] {dag.py:3486} INFO - Setting next_dagrun for Chap6_19_dag_4 to 2023-08-06T02:00:00+00:00, run_after=2023-08-07T02:00:00+00:00
[2023-08-09T08:38:07.279+0000] {processor.py:179} INFO - Processing /opt/airflow/dags/Chap6_19.py took 0.099 seconds
[2023-08-09T08:38:38.026+0000] {processor.py:157} INFO - Started process (PID=6917) to work on /opt/airflow/dags/Chap6_19.py
[2023-08-09T08:38:38.029+0000] {processor.py:826} INFO - Processing file /opt/airflow/dags/Chap6_19.py for tasks to queue
[2023-08-09T08:38:38.030+0000] {logging_mixin.py:149} INFO - [2023-08-09T08:38:38.030+0000] {dagbag.py:541} INFO - Filling up the DagBag from /opt/airflow/dags/Chap6_19.py
[2023-08-09T08:38:38.049+0000] {processor.py:836} INFO - DAG(s) dict_keys(['Chap6_19_dag_1', 'Chap6_19_dag_2', 'Chap6_19_dag_4', 'Chap6_19_dag_3']) retrieved from /opt/airflow/dags/Chap6_19.py
[2023-08-09T08:38:38.079+0000] {logging_mixin.py:149} INFO - [2023-08-09T08:38:38.079+0000] {dag.py:2726} INFO - Sync 4 DAGs
[2023-08-09T08:38:38.112+0000] {logging_mixin.py:149} INFO - [2023-08-09T08:38:38.112+0000] {dag.py:3486} INFO - Setting next_dagrun for Chap6_19_dag_1 to 2023-08-06T00:00:00+00:00, run_after=2023-08-07T00:00:00+00:00
[2023-08-09T08:38:38.120+0000] {logging_mixin.py:149} INFO - [2023-08-09T08:38:38.119+0000] {dag.py:3486} INFO - Setting next_dagrun for Chap6_19_dag_2 to 2023-08-06T00:00:00+00:00, run_after=2023-08-07T00:00:00+00:00
[2023-08-09T08:38:38.123+0000] {logging_mixin.py:149} INFO - [2023-08-09T08:38:38.122+0000] {dag.py:3486} INFO - Setting next_dagrun for Chap6_19_dag_3 to 2023-08-06T00:00:00+00:00, run_after=2023-08-07T00:00:00+00:00
[2023-08-09T08:38:38.125+0000] {logging_mixin.py:149} INFO - [2023-08-09T08:38:38.125+0000] {dag.py:3486} INFO - Setting next_dagrun for Chap6_19_dag_4 to 2023-08-06T02:00:00+00:00, run_after=2023-08-07T02:00:00+00:00
[2023-08-09T08:38:38.137+0000] {processor.py:179} INFO - Processing /opt/airflow/dags/Chap6_19.py took 0.115 seconds
[2023-08-09T08:39:08.911+0000] {processor.py:157} INFO - Started process (PID=7056) to work on /opt/airflow/dags/Chap6_19.py
[2023-08-09T08:39:08.914+0000] {processor.py:826} INFO - Processing file /opt/airflow/dags/Chap6_19.py for tasks to queue
[2023-08-09T08:39:08.915+0000] {logging_mixin.py:149} INFO - [2023-08-09T08:39:08.915+0000] {dagbag.py:541} INFO - Filling up the DagBag from /opt/airflow/dags/Chap6_19.py
[2023-08-09T08:39:08.930+0000] {processor.py:836} INFO - DAG(s) dict_keys(['Chap6_19_dag_2', 'Chap6_19_dag_4', 'Chap6_19_dag_1', 'Chap6_19_dag_3']) retrieved from /opt/airflow/dags/Chap6_19.py
[2023-08-09T08:39:08.958+0000] {logging_mixin.py:149} INFO - [2023-08-09T08:39:08.958+0000] {dag.py:2726} INFO - Sync 4 DAGs
[2023-08-09T08:39:08.975+0000] {logging_mixin.py:149} INFO - [2023-08-09T08:39:08.975+0000] {dag.py:3486} INFO - Setting next_dagrun for Chap6_19_dag_1 to 2023-08-06T00:00:00+00:00, run_after=2023-08-07T00:00:00+00:00
[2023-08-09T08:39:08.978+0000] {logging_mixin.py:149} INFO - [2023-08-09T08:39:08.978+0000] {dag.py:3486} INFO - Setting next_dagrun for Chap6_19_dag_2 to 2023-08-06T00:00:00+00:00, run_after=2023-08-07T00:00:00+00:00
[2023-08-09T08:39:08.981+0000] {logging_mixin.py:149} INFO - [2023-08-09T08:39:08.981+0000] {dag.py:3486} INFO - Setting next_dagrun for Chap6_19_dag_3 to 2023-08-06T00:00:00+00:00, run_after=2023-08-07T00:00:00+00:00
[2023-08-09T08:39:08.983+0000] {logging_mixin.py:149} INFO - [2023-08-09T08:39:08.983+0000] {dag.py:3486} INFO - Setting next_dagrun for Chap6_19_dag_4 to 2023-08-06T02:00:00+00:00, run_after=2023-08-07T02:00:00+00:00
[2023-08-09T08:39:09.015+0000] {processor.py:179} INFO - Processing /opt/airflow/dags/Chap6_19.py took 0.107 seconds
[2023-08-09T08:39:39.547+0000] {processor.py:157} INFO - Started process (PID=7195) to work on /opt/airflow/dags/Chap6_19.py
[2023-08-09T08:39:39.549+0000] {processor.py:826} INFO - Processing file /opt/airflow/dags/Chap6_19.py for tasks to queue
[2023-08-09T08:39:39.551+0000] {logging_mixin.py:149} INFO - [2023-08-09T08:39:39.551+0000] {dagbag.py:541} INFO - Filling up the DagBag from /opt/airflow/dags/Chap6_19.py
[2023-08-09T08:39:39.565+0000] {processor.py:836} INFO - DAG(s) dict_keys(['Chap6_19_dag_2', 'Chap6_19_dag_4', 'Chap6_19_dag_1', 'Chap6_19_dag_3']) retrieved from /opt/airflow/dags/Chap6_19.py
[2023-08-09T08:39:39.593+0000] {logging_mixin.py:149} INFO - [2023-08-09T08:39:39.593+0000] {dag.py:2726} INFO - Sync 4 DAGs
[2023-08-09T08:39:39.607+0000] {logging_mixin.py:149} INFO - [2023-08-09T08:39:39.607+0000] {dag.py:3486} INFO - Setting next_dagrun for Chap6_19_dag_1 to 2023-08-06T00:00:00+00:00, run_after=2023-08-07T00:00:00+00:00
[2023-08-09T08:39:39.617+0000] {logging_mixin.py:149} INFO - [2023-08-09T08:39:39.616+0000] {dag.py:3486} INFO - Setting next_dagrun for Chap6_19_dag_2 to 2023-08-06T00:00:00+00:00, run_after=2023-08-07T00:00:00+00:00
[2023-08-09T08:39:39.619+0000] {logging_mixin.py:149} INFO - [2023-08-09T08:39:39.619+0000] {dag.py:3486} INFO - Setting next_dagrun for Chap6_19_dag_3 to 2023-08-06T00:00:00+00:00, run_after=2023-08-07T00:00:00+00:00
[2023-08-09T08:39:39.623+0000] {logging_mixin.py:149} INFO - [2023-08-09T08:39:39.622+0000] {dag.py:3486} INFO - Setting next_dagrun for Chap6_19_dag_4 to 2023-08-06T02:00:00+00:00, run_after=2023-08-07T02:00:00+00:00
[2023-08-09T08:39:39.634+0000] {processor.py:179} INFO - Processing /opt/airflow/dags/Chap6_19.py took 0.093 seconds
[2023-08-09T08:40:10.416+0000] {processor.py:157} INFO - Started process (PID=7334) to work on /opt/airflow/dags/Chap6_19.py
[2023-08-09T08:40:10.419+0000] {processor.py:826} INFO - Processing file /opt/airflow/dags/Chap6_19.py for tasks to queue
[2023-08-09T08:40:10.420+0000] {logging_mixin.py:149} INFO - [2023-08-09T08:40:10.420+0000] {dagbag.py:541} INFO - Filling up the DagBag from /opt/airflow/dags/Chap6_19.py
[2023-08-09T08:40:10.437+0000] {processor.py:836} INFO - DAG(s) dict_keys(['Chap6_19_dag_2', 'Chap6_19_dag_3', 'Chap6_19_dag_1', 'Chap6_19_dag_4']) retrieved from /opt/airflow/dags/Chap6_19.py
[2023-08-09T08:40:10.466+0000] {logging_mixin.py:149} INFO - [2023-08-09T08:40:10.465+0000] {dag.py:2726} INFO - Sync 4 DAGs
[2023-08-09T08:40:10.482+0000] {logging_mixin.py:149} INFO - [2023-08-09T08:40:10.482+0000] {dag.py:3486} INFO - Setting next_dagrun for Chap6_19_dag_1 to 2023-08-06T00:00:00+00:00, run_after=2023-08-07T00:00:00+00:00
[2023-08-09T08:40:10.485+0000] {logging_mixin.py:149} INFO - [2023-08-09T08:40:10.485+0000] {dag.py:3486} INFO - Setting next_dagrun for Chap6_19_dag_2 to 2023-08-06T00:00:00+00:00, run_after=2023-08-07T00:00:00+00:00
[2023-08-09T08:40:10.488+0000] {logging_mixin.py:149} INFO - [2023-08-09T08:40:10.488+0000] {dag.py:3486} INFO - Setting next_dagrun for Chap6_19_dag_3 to 2023-08-06T00:00:00+00:00, run_after=2023-08-07T00:00:00+00:00
[2023-08-09T08:40:10.491+0000] {logging_mixin.py:149} INFO - [2023-08-09T08:40:10.491+0000] {dag.py:3486} INFO - Setting next_dagrun for Chap6_19_dag_4 to 2023-08-06T02:00:00+00:00, run_after=2023-08-07T02:00:00+00:00
[2023-08-09T08:40:10.519+0000] {processor.py:179} INFO - Processing /opt/airflow/dags/Chap6_19.py took 0.106 seconds
[2023-08-09T08:40:40.900+0000] {processor.py:157} INFO - Started process (PID=7473) to work on /opt/airflow/dags/Chap6_19.py
[2023-08-09T08:40:40.903+0000] {processor.py:826} INFO - Processing file /opt/airflow/dags/Chap6_19.py for tasks to queue
[2023-08-09T08:40:40.904+0000] {logging_mixin.py:149} INFO - [2023-08-09T08:40:40.904+0000] {dagbag.py:541} INFO - Filling up the DagBag from /opt/airflow/dags/Chap6_19.py
[2023-08-09T08:40:40.922+0000] {processor.py:836} INFO - DAG(s) dict_keys(['Chap6_19_dag_4', 'Chap6_19_dag_1', 'Chap6_19_dag_3', 'Chap6_19_dag_2']) retrieved from /opt/airflow/dags/Chap6_19.py
[2023-08-09T08:40:40.949+0000] {logging_mixin.py:149} INFO - [2023-08-09T08:40:40.949+0000] {dag.py:2726} INFO - Sync 4 DAGs
[2023-08-09T08:40:40.965+0000] {logging_mixin.py:149} INFO - [2023-08-09T08:40:40.965+0000] {dag.py:3486} INFO - Setting next_dagrun for Chap6_19_dag_1 to 2023-08-06T00:00:00+00:00, run_after=2023-08-07T00:00:00+00:00
[2023-08-09T08:40:40.969+0000] {logging_mixin.py:149} INFO - [2023-08-09T08:40:40.969+0000] {dag.py:3486} INFO - Setting next_dagrun for Chap6_19_dag_2 to 2023-08-06T00:00:00+00:00, run_after=2023-08-07T00:00:00+00:00
[2023-08-09T08:40:40.971+0000] {logging_mixin.py:149} INFO - [2023-08-09T08:40:40.971+0000] {dag.py:3486} INFO - Setting next_dagrun for Chap6_19_dag_3 to 2023-08-06T00:00:00+00:00, run_after=2023-08-07T00:00:00+00:00
[2023-08-09T08:40:40.974+0000] {logging_mixin.py:149} INFO - [2023-08-09T08:40:40.974+0000] {dag.py:3486} INFO - Setting next_dagrun for Chap6_19_dag_4 to 2023-08-06T02:00:00+00:00, run_after=2023-08-07T02:00:00+00:00
[2023-08-09T08:40:40.989+0000] {processor.py:179} INFO - Processing /opt/airflow/dags/Chap6_19.py took 0.092 seconds
[2023-08-09T08:41:11.440+0000] {processor.py:157} INFO - Started process (PID=7612) to work on /opt/airflow/dags/Chap6_19.py
[2023-08-09T08:41:11.442+0000] {processor.py:826} INFO - Processing file /opt/airflow/dags/Chap6_19.py for tasks to queue
[2023-08-09T08:41:11.449+0000] {logging_mixin.py:149} INFO - [2023-08-09T08:41:11.449+0000] {dagbag.py:541} INFO - Filling up the DagBag from /opt/airflow/dags/Chap6_19.py
[2023-08-09T08:41:11.463+0000] {processor.py:836} INFO - DAG(s) dict_keys(['Chap6_19_dag_3', 'Chap6_19_dag_2', 'Chap6_19_dag_4', 'Chap6_19_dag_1']) retrieved from /opt/airflow/dags/Chap6_19.py
[2023-08-09T08:41:11.493+0000] {logging_mixin.py:149} INFO - [2023-08-09T08:41:11.493+0000] {dag.py:2726} INFO - Sync 4 DAGs
[2023-08-09T08:41:11.508+0000] {logging_mixin.py:149} INFO - [2023-08-09T08:41:11.508+0000] {dag.py:3486} INFO - Setting next_dagrun for Chap6_19_dag_1 to 2023-08-06T00:00:00+00:00, run_after=2023-08-07T00:00:00+00:00
[2023-08-09T08:41:11.512+0000] {logging_mixin.py:149} INFO - [2023-08-09T08:41:11.512+0000] {dag.py:3486} INFO - Setting next_dagrun for Chap6_19_dag_2 to 2023-08-06T00:00:00+00:00, run_after=2023-08-07T00:00:00+00:00
[2023-08-09T08:41:11.514+0000] {logging_mixin.py:149} INFO - [2023-08-09T08:41:11.514+0000] {dag.py:3486} INFO - Setting next_dagrun for Chap6_19_dag_3 to 2023-08-06T00:00:00+00:00, run_after=2023-08-07T00:00:00+00:00
[2023-08-09T08:41:11.517+0000] {logging_mixin.py:149} INFO - [2023-08-09T08:41:11.517+0000] {dag.py:3486} INFO - Setting next_dagrun for Chap6_19_dag_4 to 2023-08-06T02:00:00+00:00, run_after=2023-08-07T02:00:00+00:00
[2023-08-09T08:41:11.529+0000] {processor.py:179} INFO - Processing /opt/airflow/dags/Chap6_19.py took 0.092 seconds
[2023-08-09T08:41:42.206+0000] {processor.py:157} INFO - Started process (PID=7753) to work on /opt/airflow/dags/Chap6_19.py
[2023-08-09T08:41:42.208+0000] {processor.py:826} INFO - Processing file /opt/airflow/dags/Chap6_19.py for tasks to queue
[2023-08-09T08:41:42.209+0000] {logging_mixin.py:149} INFO - [2023-08-09T08:41:42.209+0000] {dagbag.py:541} INFO - Filling up the DagBag from /opt/airflow/dags/Chap6_19.py
[2023-08-09T08:41:42.242+0000] {processor.py:836} INFO - DAG(s) dict_keys(['Chap6_19_dag_2', 'Chap6_19_dag_3', 'Chap6_19_dag_1', 'Chap6_19_dag_4']) retrieved from /opt/airflow/dags/Chap6_19.py
[2023-08-09T08:41:42.268+0000] {logging_mixin.py:149} INFO - [2023-08-09T08:41:42.267+0000] {dag.py:2726} INFO - Sync 4 DAGs
[2023-08-09T08:41:42.282+0000] {logging_mixin.py:149} INFO - [2023-08-09T08:41:42.281+0000] {dag.py:3486} INFO - Setting next_dagrun for Chap6_19_dag_1 to 2023-08-06T00:00:00+00:00, run_after=2023-08-07T00:00:00+00:00
[2023-08-09T08:41:42.286+0000] {logging_mixin.py:149} INFO - [2023-08-09T08:41:42.286+0000] {dag.py:3486} INFO - Setting next_dagrun for Chap6_19_dag_2 to 2023-08-06T00:00:00+00:00, run_after=2023-08-07T00:00:00+00:00
[2023-08-09T08:41:42.288+0000] {logging_mixin.py:149} INFO - [2023-08-09T08:41:42.288+0000] {dag.py:3486} INFO - Setting next_dagrun for Chap6_19_dag_3 to 2023-08-06T00:00:00+00:00, run_after=2023-08-07T00:00:00+00:00
[2023-08-09T08:41:42.289+0000] {logging_mixin.py:149} INFO - [2023-08-09T08:41:42.289+0000] {dag.py:3486} INFO - Setting next_dagrun for Chap6_19_dag_4 to 2023-08-06T02:00:00+00:00, run_after=2023-08-07T02:00:00+00:00
[2023-08-09T08:41:42.299+0000] {processor.py:179} INFO - Processing /opt/airflow/dags/Chap6_19.py took 0.096 seconds
[2023-08-09T08:42:12.697+0000] {processor.py:157} INFO - Started process (PID=7890) to work on /opt/airflow/dags/Chap6_19.py
[2023-08-09T08:42:12.700+0000] {processor.py:826} INFO - Processing file /opt/airflow/dags/Chap6_19.py for tasks to queue
[2023-08-09T08:42:12.702+0000] {logging_mixin.py:149} INFO - [2023-08-09T08:42:12.702+0000] {dagbag.py:541} INFO - Filling up the DagBag from /opt/airflow/dags/Chap6_19.py
[2023-08-09T08:42:12.715+0000] {processor.py:836} INFO - DAG(s) dict_keys(['Chap6_19_dag_1', 'Chap6_19_dag_2', 'Chap6_19_dag_4', 'Chap6_19_dag_3']) retrieved from /opt/airflow/dags/Chap6_19.py
[2023-08-09T08:42:12.742+0000] {logging_mixin.py:149} INFO - [2023-08-09T08:42:12.742+0000] {dag.py:2726} INFO - Sync 4 DAGs
[2023-08-09T08:42:12.758+0000] {logging_mixin.py:149} INFO - [2023-08-09T08:42:12.758+0000] {dag.py:3486} INFO - Setting next_dagrun for Chap6_19_dag_1 to 2023-08-06T00:00:00+00:00, run_after=2023-08-07T00:00:00+00:00
[2023-08-09T08:42:12.763+0000] {logging_mixin.py:149} INFO - [2023-08-09T08:42:12.763+0000] {dag.py:3486} INFO - Setting next_dagrun for Chap6_19_dag_2 to 2023-08-06T00:00:00+00:00, run_after=2023-08-07T00:00:00+00:00
[2023-08-09T08:42:12.766+0000] {logging_mixin.py:149} INFO - [2023-08-09T08:42:12.766+0000] {dag.py:3486} INFO - Setting next_dagrun for Chap6_19_dag_3 to 2023-08-06T00:00:00+00:00, run_after=2023-08-07T00:00:00+00:00
[2023-08-09T08:42:12.768+0000] {logging_mixin.py:149} INFO - [2023-08-09T08:42:12.768+0000] {dag.py:3486} INFO - Setting next_dagrun for Chap6_19_dag_4 to 2023-08-06T02:00:00+00:00, run_after=2023-08-07T02:00:00+00:00
[2023-08-09T08:42:12.787+0000] {processor.py:179} INFO - Processing /opt/airflow/dags/Chap6_19.py took 0.092 seconds
[2023-08-09T08:42:44.154+0000] {processor.py:157} INFO - Started process (PID=8029) to work on /opt/airflow/dags/Chap6_19.py
[2023-08-09T08:42:44.160+0000] {processor.py:826} INFO - Processing file /opt/airflow/dags/Chap6_19.py for tasks to queue
[2023-08-09T08:42:44.162+0000] {logging_mixin.py:149} INFO - [2023-08-09T08:42:44.161+0000] {dagbag.py:541} INFO - Filling up the DagBag from /opt/airflow/dags/Chap6_19.py
[2023-08-09T08:42:44.176+0000] {processor.py:836} INFO - DAG(s) dict_keys(['Chap6_19_dag_1', 'Chap6_19_dag_3', 'Chap6_19_dag_2', 'Chap6_19_dag_4']) retrieved from /opt/airflow/dags/Chap6_19.py
[2023-08-09T08:42:44.206+0000] {logging_mixin.py:149} INFO - [2023-08-09T08:42:44.205+0000] {dag.py:2726} INFO - Sync 4 DAGs
[2023-08-09T08:42:44.222+0000] {logging_mixin.py:149} INFO - [2023-08-09T08:42:44.221+0000] {dag.py:3486} INFO - Setting next_dagrun for Chap6_19_dag_1 to 2023-08-06T00:00:00+00:00, run_after=2023-08-07T00:00:00+00:00
[2023-08-09T08:42:44.225+0000] {logging_mixin.py:149} INFO - [2023-08-09T08:42:44.225+0000] {dag.py:3486} INFO - Setting next_dagrun for Chap6_19_dag_2 to 2023-08-06T00:00:00+00:00, run_after=2023-08-07T00:00:00+00:00
[2023-08-09T08:42:44.228+0000] {logging_mixin.py:149} INFO - [2023-08-09T08:42:44.228+0000] {dag.py:3486} INFO - Setting next_dagrun for Chap6_19_dag_3 to 2023-08-06T00:00:00+00:00, run_after=2023-08-07T00:00:00+00:00
[2023-08-09T08:42:44.230+0000] {logging_mixin.py:149} INFO - [2023-08-09T08:42:44.230+0000] {dag.py:3486} INFO - Setting next_dagrun for Chap6_19_dag_4 to 2023-08-06T02:00:00+00:00, run_after=2023-08-07T02:00:00+00:00
[2023-08-09T08:42:44.243+0000] {processor.py:179} INFO - Processing /opt/airflow/dags/Chap6_19.py took 0.093 seconds
[2023-08-09T08:43:14.616+0000] {processor.py:157} INFO - Started process (PID=8168) to work on /opt/airflow/dags/Chap6_19.py
[2023-08-09T08:43:14.618+0000] {processor.py:826} INFO - Processing file /opt/airflow/dags/Chap6_19.py for tasks to queue
[2023-08-09T08:43:14.620+0000] {logging_mixin.py:149} INFO - [2023-08-09T08:43:14.620+0000] {dagbag.py:541} INFO - Filling up the DagBag from /opt/airflow/dags/Chap6_19.py
[2023-08-09T08:43:14.652+0000] {processor.py:836} INFO - DAG(s) dict_keys(['Chap6_19_dag_1', 'Chap6_19_dag_3', 'Chap6_19_dag_4', 'Chap6_19_dag_2']) retrieved from /opt/airflow/dags/Chap6_19.py
[2023-08-09T08:43:14.682+0000] {logging_mixin.py:149} INFO - [2023-08-09T08:43:14.682+0000] {dag.py:2726} INFO - Sync 4 DAGs
[2023-08-09T08:43:14.699+0000] {logging_mixin.py:149} INFO - [2023-08-09T08:43:14.699+0000] {dag.py:3486} INFO - Setting next_dagrun for Chap6_19_dag_1 to 2023-08-06T00:00:00+00:00, run_after=2023-08-07T00:00:00+00:00
[2023-08-09T08:43:14.704+0000] {logging_mixin.py:149} INFO - [2023-08-09T08:43:14.704+0000] {dag.py:3486} INFO - Setting next_dagrun for Chap6_19_dag_2 to 2023-08-06T00:00:00+00:00, run_after=2023-08-07T00:00:00+00:00
[2023-08-09T08:43:14.707+0000] {logging_mixin.py:149} INFO - [2023-08-09T08:43:14.707+0000] {dag.py:3486} INFO - Setting next_dagrun for Chap6_19_dag_3 to 2023-08-06T00:00:00+00:00, run_after=2023-08-07T00:00:00+00:00
[2023-08-09T08:43:14.708+0000] {logging_mixin.py:149} INFO - [2023-08-09T08:43:14.708+0000] {dag.py:3486} INFO - Setting next_dagrun for Chap6_19_dag_4 to 2023-08-06T02:00:00+00:00, run_after=2023-08-07T02:00:00+00:00
[2023-08-09T08:43:14.722+0000] {processor.py:179} INFO - Processing /opt/airflow/dags/Chap6_19.py took 0.109 seconds
[2023-08-09T08:43:46.009+0000] {processor.py:157} INFO - Started process (PID=8307) to work on /opt/airflow/dags/Chap6_19.py
[2023-08-09T08:43:46.016+0000] {processor.py:826} INFO - Processing file /opt/airflow/dags/Chap6_19.py for tasks to queue
[2023-08-09T08:43:46.017+0000] {logging_mixin.py:149} INFO - [2023-08-09T08:43:46.017+0000] {dagbag.py:541} INFO - Filling up the DagBag from /opt/airflow/dags/Chap6_19.py
[2023-08-09T08:43:46.031+0000] {processor.py:836} INFO - DAG(s) dict_keys(['Chap6_19_dag_4', 'Chap6_19_dag_2', 'Chap6_19_dag_3', 'Chap6_19_dag_1']) retrieved from /opt/airflow/dags/Chap6_19.py
[2023-08-09T08:43:46.062+0000] {logging_mixin.py:149} INFO - [2023-08-09T08:43:46.061+0000] {dag.py:2726} INFO - Sync 4 DAGs
[2023-08-09T08:43:46.078+0000] {logging_mixin.py:149} INFO - [2023-08-09T08:43:46.078+0000] {dag.py:3486} INFO - Setting next_dagrun for Chap6_19_dag_1 to 2023-08-06T00:00:00+00:00, run_after=2023-08-07T00:00:00+00:00
[2023-08-09T08:43:46.082+0000] {logging_mixin.py:149} INFO - [2023-08-09T08:43:46.082+0000] {dag.py:3486} INFO - Setting next_dagrun for Chap6_19_dag_2 to 2023-08-06T00:00:00+00:00, run_after=2023-08-07T00:00:00+00:00
[2023-08-09T08:43:46.085+0000] {logging_mixin.py:149} INFO - [2023-08-09T08:43:46.085+0000] {dag.py:3486} INFO - Setting next_dagrun for Chap6_19_dag_3 to 2023-08-06T00:00:00+00:00, run_after=2023-08-07T00:00:00+00:00
[2023-08-09T08:43:46.087+0000] {logging_mixin.py:149} INFO - [2023-08-09T08:43:46.087+0000] {dag.py:3486} INFO - Setting next_dagrun for Chap6_19_dag_4 to 2023-08-06T02:00:00+00:00, run_after=2023-08-07T02:00:00+00:00
[2023-08-09T08:43:46.099+0000] {processor.py:179} INFO - Processing /opt/airflow/dags/Chap6_19.py took 0.093 seconds
[2023-08-09T08:44:16.569+0000] {processor.py:157} INFO - Started process (PID=8446) to work on /opt/airflow/dags/Chap6_19.py
[2023-08-09T08:44:16.571+0000] {processor.py:826} INFO - Processing file /opt/airflow/dags/Chap6_19.py for tasks to queue
[2023-08-09T08:44:16.572+0000] {logging_mixin.py:149} INFO - [2023-08-09T08:44:16.572+0000] {dagbag.py:541} INFO - Filling up the DagBag from /opt/airflow/dags/Chap6_19.py
[2023-08-09T08:44:16.588+0000] {processor.py:836} INFO - DAG(s) dict_keys(['Chap6_19_dag_1', 'Chap6_19_dag_2', 'Chap6_19_dag_4', 'Chap6_19_dag_3']) retrieved from /opt/airflow/dags/Chap6_19.py
[2023-08-09T08:44:16.615+0000] {logging_mixin.py:149} INFO - [2023-08-09T08:44:16.615+0000] {dag.py:2726} INFO - Sync 4 DAGs
[2023-08-09T08:44:16.631+0000] {logging_mixin.py:149} INFO - [2023-08-09T08:44:16.631+0000] {dag.py:3486} INFO - Setting next_dagrun for Chap6_19_dag_1 to 2023-08-06T00:00:00+00:00, run_after=2023-08-07T00:00:00+00:00
[2023-08-09T08:44:16.636+0000] {logging_mixin.py:149} INFO - [2023-08-09T08:44:16.636+0000] {dag.py:3486} INFO - Setting next_dagrun for Chap6_19_dag_2 to 2023-08-06T00:00:00+00:00, run_after=2023-08-07T00:00:00+00:00
[2023-08-09T08:44:16.639+0000] {logging_mixin.py:149} INFO - [2023-08-09T08:44:16.639+0000] {dag.py:3486} INFO - Setting next_dagrun for Chap6_19_dag_3 to 2023-08-06T00:00:00+00:00, run_after=2023-08-07T00:00:00+00:00
[2023-08-09T08:44:16.641+0000] {logging_mixin.py:149} INFO - [2023-08-09T08:44:16.641+0000] {dag.py:3486} INFO - Setting next_dagrun for Chap6_19_dag_4 to 2023-08-06T02:00:00+00:00, run_after=2023-08-07T02:00:00+00:00
[2023-08-09T08:44:16.653+0000] {processor.py:179} INFO - Processing /opt/airflow/dags/Chap6_19.py took 0.087 seconds
[2023-08-09T08:44:47.392+0000] {processor.py:157} INFO - Started process (PID=8585) to work on /opt/airflow/dags/Chap6_19.py
[2023-08-09T08:44:47.394+0000] {processor.py:826} INFO - Processing file /opt/airflow/dags/Chap6_19.py for tasks to queue
[2023-08-09T08:44:47.396+0000] {logging_mixin.py:149} INFO - [2023-08-09T08:44:47.395+0000] {dagbag.py:541} INFO - Filling up the DagBag from /opt/airflow/dags/Chap6_19.py
[2023-08-09T08:44:47.415+0000] {processor.py:836} INFO - DAG(s) dict_keys(['Chap6_19_dag_3', 'Chap6_19_dag_1', 'Chap6_19_dag_2', 'Chap6_19_dag_4']) retrieved from /opt/airflow/dags/Chap6_19.py
[2023-08-09T08:44:47.448+0000] {logging_mixin.py:149} INFO - [2023-08-09T08:44:47.447+0000] {dag.py:2726} INFO - Sync 4 DAGs
[2023-08-09T08:44:47.468+0000] {logging_mixin.py:149} INFO - [2023-08-09T08:44:47.468+0000] {dag.py:3486} INFO - Setting next_dagrun for Chap6_19_dag_1 to 2023-08-06T00:00:00+00:00, run_after=2023-08-07T00:00:00+00:00
[2023-08-09T08:44:47.473+0000] {logging_mixin.py:149} INFO - [2023-08-09T08:44:47.473+0000] {dag.py:3486} INFO - Setting next_dagrun for Chap6_19_dag_2 to 2023-08-06T00:00:00+00:00, run_after=2023-08-07T00:00:00+00:00
[2023-08-09T08:44:47.477+0000] {logging_mixin.py:149} INFO - [2023-08-09T08:44:47.476+0000] {dag.py:3486} INFO - Setting next_dagrun for Chap6_19_dag_3 to 2023-08-06T00:00:00+00:00, run_after=2023-08-07T00:00:00+00:00
[2023-08-09T08:44:47.480+0000] {logging_mixin.py:149} INFO - [2023-08-09T08:44:47.480+0000] {dag.py:3486} INFO - Setting next_dagrun for Chap6_19_dag_4 to 2023-08-06T02:00:00+00:00, run_after=2023-08-07T02:00:00+00:00
[2023-08-09T08:44:47.498+0000] {processor.py:179} INFO - Processing /opt/airflow/dags/Chap6_19.py took 0.109 seconds
[2023-08-09T08:45:18.178+0000] {processor.py:157} INFO - Started process (PID=8724) to work on /opt/airflow/dags/Chap6_19.py
[2023-08-09T08:45:18.201+0000] {processor.py:826} INFO - Processing file /opt/airflow/dags/Chap6_19.py for tasks to queue
[2023-08-09T08:45:18.203+0000] {logging_mixin.py:149} INFO - [2023-08-09T08:45:18.202+0000] {dagbag.py:541} INFO - Filling up the DagBag from /opt/airflow/dags/Chap6_19.py
[2023-08-09T08:45:18.218+0000] {processor.py:836} INFO - DAG(s) dict_keys(['Chap6_19_dag_1', 'Chap6_19_dag_4', 'Chap6_19_dag_3', 'Chap6_19_dag_2']) retrieved from /opt/airflow/dags/Chap6_19.py
[2023-08-09T08:45:18.248+0000] {logging_mixin.py:149} INFO - [2023-08-09T08:45:18.248+0000] {dag.py:2726} INFO - Sync 4 DAGs
[2023-08-09T08:45:18.265+0000] {logging_mixin.py:149} INFO - [2023-08-09T08:45:18.264+0000] {dag.py:3486} INFO - Setting next_dagrun for Chap6_19_dag_1 to 2023-08-06T00:00:00+00:00, run_after=2023-08-07T00:00:00+00:00
[2023-08-09T08:45:18.272+0000] {logging_mixin.py:149} INFO - [2023-08-09T08:45:18.272+0000] {dag.py:3486} INFO - Setting next_dagrun for Chap6_19_dag_2 to 2023-08-06T00:00:00+00:00, run_after=2023-08-07T00:00:00+00:00
[2023-08-09T08:45:18.275+0000] {logging_mixin.py:149} INFO - [2023-08-09T08:45:18.275+0000] {dag.py:3486} INFO - Setting next_dagrun for Chap6_19_dag_3 to 2023-08-06T00:00:00+00:00, run_after=2023-08-07T00:00:00+00:00
[2023-08-09T08:45:18.279+0000] {logging_mixin.py:149} INFO - [2023-08-09T08:45:18.279+0000] {dag.py:3486} INFO - Setting next_dagrun for Chap6_19_dag_4 to 2023-08-06T02:00:00+00:00, run_after=2023-08-07T02:00:00+00:00
[2023-08-09T08:45:18.293+0000] {processor.py:179} INFO - Processing /opt/airflow/dags/Chap6_19.py took 0.118 seconds
[2023-08-09T08:45:49.666+0000] {processor.py:157} INFO - Started process (PID=8863) to work on /opt/airflow/dags/Chap6_19.py
[2023-08-09T08:45:49.669+0000] {processor.py:826} INFO - Processing file /opt/airflow/dags/Chap6_19.py for tasks to queue
[2023-08-09T08:45:49.671+0000] {logging_mixin.py:149} INFO - [2023-08-09T08:45:49.670+0000] {dagbag.py:541} INFO - Filling up the DagBag from /opt/airflow/dags/Chap6_19.py
[2023-08-09T08:45:49.698+0000] {processor.py:836} INFO - DAG(s) dict_keys(['Chap6_19_dag_3', 'Chap6_19_dag_1', 'Chap6_19_dag_4', 'Chap6_19_dag_2']) retrieved from /opt/airflow/dags/Chap6_19.py
[2023-08-09T08:45:49.733+0000] {logging_mixin.py:149} INFO - [2023-08-09T08:45:49.733+0000] {dag.py:2726} INFO - Sync 4 DAGs
[2023-08-09T08:45:49.752+0000] {logging_mixin.py:149} INFO - [2023-08-09T08:45:49.752+0000] {dag.py:3486} INFO - Setting next_dagrun for Chap6_19_dag_1 to 2023-08-06T00:00:00+00:00, run_after=2023-08-07T00:00:00+00:00
[2023-08-09T08:45:49.757+0000] {logging_mixin.py:149} INFO - [2023-08-09T08:45:49.757+0000] {dag.py:3486} INFO - Setting next_dagrun for Chap6_19_dag_2 to 2023-08-06T00:00:00+00:00, run_after=2023-08-07T00:00:00+00:00
[2023-08-09T08:45:49.769+0000] {logging_mixin.py:149} INFO - [2023-08-09T08:45:49.769+0000] {dag.py:3486} INFO - Setting next_dagrun for Chap6_19_dag_3 to 2023-08-06T00:00:00+00:00, run_after=2023-08-07T00:00:00+00:00
[2023-08-09T08:45:49.771+0000] {logging_mixin.py:149} INFO - [2023-08-09T08:45:49.771+0000] {dag.py:3486} INFO - Setting next_dagrun for Chap6_19_dag_4 to 2023-08-06T02:00:00+00:00, run_after=2023-08-07T02:00:00+00:00
[2023-08-09T08:45:49.786+0000] {processor.py:179} INFO - Processing /opt/airflow/dags/Chap6_19.py took 0.123 seconds
[2023-08-09T08:46:20.891+0000] {processor.py:157} INFO - Started process (PID=9002) to work on /opt/airflow/dags/Chap6_19.py
[2023-08-09T08:46:20.894+0000] {processor.py:826} INFO - Processing file /opt/airflow/dags/Chap6_19.py for tasks to queue
[2023-08-09T08:46:20.896+0000] {logging_mixin.py:149} INFO - [2023-08-09T08:46:20.896+0000] {dagbag.py:541} INFO - Filling up the DagBag from /opt/airflow/dags/Chap6_19.py
[2023-08-09T08:46:20.912+0000] {processor.py:836} INFO - DAG(s) dict_keys(['Chap6_19_dag_1', 'Chap6_19_dag_3', 'Chap6_19_dag_2', 'Chap6_19_dag_4']) retrieved from /opt/airflow/dags/Chap6_19.py
[2023-08-09T08:46:20.952+0000] {logging_mixin.py:149} INFO - [2023-08-09T08:46:20.952+0000] {dag.py:2726} INFO - Sync 4 DAGs
[2023-08-09T08:46:20.972+0000] {logging_mixin.py:149} INFO - [2023-08-09T08:46:20.972+0000] {dag.py:3486} INFO - Setting next_dagrun for Chap6_19_dag_1 to 2023-08-06T00:00:00+00:00, run_after=2023-08-07T00:00:00+00:00
[2023-08-09T08:46:20.979+0000] {logging_mixin.py:149} INFO - [2023-08-09T08:46:20.979+0000] {dag.py:3486} INFO - Setting next_dagrun for Chap6_19_dag_2 to 2023-08-06T00:00:00+00:00, run_after=2023-08-07T00:00:00+00:00
[2023-08-09T08:46:20.981+0000] {logging_mixin.py:149} INFO - [2023-08-09T08:46:20.981+0000] {dag.py:3486} INFO - Setting next_dagrun for Chap6_19_dag_3 to 2023-08-06T00:00:00+00:00, run_after=2023-08-07T00:00:00+00:00
[2023-08-09T08:46:20.983+0000] {logging_mixin.py:149} INFO - [2023-08-09T08:46:20.983+0000] {dag.py:3486} INFO - Setting next_dagrun for Chap6_19_dag_4 to 2023-08-06T02:00:00+00:00, run_after=2023-08-07T02:00:00+00:00
[2023-08-09T08:46:20.997+0000] {processor.py:179} INFO - Processing /opt/airflow/dags/Chap6_19.py took 0.109 seconds
[2023-08-09T08:46:51.910+0000] {processor.py:157} INFO - Started process (PID=9144) to work on /opt/airflow/dags/Chap6_19.py
[2023-08-09T08:46:51.918+0000] {processor.py:826} INFO - Processing file /opt/airflow/dags/Chap6_19.py for tasks to queue
[2023-08-09T08:46:51.921+0000] {logging_mixin.py:149} INFO - [2023-08-09T08:46:51.921+0000] {dagbag.py:541} INFO - Filling up the DagBag from /opt/airflow/dags/Chap6_19.py
[2023-08-09T08:46:51.942+0000] {processor.py:836} INFO - DAG(s) dict_keys(['Chap6_19_dag_4', 'Chap6_19_dag_2', 'Chap6_19_dag_3', 'Chap6_19_dag_1']) retrieved from /opt/airflow/dags/Chap6_19.py
[2023-08-09T08:46:51.977+0000] {logging_mixin.py:149} INFO - [2023-08-09T08:46:51.976+0000] {dag.py:2726} INFO - Sync 4 DAGs
[2023-08-09T08:46:51.995+0000] {logging_mixin.py:149} INFO - [2023-08-09T08:46:51.995+0000] {dag.py:3486} INFO - Setting next_dagrun for Chap6_19_dag_1 to 2023-08-06T00:00:00+00:00, run_after=2023-08-07T00:00:00+00:00
[2023-08-09T08:46:51.998+0000] {logging_mixin.py:149} INFO - [2023-08-09T08:46:51.998+0000] {dag.py:3486} INFO - Setting next_dagrun for Chap6_19_dag_2 to 2023-08-06T00:00:00+00:00, run_after=2023-08-07T00:00:00+00:00
[2023-08-09T08:46:52.001+0000] {logging_mixin.py:149} INFO - [2023-08-09T08:46:52.001+0000] {dag.py:3486} INFO - Setting next_dagrun for Chap6_19_dag_3 to 2023-08-06T00:00:00+00:00, run_after=2023-08-07T00:00:00+00:00
[2023-08-09T08:46:52.003+0000] {logging_mixin.py:149} INFO - [2023-08-09T08:46:52.003+0000] {dag.py:3486} INFO - Setting next_dagrun for Chap6_19_dag_4 to 2023-08-06T02:00:00+00:00, run_after=2023-08-07T02:00:00+00:00
[2023-08-09T08:46:52.015+0000] {processor.py:179} INFO - Processing /opt/airflow/dags/Chap6_19.py took 0.109 seconds
[2023-08-09T08:47:22.916+0000] {processor.py:157} INFO - Started process (PID=9283) to work on /opt/airflow/dags/Chap6_19.py
[2023-08-09T08:47:22.918+0000] {processor.py:826} INFO - Processing file /opt/airflow/dags/Chap6_19.py for tasks to queue
[2023-08-09T08:47:22.919+0000] {logging_mixin.py:149} INFO - [2023-08-09T08:47:22.919+0000] {dagbag.py:541} INFO - Filling up the DagBag from /opt/airflow/dags/Chap6_19.py
[2023-08-09T08:47:22.934+0000] {processor.py:836} INFO - DAG(s) dict_keys(['Chap6_19_dag_2', 'Chap6_19_dag_1', 'Chap6_19_dag_3', 'Chap6_19_dag_4']) retrieved from /opt/airflow/dags/Chap6_19.py
[2023-08-09T08:47:22.962+0000] {logging_mixin.py:149} INFO - [2023-08-09T08:47:22.962+0000] {dag.py:2726} INFO - Sync 4 DAGs
[2023-08-09T08:47:22.978+0000] {logging_mixin.py:149} INFO - [2023-08-09T08:47:22.978+0000] {dag.py:3486} INFO - Setting next_dagrun for Chap6_19_dag_1 to 2023-08-06T00:00:00+00:00, run_after=2023-08-07T00:00:00+00:00
[2023-08-09T08:47:23.000+0000] {logging_mixin.py:149} INFO - [2023-08-09T08:47:23.000+0000] {dag.py:3486} INFO - Setting next_dagrun for Chap6_19_dag_2 to 2023-08-06T00:00:00+00:00, run_after=2023-08-07T00:00:00+00:00
[2023-08-09T08:47:23.003+0000] {logging_mixin.py:149} INFO - [2023-08-09T08:47:23.003+0000] {dag.py:3486} INFO - Setting next_dagrun for Chap6_19_dag_3 to 2023-08-06T00:00:00+00:00, run_after=2023-08-07T00:00:00+00:00
[2023-08-09T08:47:23.006+0000] {logging_mixin.py:149} INFO - [2023-08-09T08:47:23.006+0000] {dag.py:3486} INFO - Setting next_dagrun for Chap6_19_dag_4 to 2023-08-06T02:00:00+00:00, run_after=2023-08-07T02:00:00+00:00
[2023-08-09T08:47:23.018+0000] {processor.py:179} INFO - Processing /opt/airflow/dags/Chap6_19.py took 0.105 seconds
[2023-08-09T08:47:53.794+0000] {processor.py:157} INFO - Started process (PID=9423) to work on /opt/airflow/dags/Chap6_19.py
[2023-08-09T08:47:53.797+0000] {processor.py:826} INFO - Processing file /opt/airflow/dags/Chap6_19.py for tasks to queue
[2023-08-09T08:47:53.817+0000] {logging_mixin.py:149} INFO - [2023-08-09T08:47:53.817+0000] {dagbag.py:541} INFO - Filling up the DagBag from /opt/airflow/dags/Chap6_19.py
[2023-08-09T08:47:53.833+0000] {processor.py:836} INFO - DAG(s) dict_keys(['Chap6_19_dag_2', 'Chap6_19_dag_1', 'Chap6_19_dag_3', 'Chap6_19_dag_4']) retrieved from /opt/airflow/dags/Chap6_19.py
[2023-08-09T08:47:53.862+0000] {logging_mixin.py:149} INFO - [2023-08-09T08:47:53.862+0000] {dag.py:2726} INFO - Sync 4 DAGs
[2023-08-09T08:47:53.879+0000] {logging_mixin.py:149} INFO - [2023-08-09T08:47:53.879+0000] {dag.py:3486} INFO - Setting next_dagrun for Chap6_19_dag_1 to 2023-08-06T00:00:00+00:00, run_after=2023-08-07T00:00:00+00:00
[2023-08-09T08:47:53.883+0000] {logging_mixin.py:149} INFO - [2023-08-09T08:47:53.883+0000] {dag.py:3486} INFO - Setting next_dagrun for Chap6_19_dag_2 to 2023-08-06T00:00:00+00:00, run_after=2023-08-07T00:00:00+00:00
[2023-08-09T08:47:53.885+0000] {logging_mixin.py:149} INFO - [2023-08-09T08:47:53.885+0000] {dag.py:3486} INFO - Setting next_dagrun for Chap6_19_dag_3 to 2023-08-06T00:00:00+00:00, run_after=2023-08-07T00:00:00+00:00
[2023-08-09T08:47:53.887+0000] {logging_mixin.py:149} INFO - [2023-08-09T08:47:53.887+0000] {dag.py:3486} INFO - Setting next_dagrun for Chap6_19_dag_4 to 2023-08-06T02:00:00+00:00, run_after=2023-08-07T02:00:00+00:00
[2023-08-09T08:47:53.903+0000] {processor.py:179} INFO - Processing /opt/airflow/dags/Chap6_19.py took 0.112 seconds
[2023-08-09T08:48:24.736+0000] {processor.py:157} INFO - Started process (PID=9562) to work on /opt/airflow/dags/Chap6_19.py
[2023-08-09T08:48:24.738+0000] {processor.py:826} INFO - Processing file /opt/airflow/dags/Chap6_19.py for tasks to queue
[2023-08-09T08:48:24.743+0000] {logging_mixin.py:149} INFO - [2023-08-09T08:48:24.742+0000] {dagbag.py:541} INFO - Filling up the DagBag from /opt/airflow/dags/Chap6_19.py
[2023-08-09T08:48:24.761+0000] {processor.py:836} INFO - DAG(s) dict_keys(['Chap6_19_dag_1', 'Chap6_19_dag_2', 'Chap6_19_dag_3', 'Chap6_19_dag_4']) retrieved from /opt/airflow/dags/Chap6_19.py
[2023-08-09T08:48:24.795+0000] {logging_mixin.py:149} INFO - [2023-08-09T08:48:24.795+0000] {dag.py:2726} INFO - Sync 4 DAGs
[2023-08-09T08:48:24.822+0000] {logging_mixin.py:149} INFO - [2023-08-09T08:48:24.822+0000] {dag.py:3486} INFO - Setting next_dagrun for Chap6_19_dag_1 to 2023-08-06T00:00:00+00:00, run_after=2023-08-07T00:00:00+00:00
[2023-08-09T08:48:24.827+0000] {logging_mixin.py:149} INFO - [2023-08-09T08:48:24.826+0000] {dag.py:3486} INFO - Setting next_dagrun for Chap6_19_dag_2 to 2023-08-06T00:00:00+00:00, run_after=2023-08-07T00:00:00+00:00
[2023-08-09T08:48:24.830+0000] {logging_mixin.py:149} INFO - [2023-08-09T08:48:24.830+0000] {dag.py:3486} INFO - Setting next_dagrun for Chap6_19_dag_3 to 2023-08-06T00:00:00+00:00, run_after=2023-08-07T00:00:00+00:00
[2023-08-09T08:48:24.833+0000] {logging_mixin.py:149} INFO - [2023-08-09T08:48:24.833+0000] {dag.py:3486} INFO - Setting next_dagrun for Chap6_19_dag_4 to 2023-08-06T02:00:00+00:00, run_after=2023-08-07T02:00:00+00:00
[2023-08-09T08:48:24.847+0000] {processor.py:179} INFO - Processing /opt/airflow/dags/Chap6_19.py took 0.114 seconds
[2023-08-09T08:48:55.506+0000] {processor.py:157} INFO - Started process (PID=9698) to work on /opt/airflow/dags/Chap6_19.py
[2023-08-09T08:48:55.512+0000] {processor.py:826} INFO - Processing file /opt/airflow/dags/Chap6_19.py for tasks to queue
[2023-08-09T08:48:55.513+0000] {logging_mixin.py:149} INFO - [2023-08-09T08:48:55.513+0000] {dagbag.py:541} INFO - Filling up the DagBag from /opt/airflow/dags/Chap6_19.py
[2023-08-09T08:48:55.527+0000] {processor.py:836} INFO - DAG(s) dict_keys(['Chap6_19_dag_1', 'Chap6_19_dag_3', 'Chap6_19_dag_4', 'Chap6_19_dag_2']) retrieved from /opt/airflow/dags/Chap6_19.py
[2023-08-09T08:48:55.562+0000] {logging_mixin.py:149} INFO - [2023-08-09T08:48:55.561+0000] {dag.py:2726} INFO - Sync 4 DAGs
[2023-08-09T08:48:55.578+0000] {logging_mixin.py:149} INFO - [2023-08-09T08:48:55.577+0000] {dag.py:3486} INFO - Setting next_dagrun for Chap6_19_dag_1 to 2023-08-06T00:00:00+00:00, run_after=2023-08-07T00:00:00+00:00
[2023-08-09T08:48:55.582+0000] {logging_mixin.py:149} INFO - [2023-08-09T08:48:55.582+0000] {dag.py:3486} INFO - Setting next_dagrun for Chap6_19_dag_2 to 2023-08-06T00:00:00+00:00, run_after=2023-08-07T00:00:00+00:00
[2023-08-09T08:48:55.584+0000] {logging_mixin.py:149} INFO - [2023-08-09T08:48:55.584+0000] {dag.py:3486} INFO - Setting next_dagrun for Chap6_19_dag_3 to 2023-08-06T00:00:00+00:00, run_after=2023-08-07T00:00:00+00:00
[2023-08-09T08:48:55.587+0000] {logging_mixin.py:149} INFO - [2023-08-09T08:48:55.587+0000] {dag.py:3486} INFO - Setting next_dagrun for Chap6_19_dag_4 to 2023-08-06T02:00:00+00:00, run_after=2023-08-07T02:00:00+00:00
[2023-08-09T08:48:55.600+0000] {processor.py:179} INFO - Processing /opt/airflow/dags/Chap6_19.py took 0.097 seconds
[2023-08-09T08:49:26.497+0000] {processor.py:157} INFO - Started process (PID=9844) to work on /opt/airflow/dags/Chap6_19.py
[2023-08-09T08:49:26.500+0000] {processor.py:826} INFO - Processing file /opt/airflow/dags/Chap6_19.py for tasks to queue
[2023-08-09T08:49:26.502+0000] {logging_mixin.py:149} INFO - [2023-08-09T08:49:26.502+0000] {dagbag.py:541} INFO - Filling up the DagBag from /opt/airflow/dags/Chap6_19.py
[2023-08-09T08:49:26.519+0000] {processor.py:836} INFO - DAG(s) dict_keys(['Chap6_19_dag_1', 'Chap6_19_dag_4', 'Chap6_19_dag_2', 'Chap6_19_dag_3']) retrieved from /opt/airflow/dags/Chap6_19.py
[2023-08-09T08:49:26.551+0000] {logging_mixin.py:149} INFO - [2023-08-09T08:49:26.551+0000] {dag.py:2726} INFO - Sync 4 DAGs
[2023-08-09T08:49:26.572+0000] {logging_mixin.py:149} INFO - [2023-08-09T08:49:26.572+0000] {dag.py:3486} INFO - Setting next_dagrun for Chap6_19_dag_1 to 2023-08-06T00:00:00+00:00, run_after=2023-08-07T00:00:00+00:00
[2023-08-09T08:49:26.577+0000] {logging_mixin.py:149} INFO - [2023-08-09T08:49:26.577+0000] {dag.py:3486} INFO - Setting next_dagrun for Chap6_19_dag_2 to 2023-08-06T00:00:00+00:00, run_after=2023-08-07T00:00:00+00:00
[2023-08-09T08:49:26.579+0000] {logging_mixin.py:149} INFO - [2023-08-09T08:49:26.579+0000] {dag.py:3486} INFO - Setting next_dagrun for Chap6_19_dag_3 to 2023-08-06T00:00:00+00:00, run_after=2023-08-07T00:00:00+00:00
[2023-08-09T08:49:26.582+0000] {logging_mixin.py:149} INFO - [2023-08-09T08:49:26.582+0000] {dag.py:3486} INFO - Setting next_dagrun for Chap6_19_dag_4 to 2023-08-06T02:00:00+00:00, run_after=2023-08-07T02:00:00+00:00
[2023-08-09T08:49:26.604+0000] {processor.py:179} INFO - Processing /opt/airflow/dags/Chap6_19.py took 0.110 seconds
[2023-08-09T08:49:57.118+0000] {processor.py:157} INFO - Started process (PID=9983) to work on /opt/airflow/dags/Chap6_19.py
[2023-08-09T08:49:57.121+0000] {processor.py:826} INFO - Processing file /opt/airflow/dags/Chap6_19.py for tasks to queue
[2023-08-09T08:49:57.122+0000] {logging_mixin.py:149} INFO - [2023-08-09T08:49:57.122+0000] {dagbag.py:541} INFO - Filling up the DagBag from /opt/airflow/dags/Chap6_19.py
[2023-08-09T08:49:57.136+0000] {processor.py:836} INFO - DAG(s) dict_keys(['Chap6_19_dag_4', 'Chap6_19_dag_3', 'Chap6_19_dag_1', 'Chap6_19_dag_2']) retrieved from /opt/airflow/dags/Chap6_19.py
[2023-08-09T08:49:57.167+0000] {logging_mixin.py:149} INFO - [2023-08-09T08:49:57.167+0000] {dag.py:2726} INFO - Sync 4 DAGs
[2023-08-09T08:49:57.185+0000] {logging_mixin.py:149} INFO - [2023-08-09T08:49:57.184+0000] {dag.py:3486} INFO - Setting next_dagrun for Chap6_19_dag_1 to 2023-08-06T00:00:00+00:00, run_after=2023-08-07T00:00:00+00:00
[2023-08-09T08:49:57.189+0000] {logging_mixin.py:149} INFO - [2023-08-09T08:49:57.188+0000] {dag.py:3486} INFO - Setting next_dagrun for Chap6_19_dag_2 to 2023-08-06T00:00:00+00:00, run_after=2023-08-07T00:00:00+00:00
[2023-08-09T08:49:57.191+0000] {logging_mixin.py:149} INFO - [2023-08-09T08:49:57.191+0000] {dag.py:3486} INFO - Setting next_dagrun for Chap6_19_dag_3 to 2023-08-06T00:00:00+00:00, run_after=2023-08-07T00:00:00+00:00
[2023-08-09T08:49:57.193+0000] {logging_mixin.py:149} INFO - [2023-08-09T08:49:57.193+0000] {dag.py:3486} INFO - Setting next_dagrun for Chap6_19_dag_4 to 2023-08-06T02:00:00+00:00, run_after=2023-08-07T02:00:00+00:00
[2023-08-09T08:49:57.207+0000] {processor.py:179} INFO - Processing /opt/airflow/dags/Chap6_19.py took 0.091 seconds
[2023-08-09T08:50:28.149+0000] {processor.py:157} INFO - Started process (PID=10122) to work on /opt/airflow/dags/Chap6_19.py
[2023-08-09T08:50:28.151+0000] {processor.py:826} INFO - Processing file /opt/airflow/dags/Chap6_19.py for tasks to queue
[2023-08-09T08:50:28.153+0000] {logging_mixin.py:149} INFO - [2023-08-09T08:50:28.153+0000] {dagbag.py:541} INFO - Filling up the DagBag from /opt/airflow/dags/Chap6_19.py
[2023-08-09T08:50:28.189+0000] {processor.py:836} INFO - DAG(s) dict_keys(['Chap6_19_dag_3', 'Chap6_19_dag_4', 'Chap6_19_dag_2', 'Chap6_19_dag_1']) retrieved from /opt/airflow/dags/Chap6_19.py
[2023-08-09T08:50:28.221+0000] {logging_mixin.py:149} INFO - [2023-08-09T08:50:28.221+0000] {dag.py:2726} INFO - Sync 4 DAGs
[2023-08-09T08:50:28.238+0000] {logging_mixin.py:149} INFO - [2023-08-09T08:50:28.238+0000] {dag.py:3486} INFO - Setting next_dagrun for Chap6_19_dag_1 to 2023-08-06T00:00:00+00:00, run_after=2023-08-07T00:00:00+00:00
[2023-08-09T08:50:28.243+0000] {logging_mixin.py:149} INFO - [2023-08-09T08:50:28.243+0000] {dag.py:3486} INFO - Setting next_dagrun for Chap6_19_dag_2 to 2023-08-06T00:00:00+00:00, run_after=2023-08-07T00:00:00+00:00
[2023-08-09T08:50:28.246+0000] {logging_mixin.py:149} INFO - [2023-08-09T08:50:28.246+0000] {dag.py:3486} INFO - Setting next_dagrun for Chap6_19_dag_3 to 2023-08-06T00:00:00+00:00, run_after=2023-08-07T00:00:00+00:00
[2023-08-09T08:50:28.248+0000] {logging_mixin.py:149} INFO - [2023-08-09T08:50:28.248+0000] {dag.py:3486} INFO - Setting next_dagrun for Chap6_19_dag_4 to 2023-08-06T02:00:00+00:00, run_after=2023-08-07T02:00:00+00:00
[2023-08-09T08:50:28.263+0000] {processor.py:179} INFO - Processing /opt/airflow/dags/Chap6_19.py took 0.117 seconds
[2023-08-09T08:50:58.732+0000] {processor.py:157} INFO - Started process (PID=10261) to work on /opt/airflow/dags/Chap6_19.py
[2023-08-09T08:50:58.734+0000] {processor.py:826} INFO - Processing file /opt/airflow/dags/Chap6_19.py for tasks to queue
[2023-08-09T08:50:58.743+0000] {logging_mixin.py:149} INFO - [2023-08-09T08:50:58.742+0000] {dagbag.py:541} INFO - Filling up the DagBag from /opt/airflow/dags/Chap6_19.py
[2023-08-09T08:50:58.758+0000] {processor.py:836} INFO - DAG(s) dict_keys(['Chap6_19_dag_1', 'Chap6_19_dag_3', 'Chap6_19_dag_2', 'Chap6_19_dag_4']) retrieved from /opt/airflow/dags/Chap6_19.py
[2023-08-09T08:50:58.786+0000] {logging_mixin.py:149} INFO - [2023-08-09T08:50:58.786+0000] {dag.py:2726} INFO - Sync 4 DAGs
[2023-08-09T08:50:58.803+0000] {logging_mixin.py:149} INFO - [2023-08-09T08:50:58.803+0000] {dag.py:3486} INFO - Setting next_dagrun for Chap6_19_dag_1 to 2023-08-06T00:00:00+00:00, run_after=2023-08-07T00:00:00+00:00
[2023-08-09T08:50:58.808+0000] {logging_mixin.py:149} INFO - [2023-08-09T08:50:58.808+0000] {dag.py:3486} INFO - Setting next_dagrun for Chap6_19_dag_2 to 2023-08-06T00:00:00+00:00, run_after=2023-08-07T00:00:00+00:00
[2023-08-09T08:50:58.810+0000] {logging_mixin.py:149} INFO - [2023-08-09T08:50:58.810+0000] {dag.py:3486} INFO - Setting next_dagrun for Chap6_19_dag_3 to 2023-08-06T00:00:00+00:00, run_after=2023-08-07T00:00:00+00:00
[2023-08-09T08:50:58.813+0000] {logging_mixin.py:149} INFO - [2023-08-09T08:50:58.813+0000] {dag.py:3486} INFO - Setting next_dagrun for Chap6_19_dag_4 to 2023-08-06T02:00:00+00:00, run_after=2023-08-07T02:00:00+00:00
[2023-08-09T08:50:58.826+0000] {processor.py:179} INFO - Processing /opt/airflow/dags/Chap6_19.py took 0.097 seconds
[2023-08-09T08:51:28.999+0000] {processor.py:157} INFO - Started process (PID=10394) to work on /opt/airflow/dags/Chap6_19.py
[2023-08-09T08:51:29.003+0000] {processor.py:826} INFO - Processing file /opt/airflow/dags/Chap6_19.py for tasks to queue
[2023-08-09T08:51:29.005+0000] {logging_mixin.py:149} INFO - [2023-08-09T08:51:29.005+0000] {dagbag.py:541} INFO - Filling up the DagBag from /opt/airflow/dags/Chap6_19.py
[2023-08-09T08:51:29.021+0000] {processor.py:836} INFO - DAG(s) dict_keys(['Chap6_19_dag_4', 'Chap6_19_dag_1', 'Chap6_19_dag_3', 'Chap6_19_dag_2']) retrieved from /opt/airflow/dags/Chap6_19.py
[2023-08-09T08:51:29.053+0000] {logging_mixin.py:149} INFO - [2023-08-09T08:51:29.053+0000] {dag.py:2726} INFO - Sync 4 DAGs
[2023-08-09T08:51:29.071+0000] {logging_mixin.py:149} INFO - [2023-08-09T08:51:29.071+0000] {dag.py:3486} INFO - Setting next_dagrun for Chap6_19_dag_1 to 2023-08-06T00:00:00+00:00, run_after=2023-08-07T00:00:00+00:00
[2023-08-09T08:51:29.076+0000] {logging_mixin.py:149} INFO - [2023-08-09T08:51:29.076+0000] {dag.py:3486} INFO - Setting next_dagrun for Chap6_19_dag_2 to 2023-08-06T00:00:00+00:00, run_after=2023-08-07T00:00:00+00:00
[2023-08-09T08:51:29.078+0000] {logging_mixin.py:149} INFO - [2023-08-09T08:51:29.078+0000] {dag.py:3486} INFO - Setting next_dagrun for Chap6_19_dag_3 to 2023-08-06T00:00:00+00:00, run_after=2023-08-07T00:00:00+00:00
[2023-08-09T08:51:29.081+0000] {logging_mixin.py:149} INFO - [2023-08-09T08:51:29.081+0000] {dag.py:3486} INFO - Setting next_dagrun for Chap6_19_dag_4 to 2023-08-06T02:00:00+00:00, run_after=2023-08-07T02:00:00+00:00
[2023-08-09T08:51:29.093+0000] {processor.py:179} INFO - Processing /opt/airflow/dags/Chap6_19.py took 0.097 seconds
[2023-08-09T08:51:59.332+0000] {processor.py:157} INFO - Started process (PID=10527) to work on /opt/airflow/dags/Chap6_19.py
[2023-08-09T08:51:59.335+0000] {processor.py:826} INFO - Processing file /opt/airflow/dags/Chap6_19.py for tasks to queue
[2023-08-09T08:51:59.336+0000] {logging_mixin.py:149} INFO - [2023-08-09T08:51:59.336+0000] {dagbag.py:541} INFO - Filling up the DagBag from /opt/airflow/dags/Chap6_19.py
[2023-08-09T08:51:59.352+0000] {processor.py:836} INFO - DAG(s) dict_keys(['Chap6_19_dag_4', 'Chap6_19_dag_1', 'Chap6_19_dag_2', 'Chap6_19_dag_3']) retrieved from /opt/airflow/dags/Chap6_19.py
[2023-08-09T08:51:59.384+0000] {logging_mixin.py:149} INFO - [2023-08-09T08:51:59.384+0000] {dag.py:2726} INFO - Sync 4 DAGs
[2023-08-09T08:51:59.419+0000] {logging_mixin.py:149} INFO - [2023-08-09T08:51:59.419+0000] {dag.py:3486} INFO - Setting next_dagrun for Chap6_19_dag_1 to 2023-08-06T00:00:00+00:00, run_after=2023-08-07T00:00:00+00:00
[2023-08-09T08:51:59.423+0000] {logging_mixin.py:149} INFO - [2023-08-09T08:51:59.423+0000] {dag.py:3486} INFO - Setting next_dagrun for Chap6_19_dag_2 to 2023-08-06T00:00:00+00:00, run_after=2023-08-07T00:00:00+00:00
[2023-08-09T08:51:59.426+0000] {logging_mixin.py:149} INFO - [2023-08-09T08:51:59.426+0000] {dag.py:3486} INFO - Setting next_dagrun for Chap6_19_dag_3 to 2023-08-06T00:00:00+00:00, run_after=2023-08-07T00:00:00+00:00
[2023-08-09T08:51:59.428+0000] {logging_mixin.py:149} INFO - [2023-08-09T08:51:59.428+0000] {dag.py:3486} INFO - Setting next_dagrun for Chap6_19_dag_4 to 2023-08-06T02:00:00+00:00, run_after=2023-08-07T02:00:00+00:00
[2023-08-09T08:51:59.439+0000] {processor.py:179} INFO - Processing /opt/airflow/dags/Chap6_19.py took 0.111 seconds
