[2023-08-09T08:37:26.742+0000] {processor.py:157} INFO - Started process (PID=6563) to work on /opt/airflow/dags/Chap8_CustomOperator.py
[2023-08-09T08:37:26.744+0000] {processor.py:826} INFO - Processing file /opt/airflow/dags/Chap8_CustomOperator.py for tasks to queue
[2023-08-09T08:37:26.745+0000] {logging_mixin.py:149} INFO - [2023-08-09T08:37:26.745+0000] {dagbag.py:541} INFO - Filling up the DagBag from /opt/airflow/dags/Chap8_CustomOperator.py
[2023-08-09T08:37:26.768+0000] {processor.py:836} INFO - DAG(s) dict_keys(['Chap8_CustomeOperator']) retrieved from /opt/airflow/dags/Chap8_CustomOperator.py
[2023-08-09T08:37:26.810+0000] {logging_mixin.py:149} INFO - [2023-08-09T08:37:26.810+0000] {dag.py:2726} INFO - Sync 1 DAGs
[2023-08-09T08:37:26.831+0000] {logging_mixin.py:149} INFO - [2023-08-09T08:37:26.831+0000] {dag.py:3486} INFO - Setting next_dagrun for Chap8_CustomeOperator to 2019-01-01T00:00:00+00:00, run_after=2019-01-02T00:00:00+00:00
[2023-08-09T08:37:26.849+0000] {processor.py:179} INFO - Processing /opt/airflow/dags/Chap8_CustomOperator.py took 0.111 seconds
[2023-08-09T08:37:57.626+0000] {processor.py:157} INFO - Started process (PID=6702) to work on /opt/airflow/dags/Chap8_CustomOperator.py
[2023-08-09T08:37:57.629+0000] {processor.py:826} INFO - Processing file /opt/airflow/dags/Chap8_CustomOperator.py for tasks to queue
[2023-08-09T08:37:57.632+0000] {logging_mixin.py:149} INFO - [2023-08-09T08:37:57.632+0000] {dagbag.py:541} INFO - Filling up the DagBag from /opt/airflow/dags/Chap8_CustomOperator.py
[2023-08-09T08:37:57.660+0000] {processor.py:836} INFO - DAG(s) dict_keys(['Chap8_CustomeOperator']) retrieved from /opt/airflow/dags/Chap8_CustomOperator.py
[2023-08-09T08:37:57.692+0000] {logging_mixin.py:149} INFO - [2023-08-09T08:37:57.692+0000] {dag.py:2726} INFO - Sync 1 DAGs
[2023-08-09T08:37:57.715+0000] {logging_mixin.py:149} INFO - [2023-08-09T08:37:57.715+0000] {dag.py:3486} INFO - Setting next_dagrun for Chap8_CustomeOperator to 2019-01-01T00:00:00+00:00, run_after=2019-01-02T00:00:00+00:00
[2023-08-09T08:37:57.730+0000] {processor.py:179} INFO - Processing /opt/airflow/dags/Chap8_CustomOperator.py took 0.109 seconds
[2023-08-09T08:38:28.296+0000] {processor.py:157} INFO - Started process (PID=6842) to work on /opt/airflow/dags/Chap8_CustomOperator.py
[2023-08-09T08:38:28.299+0000] {processor.py:826} INFO - Processing file /opt/airflow/dags/Chap8_CustomOperator.py for tasks to queue
[2023-08-09T08:38:28.308+0000] {logging_mixin.py:149} INFO - [2023-08-09T08:38:28.308+0000] {dagbag.py:541} INFO - Filling up the DagBag from /opt/airflow/dags/Chap8_CustomOperator.py
[2023-08-09T08:38:28.336+0000] {processor.py:836} INFO - DAG(s) dict_keys(['Chap8_CustomeOperator']) retrieved from /opt/airflow/dags/Chap8_CustomOperator.py
[2023-08-09T08:38:28.365+0000] {logging_mixin.py:149} INFO - [2023-08-09T08:38:28.364+0000] {dag.py:2726} INFO - Sync 1 DAGs
[2023-08-09T08:38:28.383+0000] {logging_mixin.py:149} INFO - [2023-08-09T08:38:28.383+0000] {dag.py:3486} INFO - Setting next_dagrun for Chap8_CustomeOperator to 2019-01-01T00:00:00+00:00, run_after=2019-01-02T00:00:00+00:00
[2023-08-09T08:38:28.400+0000] {processor.py:179} INFO - Processing /opt/airflow/dags/Chap8_CustomOperator.py took 0.109 seconds
[2023-08-09T08:38:59.231+0000] {processor.py:157} INFO - Started process (PID=6981) to work on /opt/airflow/dags/Chap8_CustomOperator.py
[2023-08-09T08:38:59.234+0000] {processor.py:826} INFO - Processing file /opt/airflow/dags/Chap8_CustomOperator.py for tasks to queue
[2023-08-09T08:38:59.236+0000] {logging_mixin.py:149} INFO - [2023-08-09T08:38:59.236+0000] {dagbag.py:541} INFO - Filling up the DagBag from /opt/airflow/dags/Chap8_CustomOperator.py
[2023-08-09T08:38:59.269+0000] {processor.py:836} INFO - DAG(s) dict_keys(['Chap8_CustomeOperator']) retrieved from /opt/airflow/dags/Chap8_CustomOperator.py
[2023-08-09T08:38:59.317+0000] {logging_mixin.py:149} INFO - [2023-08-09T08:38:59.317+0000] {dag.py:2726} INFO - Sync 1 DAGs
[2023-08-09T08:38:59.360+0000] {logging_mixin.py:149} INFO - [2023-08-09T08:38:59.360+0000] {dag.py:3486} INFO - Setting next_dagrun for Chap8_CustomeOperator to 2019-01-01T00:00:00+00:00, run_after=2019-01-02T00:00:00+00:00
[2023-08-09T08:38:59.379+0000] {processor.py:179} INFO - Processing /opt/airflow/dags/Chap8_CustomOperator.py took 0.153 seconds
[2023-08-09T08:39:30.116+0000] {processor.py:157} INFO - Started process (PID=7120) to work on /opt/airflow/dags/Chap8_CustomOperator.py
[2023-08-09T08:39:30.118+0000] {processor.py:826} INFO - Processing file /opt/airflow/dags/Chap8_CustomOperator.py for tasks to queue
[2023-08-09T08:39:30.119+0000] {logging_mixin.py:149} INFO - [2023-08-09T08:39:30.119+0000] {dagbag.py:541} INFO - Filling up the DagBag from /opt/airflow/dags/Chap8_CustomOperator.py
[2023-08-09T08:39:30.146+0000] {processor.py:836} INFO - DAG(s) dict_keys(['Chap8_CustomeOperator']) retrieved from /opt/airflow/dags/Chap8_CustomOperator.py
[2023-08-09T08:39:30.170+0000] {logging_mixin.py:149} INFO - [2023-08-09T08:39:30.170+0000] {dag.py:2726} INFO - Sync 1 DAGs
[2023-08-09T08:39:30.191+0000] {logging_mixin.py:149} INFO - [2023-08-09T08:39:30.191+0000] {dag.py:3486} INFO - Setting next_dagrun for Chap8_CustomeOperator to 2019-01-01T00:00:00+00:00, run_after=2019-01-02T00:00:00+00:00
[2023-08-09T08:39:30.205+0000] {processor.py:179} INFO - Processing /opt/airflow/dags/Chap8_CustomOperator.py took 0.093 seconds
[2023-08-09T08:40:00.932+0000] {processor.py:157} INFO - Started process (PID=7259) to work on /opt/airflow/dags/Chap8_CustomOperator.py
[2023-08-09T08:40:00.935+0000] {processor.py:826} INFO - Processing file /opt/airflow/dags/Chap8_CustomOperator.py for tasks to queue
[2023-08-09T08:40:00.938+0000] {logging_mixin.py:149} INFO - [2023-08-09T08:40:00.938+0000] {dagbag.py:541} INFO - Filling up the DagBag from /opt/airflow/dags/Chap8_CustomOperator.py
[2023-08-09T08:40:00.972+0000] {processor.py:836} INFO - DAG(s) dict_keys(['Chap8_CustomeOperator']) retrieved from /opt/airflow/dags/Chap8_CustomOperator.py
[2023-08-09T08:40:01.011+0000] {logging_mixin.py:149} INFO - [2023-08-09T08:40:01.011+0000] {dag.py:2726} INFO - Sync 1 DAGs
[2023-08-09T08:40:01.029+0000] {logging_mixin.py:149} INFO - [2023-08-09T08:40:01.029+0000] {dag.py:3486} INFO - Setting next_dagrun for Chap8_CustomeOperator to 2019-01-01T00:00:00+00:00, run_after=2019-01-02T00:00:00+00:00
[2023-08-09T08:40:01.044+0000] {processor.py:179} INFO - Processing /opt/airflow/dags/Chap8_CustomOperator.py took 0.118 seconds
[2023-08-09T08:40:31.452+0000] {processor.py:157} INFO - Started process (PID=7398) to work on /opt/airflow/dags/Chap8_CustomOperator.py
[2023-08-09T08:40:31.454+0000] {processor.py:826} INFO - Processing file /opt/airflow/dags/Chap8_CustomOperator.py for tasks to queue
[2023-08-09T08:40:31.456+0000] {logging_mixin.py:149} INFO - [2023-08-09T08:40:31.456+0000] {dagbag.py:541} INFO - Filling up the DagBag from /opt/airflow/dags/Chap8_CustomOperator.py
[2023-08-09T08:40:31.484+0000] {processor.py:836} INFO - DAG(s) dict_keys(['Chap8_CustomeOperator']) retrieved from /opt/airflow/dags/Chap8_CustomOperator.py
[2023-08-09T08:40:31.507+0000] {logging_mixin.py:149} INFO - [2023-08-09T08:40:31.507+0000] {dag.py:2726} INFO - Sync 1 DAGs
[2023-08-09T08:40:31.523+0000] {logging_mixin.py:149} INFO - [2023-08-09T08:40:31.523+0000] {dag.py:3486} INFO - Setting next_dagrun for Chap8_CustomeOperator to 2019-01-01T00:00:00+00:00, run_after=2019-01-02T00:00:00+00:00
[2023-08-09T08:40:31.536+0000] {processor.py:179} INFO - Processing /opt/airflow/dags/Chap8_CustomOperator.py took 0.088 seconds
[2023-08-09T08:41:02.072+0000] {processor.py:157} INFO - Started process (PID=7537) to work on /opt/airflow/dags/Chap8_CustomOperator.py
[2023-08-09T08:41:02.075+0000] {processor.py:826} INFO - Processing file /opt/airflow/dags/Chap8_CustomOperator.py for tasks to queue
[2023-08-09T08:41:02.077+0000] {logging_mixin.py:149} INFO - [2023-08-09T08:41:02.076+0000] {dagbag.py:541} INFO - Filling up the DagBag from /opt/airflow/dags/Chap8_CustomOperator.py
[2023-08-09T08:41:02.101+0000] {processor.py:836} INFO - DAG(s) dict_keys(['Chap8_CustomeOperator']) retrieved from /opt/airflow/dags/Chap8_CustomOperator.py
[2023-08-09T08:41:02.128+0000] {logging_mixin.py:149} INFO - [2023-08-09T08:41:02.128+0000] {dag.py:2726} INFO - Sync 1 DAGs
[2023-08-09T08:41:02.143+0000] {logging_mixin.py:149} INFO - [2023-08-09T08:41:02.143+0000] {dag.py:3486} INFO - Setting next_dagrun for Chap8_CustomeOperator to 2019-01-01T00:00:00+00:00, run_after=2019-01-02T00:00:00+00:00
[2023-08-09T08:41:02.156+0000] {processor.py:179} INFO - Processing /opt/airflow/dags/Chap8_CustomOperator.py took 0.090 seconds
[2023-08-09T08:41:32.647+0000] {processor.py:157} INFO - Started process (PID=7676) to work on /opt/airflow/dags/Chap8_CustomOperator.py
[2023-08-09T08:41:32.651+0000] {processor.py:826} INFO - Processing file /opt/airflow/dags/Chap8_CustomOperator.py for tasks to queue
[2023-08-09T08:41:32.660+0000] {logging_mixin.py:149} INFO - [2023-08-09T08:41:32.660+0000] {dagbag.py:541} INFO - Filling up the DagBag from /opt/airflow/dags/Chap8_CustomOperator.py
[2023-08-09T08:41:32.683+0000] {processor.py:836} INFO - DAG(s) dict_keys(['Chap8_CustomeOperator']) retrieved from /opt/airflow/dags/Chap8_CustomOperator.py
[2023-08-09T08:41:32.711+0000] {logging_mixin.py:149} INFO - [2023-08-09T08:41:32.711+0000] {dag.py:2726} INFO - Sync 1 DAGs
[2023-08-09T08:41:32.729+0000] {logging_mixin.py:149} INFO - [2023-08-09T08:41:32.729+0000] {dag.py:3486} INFO - Setting next_dagrun for Chap8_CustomeOperator to 2019-01-01T00:00:00+00:00, run_after=2019-01-02T00:00:00+00:00
[2023-08-09T08:41:32.743+0000] {processor.py:179} INFO - Processing /opt/airflow/dags/Chap8_CustomOperator.py took 0.100 seconds
[2023-08-09T08:42:03.292+0000] {processor.py:157} INFO - Started process (PID=7815) to work on /opt/airflow/dags/Chap8_CustomOperator.py
[2023-08-09T08:42:03.313+0000] {processor.py:826} INFO - Processing file /opt/airflow/dags/Chap8_CustomOperator.py for tasks to queue
[2023-08-09T08:42:03.314+0000] {logging_mixin.py:149} INFO - [2023-08-09T08:42:03.314+0000] {dagbag.py:541} INFO - Filling up the DagBag from /opt/airflow/dags/Chap8_CustomOperator.py
[2023-08-09T08:42:03.339+0000] {processor.py:836} INFO - DAG(s) dict_keys(['Chap8_CustomeOperator']) retrieved from /opt/airflow/dags/Chap8_CustomOperator.py
[2023-08-09T08:42:03.359+0000] {logging_mixin.py:149} INFO - [2023-08-09T08:42:03.359+0000] {dag.py:2726} INFO - Sync 1 DAGs
[2023-08-09T08:42:03.374+0000] {logging_mixin.py:149} INFO - [2023-08-09T08:42:03.374+0000] {dag.py:3486} INFO - Setting next_dagrun for Chap8_CustomeOperator to 2019-01-01T00:00:00+00:00, run_after=2019-01-02T00:00:00+00:00
[2023-08-09T08:42:03.386+0000] {processor.py:179} INFO - Processing /opt/airflow/dags/Chap8_CustomOperator.py took 0.103 seconds
[2023-08-09T08:42:33.801+0000] {processor.py:157} INFO - Started process (PID=7954) to work on /opt/airflow/dags/Chap8_CustomOperator.py
[2023-08-09T08:42:33.804+0000] {processor.py:826} INFO - Processing file /opt/airflow/dags/Chap8_CustomOperator.py for tasks to queue
[2023-08-09T08:42:33.806+0000] {logging_mixin.py:149} INFO - [2023-08-09T08:42:33.806+0000] {dagbag.py:541} INFO - Filling up the DagBag from /opt/airflow/dags/Chap8_CustomOperator.py
[2023-08-09T08:42:33.833+0000] {processor.py:836} INFO - DAG(s) dict_keys(['Chap8_CustomeOperator']) retrieved from /opt/airflow/dags/Chap8_CustomOperator.py
[2023-08-09T08:42:33.858+0000] {logging_mixin.py:149} INFO - [2023-08-09T08:42:33.858+0000] {dag.py:2726} INFO - Sync 1 DAGs
[2023-08-09T08:42:33.876+0000] {logging_mixin.py:149} INFO - [2023-08-09T08:42:33.876+0000] {dag.py:3486} INFO - Setting next_dagrun for Chap8_CustomeOperator to 2019-01-01T00:00:00+00:00, run_after=2019-01-02T00:00:00+00:00
[2023-08-09T08:42:33.889+0000] {processor.py:179} INFO - Processing /opt/airflow/dags/Chap8_CustomOperator.py took 0.093 seconds
[2023-08-09T08:43:04.144+0000] {processor.py:157} INFO - Started process (PID=8093) to work on /opt/airflow/dags/Chap8_CustomOperator.py
[2023-08-09T08:43:04.147+0000] {processor.py:826} INFO - Processing file /opt/airflow/dags/Chap8_CustomOperator.py for tasks to queue
[2023-08-09T08:43:04.148+0000] {logging_mixin.py:149} INFO - [2023-08-09T08:43:04.148+0000] {dagbag.py:541} INFO - Filling up the DagBag from /opt/airflow/dags/Chap8_CustomOperator.py
[2023-08-09T08:43:04.179+0000] {processor.py:836} INFO - DAG(s) dict_keys(['Chap8_CustomeOperator']) retrieved from /opt/airflow/dags/Chap8_CustomOperator.py
[2023-08-09T08:43:04.203+0000] {logging_mixin.py:149} INFO - [2023-08-09T08:43:04.202+0000] {dag.py:2726} INFO - Sync 1 DAGs
[2023-08-09T08:43:04.221+0000] {logging_mixin.py:149} INFO - [2023-08-09T08:43:04.221+0000] {dag.py:3486} INFO - Setting next_dagrun for Chap8_CustomeOperator to 2019-01-01T00:00:00+00:00, run_after=2019-01-02T00:00:00+00:00
[2023-08-09T08:43:04.235+0000] {processor.py:179} INFO - Processing /opt/airflow/dags/Chap8_CustomOperator.py took 0.095 seconds
[2023-08-09T08:43:34.545+0000] {processor.py:157} INFO - Started process (PID=8232) to work on /opt/airflow/dags/Chap8_CustomOperator.py
[2023-08-09T08:43:34.547+0000] {processor.py:826} INFO - Processing file /opt/airflow/dags/Chap8_CustomOperator.py for tasks to queue
[2023-08-09T08:43:34.570+0000] {logging_mixin.py:149} INFO - [2023-08-09T08:43:34.570+0000] {dagbag.py:541} INFO - Filling up the DagBag from /opt/airflow/dags/Chap8_CustomOperator.py
[2023-08-09T08:43:34.595+0000] {processor.py:836} INFO - DAG(s) dict_keys(['Chap8_CustomeOperator']) retrieved from /opt/airflow/dags/Chap8_CustomOperator.py
[2023-08-09T08:43:34.616+0000] {logging_mixin.py:149} INFO - [2023-08-09T08:43:34.616+0000] {dag.py:2726} INFO - Sync 1 DAGs
[2023-08-09T08:43:34.633+0000] {logging_mixin.py:149} INFO - [2023-08-09T08:43:34.633+0000] {dag.py:3486} INFO - Setting next_dagrun for Chap8_CustomeOperator to 2019-01-01T00:00:00+00:00, run_after=2019-01-02T00:00:00+00:00
[2023-08-09T08:43:34.647+0000] {processor.py:179} INFO - Processing /opt/airflow/dags/Chap8_CustomOperator.py took 0.107 seconds
[2023-08-09T08:44:05.080+0000] {processor.py:157} INFO - Started process (PID=8371) to work on /opt/airflow/dags/Chap8_CustomOperator.py
[2023-08-09T08:44:05.083+0000] {processor.py:826} INFO - Processing file /opt/airflow/dags/Chap8_CustomOperator.py for tasks to queue
[2023-08-09T08:44:05.084+0000] {logging_mixin.py:149} INFO - [2023-08-09T08:44:05.084+0000] {dagbag.py:541} INFO - Filling up the DagBag from /opt/airflow/dags/Chap8_CustomOperator.py
[2023-08-09T08:44:05.114+0000] {processor.py:836} INFO - DAG(s) dict_keys(['Chap8_CustomeOperator']) retrieved from /opt/airflow/dags/Chap8_CustomOperator.py
[2023-08-09T08:44:05.135+0000] {logging_mixin.py:149} INFO - [2023-08-09T08:44:05.134+0000] {dag.py:2726} INFO - Sync 1 DAGs
[2023-08-09T08:44:05.150+0000] {logging_mixin.py:149} INFO - [2023-08-09T08:44:05.150+0000] {dag.py:3486} INFO - Setting next_dagrun for Chap8_CustomeOperator to 2019-01-01T00:00:00+00:00, run_after=2019-01-02T00:00:00+00:00
[2023-08-09T08:44:05.164+0000] {processor.py:179} INFO - Processing /opt/airflow/dags/Chap8_CustomOperator.py took 0.088 seconds
[2023-08-09T08:44:35.674+0000] {processor.py:157} INFO - Started process (PID=8510) to work on /opt/airflow/dags/Chap8_CustomOperator.py
[2023-08-09T08:44:35.678+0000] {processor.py:826} INFO - Processing file /opt/airflow/dags/Chap8_CustomOperator.py for tasks to queue
[2023-08-09T08:44:35.681+0000] {logging_mixin.py:149} INFO - [2023-08-09T08:44:35.681+0000] {dagbag.py:541} INFO - Filling up the DagBag from /opt/airflow/dags/Chap8_CustomOperator.py
[2023-08-09T08:44:35.718+0000] {processor.py:836} INFO - DAG(s) dict_keys(['Chap8_CustomeOperator']) retrieved from /opt/airflow/dags/Chap8_CustomOperator.py
[2023-08-09T08:44:35.756+0000] {logging_mixin.py:149} INFO - [2023-08-09T08:44:35.756+0000] {dag.py:2726} INFO - Sync 1 DAGs
[2023-08-09T08:44:35.787+0000] {logging_mixin.py:149} INFO - [2023-08-09T08:44:35.787+0000] {dag.py:3486} INFO - Setting next_dagrun for Chap8_CustomeOperator to 2019-01-01T00:00:00+00:00, run_after=2019-01-02T00:00:00+00:00
[2023-08-09T08:44:35.808+0000] {processor.py:179} INFO - Processing /opt/airflow/dags/Chap8_CustomOperator.py took 0.143 seconds
[2023-08-09T08:45:06.487+0000] {processor.py:157} INFO - Started process (PID=8649) to work on /opt/airflow/dags/Chap8_CustomOperator.py
[2023-08-09T08:45:06.491+0000] {processor.py:826} INFO - Processing file /opt/airflow/dags/Chap8_CustomOperator.py for tasks to queue
[2023-08-09T08:45:06.493+0000] {logging_mixin.py:149} INFO - [2023-08-09T08:45:06.493+0000] {dagbag.py:541} INFO - Filling up the DagBag from /opt/airflow/dags/Chap8_CustomOperator.py
[2023-08-09T08:45:06.526+0000] {processor.py:836} INFO - DAG(s) dict_keys(['Chap8_CustomeOperator']) retrieved from /opt/airflow/dags/Chap8_CustomOperator.py
[2023-08-09T08:45:06.554+0000] {logging_mixin.py:149} INFO - [2023-08-09T08:45:06.554+0000] {dag.py:2726} INFO - Sync 1 DAGs
[2023-08-09T08:45:06.575+0000] {logging_mixin.py:149} INFO - [2023-08-09T08:45:06.575+0000] {dag.py:3486} INFO - Setting next_dagrun for Chap8_CustomeOperator to 2019-01-01T00:00:00+00:00, run_after=2019-01-02T00:00:00+00:00
[2023-08-09T08:45:06.588+0000] {processor.py:179} INFO - Processing /opt/airflow/dags/Chap8_CustomOperator.py took 0.106 seconds
[2023-08-09T08:45:37.608+0000] {processor.py:157} INFO - Started process (PID=8788) to work on /opt/airflow/dags/Chap8_CustomOperator.py
[2023-08-09T08:45:37.613+0000] {processor.py:826} INFO - Processing file /opt/airflow/dags/Chap8_CustomOperator.py for tasks to queue
[2023-08-09T08:45:37.615+0000] {logging_mixin.py:149} INFO - [2023-08-09T08:45:37.615+0000] {dagbag.py:541} INFO - Filling up the DagBag from /opt/airflow/dags/Chap8_CustomOperator.py
[2023-08-09T08:45:37.680+0000] {processor.py:836} INFO - DAG(s) dict_keys(['Chap8_CustomeOperator']) retrieved from /opt/airflow/dags/Chap8_CustomOperator.py
[2023-08-09T08:45:37.720+0000] {logging_mixin.py:149} INFO - [2023-08-09T08:45:37.720+0000] {dag.py:2726} INFO - Sync 1 DAGs
[2023-08-09T08:45:37.751+0000] {logging_mixin.py:149} INFO - [2023-08-09T08:45:37.750+0000] {dag.py:3486} INFO - Setting next_dagrun for Chap8_CustomeOperator to 2019-01-01T00:00:00+00:00, run_after=2019-01-02T00:00:00+00:00
[2023-08-09T08:45:37.771+0000] {processor.py:179} INFO - Processing /opt/airflow/dags/Chap8_CustomOperator.py took 0.175 seconds
[2023-08-09T08:46:07.871+0000] {processor.py:157} INFO - Started process (PID=8927) to work on /opt/airflow/dags/Chap8_CustomOperator.py
[2023-08-09T08:46:07.875+0000] {processor.py:826} INFO - Processing file /opt/airflow/dags/Chap8_CustomOperator.py for tasks to queue
[2023-08-09T08:46:07.878+0000] {logging_mixin.py:149} INFO - [2023-08-09T08:46:07.877+0000] {dagbag.py:541} INFO - Filling up the DagBag from /opt/airflow/dags/Chap8_CustomOperator.py
[2023-08-09T08:46:07.928+0000] {processor.py:836} INFO - DAG(s) dict_keys(['Chap8_CustomeOperator']) retrieved from /opt/airflow/dags/Chap8_CustomOperator.py
[2023-08-09T08:46:07.991+0000] {logging_mixin.py:149} INFO - [2023-08-09T08:46:07.990+0000] {dag.py:2726} INFO - Sync 1 DAGs
[2023-08-09T08:46:08.026+0000] {logging_mixin.py:149} INFO - [2023-08-09T08:46:08.026+0000] {dag.py:3486} INFO - Setting next_dagrun for Chap8_CustomeOperator to 2019-01-01T00:00:00+00:00, run_after=2019-01-02T00:00:00+00:00
[2023-08-09T08:46:08.048+0000] {processor.py:179} INFO - Processing /opt/airflow/dags/Chap8_CustomOperator.py took 0.185 seconds
[2023-08-09T08:46:38.971+0000] {processor.py:157} INFO - Started process (PID=9067) to work on /opt/airflow/dags/Chap8_CustomOperator.py
[2023-08-09T08:46:38.974+0000] {processor.py:826} INFO - Processing file /opt/airflow/dags/Chap8_CustomOperator.py for tasks to queue
[2023-08-09T08:46:38.977+0000] {logging_mixin.py:149} INFO - [2023-08-09T08:46:38.976+0000] {dagbag.py:541} INFO - Filling up the DagBag from /opt/airflow/dags/Chap8_CustomOperator.py
[2023-08-09T08:46:39.008+0000] {processor.py:836} INFO - DAG(s) dict_keys(['Chap8_CustomeOperator']) retrieved from /opt/airflow/dags/Chap8_CustomOperator.py
[2023-08-09T08:46:39.055+0000] {logging_mixin.py:149} INFO - [2023-08-09T08:46:39.054+0000] {dag.py:2726} INFO - Sync 1 DAGs
[2023-08-09T08:46:39.077+0000] {logging_mixin.py:149} INFO - [2023-08-09T08:46:39.077+0000] {dag.py:3486} INFO - Setting next_dagrun for Chap8_CustomeOperator to 2019-01-01T00:00:00+00:00, run_after=2019-01-02T00:00:00+00:00
[2023-08-09T08:46:39.104+0000] {processor.py:179} INFO - Processing /opt/airflow/dags/Chap8_CustomOperator.py took 0.138 seconds
[2023-08-09T08:47:10.056+0000] {processor.py:157} INFO - Started process (PID=9206) to work on /opt/airflow/dags/Chap8_CustomOperator.py
[2023-08-09T08:47:10.059+0000] {processor.py:826} INFO - Processing file /opt/airflow/dags/Chap8_CustomOperator.py for tasks to queue
[2023-08-09T08:47:10.062+0000] {logging_mixin.py:149} INFO - [2023-08-09T08:47:10.061+0000] {dagbag.py:541} INFO - Filling up the DagBag from /opt/airflow/dags/Chap8_CustomOperator.py
[2023-08-09T08:47:10.121+0000] {processor.py:836} INFO - DAG(s) dict_keys(['Chap8_CustomeOperator']) retrieved from /opt/airflow/dags/Chap8_CustomOperator.py
[2023-08-09T08:47:10.170+0000] {logging_mixin.py:149} INFO - [2023-08-09T08:47:10.170+0000] {dag.py:2726} INFO - Sync 1 DAGs
[2023-08-09T08:47:10.200+0000] {logging_mixin.py:149} INFO - [2023-08-09T08:47:10.200+0000] {dag.py:3486} INFO - Setting next_dagrun for Chap8_CustomeOperator to 2019-01-01T00:00:00+00:00, run_after=2019-01-02T00:00:00+00:00
[2023-08-09T08:47:10.220+0000] {processor.py:179} INFO - Processing /opt/airflow/dags/Chap8_CustomOperator.py took 0.169 seconds
[2023-08-09T08:47:41.055+0000] {processor.py:157} INFO - Started process (PID=9346) to work on /opt/airflow/dags/Chap8_CustomOperator.py
[2023-08-09T08:47:41.059+0000] {processor.py:826} INFO - Processing file /opt/airflow/dags/Chap8_CustomOperator.py for tasks to queue
[2023-08-09T08:47:41.065+0000] {logging_mixin.py:149} INFO - [2023-08-09T08:47:41.065+0000] {dagbag.py:541} INFO - Filling up the DagBag from /opt/airflow/dags/Chap8_CustomOperator.py
[2023-08-09T08:47:41.101+0000] {processor.py:836} INFO - DAG(s) dict_keys(['Chap8_CustomeOperator']) retrieved from /opt/airflow/dags/Chap8_CustomOperator.py
[2023-08-09T08:47:41.127+0000] {logging_mixin.py:149} INFO - [2023-08-09T08:47:41.127+0000] {dag.py:2726} INFO - Sync 1 DAGs
[2023-08-09T08:47:41.154+0000] {logging_mixin.py:149} INFO - [2023-08-09T08:47:41.153+0000] {dag.py:3486} INFO - Setting next_dagrun for Chap8_CustomeOperator to 2019-01-01T00:00:00+00:00, run_after=2019-01-02T00:00:00+00:00
[2023-08-09T08:47:41.170+0000] {processor.py:179} INFO - Processing /opt/airflow/dags/Chap8_CustomOperator.py took 0.121 seconds
[2023-08-09T08:48:11.863+0000] {processor.py:157} INFO - Started process (PID=9485) to work on /opt/airflow/dags/Chap8_CustomOperator.py
[2023-08-09T08:48:11.866+0000] {processor.py:826} INFO - Processing file /opt/airflow/dags/Chap8_CustomOperator.py for tasks to queue
[2023-08-09T08:48:11.868+0000] {logging_mixin.py:149} INFO - [2023-08-09T08:48:11.868+0000] {dagbag.py:541} INFO - Filling up the DagBag from /opt/airflow/dags/Chap8_CustomOperator.py
[2023-08-09T08:48:11.915+0000] {processor.py:836} INFO - DAG(s) dict_keys(['Chap8_CustomeOperator']) retrieved from /opt/airflow/dags/Chap8_CustomOperator.py
[2023-08-09T08:48:11.942+0000] {logging_mixin.py:149} INFO - [2023-08-09T08:48:11.942+0000] {dag.py:2726} INFO - Sync 1 DAGs
[2023-08-09T08:48:11.961+0000] {logging_mixin.py:149} INFO - [2023-08-09T08:48:11.961+0000] {dag.py:3486} INFO - Setting next_dagrun for Chap8_CustomeOperator to 2019-01-01T00:00:00+00:00, run_after=2019-01-02T00:00:00+00:00
[2023-08-09T08:48:11.980+0000] {processor.py:179} INFO - Processing /opt/airflow/dags/Chap8_CustomOperator.py took 0.123 seconds
[2023-08-09T08:48:43.004+0000] {processor.py:157} INFO - Started process (PID=9623) to work on /opt/airflow/dags/Chap8_CustomOperator.py
[2023-08-09T08:48:43.007+0000] {processor.py:826} INFO - Processing file /opt/airflow/dags/Chap8_CustomOperator.py for tasks to queue
[2023-08-09T08:48:43.009+0000] {logging_mixin.py:149} INFO - [2023-08-09T08:48:43.009+0000] {dagbag.py:541} INFO - Filling up the DagBag from /opt/airflow/dags/Chap8_CustomOperator.py
[2023-08-09T08:48:43.052+0000] {processor.py:836} INFO - DAG(s) dict_keys(['Chap8_CustomeOperator']) retrieved from /opt/airflow/dags/Chap8_CustomOperator.py
[2023-08-09T08:48:43.078+0000] {logging_mixin.py:149} INFO - [2023-08-09T08:48:43.078+0000] {dag.py:2726} INFO - Sync 1 DAGs
[2023-08-09T08:48:43.096+0000] {logging_mixin.py:149} INFO - [2023-08-09T08:48:43.096+0000] {dag.py:3486} INFO - Setting next_dagrun for Chap8_CustomeOperator to 2019-01-01T00:00:00+00:00, run_after=2019-01-02T00:00:00+00:00
[2023-08-09T08:48:43.110+0000] {processor.py:179} INFO - Processing /opt/airflow/dags/Chap8_CustomOperator.py took 0.111 seconds
[2023-08-09T08:49:13.718+0000] {processor.py:157} INFO - Started process (PID=9762) to work on /opt/airflow/dags/Chap8_CustomOperator.py
[2023-08-09T08:49:13.726+0000] {processor.py:826} INFO - Processing file /opt/airflow/dags/Chap8_CustomOperator.py for tasks to queue
[2023-08-09T08:49:13.727+0000] {logging_mixin.py:149} INFO - [2023-08-09T08:49:13.727+0000] {dagbag.py:541} INFO - Filling up the DagBag from /opt/airflow/dags/Chap8_CustomOperator.py
[2023-08-09T08:49:13.764+0000] {processor.py:836} INFO - DAG(s) dict_keys(['Chap8_CustomeOperator']) retrieved from /opt/airflow/dags/Chap8_CustomOperator.py
[2023-08-09T08:49:13.796+0000] {logging_mixin.py:149} INFO - [2023-08-09T08:49:13.796+0000] {dag.py:2726} INFO - Sync 1 DAGs
[2023-08-09T08:49:13.816+0000] {logging_mixin.py:149} INFO - [2023-08-09T08:49:13.816+0000] {dag.py:3486} INFO - Setting next_dagrun for Chap8_CustomeOperator to 2019-01-01T00:00:00+00:00, run_after=2019-01-02T00:00:00+00:00
[2023-08-09T08:49:13.835+0000] {processor.py:179} INFO - Processing /opt/airflow/dags/Chap8_CustomOperator.py took 0.123 seconds
[2023-08-09T08:49:44.570+0000] {processor.py:157} INFO - Started process (PID=9901) to work on /opt/airflow/dags/Chap8_CustomOperator.py
[2023-08-09T08:49:44.589+0000] {processor.py:826} INFO - Processing file /opt/airflow/dags/Chap8_CustomOperator.py for tasks to queue
[2023-08-09T08:49:44.591+0000] {logging_mixin.py:149} INFO - [2023-08-09T08:49:44.591+0000] {dagbag.py:541} INFO - Filling up the DagBag from /opt/airflow/dags/Chap8_CustomOperator.py
[2023-08-09T08:49:44.624+0000] {processor.py:836} INFO - DAG(s) dict_keys(['Chap8_CustomeOperator']) retrieved from /opt/airflow/dags/Chap8_CustomOperator.py
[2023-08-09T08:49:44.652+0000] {logging_mixin.py:149} INFO - [2023-08-09T08:49:44.652+0000] {dag.py:2726} INFO - Sync 1 DAGs
[2023-08-09T08:49:44.669+0000] {logging_mixin.py:149} INFO - [2023-08-09T08:49:44.669+0000] {dag.py:3486} INFO - Setting next_dagrun for Chap8_CustomeOperator to 2019-01-01T00:00:00+00:00, run_after=2019-01-02T00:00:00+00:00
[2023-08-09T08:49:44.684+0000] {processor.py:179} INFO - Processing /opt/airflow/dags/Chap8_CustomOperator.py took 0.119 seconds
[2023-08-09T08:50:15.124+0000] {processor.py:157} INFO - Started process (PID=10040) to work on /opt/airflow/dags/Chap8_CustomOperator.py
[2023-08-09T08:50:15.127+0000] {processor.py:826} INFO - Processing file /opt/airflow/dags/Chap8_CustomOperator.py for tasks to queue
[2023-08-09T08:50:15.129+0000] {logging_mixin.py:149} INFO - [2023-08-09T08:50:15.129+0000] {dagbag.py:541} INFO - Filling up the DagBag from /opt/airflow/dags/Chap8_CustomOperator.py
[2023-08-09T08:50:15.171+0000] {processor.py:836} INFO - DAG(s) dict_keys(['Chap8_CustomeOperator']) retrieved from /opt/airflow/dags/Chap8_CustomOperator.py
[2023-08-09T08:50:15.192+0000] {logging_mixin.py:149} INFO - [2023-08-09T08:50:15.192+0000] {dag.py:2726} INFO - Sync 1 DAGs
[2023-08-09T08:50:15.210+0000] {logging_mixin.py:149} INFO - [2023-08-09T08:50:15.210+0000] {dag.py:3486} INFO - Setting next_dagrun for Chap8_CustomeOperator to 2019-01-01T00:00:00+00:00, run_after=2019-01-02T00:00:00+00:00
[2023-08-09T08:50:15.223+0000] {processor.py:179} INFO - Processing /opt/airflow/dags/Chap8_CustomOperator.py took 0.103 seconds
[2023-08-09T08:50:46.265+0000] {processor.py:157} INFO - Started process (PID=10179) to work on /opt/airflow/dags/Chap8_CustomOperator.py
[2023-08-09T08:50:46.269+0000] {processor.py:826} INFO - Processing file /opt/airflow/dags/Chap8_CustomOperator.py for tasks to queue
[2023-08-09T08:50:46.271+0000] {logging_mixin.py:149} INFO - [2023-08-09T08:50:46.271+0000] {dagbag.py:541} INFO - Filling up the DagBag from /opt/airflow/dags/Chap8_CustomOperator.py
[2023-08-09T08:50:46.300+0000] {processor.py:836} INFO - DAG(s) dict_keys(['Chap8_CustomeOperator']) retrieved from /opt/airflow/dags/Chap8_CustomOperator.py
[2023-08-09T08:50:46.340+0000] {logging_mixin.py:149} INFO - [2023-08-09T08:50:46.339+0000] {dag.py:2726} INFO - Sync 1 DAGs
[2023-08-09T08:50:46.365+0000] {logging_mixin.py:149} INFO - [2023-08-09T08:50:46.364+0000] {dag.py:3486} INFO - Setting next_dagrun for Chap8_CustomeOperator to 2019-01-01T00:00:00+00:00, run_after=2019-01-02T00:00:00+00:00
[2023-08-09T08:50:46.379+0000] {processor.py:179} INFO - Processing /opt/airflow/dags/Chap8_CustomOperator.py took 0.126 seconds
[2023-08-09T08:51:16.892+0000] {processor.py:157} INFO - Started process (PID=10318) to work on /opt/airflow/dags/Chap8_CustomOperator.py
[2023-08-09T08:51:16.913+0000] {processor.py:826} INFO - Processing file /opt/airflow/dags/Chap8_CustomOperator.py for tasks to queue
[2023-08-09T08:51:16.915+0000] {logging_mixin.py:149} INFO - [2023-08-09T08:51:16.915+0000] {dagbag.py:541} INFO - Filling up the DagBag from /opt/airflow/dags/Chap8_CustomOperator.py
[2023-08-09T08:51:16.943+0000] {processor.py:836} INFO - DAG(s) dict_keys(['Chap8_CustomeOperator']) retrieved from /opt/airflow/dags/Chap8_CustomOperator.py
[2023-08-09T08:51:16.967+0000] {logging_mixin.py:149} INFO - [2023-08-09T08:51:16.967+0000] {dag.py:2726} INFO - Sync 1 DAGs
[2023-08-09T08:51:16.987+0000] {logging_mixin.py:149} INFO - [2023-08-09T08:51:16.987+0000] {dag.py:3486} INFO - Setting next_dagrun for Chap8_CustomeOperator to 2019-01-01T00:00:00+00:00, run_after=2019-01-02T00:00:00+00:00
[2023-08-09T08:51:17.001+0000] {processor.py:179} INFO - Processing /opt/airflow/dags/Chap8_CustomOperator.py took 0.113 seconds
[2023-08-09T08:51:47.306+0000] {processor.py:157} INFO - Started process (PID=10457) to work on /opt/airflow/dags/Chap8_CustomOperator.py
[2023-08-09T08:51:47.310+0000] {processor.py:826} INFO - Processing file /opt/airflow/dags/Chap8_CustomOperator.py for tasks to queue
[2023-08-09T08:51:47.312+0000] {logging_mixin.py:149} INFO - [2023-08-09T08:51:47.312+0000] {dagbag.py:541} INFO - Filling up the DagBag from /opt/airflow/dags/Chap8_CustomOperator.py
[2023-08-09T08:51:47.349+0000] {processor.py:836} INFO - DAG(s) dict_keys(['Chap8_CustomeOperator']) retrieved from /opt/airflow/dags/Chap8_CustomOperator.py
[2023-08-09T08:51:47.372+0000] {logging_mixin.py:149} INFO - [2023-08-09T08:51:47.372+0000] {dag.py:2726} INFO - Sync 1 DAGs
[2023-08-09T08:51:47.389+0000] {logging_mixin.py:149} INFO - [2023-08-09T08:51:47.389+0000] {dag.py:3486} INFO - Setting next_dagrun for Chap8_CustomeOperator to 2019-01-01T00:00:00+00:00, run_after=2019-01-02T00:00:00+00:00
[2023-08-09T08:51:47.402+0000] {processor.py:179} INFO - Processing /opt/airflow/dags/Chap8_CustomOperator.py took 0.100 seconds
[2023-08-09T08:52:18.215+0000] {processor.py:157} INFO - Started process (PID=10596) to work on /opt/airflow/dags/Chap8_CustomOperator.py
[2023-08-09T08:52:18.238+0000] {processor.py:826} INFO - Processing file /opt/airflow/dags/Chap8_CustomOperator.py for tasks to queue
[2023-08-09T08:52:18.244+0000] {logging_mixin.py:149} INFO - [2023-08-09T08:52:18.243+0000] {dagbag.py:541} INFO - Filling up the DagBag from /opt/airflow/dags/Chap8_CustomOperator.py
[2023-08-09T08:52:18.315+0000] {processor.py:836} INFO - DAG(s) dict_keys(['Chap8_CustomeOperator']) retrieved from /opt/airflow/dags/Chap8_CustomOperator.py
[2023-08-09T08:52:18.360+0000] {logging_mixin.py:149} INFO - [2023-08-09T08:52:18.360+0000] {dag.py:2726} INFO - Sync 1 DAGs
[2023-08-09T08:52:18.397+0000] {logging_mixin.py:149} INFO - [2023-08-09T08:52:18.397+0000] {dag.py:3486} INFO - Setting next_dagrun for Chap8_CustomeOperator to 2019-01-01T00:00:00+00:00, run_after=2019-01-02T00:00:00+00:00
[2023-08-09T08:52:18.445+0000] {processor.py:179} INFO - Processing /opt/airflow/dags/Chap8_CustomOperator.py took 0.243 seconds
