[2023-08-09T08:37:37.770+0000] {processor.py:157} INFO - Started process (PID=6663) to work on /opt/airflow/dags/Chap5_3.py
[2023-08-09T08:37:37.772+0000] {processor.py:826} INFO - Processing file /opt/airflow/dags/Chap5_3.py for tasks to queue
[2023-08-09T08:37:37.774+0000] {logging_mixin.py:149} INFO - [2023-08-09T08:37:37.774+0000] {dagbag.py:541} INFO - Filling up the DagBag from /opt/airflow/dags/Chap5_3.py
[2023-08-09T08:37:37.791+0000] {processor.py:836} INFO - DAG(s) dict_keys(['Chap5_3']) retrieved from /opt/airflow/dags/Chap5_3.py
[2023-08-09T08:37:37.820+0000] {logging_mixin.py:149} INFO - [2023-08-09T08:37:37.820+0000] {dag.py:2726} INFO - Sync 1 DAGs
[2023-08-09T08:37:37.838+0000] {logging_mixin.py:149} INFO - [2023-08-09T08:37:37.838+0000] {dag.py:3486} INFO - Setting next_dagrun for Chap5_3 to 2023-08-06T00:00:00+00:00, run_after=2023-08-07T00:00:00+00:00
[2023-08-09T08:37:37.853+0000] {processor.py:179} INFO - Processing /opt/airflow/dags/Chap5_3.py took 0.088 seconds
[2023-08-09T08:38:08.630+0000] {processor.py:157} INFO - Started process (PID=6802) to work on /opt/airflow/dags/Chap5_3.py
[2023-08-09T08:38:08.632+0000] {processor.py:826} INFO - Processing file /opt/airflow/dags/Chap5_3.py for tasks to queue
[2023-08-09T08:38:08.633+0000] {logging_mixin.py:149} INFO - [2023-08-09T08:38:08.633+0000] {dagbag.py:541} INFO - Filling up the DagBag from /opt/airflow/dags/Chap5_3.py
[2023-08-09T08:38:08.653+0000] {processor.py:836} INFO - DAG(s) dict_keys(['Chap5_3']) retrieved from /opt/airflow/dags/Chap5_3.py
[2023-08-09T08:38:08.675+0000] {logging_mixin.py:149} INFO - [2023-08-09T08:38:08.675+0000] {dag.py:2726} INFO - Sync 1 DAGs
[2023-08-09T08:38:08.690+0000] {logging_mixin.py:149} INFO - [2023-08-09T08:38:08.690+0000] {dag.py:3486} INFO - Setting next_dagrun for Chap5_3 to 2023-08-06T00:00:00+00:00, run_after=2023-08-07T00:00:00+00:00
[2023-08-09T08:38:08.704+0000] {processor.py:179} INFO - Processing /opt/airflow/dags/Chap5_3.py took 0.077 seconds
[2023-08-09T08:38:39.471+0000] {processor.py:157} INFO - Started process (PID=6942) to work on /opt/airflow/dags/Chap5_3.py
[2023-08-09T08:38:39.473+0000] {processor.py:826} INFO - Processing file /opt/airflow/dags/Chap5_3.py for tasks to queue
[2023-08-09T08:38:39.474+0000] {logging_mixin.py:149} INFO - [2023-08-09T08:38:39.474+0000] {dagbag.py:541} INFO - Filling up the DagBag from /opt/airflow/dags/Chap5_3.py
[2023-08-09T08:38:39.493+0000] {processor.py:836} INFO - DAG(s) dict_keys(['Chap5_3']) retrieved from /opt/airflow/dags/Chap5_3.py
[2023-08-09T08:38:39.515+0000] {logging_mixin.py:149} INFO - [2023-08-09T08:38:39.515+0000] {dag.py:2726} INFO - Sync 1 DAGs
[2023-08-09T08:38:39.530+0000] {logging_mixin.py:149} INFO - [2023-08-09T08:38:39.530+0000] {dag.py:3486} INFO - Setting next_dagrun for Chap5_3 to 2023-08-06T00:00:00+00:00, run_after=2023-08-07T00:00:00+00:00
[2023-08-09T08:38:39.544+0000] {processor.py:179} INFO - Processing /opt/airflow/dags/Chap5_3.py took 0.076 seconds
[2023-08-09T08:39:10.365+0000] {processor.py:157} INFO - Started process (PID=7081) to work on /opt/airflow/dags/Chap5_3.py
[2023-08-09T08:39:10.367+0000] {processor.py:826} INFO - Processing file /opt/airflow/dags/Chap5_3.py for tasks to queue
[2023-08-09T08:39:10.369+0000] {logging_mixin.py:149} INFO - [2023-08-09T08:39:10.369+0000] {dagbag.py:541} INFO - Filling up the DagBag from /opt/airflow/dags/Chap5_3.py
[2023-08-09T08:39:10.390+0000] {processor.py:836} INFO - DAG(s) dict_keys(['Chap5_3']) retrieved from /opt/airflow/dags/Chap5_3.py
[2023-08-09T08:39:10.419+0000] {logging_mixin.py:149} INFO - [2023-08-09T08:39:10.419+0000] {dag.py:2726} INFO - Sync 1 DAGs
[2023-08-09T08:39:10.443+0000] {logging_mixin.py:149} INFO - [2023-08-09T08:39:10.443+0000] {dag.py:3486} INFO - Setting next_dagrun for Chap5_3 to 2023-08-06T00:00:00+00:00, run_after=2023-08-07T00:00:00+00:00
[2023-08-09T08:39:10.459+0000] {processor.py:179} INFO - Processing /opt/airflow/dags/Chap5_3.py took 0.100 seconds
[2023-08-09T08:39:40.992+0000] {processor.py:157} INFO - Started process (PID=7220) to work on /opt/airflow/dags/Chap5_3.py
[2023-08-09T08:39:40.999+0000] {processor.py:826} INFO - Processing file /opt/airflow/dags/Chap5_3.py for tasks to queue
[2023-08-09T08:39:41.000+0000] {logging_mixin.py:149} INFO - [2023-08-09T08:39:41.000+0000] {dagbag.py:541} INFO - Filling up the DagBag from /opt/airflow/dags/Chap5_3.py
[2023-08-09T08:39:41.021+0000] {processor.py:836} INFO - DAG(s) dict_keys(['Chap5_3']) retrieved from /opt/airflow/dags/Chap5_3.py
[2023-08-09T08:39:41.046+0000] {logging_mixin.py:149} INFO - [2023-08-09T08:39:41.045+0000] {dag.py:2726} INFO - Sync 1 DAGs
[2023-08-09T08:39:41.061+0000] {logging_mixin.py:149} INFO - [2023-08-09T08:39:41.061+0000] {dag.py:3486} INFO - Setting next_dagrun for Chap5_3 to 2023-08-06T00:00:00+00:00, run_after=2023-08-07T00:00:00+00:00
[2023-08-09T08:39:41.073+0000] {processor.py:179} INFO - Processing /opt/airflow/dags/Chap5_3.py took 0.084 seconds
[2023-08-09T08:40:11.827+0000] {processor.py:157} INFO - Started process (PID=7359) to work on /opt/airflow/dags/Chap5_3.py
[2023-08-09T08:40:11.829+0000] {processor.py:826} INFO - Processing file /opt/airflow/dags/Chap5_3.py for tasks to queue
[2023-08-09T08:40:11.831+0000] {logging_mixin.py:149} INFO - [2023-08-09T08:40:11.831+0000] {dagbag.py:541} INFO - Filling up the DagBag from /opt/airflow/dags/Chap5_3.py
[2023-08-09T08:40:11.850+0000] {processor.py:836} INFO - DAG(s) dict_keys(['Chap5_3']) retrieved from /opt/airflow/dags/Chap5_3.py
[2023-08-09T08:40:11.872+0000] {logging_mixin.py:149} INFO - [2023-08-09T08:40:11.872+0000] {dag.py:2726} INFO - Sync 1 DAGs
[2023-08-09T08:40:11.888+0000] {logging_mixin.py:149} INFO - [2023-08-09T08:40:11.888+0000] {dag.py:3486} INFO - Setting next_dagrun for Chap5_3 to 2023-08-06T00:00:00+00:00, run_after=2023-08-07T00:00:00+00:00
[2023-08-09T08:40:11.904+0000] {processor.py:179} INFO - Processing /opt/airflow/dags/Chap5_3.py took 0.080 seconds
[2023-08-09T08:40:42.302+0000] {processor.py:157} INFO - Started process (PID=7498) to work on /opt/airflow/dags/Chap5_3.py
[2023-08-09T08:40:42.304+0000] {processor.py:826} INFO - Processing file /opt/airflow/dags/Chap5_3.py for tasks to queue
[2023-08-09T08:40:42.305+0000] {logging_mixin.py:149} INFO - [2023-08-09T08:40:42.305+0000] {dagbag.py:541} INFO - Filling up the DagBag from /opt/airflow/dags/Chap5_3.py
[2023-08-09T08:40:42.321+0000] {processor.py:836} INFO - DAG(s) dict_keys(['Chap5_3']) retrieved from /opt/airflow/dags/Chap5_3.py
[2023-08-09T08:40:42.343+0000] {logging_mixin.py:149} INFO - [2023-08-09T08:40:42.343+0000] {dag.py:2726} INFO - Sync 1 DAGs
[2023-08-09T08:40:42.360+0000] {logging_mixin.py:149} INFO - [2023-08-09T08:40:42.360+0000] {dag.py:3486} INFO - Setting next_dagrun for Chap5_3 to 2023-08-06T00:00:00+00:00, run_after=2023-08-07T00:00:00+00:00
[2023-08-09T08:40:42.374+0000] {processor.py:179} INFO - Processing /opt/airflow/dags/Chap5_3.py took 0.075 seconds
[2023-08-09T08:41:12.864+0000] {processor.py:157} INFO - Started process (PID=7637) to work on /opt/airflow/dags/Chap5_3.py
[2023-08-09T08:41:12.884+0000] {processor.py:826} INFO - Processing file /opt/airflow/dags/Chap5_3.py for tasks to queue
[2023-08-09T08:41:12.885+0000] {logging_mixin.py:149} INFO - [2023-08-09T08:41:12.885+0000] {dagbag.py:541} INFO - Filling up the DagBag from /opt/airflow/dags/Chap5_3.py
[2023-08-09T08:41:12.899+0000] {processor.py:836} INFO - DAG(s) dict_keys(['Chap5_3']) retrieved from /opt/airflow/dags/Chap5_3.py
[2023-08-09T08:41:12.921+0000] {logging_mixin.py:149} INFO - [2023-08-09T08:41:12.921+0000] {dag.py:2726} INFO - Sync 1 DAGs
[2023-08-09T08:41:12.937+0000] {logging_mixin.py:149} INFO - [2023-08-09T08:41:12.937+0000] {dag.py:3486} INFO - Setting next_dagrun for Chap5_3 to 2023-08-06T00:00:00+00:00, run_after=2023-08-07T00:00:00+00:00
[2023-08-09T08:41:12.950+0000] {processor.py:179} INFO - Processing /opt/airflow/dags/Chap5_3.py took 0.089 seconds
[2023-08-09T08:41:43.523+0000] {processor.py:157} INFO - Started process (PID=7776) to work on /opt/airflow/dags/Chap5_3.py
[2023-08-09T08:41:43.525+0000] {processor.py:826} INFO - Processing file /opt/airflow/dags/Chap5_3.py for tasks to queue
[2023-08-09T08:41:43.527+0000] {logging_mixin.py:149} INFO - [2023-08-09T08:41:43.527+0000] {dagbag.py:541} INFO - Filling up the DagBag from /opt/airflow/dags/Chap5_3.py
[2023-08-09T08:41:43.548+0000] {processor.py:836} INFO - DAG(s) dict_keys(['Chap5_3']) retrieved from /opt/airflow/dags/Chap5_3.py
[2023-08-09T08:41:43.570+0000] {logging_mixin.py:149} INFO - [2023-08-09T08:41:43.570+0000] {dag.py:2726} INFO - Sync 1 DAGs
[2023-08-09T08:41:43.585+0000] {logging_mixin.py:149} INFO - [2023-08-09T08:41:43.585+0000] {dag.py:3486} INFO - Setting next_dagrun for Chap5_3 to 2023-08-06T00:00:00+00:00, run_after=2023-08-07T00:00:00+00:00
[2023-08-09T08:41:43.598+0000] {processor.py:179} INFO - Processing /opt/airflow/dags/Chap5_3.py took 0.079 seconds
[2023-08-09T08:42:14.094+0000] {processor.py:157} INFO - Started process (PID=7915) to work on /opt/airflow/dags/Chap5_3.py
[2023-08-09T08:42:14.097+0000] {processor.py:826} INFO - Processing file /opt/airflow/dags/Chap5_3.py for tasks to queue
[2023-08-09T08:42:14.099+0000] {logging_mixin.py:149} INFO - [2023-08-09T08:42:14.099+0000] {dagbag.py:541} INFO - Filling up the DagBag from /opt/airflow/dags/Chap5_3.py
[2023-08-09T08:42:14.114+0000] {processor.py:836} INFO - DAG(s) dict_keys(['Chap5_3']) retrieved from /opt/airflow/dags/Chap5_3.py
[2023-08-09T08:42:14.136+0000] {logging_mixin.py:149} INFO - [2023-08-09T08:42:14.136+0000] {dag.py:2726} INFO - Sync 1 DAGs
[2023-08-09T08:42:14.161+0000] {logging_mixin.py:149} INFO - [2023-08-09T08:42:14.160+0000] {dag.py:3486} INFO - Setting next_dagrun for Chap5_3 to 2023-08-06T00:00:00+00:00, run_after=2023-08-07T00:00:00+00:00
[2023-08-09T08:42:14.176+0000] {processor.py:179} INFO - Processing /opt/airflow/dags/Chap5_3.py took 0.084 seconds
[2023-08-09T08:42:44.531+0000] {processor.py:157} INFO - Started process (PID=8056) to work on /opt/airflow/dags/Chap5_3.py
[2023-08-09T08:42:44.533+0000] {processor.py:826} INFO - Processing file /opt/airflow/dags/Chap5_3.py for tasks to queue
[2023-08-09T08:42:44.553+0000] {logging_mixin.py:149} INFO - [2023-08-09T08:42:44.552+0000] {dagbag.py:541} INFO - Filling up the DagBag from /opt/airflow/dags/Chap5_3.py
[2023-08-09T08:42:44.568+0000] {processor.py:836} INFO - DAG(s) dict_keys(['Chap5_3']) retrieved from /opt/airflow/dags/Chap5_3.py
[2023-08-09T08:42:44.591+0000] {logging_mixin.py:149} INFO - [2023-08-09T08:42:44.591+0000] {dag.py:2726} INFO - Sync 1 DAGs
[2023-08-09T08:42:44.608+0000] {logging_mixin.py:149} INFO - [2023-08-09T08:42:44.608+0000] {dag.py:3486} INFO - Setting next_dagrun for Chap5_3 to 2023-08-06T00:00:00+00:00, run_after=2023-08-07T00:00:00+00:00
[2023-08-09T08:42:44.623+0000] {processor.py:179} INFO - Processing /opt/airflow/dags/Chap5_3.py took 0.095 seconds
[2023-08-09T08:43:14.973+0000] {processor.py:157} INFO - Started process (PID=8193) to work on /opt/airflow/dags/Chap5_3.py
[2023-08-09T08:43:14.975+0000] {processor.py:826} INFO - Processing file /opt/airflow/dags/Chap5_3.py for tasks to queue
[2023-08-09T08:43:14.976+0000] {logging_mixin.py:149} INFO - [2023-08-09T08:43:14.976+0000] {dagbag.py:541} INFO - Filling up the DagBag from /opt/airflow/dags/Chap5_3.py
[2023-08-09T08:43:14.990+0000] {processor.py:836} INFO - DAG(s) dict_keys(['Chap5_3']) retrieved from /opt/airflow/dags/Chap5_3.py
[2023-08-09T08:43:15.020+0000] {logging_mixin.py:149} INFO - [2023-08-09T08:43:15.020+0000] {dag.py:2726} INFO - Sync 1 DAGs
[2023-08-09T08:43:15.041+0000] {logging_mixin.py:149} INFO - [2023-08-09T08:43:15.041+0000] {dag.py:3486} INFO - Setting next_dagrun for Chap5_3 to 2023-08-06T00:00:00+00:00, run_after=2023-08-07T00:00:00+00:00
[2023-08-09T08:43:15.057+0000] {processor.py:179} INFO - Processing /opt/airflow/dags/Chap5_3.py took 0.087 seconds
[2023-08-09T08:43:46.330+0000] {processor.py:157} INFO - Started process (PID=8332) to work on /opt/airflow/dags/Chap5_3.py
[2023-08-09T08:43:46.332+0000] {processor.py:826} INFO - Processing file /opt/airflow/dags/Chap5_3.py for tasks to queue
[2023-08-09T08:43:46.333+0000] {logging_mixin.py:149} INFO - [2023-08-09T08:43:46.333+0000] {dagbag.py:541} INFO - Filling up the DagBag from /opt/airflow/dags/Chap5_3.py
[2023-08-09T08:43:46.367+0000] {processor.py:836} INFO - DAG(s) dict_keys(['Chap5_3']) retrieved from /opt/airflow/dags/Chap5_3.py
[2023-08-09T08:43:46.392+0000] {logging_mixin.py:149} INFO - [2023-08-09T08:43:46.392+0000] {dag.py:2726} INFO - Sync 1 DAGs
[2023-08-09T08:43:46.406+0000] {logging_mixin.py:149} INFO - [2023-08-09T08:43:46.406+0000] {dag.py:3486} INFO - Setting next_dagrun for Chap5_3 to 2023-08-06T00:00:00+00:00, run_after=2023-08-07T00:00:00+00:00
[2023-08-09T08:43:46.419+0000] {processor.py:179} INFO - Processing /opt/airflow/dags/Chap5_3.py took 0.092 seconds
[2023-08-09T08:44:16.955+0000] {processor.py:157} INFO - Started process (PID=8471) to work on /opt/airflow/dags/Chap5_3.py
[2023-08-09T08:44:16.957+0000] {processor.py:826} INFO - Processing file /opt/airflow/dags/Chap5_3.py for tasks to queue
[2023-08-09T08:44:16.958+0000] {logging_mixin.py:149} INFO - [2023-08-09T08:44:16.958+0000] {dagbag.py:541} INFO - Filling up the DagBag from /opt/airflow/dags/Chap5_3.py
[2023-08-09T08:44:16.973+0000] {processor.py:836} INFO - DAG(s) dict_keys(['Chap5_3']) retrieved from /opt/airflow/dags/Chap5_3.py
[2023-08-09T08:44:17.001+0000] {logging_mixin.py:149} INFO - [2023-08-09T08:44:17.001+0000] {dag.py:2726} INFO - Sync 1 DAGs
[2023-08-09T08:44:17.016+0000] {logging_mixin.py:149} INFO - [2023-08-09T08:44:17.016+0000] {dag.py:3486} INFO - Setting next_dagrun for Chap5_3 to 2023-08-06T00:00:00+00:00, run_after=2023-08-07T00:00:00+00:00
[2023-08-09T08:44:17.031+0000] {processor.py:179} INFO - Processing /opt/airflow/dags/Chap5_3.py took 0.081 seconds
[2023-08-09T08:44:47.812+0000] {processor.py:157} INFO - Started process (PID=8610) to work on /opt/airflow/dags/Chap5_3.py
[2023-08-09T08:44:47.815+0000] {processor.py:826} INFO - Processing file /opt/airflow/dags/Chap5_3.py for tasks to queue
[2023-08-09T08:44:47.817+0000] {logging_mixin.py:149} INFO - [2023-08-09T08:44:47.817+0000] {dagbag.py:541} INFO - Filling up the DagBag from /opt/airflow/dags/Chap5_3.py
[2023-08-09T08:44:47.838+0000] {processor.py:836} INFO - DAG(s) dict_keys(['Chap5_3']) retrieved from /opt/airflow/dags/Chap5_3.py
[2023-08-09T08:44:47.869+0000] {logging_mixin.py:149} INFO - [2023-08-09T08:44:47.869+0000] {dag.py:2726} INFO - Sync 1 DAGs
[2023-08-09T08:44:47.889+0000] {logging_mixin.py:149} INFO - [2023-08-09T08:44:47.889+0000] {dag.py:3486} INFO - Setting next_dagrun for Chap5_3 to 2023-08-06T00:00:00+00:00, run_after=2023-08-07T00:00:00+00:00
[2023-08-09T08:44:47.903+0000] {processor.py:179} INFO - Processing /opt/airflow/dags/Chap5_3.py took 0.094 seconds
[2023-08-09T08:45:18.583+0000] {processor.py:157} INFO - Started process (PID=8750) to work on /opt/airflow/dags/Chap5_3.py
[2023-08-09T08:45:18.585+0000] {processor.py:826} INFO - Processing file /opt/airflow/dags/Chap5_3.py for tasks to queue
[2023-08-09T08:45:18.587+0000] {logging_mixin.py:149} INFO - [2023-08-09T08:45:18.587+0000] {dagbag.py:541} INFO - Filling up the DagBag from /opt/airflow/dags/Chap5_3.py
[2023-08-09T08:45:18.601+0000] {processor.py:836} INFO - DAG(s) dict_keys(['Chap5_3']) retrieved from /opt/airflow/dags/Chap5_3.py
[2023-08-09T08:45:18.627+0000] {logging_mixin.py:149} INFO - [2023-08-09T08:45:18.627+0000] {dag.py:2726} INFO - Sync 1 DAGs
[2023-08-09T08:45:18.643+0000] {logging_mixin.py:149} INFO - [2023-08-09T08:45:18.643+0000] {dag.py:3486} INFO - Setting next_dagrun for Chap5_3 to 2023-08-06T00:00:00+00:00, run_after=2023-08-07T00:00:00+00:00
[2023-08-09T08:45:18.657+0000] {processor.py:179} INFO - Processing /opt/airflow/dags/Chap5_3.py took 0.076 seconds
[2023-08-09T08:45:50.148+0000] {processor.py:157} INFO - Started process (PID=8888) to work on /opt/airflow/dags/Chap5_3.py
[2023-08-09T08:45:50.150+0000] {processor.py:826} INFO - Processing file /opt/airflow/dags/Chap5_3.py for tasks to queue
[2023-08-09T08:45:50.152+0000] {logging_mixin.py:149} INFO - [2023-08-09T08:45:50.152+0000] {dagbag.py:541} INFO - Filling up the DagBag from /opt/airflow/dags/Chap5_3.py
[2023-08-09T08:45:50.174+0000] {processor.py:836} INFO - DAG(s) dict_keys(['Chap5_3']) retrieved from /opt/airflow/dags/Chap5_3.py
[2023-08-09T08:45:50.202+0000] {logging_mixin.py:149} INFO - [2023-08-09T08:45:50.202+0000] {dag.py:2726} INFO - Sync 1 DAGs
[2023-08-09T08:45:50.226+0000] {logging_mixin.py:149} INFO - [2023-08-09T08:45:50.226+0000] {dag.py:3486} INFO - Setting next_dagrun for Chap5_3 to 2023-08-06T00:00:00+00:00, run_after=2023-08-07T00:00:00+00:00
[2023-08-09T08:45:50.244+0000] {processor.py:179} INFO - Processing /opt/airflow/dags/Chap5_3.py took 0.099 seconds
[2023-08-09T08:46:21.284+0000] {processor.py:157} INFO - Started process (PID=9027) to work on /opt/airflow/dags/Chap5_3.py
[2023-08-09T08:46:21.286+0000] {processor.py:826} INFO - Processing file /opt/airflow/dags/Chap5_3.py for tasks to queue
[2023-08-09T08:46:21.287+0000] {logging_mixin.py:149} INFO - [2023-08-09T08:46:21.287+0000] {dagbag.py:541} INFO - Filling up the DagBag from /opt/airflow/dags/Chap5_3.py
[2023-08-09T08:46:21.302+0000] {processor.py:836} INFO - DAG(s) dict_keys(['Chap5_3']) retrieved from /opt/airflow/dags/Chap5_3.py
[2023-08-09T08:46:21.329+0000] {logging_mixin.py:149} INFO - [2023-08-09T08:46:21.329+0000] {dag.py:2726} INFO - Sync 1 DAGs
[2023-08-09T08:46:21.350+0000] {logging_mixin.py:149} INFO - [2023-08-09T08:46:21.349+0000] {dag.py:3486} INFO - Setting next_dagrun for Chap5_3 to 2023-08-06T00:00:00+00:00, run_after=2023-08-07T00:00:00+00:00
[2023-08-09T08:46:21.363+0000] {processor.py:179} INFO - Processing /opt/airflow/dags/Chap5_3.py took 0.083 seconds
[2023-08-09T08:46:52.306+0000] {processor.py:157} INFO - Started process (PID=9169) to work on /opt/airflow/dags/Chap5_3.py
[2023-08-09T08:46:52.327+0000] {processor.py:826} INFO - Processing file /opt/airflow/dags/Chap5_3.py for tasks to queue
[2023-08-09T08:46:52.328+0000] {logging_mixin.py:149} INFO - [2023-08-09T08:46:52.328+0000] {dagbag.py:541} INFO - Filling up the DagBag from /opt/airflow/dags/Chap5_3.py
[2023-08-09T08:46:52.346+0000] {processor.py:836} INFO - DAG(s) dict_keys(['Chap5_3']) retrieved from /opt/airflow/dags/Chap5_3.py
[2023-08-09T08:46:52.384+0000] {logging_mixin.py:149} INFO - [2023-08-09T08:46:52.384+0000] {dag.py:2726} INFO - Sync 1 DAGs
[2023-08-09T08:46:52.410+0000] {logging_mixin.py:149} INFO - [2023-08-09T08:46:52.410+0000] {dag.py:3486} INFO - Setting next_dagrun for Chap5_3 to 2023-08-06T00:00:00+00:00, run_after=2023-08-07T00:00:00+00:00
[2023-08-09T08:46:52.424+0000] {processor.py:179} INFO - Processing /opt/airflow/dags/Chap5_3.py took 0.121 seconds
[2023-08-09T08:47:23.300+0000] {processor.py:157} INFO - Started process (PID=9308) to work on /opt/airflow/dags/Chap5_3.py
[2023-08-09T08:47:23.302+0000] {processor.py:826} INFO - Processing file /opt/airflow/dags/Chap5_3.py for tasks to queue
[2023-08-09T08:47:23.303+0000] {logging_mixin.py:149} INFO - [2023-08-09T08:47:23.303+0000] {dagbag.py:541} INFO - Filling up the DagBag from /opt/airflow/dags/Chap5_3.py
[2023-08-09T08:47:23.317+0000] {processor.py:836} INFO - DAG(s) dict_keys(['Chap5_3']) retrieved from /opt/airflow/dags/Chap5_3.py
[2023-08-09T08:47:23.339+0000] {logging_mixin.py:149} INFO - [2023-08-09T08:47:23.339+0000] {dag.py:2726} INFO - Sync 1 DAGs
[2023-08-09T08:47:23.353+0000] {logging_mixin.py:149} INFO - [2023-08-09T08:47:23.353+0000] {dag.py:3486} INFO - Setting next_dagrun for Chap5_3 to 2023-08-06T00:00:00+00:00, run_after=2023-08-07T00:00:00+00:00
[2023-08-09T08:47:23.364+0000] {processor.py:179} INFO - Processing /opt/airflow/dags/Chap5_3.py took 0.067 seconds
[2023-08-09T08:47:54.211+0000] {processor.py:157} INFO - Started process (PID=9448) to work on /opt/airflow/dags/Chap5_3.py
[2023-08-09T08:47:54.213+0000] {processor.py:826} INFO - Processing file /opt/airflow/dags/Chap5_3.py for tasks to queue
[2023-08-09T08:47:54.215+0000] {logging_mixin.py:149} INFO - [2023-08-09T08:47:54.215+0000] {dagbag.py:541} INFO - Filling up the DagBag from /opt/airflow/dags/Chap5_3.py
[2023-08-09T08:47:54.236+0000] {processor.py:836} INFO - DAG(s) dict_keys(['Chap5_3']) retrieved from /opt/airflow/dags/Chap5_3.py
[2023-08-09T08:47:54.258+0000] {logging_mixin.py:149} INFO - [2023-08-09T08:47:54.258+0000] {dag.py:2726} INFO - Sync 1 DAGs
[2023-08-09T08:47:54.272+0000] {logging_mixin.py:149} INFO - [2023-08-09T08:47:54.272+0000] {dag.py:3486} INFO - Setting next_dagrun for Chap5_3 to 2023-08-06T00:00:00+00:00, run_after=2023-08-07T00:00:00+00:00
[2023-08-09T08:47:54.283+0000] {processor.py:179} INFO - Processing /opt/airflow/dags/Chap5_3.py took 0.075 seconds
[2023-08-09T08:48:25.198+0000] {processor.py:157} INFO - Started process (PID=9587) to work on /opt/airflow/dags/Chap5_3.py
[2023-08-09T08:48:25.200+0000] {processor.py:826} INFO - Processing file /opt/airflow/dags/Chap5_3.py for tasks to queue
[2023-08-09T08:48:25.202+0000] {logging_mixin.py:149} INFO - [2023-08-09T08:48:25.202+0000] {dagbag.py:541} INFO - Filling up the DagBag from /opt/airflow/dags/Chap5_3.py
[2023-08-09T08:48:25.221+0000] {processor.py:836} INFO - DAG(s) dict_keys(['Chap5_3']) retrieved from /opt/airflow/dags/Chap5_3.py
[2023-08-09T08:48:25.245+0000] {logging_mixin.py:149} INFO - [2023-08-09T08:48:25.245+0000] {dag.py:2726} INFO - Sync 1 DAGs
[2023-08-09T08:48:25.263+0000] {logging_mixin.py:149} INFO - [2023-08-09T08:48:25.262+0000] {dag.py:3486} INFO - Setting next_dagrun for Chap5_3 to 2023-08-06T00:00:00+00:00, run_after=2023-08-07T00:00:00+00:00
[2023-08-09T08:48:25.275+0000] {processor.py:179} INFO - Processing /opt/airflow/dags/Chap5_3.py took 0.081 seconds
[2023-08-09T08:48:55.869+0000] {processor.py:157} INFO - Started process (PID=9723) to work on /opt/airflow/dags/Chap5_3.py
[2023-08-09T08:48:55.871+0000] {processor.py:826} INFO - Processing file /opt/airflow/dags/Chap5_3.py for tasks to queue
[2023-08-09T08:48:55.872+0000] {logging_mixin.py:149} INFO - [2023-08-09T08:48:55.872+0000] {dagbag.py:541} INFO - Filling up the DagBag from /opt/airflow/dags/Chap5_3.py
[2023-08-09T08:48:55.907+0000] {processor.py:836} INFO - DAG(s) dict_keys(['Chap5_3']) retrieved from /opt/airflow/dags/Chap5_3.py
[2023-08-09T08:48:55.937+0000] {logging_mixin.py:149} INFO - [2023-08-09T08:48:55.937+0000] {dag.py:2726} INFO - Sync 1 DAGs
[2023-08-09T08:48:55.953+0000] {logging_mixin.py:149} INFO - [2023-08-09T08:48:55.953+0000] {dag.py:3486} INFO - Setting next_dagrun for Chap5_3 to 2023-08-06T00:00:00+00:00, run_after=2023-08-07T00:00:00+00:00
[2023-08-09T08:48:55.972+0000] {processor.py:179} INFO - Processing /opt/airflow/dags/Chap5_3.py took 0.106 seconds
[2023-08-09T08:49:26.928+0000] {processor.py:157} INFO - Started process (PID=9869) to work on /opt/airflow/dags/Chap5_3.py
[2023-08-09T08:49:26.930+0000] {processor.py:826} INFO - Processing file /opt/airflow/dags/Chap5_3.py for tasks to queue
[2023-08-09T08:49:26.932+0000] {logging_mixin.py:149} INFO - [2023-08-09T08:49:26.932+0000] {dagbag.py:541} INFO - Filling up the DagBag from /opt/airflow/dags/Chap5_3.py
[2023-08-09T08:49:26.946+0000] {processor.py:836} INFO - DAG(s) dict_keys(['Chap5_3']) retrieved from /opt/airflow/dags/Chap5_3.py
[2023-08-09T08:49:26.971+0000] {logging_mixin.py:149} INFO - [2023-08-09T08:49:26.971+0000] {dag.py:2726} INFO - Sync 1 DAGs
[2023-08-09T08:49:27.007+0000] {logging_mixin.py:149} INFO - [2023-08-09T08:49:27.006+0000] {dag.py:3486} INFO - Setting next_dagrun for Chap5_3 to 2023-08-06T00:00:00+00:00, run_after=2023-08-07T00:00:00+00:00
[2023-08-09T08:49:27.021+0000] {processor.py:179} INFO - Processing /opt/airflow/dags/Chap5_3.py took 0.096 seconds
[2023-08-09T08:49:57.504+0000] {processor.py:157} INFO - Started process (PID=10008) to work on /opt/airflow/dags/Chap5_3.py
[2023-08-09T08:49:57.506+0000] {processor.py:826} INFO - Processing file /opt/airflow/dags/Chap5_3.py for tasks to queue
[2023-08-09T08:49:57.508+0000] {logging_mixin.py:149} INFO - [2023-08-09T08:49:57.507+0000] {dagbag.py:541} INFO - Filling up the DagBag from /opt/airflow/dags/Chap5_3.py
[2023-08-09T08:49:57.524+0000] {processor.py:836} INFO - DAG(s) dict_keys(['Chap5_3']) retrieved from /opt/airflow/dags/Chap5_3.py
[2023-08-09T08:49:57.551+0000] {logging_mixin.py:149} INFO - [2023-08-09T08:49:57.551+0000] {dag.py:2726} INFO - Sync 1 DAGs
[2023-08-09T08:49:57.572+0000] {logging_mixin.py:149} INFO - [2023-08-09T08:49:57.571+0000] {dag.py:3486} INFO - Setting next_dagrun for Chap5_3 to 2023-08-06T00:00:00+00:00, run_after=2023-08-07T00:00:00+00:00
[2023-08-09T08:49:57.584+0000] {processor.py:179} INFO - Processing /opt/airflow/dags/Chap5_3.py took 0.083 seconds
[2023-08-09T08:50:28.584+0000] {processor.py:157} INFO - Started process (PID=10147) to work on /opt/airflow/dags/Chap5_3.py
[2023-08-09T08:50:28.587+0000] {processor.py:826} INFO - Processing file /opt/airflow/dags/Chap5_3.py for tasks to queue
[2023-08-09T08:50:28.588+0000] {logging_mixin.py:149} INFO - [2023-08-09T08:50:28.588+0000] {dagbag.py:541} INFO - Filling up the DagBag from /opt/airflow/dags/Chap5_3.py
[2023-08-09T08:50:28.605+0000] {processor.py:836} INFO - DAG(s) dict_keys(['Chap5_3']) retrieved from /opt/airflow/dags/Chap5_3.py
[2023-08-09T08:50:28.631+0000] {logging_mixin.py:149} INFO - [2023-08-09T08:50:28.631+0000] {dag.py:2726} INFO - Sync 1 DAGs
[2023-08-09T08:50:28.649+0000] {logging_mixin.py:149} INFO - [2023-08-09T08:50:28.649+0000] {dag.py:3486} INFO - Setting next_dagrun for Chap5_3 to 2023-08-06T00:00:00+00:00, run_after=2023-08-07T00:00:00+00:00
[2023-08-09T08:50:28.665+0000] {processor.py:179} INFO - Processing /opt/airflow/dags/Chap5_3.py took 0.084 seconds
[2023-08-09T08:50:59.159+0000] {processor.py:157} INFO - Started process (PID=10286) to work on /opt/airflow/dags/Chap5_3.py
[2023-08-09T08:50:59.161+0000] {processor.py:826} INFO - Processing file /opt/airflow/dags/Chap5_3.py for tasks to queue
[2023-08-09T08:50:59.163+0000] {logging_mixin.py:149} INFO - [2023-08-09T08:50:59.163+0000] {dagbag.py:541} INFO - Filling up the DagBag from /opt/airflow/dags/Chap5_3.py
[2023-08-09T08:50:59.180+0000] {processor.py:836} INFO - DAG(s) dict_keys(['Chap5_3']) retrieved from /opt/airflow/dags/Chap5_3.py
[2023-08-09T08:50:59.211+0000] {logging_mixin.py:149} INFO - [2023-08-09T08:50:59.211+0000] {dag.py:2726} INFO - Sync 1 DAGs
[2023-08-09T08:50:59.228+0000] {logging_mixin.py:149} INFO - [2023-08-09T08:50:59.228+0000] {dag.py:3486} INFO - Setting next_dagrun for Chap5_3 to 2023-08-06T00:00:00+00:00, run_after=2023-08-07T00:00:00+00:00
[2023-08-09T08:50:59.243+0000] {processor.py:179} INFO - Processing /opt/airflow/dags/Chap5_3.py took 0.087 seconds
[2023-08-09T08:51:29.696+0000] {processor.py:157} INFO - Started process (PID=10425) to work on /opt/airflow/dags/Chap5_3.py
[2023-08-09T08:51:29.705+0000] {processor.py:826} INFO - Processing file /opt/airflow/dags/Chap5_3.py for tasks to queue
[2023-08-09T08:51:29.707+0000] {logging_mixin.py:149} INFO - [2023-08-09T08:51:29.707+0000] {dagbag.py:541} INFO - Filling up the DagBag from /opt/airflow/dags/Chap5_3.py
[2023-08-09T08:51:29.724+0000] {processor.py:836} INFO - DAG(s) dict_keys(['Chap5_3']) retrieved from /opt/airflow/dags/Chap5_3.py
[2023-08-09T08:51:29.752+0000] {logging_mixin.py:149} INFO - [2023-08-09T08:51:29.751+0000] {dag.py:2726} INFO - Sync 1 DAGs
[2023-08-09T08:51:29.770+0000] {logging_mixin.py:149} INFO - [2023-08-09T08:51:29.770+0000] {dag.py:3486} INFO - Setting next_dagrun for Chap5_3 to 2023-08-06T00:00:00+00:00, run_after=2023-08-07T00:00:00+00:00
[2023-08-09T08:51:29.783+0000] {processor.py:179} INFO - Processing /opt/airflow/dags/Chap5_3.py took 0.091 seconds
[2023-08-09T08:52:00.244+0000] {processor.py:157} INFO - Started process (PID=10564) to work on /opt/airflow/dags/Chap5_3.py
[2023-08-09T08:52:00.246+0000] {processor.py:826} INFO - Processing file /opt/airflow/dags/Chap5_3.py for tasks to queue
[2023-08-09T08:52:00.248+0000] {logging_mixin.py:149} INFO - [2023-08-09T08:52:00.248+0000] {dagbag.py:541} INFO - Filling up the DagBag from /opt/airflow/dags/Chap5_3.py
[2023-08-09T08:52:00.284+0000] {processor.py:836} INFO - DAG(s) dict_keys(['Chap5_3']) retrieved from /opt/airflow/dags/Chap5_3.py
[2023-08-09T08:52:00.307+0000] {logging_mixin.py:149} INFO - [2023-08-09T08:52:00.306+0000] {dag.py:2726} INFO - Sync 1 DAGs
[2023-08-09T08:52:00.322+0000] {logging_mixin.py:149} INFO - [2023-08-09T08:52:00.322+0000] {dag.py:3486} INFO - Setting next_dagrun for Chap5_3 to 2023-08-06T00:00:00+00:00, run_after=2023-08-07T00:00:00+00:00
[2023-08-09T08:52:00.337+0000] {processor.py:179} INFO - Processing /opt/airflow/dags/Chap5_3.py took 0.098 seconds
