[2023-08-09T08:37:37.600+0000] {processor.py:157} INFO - Started process (PID=6655) to work on /opt/airflow/dags/Chap6_1.py
[2023-08-09T08:37:37.602+0000] {processor.py:826} INFO - Processing file /opt/airflow/dags/Chap6_1.py for tasks to queue
[2023-08-09T08:37:37.604+0000] {logging_mixin.py:149} INFO - [2023-08-09T08:37:37.604+0000] {dagbag.py:541} INFO - Filling up the DagBag from /opt/airflow/dags/Chap6_1.py
[2023-08-09T08:37:37.622+0000] {processor.py:836} INFO - DAG(s) dict_keys(['Chap6_1']) retrieved from /opt/airflow/dags/Chap6_1.py
[2023-08-09T08:37:37.648+0000] {logging_mixin.py:149} INFO - [2023-08-09T08:37:37.648+0000] {dag.py:2726} INFO - Sync 1 DAGs
[2023-08-09T08:37:37.667+0000] {logging_mixin.py:149} INFO - [2023-08-09T08:37:37.667+0000] {dag.py:3486} INFO - Setting next_dagrun for Chap6_1 to 2023-08-03T16:00:00+00:00, run_after=2023-08-04T16:00:00+00:00
[2023-08-09T08:37:37.682+0000] {processor.py:179} INFO - Processing /opt/airflow/dags/Chap6_1.py took 0.085 seconds
[2023-08-09T08:38:08.491+0000] {processor.py:157} INFO - Started process (PID=6794) to work on /opt/airflow/dags/Chap6_1.py
[2023-08-09T08:38:08.494+0000] {processor.py:826} INFO - Processing file /opt/airflow/dags/Chap6_1.py for tasks to queue
[2023-08-09T08:38:08.495+0000] {logging_mixin.py:149} INFO - [2023-08-09T08:38:08.495+0000] {dagbag.py:541} INFO - Filling up the DagBag from /opt/airflow/dags/Chap6_1.py
[2023-08-09T08:38:08.509+0000] {processor.py:836} INFO - DAG(s) dict_keys(['Chap6_1']) retrieved from /opt/airflow/dags/Chap6_1.py
[2023-08-09T08:38:08.532+0000] {logging_mixin.py:149} INFO - [2023-08-09T08:38:08.532+0000] {dag.py:2726} INFO - Sync 1 DAGs
[2023-08-09T08:38:08.547+0000] {logging_mixin.py:149} INFO - [2023-08-09T08:38:08.547+0000] {dag.py:3486} INFO - Setting next_dagrun for Chap6_1 to 2023-08-03T16:00:00+00:00, run_after=2023-08-04T16:00:00+00:00
[2023-08-09T08:38:08.559+0000] {processor.py:179} INFO - Processing /opt/airflow/dags/Chap6_1.py took 0.071 seconds
[2023-08-09T08:38:39.342+0000] {processor.py:157} INFO - Started process (PID=6934) to work on /opt/airflow/dags/Chap6_1.py
[2023-08-09T08:38:39.344+0000] {processor.py:826} INFO - Processing file /opt/airflow/dags/Chap6_1.py for tasks to queue
[2023-08-09T08:38:39.345+0000] {logging_mixin.py:149} INFO - [2023-08-09T08:38:39.345+0000] {dagbag.py:541} INFO - Filling up the DagBag from /opt/airflow/dags/Chap6_1.py
[2023-08-09T08:38:39.361+0000] {processor.py:836} INFO - DAG(s) dict_keys(['Chap6_1']) retrieved from /opt/airflow/dags/Chap6_1.py
[2023-08-09T08:38:39.382+0000] {logging_mixin.py:149} INFO - [2023-08-09T08:38:39.382+0000] {dag.py:2726} INFO - Sync 1 DAGs
[2023-08-09T08:38:39.397+0000] {logging_mixin.py:149} INFO - [2023-08-09T08:38:39.397+0000] {dag.py:3486} INFO - Setting next_dagrun for Chap6_1 to 2023-08-03T16:00:00+00:00, run_after=2023-08-04T16:00:00+00:00
[2023-08-09T08:38:39.410+0000] {processor.py:179} INFO - Processing /opt/airflow/dags/Chap6_1.py took 0.071 seconds
[2023-08-09T08:39:10.228+0000] {processor.py:157} INFO - Started process (PID=7073) to work on /opt/airflow/dags/Chap6_1.py
[2023-08-09T08:39:10.230+0000] {processor.py:826} INFO - Processing file /opt/airflow/dags/Chap6_1.py for tasks to queue
[2023-08-09T08:39:10.231+0000] {logging_mixin.py:149} INFO - [2023-08-09T08:39:10.231+0000] {dagbag.py:541} INFO - Filling up the DagBag from /opt/airflow/dags/Chap6_1.py
[2023-08-09T08:39:10.245+0000] {processor.py:836} INFO - DAG(s) dict_keys(['Chap6_1']) retrieved from /opt/airflow/dags/Chap6_1.py
[2023-08-09T08:39:10.267+0000] {logging_mixin.py:149} INFO - [2023-08-09T08:39:10.267+0000] {dag.py:2726} INFO - Sync 1 DAGs
[2023-08-09T08:39:10.282+0000] {logging_mixin.py:149} INFO - [2023-08-09T08:39:10.282+0000] {dag.py:3486} INFO - Setting next_dagrun for Chap6_1 to 2023-08-03T16:00:00+00:00, run_after=2023-08-04T16:00:00+00:00
[2023-08-09T08:39:10.294+0000] {processor.py:179} INFO - Processing /opt/airflow/dags/Chap6_1.py took 0.068 seconds
[2023-08-09T08:39:40.863+0000] {processor.py:157} INFO - Started process (PID=7212) to work on /opt/airflow/dags/Chap6_1.py
[2023-08-09T08:39:40.867+0000] {processor.py:826} INFO - Processing file /opt/airflow/dags/Chap6_1.py for tasks to queue
[2023-08-09T08:39:40.868+0000] {logging_mixin.py:149} INFO - [2023-08-09T08:39:40.868+0000] {dagbag.py:541} INFO - Filling up the DagBag from /opt/airflow/dags/Chap6_1.py
[2023-08-09T08:39:40.883+0000] {processor.py:836} INFO - DAG(s) dict_keys(['Chap6_1']) retrieved from /opt/airflow/dags/Chap6_1.py
[2023-08-09T08:39:40.917+0000] {logging_mixin.py:149} INFO - [2023-08-09T08:39:40.917+0000] {dag.py:2726} INFO - Sync 1 DAGs
[2023-08-09T08:39:40.932+0000] {logging_mixin.py:149} INFO - [2023-08-09T08:39:40.932+0000] {dag.py:3486} INFO - Setting next_dagrun for Chap6_1 to 2023-08-03T16:00:00+00:00, run_after=2023-08-04T16:00:00+00:00
[2023-08-09T08:39:40.944+0000] {processor.py:179} INFO - Processing /opt/airflow/dags/Chap6_1.py took 0.084 seconds
[2023-08-09T08:40:11.688+0000] {processor.py:157} INFO - Started process (PID=7351) to work on /opt/airflow/dags/Chap6_1.py
[2023-08-09T08:40:11.690+0000] {processor.py:826} INFO - Processing file /opt/airflow/dags/Chap6_1.py for tasks to queue
[2023-08-09T08:40:11.691+0000] {logging_mixin.py:149} INFO - [2023-08-09T08:40:11.691+0000] {dagbag.py:541} INFO - Filling up the DagBag from /opt/airflow/dags/Chap6_1.py
[2023-08-09T08:40:11.706+0000] {processor.py:836} INFO - DAG(s) dict_keys(['Chap6_1']) retrieved from /opt/airflow/dags/Chap6_1.py
[2023-08-09T08:40:11.730+0000] {logging_mixin.py:149} INFO - [2023-08-09T08:40:11.730+0000] {dag.py:2726} INFO - Sync 1 DAGs
[2023-08-09T08:40:11.745+0000] {logging_mixin.py:149} INFO - [2023-08-09T08:40:11.744+0000] {dag.py:3486} INFO - Setting next_dagrun for Chap6_1 to 2023-08-03T16:00:00+00:00, run_after=2023-08-04T16:00:00+00:00
[2023-08-09T08:40:11.757+0000] {processor.py:179} INFO - Processing /opt/airflow/dags/Chap6_1.py took 0.071 seconds
[2023-08-09T08:40:42.185+0000] {processor.py:157} INFO - Started process (PID=7490) to work on /opt/airflow/dags/Chap6_1.py
[2023-08-09T08:40:42.186+0000] {processor.py:826} INFO - Processing file /opt/airflow/dags/Chap6_1.py for tasks to queue
[2023-08-09T08:40:42.188+0000] {logging_mixin.py:149} INFO - [2023-08-09T08:40:42.188+0000] {dagbag.py:541} INFO - Filling up the DagBag from /opt/airflow/dags/Chap6_1.py
[2023-08-09T08:40:42.205+0000] {processor.py:836} INFO - DAG(s) dict_keys(['Chap6_1']) retrieved from /opt/airflow/dags/Chap6_1.py
[2023-08-09T08:40:42.228+0000] {logging_mixin.py:149} INFO - [2023-08-09T08:40:42.228+0000] {dag.py:2726} INFO - Sync 1 DAGs
[2023-08-09T08:40:42.243+0000] {logging_mixin.py:149} INFO - [2023-08-09T08:40:42.243+0000] {dag.py:3486} INFO - Setting next_dagrun for Chap6_1 to 2023-08-03T16:00:00+00:00, run_after=2023-08-04T16:00:00+00:00
[2023-08-09T08:40:42.253+0000] {processor.py:179} INFO - Processing /opt/airflow/dags/Chap6_1.py took 0.072 seconds
[2023-08-09T08:41:12.752+0000] {processor.py:157} INFO - Started process (PID=7629) to work on /opt/airflow/dags/Chap6_1.py
[2023-08-09T08:41:12.754+0000] {processor.py:826} INFO - Processing file /opt/airflow/dags/Chap6_1.py for tasks to queue
[2023-08-09T08:41:12.755+0000] {logging_mixin.py:149} INFO - [2023-08-09T08:41:12.755+0000] {dagbag.py:541} INFO - Filling up the DagBag from /opt/airflow/dags/Chap6_1.py
[2023-08-09T08:41:12.768+0000] {processor.py:836} INFO - DAG(s) dict_keys(['Chap6_1']) retrieved from /opt/airflow/dags/Chap6_1.py
[2023-08-09T08:41:12.791+0000] {logging_mixin.py:149} INFO - [2023-08-09T08:41:12.791+0000] {dag.py:2726} INFO - Sync 1 DAGs
[2023-08-09T08:41:12.805+0000] {logging_mixin.py:149} INFO - [2023-08-09T08:41:12.805+0000] {dag.py:3486} INFO - Setting next_dagrun for Chap6_1 to 2023-08-03T16:00:00+00:00, run_after=2023-08-04T16:00:00+00:00
[2023-08-09T08:41:12.817+0000] {processor.py:179} INFO - Processing /opt/airflow/dags/Chap6_1.py took 0.067 seconds
[2023-08-09T08:41:43.386+0000] {processor.py:157} INFO - Started process (PID=7768) to work on /opt/airflow/dags/Chap6_1.py
[2023-08-09T08:41:43.388+0000] {processor.py:826} INFO - Processing file /opt/airflow/dags/Chap6_1.py for tasks to queue
[2023-08-09T08:41:43.391+0000] {logging_mixin.py:149} INFO - [2023-08-09T08:41:43.391+0000] {dagbag.py:541} INFO - Filling up the DagBag from /opt/airflow/dags/Chap6_1.py
[2023-08-09T08:41:43.424+0000] {processor.py:836} INFO - DAG(s) dict_keys(['Chap6_1']) retrieved from /opt/airflow/dags/Chap6_1.py
[2023-08-09T08:41:43.446+0000] {logging_mixin.py:149} INFO - [2023-08-09T08:41:43.446+0000] {dag.py:2726} INFO - Sync 1 DAGs
[2023-08-09T08:41:43.460+0000] {logging_mixin.py:149} INFO - [2023-08-09T08:41:43.460+0000] {dag.py:3486} INFO - Setting next_dagrun for Chap6_1 to 2023-08-03T16:00:00+00:00, run_after=2023-08-04T16:00:00+00:00
[2023-08-09T08:41:43.471+0000] {processor.py:179} INFO - Processing /opt/airflow/dags/Chap6_1.py took 0.088 seconds
[2023-08-09T08:42:13.981+0000] {processor.py:157} INFO - Started process (PID=7905) to work on /opt/airflow/dags/Chap6_1.py
[2023-08-09T08:42:13.983+0000] {processor.py:826} INFO - Processing file /opt/airflow/dags/Chap6_1.py for tasks to queue
[2023-08-09T08:42:13.985+0000] {logging_mixin.py:149} INFO - [2023-08-09T08:42:13.985+0000] {dagbag.py:541} INFO - Filling up the DagBag from /opt/airflow/dags/Chap6_1.py
[2023-08-09T08:42:14.004+0000] {processor.py:836} INFO - DAG(s) dict_keys(['Chap6_1']) retrieved from /opt/airflow/dags/Chap6_1.py
[2023-08-09T08:42:14.027+0000] {logging_mixin.py:149} INFO - [2023-08-09T08:42:14.027+0000] {dag.py:2726} INFO - Sync 1 DAGs
[2023-08-09T08:42:14.043+0000] {logging_mixin.py:149} INFO - [2023-08-09T08:42:14.043+0000] {dag.py:3486} INFO - Setting next_dagrun for Chap6_1 to 2023-08-03T16:00:00+00:00, run_after=2023-08-04T16:00:00+00:00
[2023-08-09T08:42:14.056+0000] {processor.py:179} INFO - Processing /opt/airflow/dags/Chap6_1.py took 0.078 seconds
[2023-08-09T08:42:44.410+0000] {processor.py:157} INFO - Started process (PID=8046) to work on /opt/airflow/dags/Chap6_1.py
[2023-08-09T08:42:44.419+0000] {processor.py:826} INFO - Processing file /opt/airflow/dags/Chap6_1.py for tasks to queue
[2023-08-09T08:42:44.420+0000] {logging_mixin.py:149} INFO - [2023-08-09T08:42:44.420+0000] {dagbag.py:541} INFO - Filling up the DagBag from /opt/airflow/dags/Chap6_1.py
[2023-08-09T08:42:44.434+0000] {processor.py:836} INFO - DAG(s) dict_keys(['Chap6_1']) retrieved from /opt/airflow/dags/Chap6_1.py
[2023-08-09T08:42:44.463+0000] {logging_mixin.py:149} INFO - [2023-08-09T08:42:44.463+0000] {dag.py:2726} INFO - Sync 1 DAGs
[2023-08-09T08:42:44.479+0000] {logging_mixin.py:149} INFO - [2023-08-09T08:42:44.479+0000] {dag.py:3486} INFO - Setting next_dagrun for Chap6_1 to 2023-08-03T16:00:00+00:00, run_after=2023-08-04T16:00:00+00:00
[2023-08-09T08:42:44.492+0000] {processor.py:179} INFO - Processing /opt/airflow/dags/Chap6_1.py took 0.084 seconds
[2023-08-09T08:43:14.831+0000] {processor.py:157} INFO - Started process (PID=8183) to work on /opt/airflow/dags/Chap6_1.py
[2023-08-09T08:43:14.832+0000] {processor.py:826} INFO - Processing file /opt/airflow/dags/Chap6_1.py for tasks to queue
[2023-08-09T08:43:14.834+0000] {logging_mixin.py:149} INFO - [2023-08-09T08:43:14.834+0000] {dagbag.py:541} INFO - Filling up the DagBag from /opt/airflow/dags/Chap6_1.py
[2023-08-09T08:43:14.866+0000] {processor.py:836} INFO - DAG(s) dict_keys(['Chap6_1']) retrieved from /opt/airflow/dags/Chap6_1.py
[2023-08-09T08:43:14.892+0000] {logging_mixin.py:149} INFO - [2023-08-09T08:43:14.892+0000] {dag.py:2726} INFO - Sync 1 DAGs
[2023-08-09T08:43:14.912+0000] {logging_mixin.py:149} INFO - [2023-08-09T08:43:14.912+0000] {dag.py:3486} INFO - Setting next_dagrun for Chap6_1 to 2023-08-03T16:00:00+00:00, run_after=2023-08-04T16:00:00+00:00
[2023-08-09T08:43:14.929+0000] {processor.py:179} INFO - Processing /opt/airflow/dags/Chap6_1.py took 0.102 seconds
[2023-08-09T08:43:46.201+0000] {processor.py:157} INFO - Started process (PID=8322) to work on /opt/airflow/dags/Chap6_1.py
[2023-08-09T08:43:46.203+0000] {processor.py:826} INFO - Processing file /opt/airflow/dags/Chap6_1.py for tasks to queue
[2023-08-09T08:43:46.204+0000] {logging_mixin.py:149} INFO - [2023-08-09T08:43:46.204+0000] {dagbag.py:541} INFO - Filling up the DagBag from /opt/airflow/dags/Chap6_1.py
[2023-08-09T08:43:46.226+0000] {processor.py:836} INFO - DAG(s) dict_keys(['Chap6_1']) retrieved from /opt/airflow/dags/Chap6_1.py
[2023-08-09T08:43:46.249+0000] {logging_mixin.py:149} INFO - [2023-08-09T08:43:46.249+0000] {dag.py:2726} INFO - Sync 1 DAGs
[2023-08-09T08:43:46.274+0000] {logging_mixin.py:149} INFO - [2023-08-09T08:43:46.274+0000] {dag.py:3486} INFO - Setting next_dagrun for Chap6_1 to 2023-08-03T16:00:00+00:00, run_after=2023-08-04T16:00:00+00:00
[2023-08-09T08:43:46.290+0000] {processor.py:179} INFO - Processing /opt/airflow/dags/Chap6_1.py took 0.092 seconds
[2023-08-09T08:44:16.821+0000] {processor.py:157} INFO - Started process (PID=8463) to work on /opt/airflow/dags/Chap6_1.py
[2023-08-09T08:44:16.823+0000] {processor.py:826} INFO - Processing file /opt/airflow/dags/Chap6_1.py for tasks to queue
[2023-08-09T08:44:16.824+0000] {logging_mixin.py:149} INFO - [2023-08-09T08:44:16.824+0000] {dagbag.py:541} INFO - Filling up the DagBag from /opt/airflow/dags/Chap6_1.py
[2023-08-09T08:44:16.837+0000] {processor.py:836} INFO - DAG(s) dict_keys(['Chap6_1']) retrieved from /opt/airflow/dags/Chap6_1.py
[2023-08-09T08:44:16.858+0000] {logging_mixin.py:149} INFO - [2023-08-09T08:44:16.858+0000] {dag.py:2726} INFO - Sync 1 DAGs
[2023-08-09T08:44:16.872+0000] {logging_mixin.py:149} INFO - [2023-08-09T08:44:16.872+0000] {dag.py:3486} INFO - Setting next_dagrun for Chap6_1 to 2023-08-03T16:00:00+00:00, run_after=2023-08-04T16:00:00+00:00
[2023-08-09T08:44:16.883+0000] {processor.py:179} INFO - Processing /opt/airflow/dags/Chap6_1.py took 0.065 seconds
[2023-08-09T08:44:47.664+0000] {processor.py:157} INFO - Started process (PID=8600) to work on /opt/airflow/dags/Chap6_1.py
[2023-08-09T08:44:47.666+0000] {processor.py:826} INFO - Processing file /opt/airflow/dags/Chap6_1.py for tasks to queue
[2023-08-09T08:44:47.668+0000] {logging_mixin.py:149} INFO - [2023-08-09T08:44:47.668+0000] {dagbag.py:541} INFO - Filling up the DagBag from /opt/airflow/dags/Chap6_1.py
[2023-08-09T08:44:47.688+0000] {processor.py:836} INFO - DAG(s) dict_keys(['Chap6_1']) retrieved from /opt/airflow/dags/Chap6_1.py
[2023-08-09T08:44:47.719+0000] {logging_mixin.py:149} INFO - [2023-08-09T08:44:47.719+0000] {dag.py:2726} INFO - Sync 1 DAGs
[2023-08-09T08:44:47.751+0000] {logging_mixin.py:149} INFO - [2023-08-09T08:44:47.751+0000] {dag.py:3486} INFO - Setting next_dagrun for Chap6_1 to 2023-08-03T16:00:00+00:00, run_after=2023-08-04T16:00:00+00:00
[2023-08-09T08:44:47.767+0000] {processor.py:179} INFO - Processing /opt/airflow/dags/Chap6_1.py took 0.106 seconds
[2023-08-09T08:45:18.438+0000] {processor.py:157} INFO - Started process (PID=8741) to work on /opt/airflow/dags/Chap6_1.py
[2023-08-09T08:45:18.440+0000] {processor.py:826} INFO - Processing file /opt/airflow/dags/Chap6_1.py for tasks to queue
[2023-08-09T08:45:18.441+0000] {logging_mixin.py:149} INFO - [2023-08-09T08:45:18.441+0000] {dagbag.py:541} INFO - Filling up the DagBag from /opt/airflow/dags/Chap6_1.py
[2023-08-09T08:45:18.480+0000] {processor.py:836} INFO - DAG(s) dict_keys(['Chap6_1']) retrieved from /opt/airflow/dags/Chap6_1.py
[2023-08-09T08:45:18.505+0000] {logging_mixin.py:149} INFO - [2023-08-09T08:45:18.505+0000] {dag.py:2726} INFO - Sync 1 DAGs
[2023-08-09T08:45:18.521+0000] {logging_mixin.py:149} INFO - [2023-08-09T08:45:18.521+0000] {dag.py:3486} INFO - Setting next_dagrun for Chap6_1 to 2023-08-03T16:00:00+00:00, run_after=2023-08-04T16:00:00+00:00
[2023-08-09T08:45:18.537+0000] {processor.py:179} INFO - Processing /opt/airflow/dags/Chap6_1.py took 0.102 seconds
[2023-08-09T08:45:49.997+0000] {processor.py:157} INFO - Started process (PID=8878) to work on /opt/airflow/dags/Chap6_1.py
[2023-08-09T08:45:49.999+0000] {processor.py:826} INFO - Processing file /opt/airflow/dags/Chap6_1.py for tasks to queue
[2023-08-09T08:45:50.000+0000] {logging_mixin.py:149} INFO - [2023-08-09T08:45:50.000+0000] {dagbag.py:541} INFO - Filling up the DagBag from /opt/airflow/dags/Chap6_1.py
[2023-08-09T08:45:50.019+0000] {processor.py:836} INFO - DAG(s) dict_keys(['Chap6_1']) retrieved from /opt/airflow/dags/Chap6_1.py
[2023-08-09T08:45:50.044+0000] {logging_mixin.py:149} INFO - [2023-08-09T08:45:50.044+0000] {dag.py:2726} INFO - Sync 1 DAGs
[2023-08-09T08:45:50.082+0000] {logging_mixin.py:149} INFO - [2023-08-09T08:45:50.082+0000] {dag.py:3486} INFO - Setting next_dagrun for Chap6_1 to 2023-08-03T16:00:00+00:00, run_after=2023-08-04T16:00:00+00:00
[2023-08-09T08:45:50.099+0000] {processor.py:179} INFO - Processing /opt/airflow/dags/Chap6_1.py took 0.106 seconds
[2023-08-09T08:46:21.116+0000] {processor.py:157} INFO - Started process (PID=9017) to work on /opt/airflow/dags/Chap6_1.py
[2023-08-09T08:46:21.118+0000] {processor.py:826} INFO - Processing file /opt/airflow/dags/Chap6_1.py for tasks to queue
[2023-08-09T08:46:21.120+0000] {logging_mixin.py:149} INFO - [2023-08-09T08:46:21.120+0000] {dagbag.py:541} INFO - Filling up the DagBag from /opt/airflow/dags/Chap6_1.py
[2023-08-09T08:46:21.162+0000] {processor.py:836} INFO - DAG(s) dict_keys(['Chap6_1']) retrieved from /opt/airflow/dags/Chap6_1.py
[2023-08-09T08:46:21.193+0000] {logging_mixin.py:149} INFO - [2023-08-09T08:46:21.193+0000] {dag.py:2726} INFO - Sync 1 DAGs
[2023-08-09T08:46:21.213+0000] {logging_mixin.py:149} INFO - [2023-08-09T08:46:21.213+0000] {dag.py:3486} INFO - Setting next_dagrun for Chap6_1 to 2023-08-03T16:00:00+00:00, run_after=2023-08-04T16:00:00+00:00
[2023-08-09T08:46:21.227+0000] {processor.py:179} INFO - Processing /opt/airflow/dags/Chap6_1.py took 0.114 seconds
[2023-08-09T08:46:52.184+0000] {processor.py:157} INFO - Started process (PID=9159) to work on /opt/airflow/dags/Chap6_1.py
[2023-08-09T08:46:52.186+0000] {processor.py:826} INFO - Processing file /opt/airflow/dags/Chap6_1.py for tasks to queue
[2023-08-09T08:46:52.193+0000] {logging_mixin.py:149} INFO - [2023-08-09T08:46:52.193+0000] {dagbag.py:541} INFO - Filling up the DagBag from /opt/airflow/dags/Chap6_1.py
[2023-08-09T08:46:52.209+0000] {processor.py:836} INFO - DAG(s) dict_keys(['Chap6_1']) retrieved from /opt/airflow/dags/Chap6_1.py
[2023-08-09T08:46:52.234+0000] {logging_mixin.py:149} INFO - [2023-08-09T08:46:52.234+0000] {dag.py:2726} INFO - Sync 1 DAGs
[2023-08-09T08:46:52.251+0000] {logging_mixin.py:149} INFO - [2023-08-09T08:46:52.250+0000] {dag.py:3486} INFO - Setting next_dagrun for Chap6_1 to 2023-08-03T16:00:00+00:00, run_after=2023-08-04T16:00:00+00:00
[2023-08-09T08:46:52.265+0000] {processor.py:179} INFO - Processing /opt/airflow/dags/Chap6_1.py took 0.084 seconds
[2023-08-09T08:47:23.162+0000] {processor.py:157} INFO - Started process (PID=9298) to work on /opt/airflow/dags/Chap6_1.py
[2023-08-09T08:47:23.165+0000] {processor.py:826} INFO - Processing file /opt/airflow/dags/Chap6_1.py for tasks to queue
[2023-08-09T08:47:23.166+0000] {logging_mixin.py:149} INFO - [2023-08-09T08:47:23.166+0000] {dagbag.py:541} INFO - Filling up the DagBag from /opt/airflow/dags/Chap6_1.py
[2023-08-09T08:47:23.188+0000] {processor.py:836} INFO - DAG(s) dict_keys(['Chap6_1']) retrieved from /opt/airflow/dags/Chap6_1.py
[2023-08-09T08:47:23.211+0000] {logging_mixin.py:149} INFO - [2023-08-09T08:47:23.211+0000] {dag.py:2726} INFO - Sync 1 DAGs
[2023-08-09T08:47:23.226+0000] {logging_mixin.py:149} INFO - [2023-08-09T08:47:23.226+0000] {dag.py:3486} INFO - Setting next_dagrun for Chap6_1 to 2023-08-03T16:00:00+00:00, run_after=2023-08-04T16:00:00+00:00
[2023-08-09T08:47:23.241+0000] {processor.py:179} INFO - Processing /opt/airflow/dags/Chap6_1.py took 0.081 seconds
[2023-08-09T08:47:54.069+0000] {processor.py:157} INFO - Started process (PID=9438) to work on /opt/airflow/dags/Chap6_1.py
[2023-08-09T08:47:54.072+0000] {processor.py:826} INFO - Processing file /opt/airflow/dags/Chap6_1.py for tasks to queue
[2023-08-09T08:47:54.074+0000] {logging_mixin.py:149} INFO - [2023-08-09T08:47:54.074+0000] {dagbag.py:541} INFO - Filling up the DagBag from /opt/airflow/dags/Chap6_1.py
[2023-08-09T08:47:54.110+0000] {processor.py:836} INFO - DAG(s) dict_keys(['Chap6_1']) retrieved from /opt/airflow/dags/Chap6_1.py
[2023-08-09T08:47:54.137+0000] {logging_mixin.py:149} INFO - [2023-08-09T08:47:54.136+0000] {dag.py:2726} INFO - Sync 1 DAGs
[2023-08-09T08:47:54.155+0000] {logging_mixin.py:149} INFO - [2023-08-09T08:47:54.154+0000] {dag.py:3486} INFO - Setting next_dagrun for Chap6_1 to 2023-08-03T16:00:00+00:00, run_after=2023-08-04T16:00:00+00:00
[2023-08-09T08:47:54.168+0000] {processor.py:179} INFO - Processing /opt/airflow/dags/Chap6_1.py took 0.103 seconds
[2023-08-09T08:48:25.048+0000] {processor.py:157} INFO - Started process (PID=9577) to work on /opt/airflow/dags/Chap6_1.py
[2023-08-09T08:48:25.050+0000] {processor.py:826} INFO - Processing file /opt/airflow/dags/Chap6_1.py for tasks to queue
[2023-08-09T08:48:25.052+0000] {logging_mixin.py:149} INFO - [2023-08-09T08:48:25.052+0000] {dagbag.py:541} INFO - Filling up the DagBag from /opt/airflow/dags/Chap6_1.py
[2023-08-09T08:48:25.069+0000] {processor.py:836} INFO - DAG(s) dict_keys(['Chap6_1']) retrieved from /opt/airflow/dags/Chap6_1.py
[2023-08-09T08:48:25.103+0000] {logging_mixin.py:149} INFO - [2023-08-09T08:48:25.103+0000] {dag.py:2726} INFO - Sync 1 DAGs
[2023-08-09T08:48:25.124+0000] {logging_mixin.py:149} INFO - [2023-08-09T08:48:25.124+0000] {dag.py:3486} INFO - Setting next_dagrun for Chap6_1 to 2023-08-03T16:00:00+00:00, run_after=2023-08-04T16:00:00+00:00
[2023-08-09T08:48:25.141+0000] {processor.py:179} INFO - Processing /opt/airflow/dags/Chap6_1.py took 0.098 seconds
[2023-08-09T08:48:55.741+0000] {processor.py:157} INFO - Started process (PID=9713) to work on /opt/airflow/dags/Chap6_1.py
[2023-08-09T08:48:55.747+0000] {processor.py:826} INFO - Processing file /opt/airflow/dags/Chap6_1.py for tasks to queue
[2023-08-09T08:48:55.749+0000] {logging_mixin.py:149} INFO - [2023-08-09T08:48:55.749+0000] {dagbag.py:541} INFO - Filling up the DagBag from /opt/airflow/dags/Chap6_1.py
[2023-08-09T08:48:55.764+0000] {processor.py:836} INFO - DAG(s) dict_keys(['Chap6_1']) retrieved from /opt/airflow/dags/Chap6_1.py
[2023-08-09T08:48:55.801+0000] {logging_mixin.py:149} INFO - [2023-08-09T08:48:55.801+0000] {dag.py:2726} INFO - Sync 1 DAGs
[2023-08-09T08:48:55.817+0000] {logging_mixin.py:149} INFO - [2023-08-09T08:48:55.817+0000] {dag.py:3486} INFO - Setting next_dagrun for Chap6_1 to 2023-08-03T16:00:00+00:00, run_after=2023-08-04T16:00:00+00:00
[2023-08-09T08:48:55.829+0000] {processor.py:179} INFO - Processing /opt/airflow/dags/Chap6_1.py took 0.091 seconds
[2023-08-09T08:49:26.808+0000] {processor.py:157} INFO - Started process (PID=9861) to work on /opt/airflow/dags/Chap6_1.py
[2023-08-09T08:49:26.810+0000] {processor.py:826} INFO - Processing file /opt/airflow/dags/Chap6_1.py for tasks to queue
[2023-08-09T08:49:26.811+0000] {logging_mixin.py:149} INFO - [2023-08-09T08:49:26.811+0000] {dagbag.py:541} INFO - Filling up the DagBag from /opt/airflow/dags/Chap6_1.py
[2023-08-09T08:49:26.831+0000] {processor.py:836} INFO - DAG(s) dict_keys(['Chap6_1']) retrieved from /opt/airflow/dags/Chap6_1.py
[2023-08-09T08:49:26.857+0000] {logging_mixin.py:149} INFO - [2023-08-09T08:49:26.857+0000] {dag.py:2726} INFO - Sync 1 DAGs
[2023-08-09T08:49:26.874+0000] {logging_mixin.py:149} INFO - [2023-08-09T08:49:26.874+0000] {dag.py:3486} INFO - Setting next_dagrun for Chap6_1 to 2023-08-03T16:00:00+00:00, run_after=2023-08-04T16:00:00+00:00
[2023-08-09T08:49:26.888+0000] {processor.py:179} INFO - Processing /opt/airflow/dags/Chap6_1.py took 0.082 seconds
[2023-08-09T08:49:57.379+0000] {processor.py:157} INFO - Started process (PID=9999) to work on /opt/airflow/dags/Chap6_1.py
[2023-08-09T08:49:57.381+0000] {processor.py:826} INFO - Processing file /opt/airflow/dags/Chap6_1.py for tasks to queue
[2023-08-09T08:49:57.382+0000] {logging_mixin.py:149} INFO - [2023-08-09T08:49:57.382+0000] {dagbag.py:541} INFO - Filling up the DagBag from /opt/airflow/dags/Chap6_1.py
[2023-08-09T08:49:57.395+0000] {processor.py:836} INFO - DAG(s) dict_keys(['Chap6_1']) retrieved from /opt/airflow/dags/Chap6_1.py
[2023-08-09T08:49:57.424+0000] {logging_mixin.py:149} INFO - [2023-08-09T08:49:57.424+0000] {dag.py:2726} INFO - Sync 1 DAGs
[2023-08-09T08:49:57.441+0000] {logging_mixin.py:149} INFO - [2023-08-09T08:49:57.441+0000] {dag.py:3486} INFO - Setting next_dagrun for Chap6_1 to 2023-08-03T16:00:00+00:00, run_after=2023-08-04T16:00:00+00:00
[2023-08-09T08:49:57.453+0000] {processor.py:179} INFO - Processing /opt/airflow/dags/Chap6_1.py took 0.078 seconds
[2023-08-09T08:50:28.444+0000] {processor.py:157} INFO - Started process (PID=10137) to work on /opt/airflow/dags/Chap6_1.py
[2023-08-09T08:50:28.446+0000] {processor.py:826} INFO - Processing file /opt/airflow/dags/Chap6_1.py for tasks to queue
[2023-08-09T08:50:28.447+0000] {logging_mixin.py:149} INFO - [2023-08-09T08:50:28.447+0000] {dagbag.py:541} INFO - Filling up the DagBag from /opt/airflow/dags/Chap6_1.py
[2023-08-09T08:50:28.480+0000] {processor.py:836} INFO - DAG(s) dict_keys(['Chap6_1']) retrieved from /opt/airflow/dags/Chap6_1.py
[2023-08-09T08:50:28.504+0000] {logging_mixin.py:149} INFO - [2023-08-09T08:50:28.504+0000] {dag.py:2726} INFO - Sync 1 DAGs
[2023-08-09T08:50:28.521+0000] {logging_mixin.py:149} INFO - [2023-08-09T08:50:28.521+0000] {dag.py:3486} INFO - Setting next_dagrun for Chap6_1 to 2023-08-03T16:00:00+00:00, run_after=2023-08-04T16:00:00+00:00
[2023-08-09T08:50:28.535+0000] {processor.py:179} INFO - Processing /opt/airflow/dags/Chap6_1.py took 0.094 seconds
[2023-08-09T08:50:59.015+0000] {processor.py:157} INFO - Started process (PID=10276) to work on /opt/airflow/dags/Chap6_1.py
[2023-08-09T08:50:59.017+0000] {processor.py:826} INFO - Processing file /opt/airflow/dags/Chap6_1.py for tasks to queue
[2023-08-09T08:50:59.025+0000] {logging_mixin.py:149} INFO - [2023-08-09T08:50:59.025+0000] {dagbag.py:541} INFO - Filling up the DagBag from /opt/airflow/dags/Chap6_1.py
[2023-08-09T08:50:59.040+0000] {processor.py:836} INFO - DAG(s) dict_keys(['Chap6_1']) retrieved from /opt/airflow/dags/Chap6_1.py
[2023-08-09T08:50:59.064+0000] {logging_mixin.py:149} INFO - [2023-08-09T08:50:59.064+0000] {dag.py:2726} INFO - Sync 1 DAGs
[2023-08-09T08:50:59.080+0000] {logging_mixin.py:149} INFO - [2023-08-09T08:50:59.080+0000] {dag.py:3486} INFO - Setting next_dagrun for Chap6_1 to 2023-08-03T16:00:00+00:00, run_after=2023-08-04T16:00:00+00:00
[2023-08-09T08:50:59.095+0000] {processor.py:179} INFO - Processing /opt/airflow/dags/Chap6_1.py took 0.083 seconds
[2023-08-09T08:51:29.404+0000] {processor.py:157} INFO - Started process (PID=10415) to work on /opt/airflow/dags/Chap6_1.py
[2023-08-09T08:51:29.407+0000] {processor.py:826} INFO - Processing file /opt/airflow/dags/Chap6_1.py for tasks to queue
[2023-08-09T08:51:29.409+0000] {logging_mixin.py:149} INFO - [2023-08-09T08:51:29.409+0000] {dagbag.py:541} INFO - Filling up the DagBag from /opt/airflow/dags/Chap6_1.py
[2023-08-09T08:51:29.424+0000] {processor.py:836} INFO - DAG(s) dict_keys(['Chap6_1']) retrieved from /opt/airflow/dags/Chap6_1.py
[2023-08-09T08:51:29.449+0000] {logging_mixin.py:149} INFO - [2023-08-09T08:51:29.448+0000] {dag.py:2726} INFO - Sync 1 DAGs
[2023-08-09T08:51:29.467+0000] {logging_mixin.py:149} INFO - [2023-08-09T08:51:29.467+0000] {dag.py:3486} INFO - Setting next_dagrun for Chap6_1 to 2023-08-03T16:00:00+00:00, run_after=2023-08-04T16:00:00+00:00
[2023-08-09T08:51:29.483+0000] {processor.py:179} INFO - Processing /opt/airflow/dags/Chap6_1.py took 0.082 seconds
[2023-08-09T08:51:59.728+0000] {processor.py:157} INFO - Started process (PID=10548) to work on /opt/airflow/dags/Chap6_1.py
[2023-08-09T08:51:59.730+0000] {processor.py:826} INFO - Processing file /opt/airflow/dags/Chap6_1.py for tasks to queue
[2023-08-09T08:51:59.750+0000] {logging_mixin.py:149} INFO - [2023-08-09T08:51:59.750+0000] {dagbag.py:541} INFO - Filling up the DagBag from /opt/airflow/dags/Chap6_1.py
[2023-08-09T08:51:59.764+0000] {processor.py:836} INFO - DAG(s) dict_keys(['Chap6_1']) retrieved from /opt/airflow/dags/Chap6_1.py
[2023-08-09T08:51:59.788+0000] {logging_mixin.py:149} INFO - [2023-08-09T08:51:59.788+0000] {dag.py:2726} INFO - Sync 1 DAGs
[2023-08-09T08:51:59.806+0000] {logging_mixin.py:149} INFO - [2023-08-09T08:51:59.806+0000] {dag.py:3486} INFO - Setting next_dagrun for Chap6_1 to 2023-08-03T16:00:00+00:00, run_after=2023-08-04T16:00:00+00:00
[2023-08-09T08:51:59.821+0000] {processor.py:179} INFO - Processing /opt/airflow/dags/Chap6_1.py took 0.095 seconds
