[2023-08-09T08:37:27.049+0000] {processor.py:157} INFO - Started process (PID=6586) to work on /opt/airflow/dags/Chap10_fetch_data.py
[2023-08-09T08:37:27.051+0000] {processor.py:826} INFO - Processing file /opt/airflow/dags/Chap10_fetch_data.py for tasks to queue
[2023-08-09T08:37:27.052+0000] {logging_mixin.py:149} INFO - [2023-08-09T08:37:27.052+0000] {dagbag.py:541} INFO - Filling up the DagBag from /opt/airflow/dags/Chap10_fetch_data.py
[2023-08-09T08:37:27.069+0000] {processor.py:836} INFO - DAG(s) dict_keys(['Chap10_fetch_date']) retrieved from /opt/airflow/dags/Chap10_fetch_data.py
[2023-08-09T08:37:27.101+0000] {logging_mixin.py:149} INFO - [2023-08-09T08:37:27.100+0000] {dag.py:2726} INFO - Sync 1 DAGs
[2023-08-09T08:37:27.118+0000] {logging_mixin.py:149} INFO - [2023-08-09T08:37:27.118+0000] {dag.py:3486} INFO - Setting next_dagrun for Chap10_fetch_date to 2019-01-01T00:00:00+00:00, run_after=2019-01-02T00:00:00+00:00
[2023-08-09T08:37:27.134+0000] {processor.py:179} INFO - Processing /opt/airflow/dags/Chap10_fetch_data.py took 0.088 seconds
[2023-08-09T08:37:58.029+0000] {processor.py:157} INFO - Started process (PID=6727) to work on /opt/airflow/dags/Chap10_fetch_data.py
[2023-08-09T08:37:58.032+0000] {processor.py:826} INFO - Processing file /opt/airflow/dags/Chap10_fetch_data.py for tasks to queue
[2023-08-09T08:37:58.033+0000] {logging_mixin.py:149} INFO - [2023-08-09T08:37:58.033+0000] {dagbag.py:541} INFO - Filling up the DagBag from /opt/airflow/dags/Chap10_fetch_data.py
[2023-08-09T08:37:58.053+0000] {processor.py:836} INFO - DAG(s) dict_keys(['Chap10_fetch_date']) retrieved from /opt/airflow/dags/Chap10_fetch_data.py
[2023-08-09T08:37:58.081+0000] {logging_mixin.py:149} INFO - [2023-08-09T08:37:58.081+0000] {dag.py:2726} INFO - Sync 1 DAGs
[2023-08-09T08:37:58.100+0000] {logging_mixin.py:149} INFO - [2023-08-09T08:37:58.100+0000] {dag.py:3486} INFO - Setting next_dagrun for Chap10_fetch_date to 2019-01-01T00:00:00+00:00, run_after=2019-01-02T00:00:00+00:00
[2023-08-09T08:37:58.116+0000] {processor.py:179} INFO - Processing /opt/airflow/dags/Chap10_fetch_data.py took 0.089 seconds
[2023-08-09T08:38:28.738+0000] {processor.py:157} INFO - Started process (PID=6867) to work on /opt/airflow/dags/Chap10_fetch_data.py
[2023-08-09T08:38:28.741+0000] {processor.py:826} INFO - Processing file /opt/airflow/dags/Chap10_fetch_data.py for tasks to queue
[2023-08-09T08:38:28.742+0000] {logging_mixin.py:149} INFO - [2023-08-09T08:38:28.742+0000] {dagbag.py:541} INFO - Filling up the DagBag from /opt/airflow/dags/Chap10_fetch_data.py
[2023-08-09T08:38:28.763+0000] {processor.py:836} INFO - DAG(s) dict_keys(['Chap10_fetch_date']) retrieved from /opt/airflow/dags/Chap10_fetch_data.py
[2023-08-09T08:38:28.788+0000] {logging_mixin.py:149} INFO - [2023-08-09T08:38:28.788+0000] {dag.py:2726} INFO - Sync 1 DAGs
[2023-08-09T08:38:28.805+0000] {logging_mixin.py:149} INFO - [2023-08-09T08:38:28.805+0000] {dag.py:3486} INFO - Setting next_dagrun for Chap10_fetch_date to 2019-01-01T00:00:00+00:00, run_after=2019-01-02T00:00:00+00:00
[2023-08-09T08:38:28.821+0000] {processor.py:179} INFO - Processing /opt/airflow/dags/Chap10_fetch_data.py took 0.086 seconds
[2023-08-09T08:38:59.618+0000] {processor.py:157} INFO - Started process (PID=7004) to work on /opt/airflow/dags/Chap10_fetch_data.py
[2023-08-09T08:38:59.620+0000] {processor.py:826} INFO - Processing file /opt/airflow/dags/Chap10_fetch_data.py for tasks to queue
[2023-08-09T08:38:59.621+0000] {logging_mixin.py:149} INFO - [2023-08-09T08:38:59.621+0000] {dagbag.py:541} INFO - Filling up the DagBag from /opt/airflow/dags/Chap10_fetch_data.py
[2023-08-09T08:38:59.650+0000] {processor.py:836} INFO - DAG(s) dict_keys(['Chap10_fetch_date']) retrieved from /opt/airflow/dags/Chap10_fetch_data.py
[2023-08-09T08:38:59.682+0000] {logging_mixin.py:149} INFO - [2023-08-09T08:38:59.682+0000] {dag.py:2726} INFO - Sync 1 DAGs
[2023-08-09T08:38:59.704+0000] {logging_mixin.py:149} INFO - [2023-08-09T08:38:59.704+0000] {dag.py:3486} INFO - Setting next_dagrun for Chap10_fetch_date to 2019-01-01T00:00:00+00:00, run_after=2019-01-02T00:00:00+00:00
[2023-08-09T08:38:59.724+0000] {processor.py:179} INFO - Processing /opt/airflow/dags/Chap10_fetch_data.py took 0.109 seconds
[2023-08-09T08:39:30.505+0000] {processor.py:157} INFO - Started process (PID=7145) to work on /opt/airflow/dags/Chap10_fetch_data.py
[2023-08-09T08:39:30.507+0000] {processor.py:826} INFO - Processing file /opt/airflow/dags/Chap10_fetch_data.py for tasks to queue
[2023-08-09T08:39:30.513+0000] {logging_mixin.py:149} INFO - [2023-08-09T08:39:30.513+0000] {dagbag.py:541} INFO - Filling up the DagBag from /opt/airflow/dags/Chap10_fetch_data.py
[2023-08-09T08:39:30.533+0000] {processor.py:836} INFO - DAG(s) dict_keys(['Chap10_fetch_date']) retrieved from /opt/airflow/dags/Chap10_fetch_data.py
[2023-08-09T08:39:30.559+0000] {logging_mixin.py:149} INFO - [2023-08-09T08:39:30.558+0000] {dag.py:2726} INFO - Sync 1 DAGs
[2023-08-09T08:39:30.582+0000] {logging_mixin.py:149} INFO - [2023-08-09T08:39:30.581+0000] {dag.py:3486} INFO - Setting next_dagrun for Chap10_fetch_date to 2019-01-01T00:00:00+00:00, run_after=2019-01-02T00:00:00+00:00
[2023-08-09T08:39:30.595+0000] {processor.py:179} INFO - Processing /opt/airflow/dags/Chap10_fetch_data.py took 0.093 seconds
[2023-08-09T08:40:01.325+0000] {processor.py:157} INFO - Started process (PID=7284) to work on /opt/airflow/dags/Chap10_fetch_data.py
[2023-08-09T08:40:01.327+0000] {processor.py:826} INFO - Processing file /opt/airflow/dags/Chap10_fetch_data.py for tasks to queue
[2023-08-09T08:40:01.329+0000] {logging_mixin.py:149} INFO - [2023-08-09T08:40:01.329+0000] {dagbag.py:541} INFO - Filling up the DagBag from /opt/airflow/dags/Chap10_fetch_data.py
[2023-08-09T08:40:01.347+0000] {processor.py:836} INFO - DAG(s) dict_keys(['Chap10_fetch_date']) retrieved from /opt/airflow/dags/Chap10_fetch_data.py
[2023-08-09T08:40:01.369+0000] {logging_mixin.py:149} INFO - [2023-08-09T08:40:01.369+0000] {dag.py:2726} INFO - Sync 1 DAGs
[2023-08-09T08:40:01.387+0000] {logging_mixin.py:149} INFO - [2023-08-09T08:40:01.387+0000] {dag.py:3486} INFO - Setting next_dagrun for Chap10_fetch_date to 2019-01-01T00:00:00+00:00, run_after=2019-01-02T00:00:00+00:00
[2023-08-09T08:40:01.404+0000] {processor.py:179} INFO - Processing /opt/airflow/dags/Chap10_fetch_data.py took 0.081 seconds
[2023-08-09T08:40:31.805+0000] {processor.py:157} INFO - Started process (PID=7423) to work on /opt/airflow/dags/Chap10_fetch_data.py
[2023-08-09T08:40:31.806+0000] {processor.py:826} INFO - Processing file /opt/airflow/dags/Chap10_fetch_data.py for tasks to queue
[2023-08-09T08:40:31.808+0000] {logging_mixin.py:149} INFO - [2023-08-09T08:40:31.808+0000] {dagbag.py:541} INFO - Filling up the DagBag from /opt/airflow/dags/Chap10_fetch_data.py
[2023-08-09T08:40:31.823+0000] {processor.py:836} INFO - DAG(s) dict_keys(['Chap10_fetch_date']) retrieved from /opt/airflow/dags/Chap10_fetch_data.py
[2023-08-09T08:40:31.844+0000] {logging_mixin.py:149} INFO - [2023-08-09T08:40:31.843+0000] {dag.py:2726} INFO - Sync 1 DAGs
[2023-08-09T08:40:31.858+0000] {logging_mixin.py:149} INFO - [2023-08-09T08:40:31.858+0000] {dag.py:3486} INFO - Setting next_dagrun for Chap10_fetch_date to 2019-01-01T00:00:00+00:00, run_after=2019-01-02T00:00:00+00:00
[2023-08-09T08:40:31.869+0000] {processor.py:179} INFO - Processing /opt/airflow/dags/Chap10_fetch_data.py took 0.067 seconds
[2023-08-09T08:41:02.422+0000] {processor.py:157} INFO - Started process (PID=7562) to work on /opt/airflow/dags/Chap10_fetch_data.py
[2023-08-09T08:41:02.428+0000] {processor.py:826} INFO - Processing file /opt/airflow/dags/Chap10_fetch_data.py for tasks to queue
[2023-08-09T08:41:02.429+0000] {logging_mixin.py:149} INFO - [2023-08-09T08:41:02.429+0000] {dagbag.py:541} INFO - Filling up the DagBag from /opt/airflow/dags/Chap10_fetch_data.py
[2023-08-09T08:41:02.445+0000] {processor.py:836} INFO - DAG(s) dict_keys(['Chap10_fetch_date']) retrieved from /opt/airflow/dags/Chap10_fetch_data.py
[2023-08-09T08:41:02.466+0000] {logging_mixin.py:149} INFO - [2023-08-09T08:41:02.465+0000] {dag.py:2726} INFO - Sync 1 DAGs
[2023-08-09T08:41:02.482+0000] {logging_mixin.py:149} INFO - [2023-08-09T08:41:02.482+0000] {dag.py:3486} INFO - Setting next_dagrun for Chap10_fetch_date to 2019-01-01T00:00:00+00:00, run_after=2019-01-02T00:00:00+00:00
[2023-08-09T08:41:02.493+0000] {processor.py:179} INFO - Processing /opt/airflow/dags/Chap10_fetch_data.py took 0.074 seconds
[2023-08-09T08:41:33.029+0000] {processor.py:157} INFO - Started process (PID=7701) to work on /opt/airflow/dags/Chap10_fetch_data.py
[2023-08-09T08:41:33.031+0000] {processor.py:826} INFO - Processing file /opt/airflow/dags/Chap10_fetch_data.py for tasks to queue
[2023-08-09T08:41:33.033+0000] {logging_mixin.py:149} INFO - [2023-08-09T08:41:33.033+0000] {dagbag.py:541} INFO - Filling up the DagBag from /opt/airflow/dags/Chap10_fetch_data.py
[2023-08-09T08:41:33.048+0000] {processor.py:836} INFO - DAG(s) dict_keys(['Chap10_fetch_date']) retrieved from /opt/airflow/dags/Chap10_fetch_data.py
[2023-08-09T08:41:33.069+0000] {logging_mixin.py:149} INFO - [2023-08-09T08:41:33.069+0000] {dag.py:2726} INFO - Sync 1 DAGs
[2023-08-09T08:41:33.085+0000] {logging_mixin.py:149} INFO - [2023-08-09T08:41:33.084+0000] {dag.py:3486} INFO - Setting next_dagrun for Chap10_fetch_date to 2019-01-01T00:00:00+00:00, run_after=2019-01-02T00:00:00+00:00
[2023-08-09T08:41:33.101+0000] {processor.py:179} INFO - Processing /opt/airflow/dags/Chap10_fetch_data.py took 0.074 seconds
[2023-08-09T08:42:03.663+0000] {processor.py:157} INFO - Started process (PID=7840) to work on /opt/airflow/dags/Chap10_fetch_data.py
[2023-08-09T08:42:03.667+0000] {processor.py:826} INFO - Processing file /opt/airflow/dags/Chap10_fetch_data.py for tasks to queue
[2023-08-09T08:42:03.668+0000] {logging_mixin.py:149} INFO - [2023-08-09T08:42:03.668+0000] {dagbag.py:541} INFO - Filling up the DagBag from /opt/airflow/dags/Chap10_fetch_data.py
[2023-08-09T08:42:03.685+0000] {processor.py:836} INFO - DAG(s) dict_keys(['Chap10_fetch_date']) retrieved from /opt/airflow/dags/Chap10_fetch_data.py
[2023-08-09T08:42:03.712+0000] {logging_mixin.py:149} INFO - [2023-08-09T08:42:03.712+0000] {dag.py:2726} INFO - Sync 1 DAGs
[2023-08-09T08:42:03.730+0000] {logging_mixin.py:149} INFO - [2023-08-09T08:42:03.730+0000] {dag.py:3486} INFO - Setting next_dagrun for Chap10_fetch_date to 2019-01-01T00:00:00+00:00, run_after=2019-01-02T00:00:00+00:00
[2023-08-09T08:42:03.744+0000] {processor.py:179} INFO - Processing /opt/airflow/dags/Chap10_fetch_data.py took 0.084 seconds
[2023-08-09T08:42:34.141+0000] {processor.py:157} INFO - Started process (PID=7982) to work on /opt/airflow/dags/Chap10_fetch_data.py
[2023-08-09T08:42:34.143+0000] {processor.py:826} INFO - Processing file /opt/airflow/dags/Chap10_fetch_data.py for tasks to queue
[2023-08-09T08:42:34.144+0000] {logging_mixin.py:149} INFO - [2023-08-09T08:42:34.144+0000] {dagbag.py:541} INFO - Filling up the DagBag from /opt/airflow/dags/Chap10_fetch_data.py
[2023-08-09T08:42:34.162+0000] {processor.py:836} INFO - DAG(s) dict_keys(['Chap10_fetch_date']) retrieved from /opt/airflow/dags/Chap10_fetch_data.py
[2023-08-09T08:42:34.186+0000] {logging_mixin.py:149} INFO - [2023-08-09T08:42:34.186+0000] {dag.py:2726} INFO - Sync 1 DAGs
[2023-08-09T08:42:34.204+0000] {logging_mixin.py:149} INFO - [2023-08-09T08:42:34.204+0000] {dag.py:3486} INFO - Setting next_dagrun for Chap10_fetch_date to 2019-01-01T00:00:00+00:00, run_after=2019-01-02T00:00:00+00:00
[2023-08-09T08:42:34.229+0000] {processor.py:179} INFO - Processing /opt/airflow/dags/Chap10_fetch_data.py took 0.091 seconds
[2023-08-09T08:43:04.509+0000] {processor.py:157} INFO - Started process (PID=8116) to work on /opt/airflow/dags/Chap10_fetch_data.py
[2023-08-09T08:43:04.511+0000] {processor.py:826} INFO - Processing file /opt/airflow/dags/Chap10_fetch_data.py for tasks to queue
[2023-08-09T08:43:04.513+0000] {logging_mixin.py:149} INFO - [2023-08-09T08:43:04.513+0000] {dagbag.py:541} INFO - Filling up the DagBag from /opt/airflow/dags/Chap10_fetch_data.py
[2023-08-09T08:43:04.529+0000] {processor.py:836} INFO - DAG(s) dict_keys(['Chap10_fetch_date']) retrieved from /opt/airflow/dags/Chap10_fetch_data.py
[2023-08-09T08:43:04.550+0000] {logging_mixin.py:149} INFO - [2023-08-09T08:43:04.550+0000] {dag.py:2726} INFO - Sync 1 DAGs
[2023-08-09T08:43:04.565+0000] {logging_mixin.py:149} INFO - [2023-08-09T08:43:04.564+0000] {dag.py:3486} INFO - Setting next_dagrun for Chap10_fetch_date to 2019-01-01T00:00:00+00:00, run_after=2019-01-02T00:00:00+00:00
[2023-08-09T08:43:04.576+0000] {processor.py:179} INFO - Processing /opt/airflow/dags/Chap10_fetch_data.py took 0.070 seconds
[2023-08-09T08:43:34.922+0000] {processor.py:157} INFO - Started process (PID=8255) to work on /opt/airflow/dags/Chap10_fetch_data.py
[2023-08-09T08:43:34.924+0000] {processor.py:826} INFO - Processing file /opt/airflow/dags/Chap10_fetch_data.py for tasks to queue
[2023-08-09T08:43:34.925+0000] {logging_mixin.py:149} INFO - [2023-08-09T08:43:34.925+0000] {dagbag.py:541} INFO - Filling up the DagBag from /opt/airflow/dags/Chap10_fetch_data.py
[2023-08-09T08:43:34.945+0000] {processor.py:836} INFO - DAG(s) dict_keys(['Chap10_fetch_date']) retrieved from /opt/airflow/dags/Chap10_fetch_data.py
[2023-08-09T08:43:34.967+0000] {logging_mixin.py:149} INFO - [2023-08-09T08:43:34.967+0000] {dag.py:2726} INFO - Sync 1 DAGs
[2023-08-09T08:43:34.983+0000] {logging_mixin.py:149} INFO - [2023-08-09T08:43:34.983+0000] {dag.py:3486} INFO - Setting next_dagrun for Chap10_fetch_date to 2019-01-01T00:00:00+00:00, run_after=2019-01-02T00:00:00+00:00
[2023-08-09T08:43:34.996+0000] {processor.py:179} INFO - Processing /opt/airflow/dags/Chap10_fetch_data.py took 0.078 seconds
[2023-08-09T08:44:05.441+0000] {processor.py:157} INFO - Started process (PID=8396) to work on /opt/airflow/dags/Chap10_fetch_data.py
[2023-08-09T08:44:05.443+0000] {processor.py:826} INFO - Processing file /opt/airflow/dags/Chap10_fetch_data.py for tasks to queue
[2023-08-09T08:44:05.445+0000] {logging_mixin.py:149} INFO - [2023-08-09T08:44:05.445+0000] {dagbag.py:541} INFO - Filling up the DagBag from /opt/airflow/dags/Chap10_fetch_data.py
[2023-08-09T08:44:05.462+0000] {processor.py:836} INFO - DAG(s) dict_keys(['Chap10_fetch_date']) retrieved from /opt/airflow/dags/Chap10_fetch_data.py
[2023-08-09T08:44:05.482+0000] {logging_mixin.py:149} INFO - [2023-08-09T08:44:05.482+0000] {dag.py:2726} INFO - Sync 1 DAGs
[2023-08-09T08:44:05.496+0000] {logging_mixin.py:149} INFO - [2023-08-09T08:44:05.496+0000] {dag.py:3486} INFO - Setting next_dagrun for Chap10_fetch_date to 2019-01-01T00:00:00+00:00, run_after=2019-01-02T00:00:00+00:00
[2023-08-09T08:44:05.508+0000] {processor.py:179} INFO - Processing /opt/airflow/dags/Chap10_fetch_data.py took 0.070 seconds
[2023-08-09T08:44:36.106+0000] {processor.py:157} INFO - Started process (PID=8535) to work on /opt/airflow/dags/Chap10_fetch_data.py
[2023-08-09T08:44:36.108+0000] {processor.py:826} INFO - Processing file /opt/airflow/dags/Chap10_fetch_data.py for tasks to queue
[2023-08-09T08:44:36.110+0000] {logging_mixin.py:149} INFO - [2023-08-09T08:44:36.110+0000] {dagbag.py:541} INFO - Filling up the DagBag from /opt/airflow/dags/Chap10_fetch_data.py
[2023-08-09T08:44:36.128+0000] {processor.py:836} INFO - DAG(s) dict_keys(['Chap10_fetch_date']) retrieved from /opt/airflow/dags/Chap10_fetch_data.py
[2023-08-09T08:44:36.151+0000] {logging_mixin.py:149} INFO - [2023-08-09T08:44:36.150+0000] {dag.py:2726} INFO - Sync 1 DAGs
[2023-08-09T08:44:36.166+0000] {logging_mixin.py:149} INFO - [2023-08-09T08:44:36.166+0000] {dag.py:3486} INFO - Setting next_dagrun for Chap10_fetch_date to 2019-01-01T00:00:00+00:00, run_after=2019-01-02T00:00:00+00:00
[2023-08-09T08:44:36.180+0000] {processor.py:179} INFO - Processing /opt/airflow/dags/Chap10_fetch_data.py took 0.077 seconds
[2023-08-09T08:45:06.883+0000] {processor.py:157} INFO - Started process (PID=8674) to work on /opt/airflow/dags/Chap10_fetch_data.py
[2023-08-09T08:45:06.886+0000] {processor.py:826} INFO - Processing file /opt/airflow/dags/Chap10_fetch_data.py for tasks to queue
[2023-08-09T08:45:06.887+0000] {logging_mixin.py:149} INFO - [2023-08-09T08:45:06.887+0000] {dagbag.py:541} INFO - Filling up the DagBag from /opt/airflow/dags/Chap10_fetch_data.py
[2023-08-09T08:45:06.922+0000] {processor.py:836} INFO - DAG(s) dict_keys(['Chap10_fetch_date']) retrieved from /opt/airflow/dags/Chap10_fetch_data.py
[2023-08-09T08:45:06.945+0000] {logging_mixin.py:149} INFO - [2023-08-09T08:45:06.945+0000] {dag.py:2726} INFO - Sync 1 DAGs
[2023-08-09T08:45:06.961+0000] {logging_mixin.py:149} INFO - [2023-08-09T08:45:06.961+0000] {dag.py:3486} INFO - Setting next_dagrun for Chap10_fetch_date to 2019-01-01T00:00:00+00:00, run_after=2019-01-02T00:00:00+00:00
[2023-08-09T08:45:06.973+0000] {processor.py:179} INFO - Processing /opt/airflow/dags/Chap10_fetch_data.py took 0.093 seconds
[2023-08-09T08:45:38.074+0000] {processor.py:157} INFO - Started process (PID=8813) to work on /opt/airflow/dags/Chap10_fetch_data.py
[2023-08-09T08:45:38.076+0000] {processor.py:826} INFO - Processing file /opt/airflow/dags/Chap10_fetch_data.py for tasks to queue
[2023-08-09T08:45:38.077+0000] {logging_mixin.py:149} INFO - [2023-08-09T08:45:38.077+0000] {dagbag.py:541} INFO - Filling up the DagBag from /opt/airflow/dags/Chap10_fetch_data.py
[2023-08-09T08:45:38.096+0000] {processor.py:836} INFO - DAG(s) dict_keys(['Chap10_fetch_date']) retrieved from /opt/airflow/dags/Chap10_fetch_data.py
[2023-08-09T08:45:38.118+0000] {logging_mixin.py:149} INFO - [2023-08-09T08:45:38.118+0000] {dag.py:2726} INFO - Sync 1 DAGs
[2023-08-09T08:45:38.136+0000] {logging_mixin.py:149} INFO - [2023-08-09T08:45:38.136+0000] {dag.py:3486} INFO - Setting next_dagrun for Chap10_fetch_date to 2019-01-01T00:00:00+00:00, run_after=2019-01-02T00:00:00+00:00
[2023-08-09T08:45:38.150+0000] {processor.py:179} INFO - Processing /opt/airflow/dags/Chap10_fetch_data.py took 0.080 seconds
[2023-08-09T08:46:08.398+0000] {processor.py:157} INFO - Started process (PID=8952) to work on /opt/airflow/dags/Chap10_fetch_data.py
[2023-08-09T08:46:08.401+0000] {processor.py:826} INFO - Processing file /opt/airflow/dags/Chap10_fetch_data.py for tasks to queue
[2023-08-09T08:46:08.402+0000] {logging_mixin.py:149} INFO - [2023-08-09T08:46:08.402+0000] {dagbag.py:541} INFO - Filling up the DagBag from /opt/airflow/dags/Chap10_fetch_data.py
[2023-08-09T08:46:08.422+0000] {processor.py:836} INFO - DAG(s) dict_keys(['Chap10_fetch_date']) retrieved from /opt/airflow/dags/Chap10_fetch_data.py
[2023-08-09T08:46:08.453+0000] {logging_mixin.py:149} INFO - [2023-08-09T08:46:08.453+0000] {dag.py:2726} INFO - Sync 1 DAGs
[2023-08-09T08:46:08.470+0000] {logging_mixin.py:149} INFO - [2023-08-09T08:46:08.469+0000] {dag.py:3486} INFO - Setting next_dagrun for Chap10_fetch_date to 2019-01-01T00:00:00+00:00, run_after=2019-01-02T00:00:00+00:00
[2023-08-09T08:46:08.484+0000] {processor.py:179} INFO - Processing /opt/airflow/dags/Chap10_fetch_data.py took 0.089 seconds
[2023-08-09T08:46:39.395+0000] {processor.py:157} INFO - Started process (PID=9092) to work on /opt/airflow/dags/Chap10_fetch_data.py
[2023-08-09T08:46:39.397+0000] {processor.py:826} INFO - Processing file /opt/airflow/dags/Chap10_fetch_data.py for tasks to queue
[2023-08-09T08:46:39.399+0000] {logging_mixin.py:149} INFO - [2023-08-09T08:46:39.399+0000] {dagbag.py:541} INFO - Filling up the DagBag from /opt/airflow/dags/Chap10_fetch_data.py
[2023-08-09T08:46:39.420+0000] {processor.py:836} INFO - DAG(s) dict_keys(['Chap10_fetch_date']) retrieved from /opt/airflow/dags/Chap10_fetch_data.py
[2023-08-09T08:46:39.441+0000] {logging_mixin.py:149} INFO - [2023-08-09T08:46:39.440+0000] {dag.py:2726} INFO - Sync 1 DAGs
[2023-08-09T08:46:39.455+0000] {logging_mixin.py:149} INFO - [2023-08-09T08:46:39.455+0000] {dag.py:3486} INFO - Setting next_dagrun for Chap10_fetch_date to 2019-01-01T00:00:00+00:00, run_after=2019-01-02T00:00:00+00:00
[2023-08-09T08:46:39.466+0000] {processor.py:179} INFO - Processing /opt/airflow/dags/Chap10_fetch_data.py took 0.074 seconds
[2023-08-09T08:47:10.525+0000] {processor.py:157} INFO - Started process (PID=9231) to work on /opt/airflow/dags/Chap10_fetch_data.py
[2023-08-09T08:47:10.527+0000] {processor.py:826} INFO - Processing file /opt/airflow/dags/Chap10_fetch_data.py for tasks to queue
[2023-08-09T08:47:10.530+0000] {logging_mixin.py:149} INFO - [2023-08-09T08:47:10.530+0000] {dagbag.py:541} INFO - Filling up the DagBag from /opt/airflow/dags/Chap10_fetch_data.py
[2023-08-09T08:47:10.556+0000] {processor.py:836} INFO - DAG(s) dict_keys(['Chap10_fetch_date']) retrieved from /opt/airflow/dags/Chap10_fetch_data.py
[2023-08-09T08:47:10.580+0000] {logging_mixin.py:149} INFO - [2023-08-09T08:47:10.580+0000] {dag.py:2726} INFO - Sync 1 DAGs
[2023-08-09T08:47:10.602+0000] {logging_mixin.py:149} INFO - [2023-08-09T08:47:10.602+0000] {dag.py:3486} INFO - Setting next_dagrun for Chap10_fetch_date to 2019-01-01T00:00:00+00:00, run_after=2019-01-02T00:00:00+00:00
[2023-08-09T08:47:10.612+0000] {processor.py:179} INFO - Processing /opt/airflow/dags/Chap10_fetch_data.py took 0.089 seconds
[2023-08-09T08:47:41.366+0000] {processor.py:157} INFO - Started process (PID=9369) to work on /opt/airflow/dags/Chap10_fetch_data.py
[2023-08-09T08:47:41.368+0000] {processor.py:826} INFO - Processing file /opt/airflow/dags/Chap10_fetch_data.py for tasks to queue
[2023-08-09T08:47:41.370+0000] {logging_mixin.py:149} INFO - [2023-08-09T08:47:41.370+0000] {dagbag.py:541} INFO - Filling up the DagBag from /opt/airflow/dags/Chap10_fetch_data.py
[2023-08-09T08:47:41.390+0000] {processor.py:836} INFO - DAG(s) dict_keys(['Chap10_fetch_date']) retrieved from /opt/airflow/dags/Chap10_fetch_data.py
[2023-08-09T08:47:41.412+0000] {logging_mixin.py:149} INFO - [2023-08-09T08:47:41.412+0000] {dag.py:2726} INFO - Sync 1 DAGs
[2023-08-09T08:47:41.429+0000] {logging_mixin.py:149} INFO - [2023-08-09T08:47:41.429+0000] {dag.py:3486} INFO - Setting next_dagrun for Chap10_fetch_date to 2019-01-01T00:00:00+00:00, run_after=2019-01-02T00:00:00+00:00
[2023-08-09T08:47:41.445+0000] {processor.py:179} INFO - Processing /opt/airflow/dags/Chap10_fetch_data.py took 0.081 seconds
[2023-08-09T08:48:12.289+0000] {processor.py:157} INFO - Started process (PID=9510) to work on /opt/airflow/dags/Chap10_fetch_data.py
[2023-08-09T08:48:12.292+0000] {processor.py:826} INFO - Processing file /opt/airflow/dags/Chap10_fetch_data.py for tasks to queue
[2023-08-09T08:48:12.297+0000] {logging_mixin.py:149} INFO - [2023-08-09T08:48:12.296+0000] {dagbag.py:541} INFO - Filling up the DagBag from /opt/airflow/dags/Chap10_fetch_data.py
[2023-08-09T08:48:12.316+0000] {processor.py:836} INFO - DAG(s) dict_keys(['Chap10_fetch_date']) retrieved from /opt/airflow/dags/Chap10_fetch_data.py
[2023-08-09T08:48:12.342+0000] {logging_mixin.py:149} INFO - [2023-08-09T08:48:12.342+0000] {dag.py:2726} INFO - Sync 1 DAGs
[2023-08-09T08:48:12.360+0000] {logging_mixin.py:149} INFO - [2023-08-09T08:48:12.360+0000] {dag.py:3486} INFO - Setting next_dagrun for Chap10_fetch_date to 2019-01-01T00:00:00+00:00, run_after=2019-01-02T00:00:00+00:00
[2023-08-09T08:48:12.376+0000] {processor.py:179} INFO - Processing /opt/airflow/dags/Chap10_fetch_data.py took 0.090 seconds
[2023-08-09T08:48:43.396+0000] {processor.py:157} INFO - Started process (PID=9646) to work on /opt/airflow/dags/Chap10_fetch_data.py
[2023-08-09T08:48:43.399+0000] {processor.py:826} INFO - Processing file /opt/airflow/dags/Chap10_fetch_data.py for tasks to queue
[2023-08-09T08:48:43.400+0000] {logging_mixin.py:149} INFO - [2023-08-09T08:48:43.400+0000] {dagbag.py:541} INFO - Filling up the DagBag from /opt/airflow/dags/Chap10_fetch_data.py
[2023-08-09T08:48:43.419+0000] {processor.py:836} INFO - DAG(s) dict_keys(['Chap10_fetch_date']) retrieved from /opt/airflow/dags/Chap10_fetch_data.py
[2023-08-09T08:48:43.442+0000] {logging_mixin.py:149} INFO - [2023-08-09T08:48:43.442+0000] {dag.py:2726} INFO - Sync 1 DAGs
[2023-08-09T08:48:43.459+0000] {logging_mixin.py:149} INFO - [2023-08-09T08:48:43.459+0000] {dag.py:3486} INFO - Setting next_dagrun for Chap10_fetch_date to 2019-01-01T00:00:00+00:00, run_after=2019-01-02T00:00:00+00:00
[2023-08-09T08:48:43.473+0000] {processor.py:179} INFO - Processing /opt/airflow/dags/Chap10_fetch_data.py took 0.081 seconds
[2023-08-09T08:49:14.120+0000] {processor.py:157} INFO - Started process (PID=9787) to work on /opt/airflow/dags/Chap10_fetch_data.py
[2023-08-09T08:49:14.122+0000] {processor.py:826} INFO - Processing file /opt/airflow/dags/Chap10_fetch_data.py for tasks to queue
[2023-08-09T08:49:14.123+0000] {logging_mixin.py:149} INFO - [2023-08-09T08:49:14.123+0000] {dagbag.py:541} INFO - Filling up the DagBag from /opt/airflow/dags/Chap10_fetch_data.py
[2023-08-09T08:49:14.140+0000] {processor.py:836} INFO - DAG(s) dict_keys(['Chap10_fetch_date']) retrieved from /opt/airflow/dags/Chap10_fetch_data.py
[2023-08-09T08:49:14.163+0000] {logging_mixin.py:149} INFO - [2023-08-09T08:49:14.163+0000] {dag.py:2726} INFO - Sync 1 DAGs
[2023-08-09T08:49:14.186+0000] {logging_mixin.py:149} INFO - [2023-08-09T08:49:14.186+0000] {dag.py:3486} INFO - Setting next_dagrun for Chap10_fetch_date to 2019-01-01T00:00:00+00:00, run_after=2019-01-02T00:00:00+00:00
[2023-08-09T08:49:14.199+0000] {processor.py:179} INFO - Processing /opt/airflow/dags/Chap10_fetch_data.py took 0.082 seconds
[2023-08-09T08:49:44.975+0000] {processor.py:157} INFO - Started process (PID=9926) to work on /opt/airflow/dags/Chap10_fetch_data.py
[2023-08-09T08:49:44.978+0000] {processor.py:826} INFO - Processing file /opt/airflow/dags/Chap10_fetch_data.py for tasks to queue
[2023-08-09T08:49:44.979+0000] {logging_mixin.py:149} INFO - [2023-08-09T08:49:44.979+0000] {dagbag.py:541} INFO - Filling up the DagBag from /opt/airflow/dags/Chap10_fetch_data.py
[2023-08-09T08:49:45.009+0000] {processor.py:836} INFO - DAG(s) dict_keys(['Chap10_fetch_date']) retrieved from /opt/airflow/dags/Chap10_fetch_data.py
[2023-08-09T08:49:45.036+0000] {logging_mixin.py:149} INFO - [2023-08-09T08:49:45.036+0000] {dag.py:2726} INFO - Sync 1 DAGs
[2023-08-09T08:49:45.056+0000] {logging_mixin.py:149} INFO - [2023-08-09T08:49:45.056+0000] {dag.py:3486} INFO - Setting next_dagrun for Chap10_fetch_date to 2019-01-01T00:00:00+00:00, run_after=2019-01-02T00:00:00+00:00
[2023-08-09T08:49:45.070+0000] {processor.py:179} INFO - Processing /opt/airflow/dags/Chap10_fetch_data.py took 0.098 seconds
[2023-08-09T08:50:15.478+0000] {processor.py:157} INFO - Started process (PID=10068) to work on /opt/airflow/dags/Chap10_fetch_data.py
[2023-08-09T08:50:15.480+0000] {processor.py:826} INFO - Processing file /opt/airflow/dags/Chap10_fetch_data.py for tasks to queue
[2023-08-09T08:50:15.481+0000] {logging_mixin.py:149} INFO - [2023-08-09T08:50:15.481+0000] {dagbag.py:541} INFO - Filling up the DagBag from /opt/airflow/dags/Chap10_fetch_data.py
[2023-08-09T08:50:15.522+0000] {processor.py:836} INFO - DAG(s) dict_keys(['Chap10_fetch_date']) retrieved from /opt/airflow/dags/Chap10_fetch_data.py
[2023-08-09T08:50:15.547+0000] {logging_mixin.py:149} INFO - [2023-08-09T08:50:15.547+0000] {dag.py:2726} INFO - Sync 1 DAGs
[2023-08-09T08:50:15.566+0000] {logging_mixin.py:149} INFO - [2023-08-09T08:50:15.566+0000] {dag.py:3486} INFO - Setting next_dagrun for Chap10_fetch_date to 2019-01-01T00:00:00+00:00, run_after=2019-01-02T00:00:00+00:00
[2023-08-09T08:50:15.579+0000] {processor.py:179} INFO - Processing /opt/airflow/dags/Chap10_fetch_data.py took 0.106 seconds
[2023-08-09T08:50:46.650+0000] {processor.py:157} INFO - Started process (PID=10204) to work on /opt/airflow/dags/Chap10_fetch_data.py
[2023-08-09T08:50:46.652+0000] {processor.py:826} INFO - Processing file /opt/airflow/dags/Chap10_fetch_data.py for tasks to queue
[2023-08-09T08:50:46.653+0000] {logging_mixin.py:149} INFO - [2023-08-09T08:50:46.653+0000] {dagbag.py:541} INFO - Filling up the DagBag from /opt/airflow/dags/Chap10_fetch_data.py
[2023-08-09T08:50:46.689+0000] {processor.py:836} INFO - DAG(s) dict_keys(['Chap10_fetch_date']) retrieved from /opt/airflow/dags/Chap10_fetch_data.py
[2023-08-09T08:50:46.711+0000] {logging_mixin.py:149} INFO - [2023-08-09T08:50:46.711+0000] {dag.py:2726} INFO - Sync 1 DAGs
[2023-08-09T08:50:46.725+0000] {logging_mixin.py:149} INFO - [2023-08-09T08:50:46.725+0000] {dag.py:3486} INFO - Setting next_dagrun for Chap10_fetch_date to 2019-01-01T00:00:00+00:00, run_after=2019-01-02T00:00:00+00:00
[2023-08-09T08:50:46.738+0000] {processor.py:179} INFO - Processing /opt/airflow/dags/Chap10_fetch_data.py took 0.091 seconds
[2023-08-09T08:51:17.273+0000] {processor.py:157} INFO - Started process (PID=10343) to work on /opt/airflow/dags/Chap10_fetch_data.py
[2023-08-09T08:51:17.275+0000] {processor.py:826} INFO - Processing file /opt/airflow/dags/Chap10_fetch_data.py for tasks to queue
[2023-08-09T08:51:17.276+0000] {logging_mixin.py:149} INFO - [2023-08-09T08:51:17.276+0000] {dagbag.py:541} INFO - Filling up the DagBag from /opt/airflow/dags/Chap10_fetch_data.py
[2023-08-09T08:51:17.310+0000] {processor.py:836} INFO - DAG(s) dict_keys(['Chap10_fetch_date']) retrieved from /opt/airflow/dags/Chap10_fetch_data.py
[2023-08-09T08:51:17.335+0000] {logging_mixin.py:149} INFO - [2023-08-09T08:51:17.335+0000] {dag.py:2726} INFO - Sync 1 DAGs
[2023-08-09T08:51:17.351+0000] {logging_mixin.py:149} INFO - [2023-08-09T08:51:17.351+0000] {dag.py:3486} INFO - Setting next_dagrun for Chap10_fetch_date to 2019-01-01T00:00:00+00:00, run_after=2019-01-02T00:00:00+00:00
[2023-08-09T08:51:17.366+0000] {processor.py:179} INFO - Processing /opt/airflow/dags/Chap10_fetch_data.py took 0.096 seconds
[2023-08-09T08:51:47.677+0000] {processor.py:157} INFO - Started process (PID=10482) to work on /opt/airflow/dags/Chap10_fetch_data.py
[2023-08-09T08:51:47.680+0000] {processor.py:826} INFO - Processing file /opt/airflow/dags/Chap10_fetch_data.py for tasks to queue
[2023-08-09T08:51:47.681+0000] {logging_mixin.py:149} INFO - [2023-08-09T08:51:47.681+0000] {dagbag.py:541} INFO - Filling up the DagBag from /opt/airflow/dags/Chap10_fetch_data.py
[2023-08-09T08:51:47.698+0000] {processor.py:836} INFO - DAG(s) dict_keys(['Chap10_fetch_date']) retrieved from /opt/airflow/dags/Chap10_fetch_data.py
[2023-08-09T08:51:47.720+0000] {logging_mixin.py:149} INFO - [2023-08-09T08:51:47.720+0000] {dag.py:2726} INFO - Sync 1 DAGs
[2023-08-09T08:51:47.754+0000] {logging_mixin.py:149} INFO - [2023-08-09T08:51:47.753+0000] {dag.py:3486} INFO - Setting next_dagrun for Chap10_fetch_date to 2019-01-01T00:00:00+00:00, run_after=2019-01-02T00:00:00+00:00
[2023-08-09T08:51:47.764+0000] {processor.py:179} INFO - Processing /opt/airflow/dags/Chap10_fetch_data.py took 0.090 seconds
[2023-08-09T08:52:18.754+0000] {processor.py:157} INFO - Started process (PID=10601) to work on /opt/airflow/dags/Chap10_fetch_data.py
[2023-08-09T08:52:18.757+0000] {processor.py:826} INFO - Processing file /opt/airflow/dags/Chap10_fetch_data.py for tasks to queue
[2023-08-09T08:52:18.760+0000] {logging_mixin.py:149} INFO - [2023-08-09T08:52:18.760+0000] {dagbag.py:541} INFO - Filling up the DagBag from /opt/airflow/dags/Chap10_fetch_data.py
[2023-08-09T08:52:18.787+0000] {processor.py:836} INFO - DAG(s) dict_keys(['Chap10_fetch_date']) retrieved from /opt/airflow/dags/Chap10_fetch_data.py
[2023-08-09T08:52:18.824+0000] {logging_mixin.py:149} INFO - [2023-08-09T08:52:18.824+0000] {dag.py:2726} INFO - Sync 1 DAGs
[2023-08-09T08:52:18.856+0000] {logging_mixin.py:149} INFO - [2023-08-09T08:52:18.855+0000] {dag.py:3486} INFO - Setting next_dagrun for Chap10_fetch_date to 2019-01-01T00:00:00+00:00, run_after=2019-01-02T00:00:00+00:00
[2023-08-09T08:52:18.890+0000] {processor.py:179} INFO - Processing /opt/airflow/dags/Chap10_fetch_data.py took 0.154 seconds
