[2023-08-09T08:37:37.736+0000] {processor.py:157} INFO - Started process (PID=6660) to work on /opt/airflow/dags/Chap6_2.py
[2023-08-09T08:37:37.738+0000] {processor.py:826} INFO - Processing file /opt/airflow/dags/Chap6_2.py for tasks to queue
[2023-08-09T08:37:37.741+0000] {logging_mixin.py:149} INFO - [2023-08-09T08:37:37.740+0000] {dagbag.py:541} INFO - Filling up the DagBag from /opt/airflow/dags/Chap6_2.py
[2023-08-09T08:37:37.777+0000] {processor.py:836} INFO - DAG(s) dict_keys(['Chap_6.2']) retrieved from /opt/airflow/dags/Chap6_2.py
[2023-08-09T08:37:37.803+0000] {logging_mixin.py:149} INFO - [2023-08-09T08:37:37.803+0000] {dag.py:2726} INFO - Sync 1 DAGs
[2023-08-09T08:37:37.823+0000] {logging_mixin.py:149} INFO - [2023-08-09T08:37:37.823+0000] {dag.py:3486} INFO - Setting next_dagrun for Chap_6.2 to 2023-08-06T16:00:00+00:00, run_after=2023-08-07T16:00:00+00:00
[2023-08-09T08:37:37.838+0000] {processor.py:179} INFO - Processing /opt/airflow/dags/Chap6_2.py took 0.106 seconds
[2023-08-09T08:38:08.610+0000] {processor.py:157} INFO - Started process (PID=6799) to work on /opt/airflow/dags/Chap6_2.py
[2023-08-09T08:38:08.612+0000] {processor.py:826} INFO - Processing file /opt/airflow/dags/Chap6_2.py for tasks to queue
[2023-08-09T08:38:08.613+0000] {logging_mixin.py:149} INFO - [2023-08-09T08:38:08.613+0000] {dagbag.py:541} INFO - Filling up the DagBag from /opt/airflow/dags/Chap6_2.py
[2023-08-09T08:38:08.629+0000] {processor.py:836} INFO - DAG(s) dict_keys(['Chap_6.2']) retrieved from /opt/airflow/dags/Chap6_2.py
[2023-08-09T08:38:08.656+0000] {logging_mixin.py:149} INFO - [2023-08-09T08:38:08.656+0000] {dag.py:2726} INFO - Sync 1 DAGs
[2023-08-09T08:38:08.671+0000] {logging_mixin.py:149} INFO - [2023-08-09T08:38:08.671+0000] {dag.py:3486} INFO - Setting next_dagrun for Chap_6.2 to 2023-08-06T16:00:00+00:00, run_after=2023-08-07T16:00:00+00:00
[2023-08-09T08:38:08.684+0000] {processor.py:179} INFO - Processing /opt/airflow/dags/Chap6_2.py took 0.077 seconds
[2023-08-09T08:38:39.471+0000] {processor.py:157} INFO - Started process (PID=6939) to work on /opt/airflow/dags/Chap6_2.py
[2023-08-09T08:38:39.473+0000] {processor.py:826} INFO - Processing file /opt/airflow/dags/Chap6_2.py for tasks to queue
[2023-08-09T08:38:39.474+0000] {logging_mixin.py:149} INFO - [2023-08-09T08:38:39.474+0000] {dagbag.py:541} INFO - Filling up the DagBag from /opt/airflow/dags/Chap6_2.py
[2023-08-09T08:38:39.491+0000] {processor.py:836} INFO - DAG(s) dict_keys(['Chap_6.2']) retrieved from /opt/airflow/dags/Chap6_2.py
[2023-08-09T08:38:39.514+0000] {logging_mixin.py:149} INFO - [2023-08-09T08:38:39.514+0000] {dag.py:2726} INFO - Sync 1 DAGs
[2023-08-09T08:38:39.530+0000] {logging_mixin.py:149} INFO - [2023-08-09T08:38:39.530+0000] {dag.py:3486} INFO - Setting next_dagrun for Chap_6.2 to 2023-08-06T16:00:00+00:00, run_after=2023-08-07T16:00:00+00:00
[2023-08-09T08:38:39.544+0000] {processor.py:179} INFO - Processing /opt/airflow/dags/Chap6_2.py took 0.076 seconds
[2023-08-09T08:39:10.334+0000] {processor.py:157} INFO - Started process (PID=7078) to work on /opt/airflow/dags/Chap6_2.py
[2023-08-09T08:39:10.336+0000] {processor.py:826} INFO - Processing file /opt/airflow/dags/Chap6_2.py for tasks to queue
[2023-08-09T08:39:10.355+0000] {logging_mixin.py:149} INFO - [2023-08-09T08:39:10.355+0000] {dagbag.py:541} INFO - Filling up the DagBag from /opt/airflow/dags/Chap6_2.py
[2023-08-09T08:39:10.371+0000] {processor.py:836} INFO - DAG(s) dict_keys(['Chap_6.2']) retrieved from /opt/airflow/dags/Chap6_2.py
[2023-08-09T08:39:10.398+0000] {logging_mixin.py:149} INFO - [2023-08-09T08:39:10.398+0000] {dag.py:2726} INFO - Sync 1 DAGs
[2023-08-09T08:39:10.418+0000] {logging_mixin.py:149} INFO - [2023-08-09T08:39:10.418+0000] {dag.py:3486} INFO - Setting next_dagrun for Chap_6.2 to 2023-08-06T16:00:00+00:00, run_after=2023-08-07T16:00:00+00:00
[2023-08-09T08:39:10.433+0000] {processor.py:179} INFO - Processing /opt/airflow/dags/Chap6_2.py took 0.102 seconds
[2023-08-09T08:39:40.986+0000] {processor.py:157} INFO - Started process (PID=7217) to work on /opt/airflow/dags/Chap6_2.py
[2023-08-09T08:39:40.989+0000] {processor.py:826} INFO - Processing file /opt/airflow/dags/Chap6_2.py for tasks to queue
[2023-08-09T08:39:40.991+0000] {logging_mixin.py:149} INFO - [2023-08-09T08:39:40.991+0000] {dagbag.py:541} INFO - Filling up the DagBag from /opt/airflow/dags/Chap6_2.py
[2023-08-09T08:39:41.008+0000] {processor.py:836} INFO - DAG(s) dict_keys(['Chap_6.2']) retrieved from /opt/airflow/dags/Chap6_2.py
[2023-08-09T08:39:41.035+0000] {logging_mixin.py:149} INFO - [2023-08-09T08:39:41.035+0000] {dag.py:2726} INFO - Sync 1 DAGs
[2023-08-09T08:39:41.053+0000] {logging_mixin.py:149} INFO - [2023-08-09T08:39:41.053+0000] {dag.py:3486} INFO - Setting next_dagrun for Chap_6.2 to 2023-08-06T16:00:00+00:00, run_after=2023-08-07T16:00:00+00:00
[2023-08-09T08:39:41.065+0000] {processor.py:179} INFO - Processing /opt/airflow/dags/Chap6_2.py took 0.082 seconds
[2023-08-09T08:40:11.817+0000] {processor.py:157} INFO - Started process (PID=7356) to work on /opt/airflow/dags/Chap6_2.py
[2023-08-09T08:40:11.822+0000] {processor.py:826} INFO - Processing file /opt/airflow/dags/Chap6_2.py for tasks to queue
[2023-08-09T08:40:11.824+0000] {logging_mixin.py:149} INFO - [2023-08-09T08:40:11.824+0000] {dagbag.py:541} INFO - Filling up the DagBag from /opt/airflow/dags/Chap6_2.py
[2023-08-09T08:40:11.836+0000] {processor.py:836} INFO - DAG(s) dict_keys(['Chap_6.2']) retrieved from /opt/airflow/dags/Chap6_2.py
[2023-08-09T08:40:11.861+0000] {logging_mixin.py:149} INFO - [2023-08-09T08:40:11.861+0000] {dag.py:2726} INFO - Sync 1 DAGs
[2023-08-09T08:40:11.877+0000] {logging_mixin.py:149} INFO - [2023-08-09T08:40:11.877+0000] {dag.py:3486} INFO - Setting next_dagrun for Chap_6.2 to 2023-08-06T16:00:00+00:00, run_after=2023-08-07T16:00:00+00:00
[2023-08-09T08:40:11.891+0000] {processor.py:179} INFO - Processing /opt/airflow/dags/Chap6_2.py took 0.079 seconds
[2023-08-09T08:40:42.301+0000] {processor.py:157} INFO - Started process (PID=7495) to work on /opt/airflow/dags/Chap6_2.py
[2023-08-09T08:40:42.303+0000] {processor.py:826} INFO - Processing file /opt/airflow/dags/Chap6_2.py for tasks to queue
[2023-08-09T08:40:42.305+0000] {logging_mixin.py:149} INFO - [2023-08-09T08:40:42.305+0000] {dagbag.py:541} INFO - Filling up the DagBag from /opt/airflow/dags/Chap6_2.py
[2023-08-09T08:40:42.319+0000] {processor.py:836} INFO - DAG(s) dict_keys(['Chap_6.2']) retrieved from /opt/airflow/dags/Chap6_2.py
[2023-08-09T08:40:42.341+0000] {logging_mixin.py:149} INFO - [2023-08-09T08:40:42.341+0000] {dag.py:2726} INFO - Sync 1 DAGs
[2023-08-09T08:40:42.356+0000] {logging_mixin.py:149} INFO - [2023-08-09T08:40:42.356+0000] {dag.py:3486} INFO - Setting next_dagrun for Chap_6.2 to 2023-08-06T16:00:00+00:00, run_after=2023-08-07T16:00:00+00:00
[2023-08-09T08:40:42.369+0000] {processor.py:179} INFO - Processing /opt/airflow/dags/Chap6_2.py took 0.072 seconds
[2023-08-09T08:41:12.855+0000] {processor.py:157} INFO - Started process (PID=7634) to work on /opt/airflow/dags/Chap6_2.py
[2023-08-09T08:41:12.857+0000] {processor.py:826} INFO - Processing file /opt/airflow/dags/Chap6_2.py for tasks to queue
[2023-08-09T08:41:12.859+0000] {logging_mixin.py:149} INFO - [2023-08-09T08:41:12.859+0000] {dagbag.py:541} INFO - Filling up the DagBag from /opt/airflow/dags/Chap6_2.py
[2023-08-09T08:41:12.870+0000] {processor.py:836} INFO - DAG(s) dict_keys(['Chap_6.2']) retrieved from /opt/airflow/dags/Chap6_2.py
[2023-08-09T08:41:12.908+0000] {logging_mixin.py:149} INFO - [2023-08-09T08:41:12.908+0000] {dag.py:2726} INFO - Sync 1 DAGs
[2023-08-09T08:41:12.924+0000] {logging_mixin.py:149} INFO - [2023-08-09T08:41:12.924+0000] {dag.py:3486} INFO - Setting next_dagrun for Chap_6.2 to 2023-08-06T16:00:00+00:00, run_after=2023-08-07T16:00:00+00:00
[2023-08-09T08:41:12.937+0000] {processor.py:179} INFO - Processing /opt/airflow/dags/Chap6_2.py took 0.085 seconds
[2023-08-09T08:41:43.509+0000] {processor.py:157} INFO - Started process (PID=7773) to work on /opt/airflow/dags/Chap6_2.py
[2023-08-09T08:41:43.511+0000] {processor.py:826} INFO - Processing file /opt/airflow/dags/Chap6_2.py for tasks to queue
[2023-08-09T08:41:43.519+0000] {logging_mixin.py:149} INFO - [2023-08-09T08:41:43.519+0000] {dagbag.py:541} INFO - Filling up the DagBag from /opt/airflow/dags/Chap6_2.py
[2023-08-09T08:41:43.533+0000] {processor.py:836} INFO - DAG(s) dict_keys(['Chap_6.2']) retrieved from /opt/airflow/dags/Chap6_2.py
[2023-08-09T08:41:43.557+0000] {logging_mixin.py:149} INFO - [2023-08-09T08:41:43.557+0000] {dag.py:2726} INFO - Sync 1 DAGs
[2023-08-09T08:41:43.573+0000] {logging_mixin.py:149} INFO - [2023-08-09T08:41:43.573+0000] {dag.py:3486} INFO - Setting next_dagrun for Chap_6.2 to 2023-08-06T16:00:00+00:00, run_after=2023-08-07T16:00:00+00:00
[2023-08-09T08:41:43.586+0000] {processor.py:179} INFO - Processing /opt/airflow/dags/Chap6_2.py took 0.080 seconds
[2023-08-09T08:42:14.006+0000] {processor.py:157} INFO - Started process (PID=7910) to work on /opt/airflow/dags/Chap6_2.py
[2023-08-09T08:42:14.008+0000] {processor.py:826} INFO - Processing file /opt/airflow/dags/Chap6_2.py for tasks to queue
[2023-08-09T08:42:14.010+0000] {logging_mixin.py:149} INFO - [2023-08-09T08:42:14.009+0000] {dagbag.py:541} INFO - Filling up the DagBag from /opt/airflow/dags/Chap6_2.py
[2023-08-09T08:42:14.030+0000] {processor.py:836} INFO - DAG(s) dict_keys(['Chap_6.2']) retrieved from /opt/airflow/dags/Chap6_2.py
[2023-08-09T08:42:14.052+0000] {logging_mixin.py:149} INFO - [2023-08-09T08:42:14.052+0000] {dag.py:2726} INFO - Sync 1 DAGs
[2023-08-09T08:42:14.070+0000] {logging_mixin.py:149} INFO - [2023-08-09T08:42:14.070+0000] {dag.py:3486} INFO - Setting next_dagrun for Chap_6.2 to 2023-08-06T16:00:00+00:00, run_after=2023-08-07T16:00:00+00:00
[2023-08-09T08:42:14.084+0000] {processor.py:179} INFO - Processing /opt/airflow/dags/Chap6_2.py took 0.081 seconds
[2023-08-09T08:42:44.441+0000] {processor.py:157} INFO - Started process (PID=8049) to work on /opt/airflow/dags/Chap6_2.py
[2023-08-09T08:42:44.444+0000] {processor.py:826} INFO - Processing file /opt/airflow/dags/Chap6_2.py for tasks to queue
[2023-08-09T08:42:44.445+0000] {logging_mixin.py:149} INFO - [2023-08-09T08:42:44.445+0000] {dagbag.py:541} INFO - Filling up the DagBag from /opt/airflow/dags/Chap6_2.py
[2023-08-09T08:42:44.459+0000] {processor.py:836} INFO - DAG(s) dict_keys(['Chap_6.2']) retrieved from /opt/airflow/dags/Chap6_2.py
[2023-08-09T08:42:44.481+0000] {logging_mixin.py:149} INFO - [2023-08-09T08:42:44.481+0000] {dag.py:2726} INFO - Sync 1 DAGs
[2023-08-09T08:42:44.497+0000] {logging_mixin.py:149} INFO - [2023-08-09T08:42:44.497+0000] {dag.py:3486} INFO - Setting next_dagrun for Chap_6.2 to 2023-08-06T16:00:00+00:00, run_after=2023-08-07T16:00:00+00:00
[2023-08-09T08:42:44.513+0000] {processor.py:179} INFO - Processing /opt/airflow/dags/Chap6_2.py took 0.075 seconds
[2023-08-09T08:43:14.896+0000] {processor.py:157} INFO - Started process (PID=8188) to work on /opt/airflow/dags/Chap6_2.py
[2023-08-09T08:43:14.898+0000] {processor.py:826} INFO - Processing file /opt/airflow/dags/Chap6_2.py for tasks to queue
[2023-08-09T08:43:14.899+0000] {logging_mixin.py:149} INFO - [2023-08-09T08:43:14.899+0000] {dagbag.py:541} INFO - Filling up the DagBag from /opt/airflow/dags/Chap6_2.py
[2023-08-09T08:43:14.911+0000] {processor.py:836} INFO - DAG(s) dict_keys(['Chap_6.2']) retrieved from /opt/airflow/dags/Chap6_2.py
[2023-08-09T08:43:14.942+0000] {logging_mixin.py:149} INFO - [2023-08-09T08:43:14.942+0000] {dag.py:2726} INFO - Sync 1 DAGs
[2023-08-09T08:43:14.959+0000] {logging_mixin.py:149} INFO - [2023-08-09T08:43:14.959+0000] {dag.py:3486} INFO - Setting next_dagrun for Chap_6.2 to 2023-08-06T16:00:00+00:00, run_after=2023-08-07T16:00:00+00:00
[2023-08-09T08:43:14.983+0000] {processor.py:179} INFO - Processing /opt/airflow/dags/Chap6_2.py took 0.090 seconds
[2023-08-09T08:43:46.276+0000] {processor.py:157} INFO - Started process (PID=8327) to work on /opt/airflow/dags/Chap6_2.py
[2023-08-09T08:43:46.278+0000] {processor.py:826} INFO - Processing file /opt/airflow/dags/Chap6_2.py for tasks to queue
[2023-08-09T08:43:46.280+0000] {logging_mixin.py:149} INFO - [2023-08-09T08:43:46.280+0000] {dagbag.py:541} INFO - Filling up the DagBag from /opt/airflow/dags/Chap6_2.py
[2023-08-09T08:43:46.295+0000] {processor.py:836} INFO - DAG(s) dict_keys(['Chap_6.2']) retrieved from /opt/airflow/dags/Chap6_2.py
[2023-08-09T08:43:46.318+0000] {logging_mixin.py:149} INFO - [2023-08-09T08:43:46.317+0000] {dag.py:2726} INFO - Sync 1 DAGs
[2023-08-09T08:43:46.334+0000] {logging_mixin.py:149} INFO - [2023-08-09T08:43:46.334+0000] {dag.py:3486} INFO - Setting next_dagrun for Chap_6.2 to 2023-08-06T16:00:00+00:00, run_after=2023-08-07T16:00:00+00:00
[2023-08-09T08:43:46.345+0000] {processor.py:179} INFO - Processing /opt/airflow/dags/Chap6_2.py took 0.072 seconds
[2023-08-09T08:44:16.922+0000] {processor.py:157} INFO - Started process (PID=8468) to work on /opt/airflow/dags/Chap6_2.py
[2023-08-09T08:44:16.925+0000] {processor.py:826} INFO - Processing file /opt/airflow/dags/Chap6_2.py for tasks to queue
[2023-08-09T08:44:16.926+0000] {logging_mixin.py:149} INFO - [2023-08-09T08:44:16.926+0000] {dagbag.py:541} INFO - Filling up the DagBag from /opt/airflow/dags/Chap6_2.py
[2023-08-09T08:44:16.959+0000] {processor.py:836} INFO - DAG(s) dict_keys(['Chap_6.2']) retrieved from /opt/airflow/dags/Chap6_2.py
[2023-08-09T08:44:16.983+0000] {logging_mixin.py:149} INFO - [2023-08-09T08:44:16.983+0000] {dag.py:2726} INFO - Sync 1 DAGs
[2023-08-09T08:44:16.998+0000] {logging_mixin.py:149} INFO - [2023-08-09T08:44:16.998+0000] {dag.py:3486} INFO - Setting next_dagrun for Chap_6.2 to 2023-08-06T16:00:00+00:00, run_after=2023-08-07T16:00:00+00:00
[2023-08-09T08:44:17.011+0000] {processor.py:179} INFO - Processing /opt/airflow/dags/Chap6_2.py took 0.092 seconds
[2023-08-09T08:44:47.704+0000] {processor.py:157} INFO - Started process (PID=8605) to work on /opt/airflow/dags/Chap6_2.py
[2023-08-09T08:44:47.706+0000] {processor.py:826} INFO - Processing file /opt/airflow/dags/Chap6_2.py for tasks to queue
[2023-08-09T08:44:47.708+0000] {logging_mixin.py:149} INFO - [2023-08-09T08:44:47.708+0000] {dagbag.py:541} INFO - Filling up the DagBag from /opt/airflow/dags/Chap6_2.py
[2023-08-09T08:44:47.722+0000] {processor.py:836} INFO - DAG(s) dict_keys(['Chap_6.2']) retrieved from /opt/airflow/dags/Chap6_2.py
[2023-08-09T08:44:47.759+0000] {logging_mixin.py:149} INFO - [2023-08-09T08:44:47.759+0000] {dag.py:2726} INFO - Sync 1 DAGs
[2023-08-09T08:44:47.777+0000] {logging_mixin.py:149} INFO - [2023-08-09T08:44:47.777+0000] {dag.py:3486} INFO - Setting next_dagrun for Chap_6.2 to 2023-08-06T16:00:00+00:00, run_after=2023-08-07T16:00:00+00:00
[2023-08-09T08:44:47.798+0000] {processor.py:179} INFO - Processing /opt/airflow/dags/Chap6_2.py took 0.098 seconds
[2023-08-09T08:45:18.480+0000] {processor.py:157} INFO - Started process (PID=8744) to work on /opt/airflow/dags/Chap6_2.py
[2023-08-09T08:45:18.486+0000] {processor.py:826} INFO - Processing file /opt/airflow/dags/Chap6_2.py for tasks to queue
[2023-08-09T08:45:18.487+0000] {logging_mixin.py:149} INFO - [2023-08-09T08:45:18.487+0000] {dagbag.py:541} INFO - Filling up the DagBag from /opt/airflow/dags/Chap6_2.py
[2023-08-09T08:45:18.501+0000] {processor.py:836} INFO - DAG(s) dict_keys(['Chap_6.2']) retrieved from /opt/airflow/dags/Chap6_2.py
[2023-08-09T08:45:18.524+0000] {logging_mixin.py:149} INFO - [2023-08-09T08:45:18.524+0000] {dag.py:2726} INFO - Sync 1 DAGs
[2023-08-09T08:45:18.545+0000] {logging_mixin.py:149} INFO - [2023-08-09T08:45:18.545+0000] {dag.py:3486} INFO - Setting next_dagrun for Chap_6.2 to 2023-08-06T16:00:00+00:00, run_after=2023-08-07T16:00:00+00:00
[2023-08-09T08:45:18.561+0000] {processor.py:179} INFO - Processing /opt/airflow/dags/Chap6_2.py took 0.084 seconds
[2023-08-09T08:45:50.029+0000] {processor.py:157} INFO - Started process (PID=8883) to work on /opt/airflow/dags/Chap6_2.py
[2023-08-09T08:45:50.031+0000] {processor.py:826} INFO - Processing file /opt/airflow/dags/Chap6_2.py for tasks to queue
[2023-08-09T08:45:50.032+0000] {logging_mixin.py:149} INFO - [2023-08-09T08:45:50.032+0000] {dagbag.py:541} INFO - Filling up the DagBag from /opt/airflow/dags/Chap6_2.py
[2023-08-09T08:45:50.082+0000] {processor.py:836} INFO - DAG(s) dict_keys(['Chap_6.2']) retrieved from /opt/airflow/dags/Chap6_2.py
[2023-08-09T08:45:50.106+0000] {logging_mixin.py:149} INFO - [2023-08-09T08:45:50.106+0000] {dag.py:2726} INFO - Sync 1 DAGs
[2023-08-09T08:45:50.131+0000] {logging_mixin.py:149} INFO - [2023-08-09T08:45:50.131+0000] {dag.py:3486} INFO - Setting next_dagrun for Chap_6.2 to 2023-08-06T16:00:00+00:00, run_after=2023-08-07T16:00:00+00:00
[2023-08-09T08:45:50.147+0000] {processor.py:179} INFO - Processing /opt/airflow/dags/Chap6_2.py took 0.121 seconds
[2023-08-09T08:46:21.193+0000] {processor.py:157} INFO - Started process (PID=9022) to work on /opt/airflow/dags/Chap6_2.py
[2023-08-09T08:46:21.195+0000] {processor.py:826} INFO - Processing file /opt/airflow/dags/Chap6_2.py for tasks to queue
[2023-08-09T08:46:21.196+0000] {logging_mixin.py:149} INFO - [2023-08-09T08:46:21.196+0000] {dagbag.py:541} INFO - Filling up the DagBag from /opt/airflow/dags/Chap6_2.py
[2023-08-09T08:46:21.214+0000] {processor.py:836} INFO - DAG(s) dict_keys(['Chap_6.2']) retrieved from /opt/airflow/dags/Chap6_2.py
[2023-08-09T08:46:21.237+0000] {logging_mixin.py:149} INFO - [2023-08-09T08:46:21.236+0000] {dag.py:2726} INFO - Sync 1 DAGs
[2023-08-09T08:46:21.261+0000] {logging_mixin.py:149} INFO - [2023-08-09T08:46:21.261+0000] {dag.py:3486} INFO - Setting next_dagrun for Chap_6.2 to 2023-08-06T16:00:00+00:00, run_after=2023-08-07T16:00:00+00:00
[2023-08-09T08:46:21.282+0000] {processor.py:179} INFO - Processing /opt/airflow/dags/Chap6_2.py took 0.094 seconds
[2023-08-09T08:46:52.202+0000] {processor.py:157} INFO - Started process (PID=9162) to work on /opt/airflow/dags/Chap6_2.py
[2023-08-09T08:46:52.204+0000] {processor.py:826} INFO - Processing file /opt/airflow/dags/Chap6_2.py for tasks to queue
[2023-08-09T08:46:52.205+0000] {logging_mixin.py:149} INFO - [2023-08-09T08:46:52.205+0000] {dagbag.py:541} INFO - Filling up the DagBag from /opt/airflow/dags/Chap6_2.py
[2023-08-09T08:46:52.219+0000] {processor.py:836} INFO - DAG(s) dict_keys(['Chap_6.2']) retrieved from /opt/airflow/dags/Chap6_2.py
[2023-08-09T08:46:52.241+0000] {logging_mixin.py:149} INFO - [2023-08-09T08:46:52.241+0000] {dag.py:2726} INFO - Sync 1 DAGs
[2023-08-09T08:46:52.257+0000] {logging_mixin.py:149} INFO - [2023-08-09T08:46:52.257+0000] {dag.py:3486} INFO - Setting next_dagrun for Chap_6.2 to 2023-08-06T16:00:00+00:00, run_after=2023-08-07T16:00:00+00:00
[2023-08-09T08:46:52.276+0000] {processor.py:179} INFO - Processing /opt/airflow/dags/Chap6_2.py took 0.078 seconds
[2023-08-09T08:47:23.176+0000] {processor.py:157} INFO - Started process (PID=9301) to work on /opt/airflow/dags/Chap6_2.py
[2023-08-09T08:47:23.178+0000] {processor.py:826} INFO - Processing file /opt/airflow/dags/Chap6_2.py for tasks to queue
[2023-08-09T08:47:23.179+0000] {logging_mixin.py:149} INFO - [2023-08-09T08:47:23.179+0000] {dagbag.py:541} INFO - Filling up the DagBag from /opt/airflow/dags/Chap6_2.py
[2023-08-09T08:47:23.192+0000] {processor.py:836} INFO - DAG(s) dict_keys(['Chap_6.2']) retrieved from /opt/airflow/dags/Chap6_2.py
[2023-08-09T08:47:23.212+0000] {logging_mixin.py:149} INFO - [2023-08-09T08:47:23.212+0000] {dag.py:2726} INFO - Sync 1 DAGs
[2023-08-09T08:47:23.227+0000] {logging_mixin.py:149} INFO - [2023-08-09T08:47:23.227+0000] {dag.py:3486} INFO - Setting next_dagrun for Chap_6.2 to 2023-08-06T16:00:00+00:00, run_after=2023-08-07T16:00:00+00:00
[2023-08-09T08:47:23.241+0000] {processor.py:179} INFO - Processing /opt/airflow/dags/Chap6_2.py took 0.068 seconds
[2023-08-09T08:47:54.079+0000] {processor.py:157} INFO - Started process (PID=9441) to work on /opt/airflow/dags/Chap6_2.py
[2023-08-09T08:47:54.100+0000] {processor.py:826} INFO - Processing file /opt/airflow/dags/Chap6_2.py for tasks to queue
[2023-08-09T08:47:54.102+0000] {logging_mixin.py:149} INFO - [2023-08-09T08:47:54.102+0000] {dagbag.py:541} INFO - Filling up the DagBag from /opt/airflow/dags/Chap6_2.py
[2023-08-09T08:47:54.120+0000] {processor.py:836} INFO - DAG(s) dict_keys(['Chap_6.2']) retrieved from /opt/airflow/dags/Chap6_2.py
[2023-08-09T08:47:54.143+0000] {logging_mixin.py:149} INFO - [2023-08-09T08:47:54.143+0000] {dag.py:2726} INFO - Sync 1 DAGs
[2023-08-09T08:47:54.160+0000] {logging_mixin.py:149} INFO - [2023-08-09T08:47:54.160+0000] {dag.py:3486} INFO - Setting next_dagrun for Chap_6.2 to 2023-08-06T16:00:00+00:00, run_after=2023-08-07T16:00:00+00:00
[2023-08-09T08:47:54.175+0000] {processor.py:179} INFO - Processing /opt/airflow/dags/Chap6_2.py took 0.102 seconds
[2023-08-09T08:48:25.061+0000] {processor.py:157} INFO - Started process (PID=9580) to work on /opt/airflow/dags/Chap6_2.py
[2023-08-09T08:48:25.064+0000] {processor.py:826} INFO - Processing file /opt/airflow/dags/Chap6_2.py for tasks to queue
[2023-08-09T08:48:25.065+0000] {logging_mixin.py:149} INFO - [2023-08-09T08:48:25.065+0000] {dagbag.py:541} INFO - Filling up the DagBag from /opt/airflow/dags/Chap6_2.py
[2023-08-09T08:48:25.082+0000] {processor.py:836} INFO - DAG(s) dict_keys(['Chap_6.2']) retrieved from /opt/airflow/dags/Chap6_2.py
[2023-08-09T08:48:25.111+0000] {logging_mixin.py:149} INFO - [2023-08-09T08:48:25.111+0000] {dag.py:2726} INFO - Sync 1 DAGs
[2023-08-09T08:48:25.130+0000] {logging_mixin.py:149} INFO - [2023-08-09T08:48:25.130+0000] {dag.py:3486} INFO - Setting next_dagrun for Chap_6.2 to 2023-08-06T16:00:00+00:00, run_after=2023-08-07T16:00:00+00:00
[2023-08-09T08:48:25.146+0000] {processor.py:179} INFO - Processing /opt/airflow/dags/Chap6_2.py took 0.089 seconds
[2023-08-09T08:48:55.794+0000] {processor.py:157} INFO - Started process (PID=9718) to work on /opt/airflow/dags/Chap6_2.py
[2023-08-09T08:48:55.796+0000] {processor.py:826} INFO - Processing file /opt/airflow/dags/Chap6_2.py for tasks to queue
[2023-08-09T08:48:55.798+0000] {logging_mixin.py:149} INFO - [2023-08-09T08:48:55.797+0000] {dagbag.py:541} INFO - Filling up the DagBag from /opt/airflow/dags/Chap6_2.py
[2023-08-09T08:48:55.812+0000] {processor.py:836} INFO - DAG(s) dict_keys(['Chap_6.2']) retrieved from /opt/airflow/dags/Chap6_2.py
[2023-08-09T08:48:55.834+0000] {logging_mixin.py:149} INFO - [2023-08-09T08:48:55.834+0000] {dag.py:2726} INFO - Sync 1 DAGs
[2023-08-09T08:48:55.852+0000] {logging_mixin.py:149} INFO - [2023-08-09T08:48:55.852+0000] {dag.py:3486} INFO - Setting next_dagrun for Chap_6.2 to 2023-08-06T16:00:00+00:00, run_after=2023-08-07T16:00:00+00:00
[2023-08-09T08:48:55.867+0000] {processor.py:179} INFO - Processing /opt/airflow/dags/Chap6_2.py took 0.077 seconds
[2023-08-09T08:49:26.830+0000] {processor.py:157} INFO - Started process (PID=9864) to work on /opt/airflow/dags/Chap6_2.py
[2023-08-09T08:49:26.833+0000] {processor.py:826} INFO - Processing file /opt/airflow/dags/Chap6_2.py for tasks to queue
[2023-08-09T08:49:26.834+0000] {logging_mixin.py:149} INFO - [2023-08-09T08:49:26.834+0000] {dagbag.py:541} INFO - Filling up the DagBag from /opt/airflow/dags/Chap6_2.py
[2023-08-09T08:49:26.856+0000] {processor.py:836} INFO - DAG(s) dict_keys(['Chap_6.2']) retrieved from /opt/airflow/dags/Chap6_2.py
[2023-08-09T08:49:26.880+0000] {logging_mixin.py:149} INFO - [2023-08-09T08:49:26.880+0000] {dag.py:2726} INFO - Sync 1 DAGs
[2023-08-09T08:49:26.898+0000] {logging_mixin.py:149} INFO - [2023-08-09T08:49:26.898+0000] {dag.py:3486} INFO - Setting next_dagrun for Chap_6.2 to 2023-08-06T16:00:00+00:00, run_after=2023-08-07T16:00:00+00:00
[2023-08-09T08:49:26.914+0000] {processor.py:179} INFO - Processing /opt/airflow/dags/Chap6_2.py took 0.087 seconds
[2023-08-09T08:49:57.407+0000] {processor.py:157} INFO - Started process (PID=10003) to work on /opt/airflow/dags/Chap6_2.py
[2023-08-09T08:49:57.409+0000] {processor.py:826} INFO - Processing file /opt/airflow/dags/Chap6_2.py for tasks to queue
[2023-08-09T08:49:57.411+0000] {logging_mixin.py:149} INFO - [2023-08-09T08:49:57.410+0000] {dagbag.py:541} INFO - Filling up the DagBag from /opt/airflow/dags/Chap6_2.py
[2023-08-09T08:49:57.424+0000] {processor.py:836} INFO - DAG(s) dict_keys(['Chap_6.2']) retrieved from /opt/airflow/dags/Chap6_2.py
[2023-08-09T08:49:57.446+0000] {logging_mixin.py:149} INFO - [2023-08-09T08:49:57.446+0000] {dag.py:2726} INFO - Sync 1 DAGs
[2023-08-09T08:49:57.485+0000] {logging_mixin.py:149} INFO - [2023-08-09T08:49:57.485+0000] {dag.py:3486} INFO - Setting next_dagrun for Chap_6.2 to 2023-08-06T16:00:00+00:00, run_after=2023-08-07T16:00:00+00:00
[2023-08-09T08:49:57.500+0000] {processor.py:179} INFO - Processing /opt/airflow/dags/Chap6_2.py took 0.096 seconds
[2023-08-09T08:50:28.524+0000] {processor.py:157} INFO - Started process (PID=10142) to work on /opt/airflow/dags/Chap6_2.py
[2023-08-09T08:50:28.526+0000] {processor.py:826} INFO - Processing file /opt/airflow/dags/Chap6_2.py for tasks to queue
[2023-08-09T08:50:28.527+0000] {logging_mixin.py:149} INFO - [2023-08-09T08:50:28.527+0000] {dagbag.py:541} INFO - Filling up the DagBag from /opt/airflow/dags/Chap6_2.py
[2023-08-09T08:50:28.546+0000] {processor.py:836} INFO - DAG(s) dict_keys(['Chap_6.2']) retrieved from /opt/airflow/dags/Chap6_2.py
[2023-08-09T08:50:28.572+0000] {logging_mixin.py:149} INFO - [2023-08-09T08:50:28.572+0000] {dag.py:2726} INFO - Sync 1 DAGs
[2023-08-09T08:50:28.598+0000] {logging_mixin.py:149} INFO - [2023-08-09T08:50:28.598+0000] {dag.py:3486} INFO - Setting next_dagrun for Chap_6.2 to 2023-08-06T16:00:00+00:00, run_after=2023-08-07T16:00:00+00:00
[2023-08-09T08:50:28.612+0000] {processor.py:179} INFO - Processing /opt/airflow/dags/Chap6_2.py took 0.091 seconds
[2023-08-09T08:50:59.119+0000] {processor.py:157} INFO - Started process (PID=10283) to work on /opt/airflow/dags/Chap6_2.py
[2023-08-09T08:50:59.121+0000] {processor.py:826} INFO - Processing file /opt/airflow/dags/Chap6_2.py for tasks to queue
[2023-08-09T08:50:59.123+0000] {logging_mixin.py:149} INFO - [2023-08-09T08:50:59.123+0000] {dagbag.py:541} INFO - Filling up the DagBag from /opt/airflow/dags/Chap6_2.py
[2023-08-09T08:50:59.137+0000] {processor.py:836} INFO - DAG(s) dict_keys(['Chap_6.2']) retrieved from /opt/airflow/dags/Chap6_2.py
[2023-08-09T08:50:59.180+0000] {logging_mixin.py:149} INFO - [2023-08-09T08:50:59.179+0000] {dag.py:2726} INFO - Sync 1 DAGs
[2023-08-09T08:50:59.204+0000] {logging_mixin.py:149} INFO - [2023-08-09T08:50:59.204+0000] {dag.py:3486} INFO - Setting next_dagrun for Chap_6.2 to 2023-08-06T16:00:00+00:00, run_after=2023-08-07T16:00:00+00:00
[2023-08-09T08:50:59.218+0000] {processor.py:179} INFO - Processing /opt/airflow/dags/Chap6_2.py took 0.102 seconds
[2023-08-09T08:51:29.560+0000] {processor.py:157} INFO - Started process (PID=10420) to work on /opt/airflow/dags/Chap6_2.py
[2023-08-09T08:51:29.562+0000] {processor.py:826} INFO - Processing file /opt/airflow/dags/Chap6_2.py for tasks to queue
[2023-08-09T08:51:29.564+0000] {logging_mixin.py:149} INFO - [2023-08-09T08:51:29.564+0000] {dagbag.py:541} INFO - Filling up the DagBag from /opt/airflow/dags/Chap6_2.py
[2023-08-09T08:51:29.582+0000] {processor.py:836} INFO - DAG(s) dict_keys(['Chap_6.2']) retrieved from /opt/airflow/dags/Chap6_2.py
[2023-08-09T08:51:29.608+0000] {logging_mixin.py:149} INFO - [2023-08-09T08:51:29.608+0000] {dag.py:2726} INFO - Sync 1 DAGs
[2023-08-09T08:51:29.627+0000] {logging_mixin.py:149} INFO - [2023-08-09T08:51:29.627+0000] {dag.py:3486} INFO - Setting next_dagrun for Chap_6.2 to 2023-08-06T16:00:00+00:00, run_after=2023-08-07T16:00:00+00:00
[2023-08-09T08:51:29.640+0000] {processor.py:179} INFO - Processing /opt/airflow/dags/Chap6_2.py took 0.083 seconds
[2023-08-09T08:52:00.231+0000] {processor.py:157} INFO - Started process (PID=10561) to work on /opt/airflow/dags/Chap6_2.py
[2023-08-09T08:52:00.233+0000] {processor.py:826} INFO - Processing file /opt/airflow/dags/Chap6_2.py for tasks to queue
[2023-08-09T08:52:00.234+0000] {logging_mixin.py:149} INFO - [2023-08-09T08:52:00.234+0000] {dagbag.py:541} INFO - Filling up the DagBag from /opt/airflow/dags/Chap6_2.py
[2023-08-09T08:52:00.249+0000] {processor.py:836} INFO - DAG(s) dict_keys(['Chap_6.2']) retrieved from /opt/airflow/dags/Chap6_2.py
[2023-08-09T08:52:00.292+0000] {logging_mixin.py:149} INFO - [2023-08-09T08:52:00.292+0000] {dag.py:2726} INFO - Sync 1 DAGs
[2023-08-09T08:52:00.309+0000] {logging_mixin.py:149} INFO - [2023-08-09T08:52:00.309+0000] {dag.py:3486} INFO - Setting next_dagrun for Chap_6.2 to 2023-08-06T16:00:00+00:00, run_after=2023-08-07T16:00:00+00:00
[2023-08-09T08:52:00.322+0000] {processor.py:179} INFO - Processing /opt/airflow/dags/Chap6_2.py took 0.094 seconds
