[2023-08-09T08:37:37.431+0000] {processor.py:157} INFO - Started process (PID=6648) to work on /opt/airflow/dags/Chap6_3.py
[2023-08-09T08:37:37.434+0000] {processor.py:826} INFO - Processing file /opt/airflow/dags/Chap6_3.py for tasks to queue
[2023-08-09T08:37:37.435+0000] {logging_mixin.py:149} INFO - [2023-08-09T08:37:37.435+0000] {dagbag.py:541} INFO - Filling up the DagBag from /opt/airflow/dags/Chap6_3.py
[2023-08-09T08:37:37.461+0000] {processor.py:836} INFO - DAG(s) dict_keys(['Chap_6.4']) retrieved from /opt/airflow/dags/Chap6_3.py
[2023-08-09T08:37:37.494+0000] {logging_mixin.py:149} INFO - [2023-08-09T08:37:37.494+0000] {dag.py:2726} INFO - Sync 1 DAGs
[2023-08-09T08:37:37.516+0000] {logging_mixin.py:149} INFO - [2023-08-09T08:37:37.516+0000] {dag.py:3486} INFO - Setting next_dagrun for Chap_6.4 to 2023-08-06T16:00:00+00:00, run_after=2023-08-07T16:00:00+00:00
[2023-08-09T08:37:37.535+0000] {processor.py:179} INFO - Processing /opt/airflow/dags/Chap6_3.py took 0.107 seconds
[2023-08-09T08:38:08.360+0000] {processor.py:157} INFO - Started process (PID=6787) to work on /opt/airflow/dags/Chap6_3.py
[2023-08-09T08:38:08.368+0000] {processor.py:826} INFO - Processing file /opt/airflow/dags/Chap6_3.py for tasks to queue
[2023-08-09T08:38:08.370+0000] {logging_mixin.py:149} INFO - [2023-08-09T08:38:08.370+0000] {dagbag.py:541} INFO - Filling up the DagBag from /opt/airflow/dags/Chap6_3.py
[2023-08-09T08:38:08.385+0000] {processor.py:836} INFO - DAG(s) dict_keys(['Chap_6.4']) retrieved from /opt/airflow/dags/Chap6_3.py
[2023-08-09T08:38:08.413+0000] {logging_mixin.py:149} INFO - [2023-08-09T08:38:08.412+0000] {dag.py:2726} INFO - Sync 1 DAGs
[2023-08-09T08:38:08.434+0000] {logging_mixin.py:149} INFO - [2023-08-09T08:38:08.434+0000] {dag.py:3486} INFO - Setting next_dagrun for Chap_6.4 to 2023-08-06T16:00:00+00:00, run_after=2023-08-07T16:00:00+00:00
[2023-08-09T08:38:08.449+0000] {processor.py:179} INFO - Processing /opt/airflow/dags/Chap6_3.py took 0.093 seconds
[2023-08-09T08:38:39.221+0000] {processor.py:157} INFO - Started process (PID=6927) to work on /opt/airflow/dags/Chap6_3.py
[2023-08-09T08:38:39.229+0000] {processor.py:826} INFO - Processing file /opt/airflow/dags/Chap6_3.py for tasks to queue
[2023-08-09T08:38:39.231+0000] {logging_mixin.py:149} INFO - [2023-08-09T08:38:39.231+0000] {dagbag.py:541} INFO - Filling up the DagBag from /opt/airflow/dags/Chap6_3.py
[2023-08-09T08:38:39.245+0000] {processor.py:836} INFO - DAG(s) dict_keys(['Chap_6.4']) retrieved from /opt/airflow/dags/Chap6_3.py
[2023-08-09T08:38:39.267+0000] {logging_mixin.py:149} INFO - [2023-08-09T08:38:39.267+0000] {dag.py:2726} INFO - Sync 1 DAGs
[2023-08-09T08:38:39.283+0000] {logging_mixin.py:149} INFO - [2023-08-09T08:38:39.283+0000] {dag.py:3486} INFO - Setting next_dagrun for Chap_6.4 to 2023-08-06T16:00:00+00:00, run_after=2023-08-07T16:00:00+00:00
[2023-08-09T08:38:39.297+0000] {processor.py:179} INFO - Processing /opt/airflow/dags/Chap6_3.py took 0.080 seconds
[2023-08-09T08:39:10.103+0000] {processor.py:157} INFO - Started process (PID=7066) to work on /opt/airflow/dags/Chap6_3.py
[2023-08-09T08:39:10.110+0000] {processor.py:826} INFO - Processing file /opt/airflow/dags/Chap6_3.py for tasks to queue
[2023-08-09T08:39:10.111+0000] {logging_mixin.py:149} INFO - [2023-08-09T08:39:10.111+0000] {dagbag.py:541} INFO - Filling up the DagBag from /opt/airflow/dags/Chap6_3.py
[2023-08-09T08:39:10.134+0000] {processor.py:836} INFO - DAG(s) dict_keys(['Chap_6.4']) retrieved from /opt/airflow/dags/Chap6_3.py
[2023-08-09T08:39:10.155+0000] {logging_mixin.py:149} INFO - [2023-08-09T08:39:10.154+0000] {dag.py:2726} INFO - Sync 1 DAGs
[2023-08-09T08:39:10.172+0000] {logging_mixin.py:149} INFO - [2023-08-09T08:39:10.172+0000] {dag.py:3486} INFO - Setting next_dagrun for Chap_6.4 to 2023-08-06T16:00:00+00:00, run_after=2023-08-07T16:00:00+00:00
[2023-08-09T08:39:10.186+0000] {processor.py:179} INFO - Processing /opt/airflow/dags/Chap6_3.py took 0.085 seconds
[2023-08-09T08:39:40.734+0000] {processor.py:157} INFO - Started process (PID=7205) to work on /opt/airflow/dags/Chap6_3.py
[2023-08-09T08:39:40.745+0000] {processor.py:826} INFO - Processing file /opt/airflow/dags/Chap6_3.py for tasks to queue
[2023-08-09T08:39:40.747+0000] {logging_mixin.py:149} INFO - [2023-08-09T08:39:40.747+0000] {dagbag.py:541} INFO - Filling up the DagBag from /opt/airflow/dags/Chap6_3.py
[2023-08-09T08:39:40.762+0000] {processor.py:836} INFO - DAG(s) dict_keys(['Chap_6.4']) retrieved from /opt/airflow/dags/Chap6_3.py
[2023-08-09T08:39:40.789+0000] {logging_mixin.py:149} INFO - [2023-08-09T08:39:40.789+0000] {dag.py:2726} INFO - Sync 1 DAGs
[2023-08-09T08:39:40.803+0000] {logging_mixin.py:149} INFO - [2023-08-09T08:39:40.803+0000] {dag.py:3486} INFO - Setting next_dagrun for Chap_6.4 to 2023-08-06T16:00:00+00:00, run_after=2023-08-07T16:00:00+00:00
[2023-08-09T08:39:40.815+0000] {processor.py:179} INFO - Processing /opt/airflow/dags/Chap6_3.py took 0.085 seconds
[2023-08-09T08:40:11.585+0000] {processor.py:157} INFO - Started process (PID=7344) to work on /opt/airflow/dags/Chap6_3.py
[2023-08-09T08:40:11.587+0000] {processor.py:826} INFO - Processing file /opt/airflow/dags/Chap6_3.py for tasks to queue
[2023-08-09T08:40:11.588+0000] {logging_mixin.py:149} INFO - [2023-08-09T08:40:11.588+0000] {dagbag.py:541} INFO - Filling up the DagBag from /opt/airflow/dags/Chap6_3.py
[2023-08-09T08:40:11.602+0000] {processor.py:836} INFO - DAG(s) dict_keys(['Chap_6.4']) retrieved from /opt/airflow/dags/Chap6_3.py
[2023-08-09T08:40:11.623+0000] {logging_mixin.py:149} INFO - [2023-08-09T08:40:11.623+0000] {dag.py:2726} INFO - Sync 1 DAGs
[2023-08-09T08:40:11.638+0000] {logging_mixin.py:149} INFO - [2023-08-09T08:40:11.638+0000] {dag.py:3486} INFO - Setting next_dagrun for Chap_6.4 to 2023-08-06T16:00:00+00:00, run_after=2023-08-07T16:00:00+00:00
[2023-08-09T08:40:11.649+0000] {processor.py:179} INFO - Processing /opt/airflow/dags/Chap6_3.py took 0.067 seconds
[2023-08-09T08:40:42.064+0000] {processor.py:157} INFO - Started process (PID=7483) to work on /opt/airflow/dags/Chap6_3.py
[2023-08-09T08:40:42.066+0000] {processor.py:826} INFO - Processing file /opt/airflow/dags/Chap6_3.py for tasks to queue
[2023-08-09T08:40:42.067+0000] {logging_mixin.py:149} INFO - [2023-08-09T08:40:42.067+0000] {dagbag.py:541} INFO - Filling up the DagBag from /opt/airflow/dags/Chap6_3.py
[2023-08-09T08:40:42.080+0000] {processor.py:836} INFO - DAG(s) dict_keys(['Chap_6.4']) retrieved from /opt/airflow/dags/Chap6_3.py
[2023-08-09T08:40:42.099+0000] {logging_mixin.py:149} INFO - [2023-08-09T08:40:42.099+0000] {dag.py:2726} INFO - Sync 1 DAGs
[2023-08-09T08:40:42.116+0000] {logging_mixin.py:149} INFO - [2023-08-09T08:40:42.116+0000] {dag.py:3486} INFO - Setting next_dagrun for Chap_6.4 to 2023-08-06T16:00:00+00:00, run_after=2023-08-07T16:00:00+00:00
[2023-08-09T08:40:42.129+0000] {processor.py:179} INFO - Processing /opt/airflow/dags/Chap6_3.py took 0.068 seconds
[2023-08-09T08:41:12.631+0000] {processor.py:157} INFO - Started process (PID=7622) to work on /opt/airflow/dags/Chap6_3.py
[2023-08-09T08:41:12.634+0000] {processor.py:826} INFO - Processing file /opt/airflow/dags/Chap6_3.py for tasks to queue
[2023-08-09T08:41:12.635+0000] {logging_mixin.py:149} INFO - [2023-08-09T08:41:12.635+0000] {dagbag.py:541} INFO - Filling up the DagBag from /opt/airflow/dags/Chap6_3.py
[2023-08-09T08:41:12.651+0000] {processor.py:836} INFO - DAG(s) dict_keys(['Chap_6.4']) retrieved from /opt/airflow/dags/Chap6_3.py
[2023-08-09T08:41:12.674+0000] {logging_mixin.py:149} INFO - [2023-08-09T08:41:12.674+0000] {dag.py:2726} INFO - Sync 1 DAGs
[2023-08-09T08:41:12.690+0000] {logging_mixin.py:149} INFO - [2023-08-09T08:41:12.690+0000] {dag.py:3486} INFO - Setting next_dagrun for Chap_6.4 to 2023-08-06T16:00:00+00:00, run_after=2023-08-07T16:00:00+00:00
[2023-08-09T08:41:12.703+0000] {processor.py:179} INFO - Processing /opt/airflow/dags/Chap6_3.py took 0.074 seconds
[2023-08-09T08:41:43.271+0000] {processor.py:157} INFO - Started process (PID=7761) to work on /opt/airflow/dags/Chap6_3.py
[2023-08-09T08:41:43.278+0000] {processor.py:826} INFO - Processing file /opt/airflow/dags/Chap6_3.py for tasks to queue
[2023-08-09T08:41:43.281+0000] {logging_mixin.py:149} INFO - [2023-08-09T08:41:43.280+0000] {dagbag.py:541} INFO - Filling up the DagBag from /opt/airflow/dags/Chap6_3.py
[2023-08-09T08:41:43.297+0000] {processor.py:836} INFO - DAG(s) dict_keys(['Chap_6.4']) retrieved from /opt/airflow/dags/Chap6_3.py
[2023-08-09T08:41:43.317+0000] {logging_mixin.py:149} INFO - [2023-08-09T08:41:43.317+0000] {dag.py:2726} INFO - Sync 1 DAGs
[2023-08-09T08:41:43.333+0000] {logging_mixin.py:149} INFO - [2023-08-09T08:41:43.333+0000] {dag.py:3486} INFO - Setting next_dagrun for Chap_6.4 to 2023-08-06T16:00:00+00:00, run_after=2023-08-07T16:00:00+00:00
[2023-08-09T08:41:43.346+0000] {processor.py:179} INFO - Processing /opt/airflow/dags/Chap6_3.py took 0.078 seconds
[2023-08-09T08:42:13.864+0000] {processor.py:157} INFO - Started process (PID=7900) to work on /opt/airflow/dags/Chap6_3.py
[2023-08-09T08:42:13.866+0000] {processor.py:826} INFO - Processing file /opt/airflow/dags/Chap6_3.py for tasks to queue
[2023-08-09T08:42:13.868+0000] {logging_mixin.py:149} INFO - [2023-08-09T08:42:13.868+0000] {dagbag.py:541} INFO - Filling up the DagBag from /opt/airflow/dags/Chap6_3.py
[2023-08-09T08:42:13.884+0000] {processor.py:836} INFO - DAG(s) dict_keys(['Chap_6.4']) retrieved from /opt/airflow/dags/Chap6_3.py
[2023-08-09T08:42:13.904+0000] {logging_mixin.py:149} INFO - [2023-08-09T08:42:13.904+0000] {dag.py:2726} INFO - Sync 1 DAGs
[2023-08-09T08:42:13.919+0000] {logging_mixin.py:149} INFO - [2023-08-09T08:42:13.919+0000] {dag.py:3486} INFO - Setting next_dagrun for Chap_6.4 to 2023-08-06T16:00:00+00:00, run_after=2023-08-07T16:00:00+00:00
[2023-08-09T08:42:13.937+0000] {processor.py:179} INFO - Processing /opt/airflow/dags/Chap6_3.py took 0.076 seconds
[2023-08-09T08:42:44.308+0000] {processor.py:157} INFO - Started process (PID=8039) to work on /opt/airflow/dags/Chap6_3.py
[2023-08-09T08:42:44.310+0000] {processor.py:826} INFO - Processing file /opt/airflow/dags/Chap6_3.py for tasks to queue
[2023-08-09T08:42:44.312+0000] {logging_mixin.py:149} INFO - [2023-08-09T08:42:44.311+0000] {dagbag.py:541} INFO - Filling up the DagBag from /opt/airflow/dags/Chap6_3.py
[2023-08-09T08:42:44.328+0000] {processor.py:836} INFO - DAG(s) dict_keys(['Chap_6.4']) retrieved from /opt/airflow/dags/Chap6_3.py
[2023-08-09T08:42:44.351+0000] {logging_mixin.py:149} INFO - [2023-08-09T08:42:44.351+0000] {dag.py:2726} INFO - Sync 1 DAGs
[2023-08-09T08:42:44.368+0000] {logging_mixin.py:149} INFO - [2023-08-09T08:42:44.368+0000] {dag.py:3486} INFO - Setting next_dagrun for Chap_6.4 to 2023-08-06T16:00:00+00:00, run_after=2023-08-07T16:00:00+00:00
[2023-08-09T08:42:44.385+0000] {processor.py:179} INFO - Processing /opt/airflow/dags/Chap6_3.py took 0.080 seconds
[2023-08-09T08:43:14.765+0000] {processor.py:157} INFO - Started process (PID=8178) to work on /opt/airflow/dags/Chap6_3.py
[2023-08-09T08:43:14.767+0000] {processor.py:826} INFO - Processing file /opt/airflow/dags/Chap6_3.py for tasks to queue
[2023-08-09T08:43:14.769+0000] {logging_mixin.py:149} INFO - [2023-08-09T08:43:14.769+0000] {dagbag.py:541} INFO - Filling up the DagBag from /opt/airflow/dags/Chap6_3.py
[2023-08-09T08:43:14.783+0000] {processor.py:836} INFO - DAG(s) dict_keys(['Chap_6.4']) retrieved from /opt/airflow/dags/Chap6_3.py
[2023-08-09T08:43:14.808+0000] {logging_mixin.py:149} INFO - [2023-08-09T08:43:14.808+0000] {dag.py:2726} INFO - Sync 1 DAGs
[2023-08-09T08:43:14.828+0000] {logging_mixin.py:149} INFO - [2023-08-09T08:43:14.828+0000] {dag.py:3486} INFO - Setting next_dagrun for Chap_6.4 to 2023-08-06T16:00:00+00:00, run_after=2023-08-07T16:00:00+00:00
[2023-08-09T08:43:14.841+0000] {processor.py:179} INFO - Processing /opt/airflow/dags/Chap6_3.py took 0.079 seconds
[2023-08-09T08:43:46.161+0000] {processor.py:157} INFO - Started process (PID=8317) to work on /opt/airflow/dags/Chap6_3.py
[2023-08-09T08:43:46.164+0000] {processor.py:826} INFO - Processing file /opt/airflow/dags/Chap6_3.py for tasks to queue
[2023-08-09T08:43:46.165+0000] {logging_mixin.py:149} INFO - [2023-08-09T08:43:46.165+0000] {dagbag.py:541} INFO - Filling up the DagBag from /opt/airflow/dags/Chap6_3.py
[2023-08-09T08:43:46.179+0000] {processor.py:836} INFO - DAG(s) dict_keys(['Chap_6.4']) retrieved from /opt/airflow/dags/Chap6_3.py
[2023-08-09T08:43:46.206+0000] {logging_mixin.py:149} INFO - [2023-08-09T08:43:46.206+0000] {dag.py:2726} INFO - Sync 1 DAGs
[2023-08-09T08:43:46.225+0000] {logging_mixin.py:149} INFO - [2023-08-09T08:43:46.225+0000] {dag.py:3486} INFO - Setting next_dagrun for Chap_6.4 to 2023-08-06T16:00:00+00:00, run_after=2023-08-07T16:00:00+00:00
[2023-08-09T08:43:46.238+0000] {processor.py:179} INFO - Processing /opt/airflow/dags/Chap6_3.py took 0.080 seconds
[2023-08-09T08:44:16.718+0000] {processor.py:157} INFO - Started process (PID=8456) to work on /opt/airflow/dags/Chap6_3.py
[2023-08-09T08:44:16.720+0000] {processor.py:826} INFO - Processing file /opt/airflow/dags/Chap6_3.py for tasks to queue
[2023-08-09T08:44:16.721+0000] {logging_mixin.py:149} INFO - [2023-08-09T08:44:16.721+0000] {dagbag.py:541} INFO - Filling up the DagBag from /opt/airflow/dags/Chap6_3.py
[2023-08-09T08:44:16.734+0000] {processor.py:836} INFO - DAG(s) dict_keys(['Chap_6.4']) retrieved from /opt/airflow/dags/Chap6_3.py
[2023-08-09T08:44:16.757+0000] {logging_mixin.py:149} INFO - [2023-08-09T08:44:16.757+0000] {dag.py:2726} INFO - Sync 1 DAGs
[2023-08-09T08:44:16.773+0000] {logging_mixin.py:149} INFO - [2023-08-09T08:44:16.773+0000] {dag.py:3486} INFO - Setting next_dagrun for Chap_6.4 to 2023-08-06T16:00:00+00:00, run_after=2023-08-07T16:00:00+00:00
[2023-08-09T08:44:16.787+0000] {processor.py:179} INFO - Processing /opt/airflow/dags/Chap6_3.py took 0.072 seconds
[2023-08-09T08:44:47.570+0000] {processor.py:157} INFO - Started process (PID=8595) to work on /opt/airflow/dags/Chap6_3.py
[2023-08-09T08:44:47.572+0000] {processor.py:826} INFO - Processing file /opt/airflow/dags/Chap6_3.py for tasks to queue
[2023-08-09T08:44:47.574+0000] {logging_mixin.py:149} INFO - [2023-08-09T08:44:47.573+0000] {dagbag.py:541} INFO - Filling up the DagBag from /opt/airflow/dags/Chap6_3.py
[2023-08-09T08:44:47.592+0000] {processor.py:836} INFO - DAG(s) dict_keys(['Chap_6.4']) retrieved from /opt/airflow/dags/Chap6_3.py
[2023-08-09T08:44:47.616+0000] {logging_mixin.py:149} INFO - [2023-08-09T08:44:47.616+0000] {dag.py:2726} INFO - Sync 1 DAGs
[2023-08-09T08:44:47.635+0000] {logging_mixin.py:149} INFO - [2023-08-09T08:44:47.634+0000] {dag.py:3486} INFO - Setting next_dagrun for Chap_6.4 to 2023-08-06T16:00:00+00:00, run_after=2023-08-07T16:00:00+00:00
[2023-08-09T08:44:47.650+0000] {processor.py:179} INFO - Processing /opt/airflow/dags/Chap6_3.py took 0.083 seconds
[2023-08-09T08:45:18.345+0000] {processor.py:157} INFO - Started process (PID=8734) to work on /opt/airflow/dags/Chap6_3.py
[2023-08-09T08:45:18.347+0000] {processor.py:826} INFO - Processing file /opt/airflow/dags/Chap6_3.py for tasks to queue
[2023-08-09T08:45:18.348+0000] {logging_mixin.py:149} INFO - [2023-08-09T08:45:18.348+0000] {dagbag.py:541} INFO - Filling up the DagBag from /opt/airflow/dags/Chap6_3.py
[2023-08-09T08:45:18.361+0000] {processor.py:836} INFO - DAG(s) dict_keys(['Chap_6.4']) retrieved from /opt/airflow/dags/Chap6_3.py
[2023-08-09T08:45:18.384+0000] {logging_mixin.py:149} INFO - [2023-08-09T08:45:18.384+0000] {dag.py:2726} INFO - Sync 1 DAGs
[2023-08-09T08:45:18.401+0000] {logging_mixin.py:149} INFO - [2023-08-09T08:45:18.401+0000] {dag.py:3486} INFO - Setting next_dagrun for Chap_6.4 to 2023-08-06T16:00:00+00:00, run_after=2023-08-07T16:00:00+00:00
[2023-08-09T08:45:18.416+0000] {processor.py:179} INFO - Processing /opt/airflow/dags/Chap6_3.py took 0.074 seconds
[2023-08-09T08:45:49.841+0000] {processor.py:157} INFO - Started process (PID=8873) to work on /opt/airflow/dags/Chap6_3.py
[2023-08-09T08:45:49.844+0000] {processor.py:826} INFO - Processing file /opt/airflow/dags/Chap6_3.py for tasks to queue
[2023-08-09T08:45:49.846+0000] {logging_mixin.py:149} INFO - [2023-08-09T08:45:49.845+0000] {dagbag.py:541} INFO - Filling up the DagBag from /opt/airflow/dags/Chap6_3.py
[2023-08-09T08:45:49.894+0000] {processor.py:836} INFO - DAG(s) dict_keys(['Chap_6.4']) retrieved from /opt/airflow/dags/Chap6_3.py
[2023-08-09T08:45:49.924+0000] {logging_mixin.py:149} INFO - [2023-08-09T08:45:49.924+0000] {dag.py:2726} INFO - Sync 1 DAGs
[2023-08-09T08:45:49.944+0000] {logging_mixin.py:149} INFO - [2023-08-09T08:45:49.943+0000] {dag.py:3486} INFO - Setting next_dagrun for Chap_6.4 to 2023-08-06T16:00:00+00:00, run_after=2023-08-07T16:00:00+00:00
[2023-08-09T08:45:49.975+0000] {processor.py:179} INFO - Processing /opt/airflow/dags/Chap6_3.py took 0.138 seconds
[2023-08-09T08:46:21.039+0000] {processor.py:157} INFO - Started process (PID=9012) to work on /opt/airflow/dags/Chap6_3.py
[2023-08-09T08:46:21.041+0000] {processor.py:826} INFO - Processing file /opt/airflow/dags/Chap6_3.py for tasks to queue
[2023-08-09T08:46:21.043+0000] {logging_mixin.py:149} INFO - [2023-08-09T08:46:21.043+0000] {dagbag.py:541} INFO - Filling up the DagBag from /opt/airflow/dags/Chap6_3.py
[2023-08-09T08:46:21.058+0000] {processor.py:836} INFO - DAG(s) dict_keys(['Chap_6.4']) retrieved from /opt/airflow/dags/Chap6_3.py
[2023-08-09T08:46:21.085+0000] {logging_mixin.py:149} INFO - [2023-08-09T08:46:21.085+0000] {dag.py:2726} INFO - Sync 1 DAGs
[2023-08-09T08:46:21.106+0000] {logging_mixin.py:149} INFO - [2023-08-09T08:46:21.106+0000] {dag.py:3486} INFO - Setting next_dagrun for Chap_6.4 to 2023-08-06T16:00:00+00:00, run_after=2023-08-07T16:00:00+00:00
[2023-08-09T08:46:21.124+0000] {processor.py:179} INFO - Processing /opt/airflow/dags/Chap6_3.py took 0.088 seconds
[2023-08-09T08:46:52.079+0000] {processor.py:157} INFO - Started process (PID=9154) to work on /opt/airflow/dags/Chap6_3.py
[2023-08-09T08:46:52.081+0000] {processor.py:826} INFO - Processing file /opt/airflow/dags/Chap6_3.py for tasks to queue
[2023-08-09T08:46:52.082+0000] {logging_mixin.py:149} INFO - [2023-08-09T08:46:52.082+0000] {dagbag.py:541} INFO - Filling up the DagBag from /opt/airflow/dags/Chap6_3.py
[2023-08-09T08:46:52.098+0000] {processor.py:836} INFO - DAG(s) dict_keys(['Chap_6.4']) retrieved from /opt/airflow/dags/Chap6_3.py
[2023-08-09T08:46:52.120+0000] {logging_mixin.py:149} INFO - [2023-08-09T08:46:52.120+0000] {dag.py:2726} INFO - Sync 1 DAGs
[2023-08-09T08:46:52.135+0000] {logging_mixin.py:149} INFO - [2023-08-09T08:46:52.135+0000] {dag.py:3486} INFO - Setting next_dagrun for Chap_6.4 to 2023-08-06T16:00:00+00:00, run_after=2023-08-07T16:00:00+00:00
[2023-08-09T08:46:52.147+0000] {processor.py:179} INFO - Processing /opt/airflow/dags/Chap6_3.py took 0.072 seconds
[2023-08-09T08:47:23.057+0000] {processor.py:157} INFO - Started process (PID=9293) to work on /opt/airflow/dags/Chap6_3.py
[2023-08-09T08:47:23.059+0000] {processor.py:826} INFO - Processing file /opt/airflow/dags/Chap6_3.py for tasks to queue
[2023-08-09T08:47:23.061+0000] {logging_mixin.py:149} INFO - [2023-08-09T08:47:23.061+0000] {dagbag.py:541} INFO - Filling up the DagBag from /opt/airflow/dags/Chap6_3.py
[2023-08-09T08:47:23.078+0000] {processor.py:836} INFO - DAG(s) dict_keys(['Chap_6.4']) retrieved from /opt/airflow/dags/Chap6_3.py
[2023-08-09T08:47:23.099+0000] {logging_mixin.py:149} INFO - [2023-08-09T08:47:23.099+0000] {dag.py:2726} INFO - Sync 1 DAGs
[2023-08-09T08:47:23.113+0000] {logging_mixin.py:149} INFO - [2023-08-09T08:47:23.113+0000] {dag.py:3486} INFO - Setting next_dagrun for Chap_6.4 to 2023-08-06T16:00:00+00:00, run_after=2023-08-07T16:00:00+00:00
[2023-08-09T08:47:23.124+0000] {processor.py:179} INFO - Processing /opt/airflow/dags/Chap6_3.py took 0.070 seconds
[2023-08-09T08:47:53.944+0000] {processor.py:157} INFO - Started process (PID=9433) to work on /opt/airflow/dags/Chap6_3.py
[2023-08-09T08:47:53.947+0000] {processor.py:826} INFO - Processing file /opt/airflow/dags/Chap6_3.py for tasks to queue
[2023-08-09T08:47:53.950+0000] {logging_mixin.py:149} INFO - [2023-08-09T08:47:53.949+0000] {dagbag.py:541} INFO - Filling up the DagBag from /opt/airflow/dags/Chap6_3.py
[2023-08-09T08:47:53.971+0000] {processor.py:836} INFO - DAG(s) dict_keys(['Chap_6.4']) retrieved from /opt/airflow/dags/Chap6_3.py
[2023-08-09T08:47:53.996+0000] {logging_mixin.py:149} INFO - [2023-08-09T08:47:53.996+0000] {dag.py:2726} INFO - Sync 1 DAGs
[2023-08-09T08:47:54.011+0000] {logging_mixin.py:149} INFO - [2023-08-09T08:47:54.011+0000] {dag.py:3486} INFO - Setting next_dagrun for Chap_6.4 to 2023-08-06T16:00:00+00:00, run_after=2023-08-07T16:00:00+00:00
[2023-08-09T08:47:54.025+0000] {processor.py:179} INFO - Processing /opt/airflow/dags/Chap6_3.py took 0.085 seconds
[2023-08-09T08:48:24.884+0000] {processor.py:157} INFO - Started process (PID=9572) to work on /opt/airflow/dags/Chap6_3.py
[2023-08-09T08:48:24.887+0000] {processor.py:826} INFO - Processing file /opt/airflow/dags/Chap6_3.py for tasks to queue
[2023-08-09T08:48:24.888+0000] {logging_mixin.py:149} INFO - [2023-08-09T08:48:24.888+0000] {dagbag.py:541} INFO - Filling up the DagBag from /opt/airflow/dags/Chap6_3.py
[2023-08-09T08:48:24.902+0000] {processor.py:836} INFO - DAG(s) dict_keys(['Chap_6.4']) retrieved from /opt/airflow/dags/Chap6_3.py
[2023-08-09T08:48:24.928+0000] {logging_mixin.py:149} INFO - [2023-08-09T08:48:24.928+0000] {dag.py:2726} INFO - Sync 1 DAGs
[2023-08-09T08:48:24.970+0000] {logging_mixin.py:149} INFO - [2023-08-09T08:48:24.970+0000] {dag.py:3486} INFO - Setting next_dagrun for Chap_6.4 to 2023-08-06T16:00:00+00:00, run_after=2023-08-07T16:00:00+00:00
[2023-08-09T08:48:24.984+0000] {processor.py:179} INFO - Processing /opt/airflow/dags/Chap6_3.py took 0.103 seconds
[2023-08-09T08:48:55.644+0000] {processor.py:157} INFO - Started process (PID=9708) to work on /opt/airflow/dags/Chap6_3.py
[2023-08-09T08:48:55.646+0000] {processor.py:826} INFO - Processing file /opt/airflow/dags/Chap6_3.py for tasks to queue
[2023-08-09T08:48:55.647+0000] {logging_mixin.py:149} INFO - [2023-08-09T08:48:55.647+0000] {dagbag.py:541} INFO - Filling up the DagBag from /opt/airflow/dags/Chap6_3.py
[2023-08-09T08:48:55.680+0000] {processor.py:836} INFO - DAG(s) dict_keys(['Chap_6.4']) retrieved from /opt/airflow/dags/Chap6_3.py
[2023-08-09T08:48:55.704+0000] {logging_mixin.py:149} INFO - [2023-08-09T08:48:55.704+0000] {dag.py:2726} INFO - Sync 1 DAGs
[2023-08-09T08:48:55.721+0000] {logging_mixin.py:149} INFO - [2023-08-09T08:48:55.721+0000] {dag.py:3486} INFO - Setting next_dagrun for Chap_6.4 to 2023-08-06T16:00:00+00:00, run_after=2023-08-07T16:00:00+00:00
[2023-08-09T08:48:55.739+0000] {processor.py:179} INFO - Processing /opt/airflow/dags/Chap6_3.py took 0.099 seconds
[2023-08-09T08:49:26.671+0000] {processor.py:157} INFO - Started process (PID=9854) to work on /opt/airflow/dags/Chap6_3.py
[2023-08-09T08:49:26.674+0000] {processor.py:826} INFO - Processing file /opt/airflow/dags/Chap6_3.py for tasks to queue
[2023-08-09T08:49:26.675+0000] {logging_mixin.py:149} INFO - [2023-08-09T08:49:26.675+0000] {dagbag.py:541} INFO - Filling up the DagBag from /opt/airflow/dags/Chap6_3.py
[2023-08-09T08:49:26.692+0000] {processor.py:836} INFO - DAG(s) dict_keys(['Chap_6.4']) retrieved from /opt/airflow/dags/Chap6_3.py
[2023-08-09T08:49:26.735+0000] {logging_mixin.py:149} INFO - [2023-08-09T08:49:26.735+0000] {dag.py:2726} INFO - Sync 1 DAGs
[2023-08-09T08:49:26.758+0000] {logging_mixin.py:149} INFO - [2023-08-09T08:49:26.758+0000] {dag.py:3486} INFO - Setting next_dagrun for Chap_6.4 to 2023-08-06T16:00:00+00:00, run_after=2023-08-07T16:00:00+00:00
[2023-08-09T08:49:26.779+0000] {processor.py:179} INFO - Processing /opt/airflow/dags/Chap6_3.py took 0.114 seconds
[2023-08-09T08:49:57.274+0000] {processor.py:157} INFO - Started process (PID=9993) to work on /opt/airflow/dags/Chap6_3.py
[2023-08-09T08:49:57.277+0000] {processor.py:826} INFO - Processing file /opt/airflow/dags/Chap6_3.py for tasks to queue
[2023-08-09T08:49:57.278+0000] {logging_mixin.py:149} INFO - [2023-08-09T08:49:57.278+0000] {dagbag.py:541} INFO - Filling up the DagBag from /opt/airflow/dags/Chap6_3.py
[2023-08-09T08:49:57.292+0000] {processor.py:836} INFO - DAG(s) dict_keys(['Chap_6.4']) retrieved from /opt/airflow/dags/Chap6_3.py
[2023-08-09T08:49:57.321+0000] {logging_mixin.py:149} INFO - [2023-08-09T08:49:57.321+0000] {dag.py:2726} INFO - Sync 1 DAGs
[2023-08-09T08:49:57.339+0000] {logging_mixin.py:149} INFO - [2023-08-09T08:49:57.339+0000] {dag.py:3486} INFO - Setting next_dagrun for Chap_6.4 to 2023-08-06T16:00:00+00:00, run_after=2023-08-07T16:00:00+00:00
[2023-08-09T08:49:57.355+0000] {processor.py:179} INFO - Processing /opt/airflow/dags/Chap6_3.py took 0.083 seconds
[2023-08-09T08:50:28.389+0000] {processor.py:157} INFO - Started process (PID=10132) to work on /opt/airflow/dags/Chap6_3.py
[2023-08-09T08:50:28.391+0000] {processor.py:826} INFO - Processing file /opt/airflow/dags/Chap6_3.py for tasks to queue
[2023-08-09T08:50:28.393+0000] {logging_mixin.py:149} INFO - [2023-08-09T08:50:28.393+0000] {dagbag.py:541} INFO - Filling up the DagBag from /opt/airflow/dags/Chap6_3.py
[2023-08-09T08:50:28.407+0000] {processor.py:836} INFO - DAG(s) dict_keys(['Chap_6.4']) retrieved from /opt/airflow/dags/Chap6_3.py
[2023-08-09T08:50:28.432+0000] {logging_mixin.py:149} INFO - [2023-08-09T08:50:28.431+0000] {dag.py:2726} INFO - Sync 1 DAGs
[2023-08-09T08:50:28.455+0000] {logging_mixin.py:149} INFO - [2023-08-09T08:50:28.455+0000] {dag.py:3486} INFO - Setting next_dagrun for Chap_6.4 to 2023-08-06T16:00:00+00:00, run_after=2023-08-07T16:00:00+00:00
[2023-08-09T08:50:28.484+0000] {processor.py:179} INFO - Processing /opt/airflow/dags/Chap6_3.py took 0.098 seconds
[2023-08-09T08:50:58.995+0000] {processor.py:157} INFO - Started process (PID=10273) to work on /opt/airflow/dags/Chap6_3.py
[2023-08-09T08:50:58.997+0000] {processor.py:826} INFO - Processing file /opt/airflow/dags/Chap6_3.py for tasks to queue
[2023-08-09T08:50:59.004+0000] {logging_mixin.py:149} INFO - [2023-08-09T08:50:59.004+0000] {dagbag.py:541} INFO - Filling up the DagBag from /opt/airflow/dags/Chap6_3.py
[2023-08-09T08:50:59.019+0000] {processor.py:836} INFO - DAG(s) dict_keys(['Chap_6.4']) retrieved from /opt/airflow/dags/Chap6_3.py
[2023-08-09T08:50:59.048+0000] {logging_mixin.py:149} INFO - [2023-08-09T08:50:59.048+0000] {dag.py:2726} INFO - Sync 1 DAGs
[2023-08-09T08:50:59.063+0000] {logging_mixin.py:149} INFO - [2023-08-09T08:50:59.063+0000] {dag.py:3486} INFO - Setting next_dagrun for Chap_6.4 to 2023-08-06T16:00:00+00:00, run_after=2023-08-07T16:00:00+00:00
[2023-08-09T08:50:59.077+0000] {processor.py:179} INFO - Processing /opt/airflow/dags/Chap6_3.py took 0.085 seconds
[2023-08-09T08:51:29.275+0000] {processor.py:157} INFO - Started process (PID=10409) to work on /opt/airflow/dags/Chap6_3.py
[2023-08-09T08:51:29.283+0000] {processor.py:826} INFO - Processing file /opt/airflow/dags/Chap6_3.py for tasks to queue
[2023-08-09T08:51:29.286+0000] {logging_mixin.py:149} INFO - [2023-08-09T08:51:29.286+0000] {dagbag.py:541} INFO - Filling up the DagBag from /opt/airflow/dags/Chap6_3.py
[2023-08-09T08:51:29.300+0000] {processor.py:836} INFO - DAG(s) dict_keys(['Chap_6.4']) retrieved from /opt/airflow/dags/Chap6_3.py
[2023-08-09T08:51:29.321+0000] {logging_mixin.py:149} INFO - [2023-08-09T08:51:29.321+0000] {dag.py:2726} INFO - Sync 1 DAGs
[2023-08-09T08:51:29.338+0000] {logging_mixin.py:149} INFO - [2023-08-09T08:51:29.338+0000] {dag.py:3486} INFO - Setting next_dagrun for Chap_6.4 to 2023-08-06T16:00:00+00:00, run_after=2023-08-07T16:00:00+00:00
[2023-08-09T08:51:29.352+0000] {processor.py:179} INFO - Processing /opt/airflow/dags/Chap6_3.py took 0.080 seconds
[2023-08-09T08:51:59.599+0000] {processor.py:157} INFO - Started process (PID=10543) to work on /opt/airflow/dags/Chap6_3.py
[2023-08-09T08:51:59.601+0000] {processor.py:826} INFO - Processing file /opt/airflow/dags/Chap6_3.py for tasks to queue
[2023-08-09T08:51:59.602+0000] {logging_mixin.py:149} INFO - [2023-08-09T08:51:59.602+0000] {dagbag.py:541} INFO - Filling up the DagBag from /opt/airflow/dags/Chap6_3.py
[2023-08-09T08:51:59.618+0000] {processor.py:836} INFO - DAG(s) dict_keys(['Chap_6.4']) retrieved from /opt/airflow/dags/Chap6_3.py
[2023-08-09T08:51:59.647+0000] {logging_mixin.py:149} INFO - [2023-08-09T08:51:59.647+0000] {dag.py:2726} INFO - Sync 1 DAGs
[2023-08-09T08:51:59.671+0000] {logging_mixin.py:149} INFO - [2023-08-09T08:51:59.671+0000] {dag.py:3486} INFO - Setting next_dagrun for Chap_6.4 to 2023-08-06T16:00:00+00:00, run_after=2023-08-07T16:00:00+00:00
[2023-08-09T08:51:59.686+0000] {processor.py:179} INFO - Processing /opt/airflow/dags/Chap6_3.py took 0.091 seconds
