[2023-08-09T08:37:27.033+0000] {processor.py:157} INFO - Started process (PID=6583) to work on /opt/airflow/dags/Chap12.py
[2023-08-09T08:37:27.035+0000] {processor.py:826} INFO - Processing file /opt/airflow/dags/Chap12.py for tasks to queue
[2023-08-09T08:37:27.037+0000] {logging_mixin.py:149} INFO - [2023-08-09T08:37:27.036+0000] {dagbag.py:541} INFO - Filling up the DagBag from /opt/airflow/dags/Chap12.py
[2023-08-09T08:37:27.051+0000] {processor.py:836} INFO - DAG(s) dict_keys(['Chap_12']) retrieved from /opt/airflow/dags/Chap12.py
[2023-08-09T08:37:27.072+0000] {logging_mixin.py:149} INFO - [2023-08-09T08:37:27.072+0000] {dag.py:2726} INFO - Sync 1 DAGs
[2023-08-09T08:37:27.094+0000] {logging_mixin.py:149} INFO - [2023-08-09T08:37:27.093+0000] {dag.py:3486} INFO - Setting next_dagrun for Chap_12 to 2023-07-04T00:00:00+00:00, run_after=2023-07-05T00:00:00+00:00
[2023-08-09T08:37:27.106+0000] {processor.py:179} INFO - Processing /opt/airflow/dags/Chap12.py took 0.075 seconds
[2023-08-09T08:37:57.917+0000] {processor.py:157} INFO - Started process (PID=6720) to work on /opt/airflow/dags/Chap12.py
[2023-08-09T08:37:57.921+0000] {processor.py:826} INFO - Processing file /opt/airflow/dags/Chap12.py for tasks to queue
[2023-08-09T08:37:57.924+0000] {logging_mixin.py:149} INFO - [2023-08-09T08:37:57.923+0000] {dagbag.py:541} INFO - Filling up the DagBag from /opt/airflow/dags/Chap12.py
[2023-08-09T08:37:57.946+0000] {processor.py:836} INFO - DAG(s) dict_keys(['Chap_12']) retrieved from /opt/airflow/dags/Chap12.py
[2023-08-09T08:37:57.971+0000] {logging_mixin.py:149} INFO - [2023-08-09T08:37:57.971+0000] {dag.py:2726} INFO - Sync 1 DAGs
[2023-08-09T08:37:57.988+0000] {logging_mixin.py:149} INFO - [2023-08-09T08:37:57.988+0000] {dag.py:3486} INFO - Setting next_dagrun for Chap_12 to 2023-07-04T00:00:00+00:00, run_after=2023-07-05T00:00:00+00:00
[2023-08-09T08:37:58.004+0000] {processor.py:179} INFO - Processing /opt/airflow/dags/Chap12.py took 0.090 seconds
[2023-08-09T08:38:28.606+0000] {processor.py:157} INFO - Started process (PID=6860) to work on /opt/airflow/dags/Chap12.py
[2023-08-09T08:38:28.612+0000] {processor.py:826} INFO - Processing file /opt/airflow/dags/Chap12.py for tasks to queue
[2023-08-09T08:38:28.613+0000] {logging_mixin.py:149} INFO - [2023-08-09T08:38:28.613+0000] {dagbag.py:541} INFO - Filling up the DagBag from /opt/airflow/dags/Chap12.py
[2023-08-09T08:38:28.629+0000] {processor.py:836} INFO - DAG(s) dict_keys(['Chap_12']) retrieved from /opt/airflow/dags/Chap12.py
[2023-08-09T08:38:28.657+0000] {logging_mixin.py:149} INFO - [2023-08-09T08:38:28.656+0000] {dag.py:2726} INFO - Sync 1 DAGs
[2023-08-09T08:38:28.677+0000] {logging_mixin.py:149} INFO - [2023-08-09T08:38:28.676+0000] {dag.py:3486} INFO - Setting next_dagrun for Chap_12 to 2023-07-04T00:00:00+00:00, run_after=2023-07-05T00:00:00+00:00
[2023-08-09T08:38:28.694+0000] {processor.py:179} INFO - Processing /opt/airflow/dags/Chap12.py took 0.092 seconds
[2023-08-09T08:38:59.587+0000] {processor.py:157} INFO - Started process (PID=6999) to work on /opt/airflow/dags/Chap12.py
[2023-08-09T08:38:59.590+0000] {processor.py:826} INFO - Processing file /opt/airflow/dags/Chap12.py for tasks to queue
[2023-08-09T08:38:59.594+0000] {logging_mixin.py:149} INFO - [2023-08-09T08:38:59.594+0000] {dagbag.py:541} INFO - Filling up the DagBag from /opt/airflow/dags/Chap12.py
[2023-08-09T08:38:59.614+0000] {processor.py:836} INFO - DAG(s) dict_keys(['Chap_12']) retrieved from /opt/airflow/dags/Chap12.py
[2023-08-09T08:38:59.637+0000] {logging_mixin.py:149} INFO - [2023-08-09T08:38:59.637+0000] {dag.py:2726} INFO - Sync 1 DAGs
[2023-08-09T08:38:59.659+0000] {logging_mixin.py:149} INFO - [2023-08-09T08:38:59.659+0000] {dag.py:3486} INFO - Setting next_dagrun for Chap_12 to 2023-07-04T00:00:00+00:00, run_after=2023-07-05T00:00:00+00:00
[2023-08-09T08:38:59.677+0000] {processor.py:179} INFO - Processing /opt/airflow/dags/Chap12.py took 0.094 seconds
[2023-08-09T08:39:30.371+0000] {processor.py:157} INFO - Started process (PID=7138) to work on /opt/airflow/dags/Chap12.py
[2023-08-09T08:39:30.374+0000] {processor.py:826} INFO - Processing file /opt/airflow/dags/Chap12.py for tasks to queue
[2023-08-09T08:39:30.376+0000] {logging_mixin.py:149} INFO - [2023-08-09T08:39:30.376+0000] {dagbag.py:541} INFO - Filling up the DagBag from /opt/airflow/dags/Chap12.py
[2023-08-09T08:39:30.407+0000] {processor.py:836} INFO - DAG(s) dict_keys(['Chap_12']) retrieved from /opt/airflow/dags/Chap12.py
[2023-08-09T08:39:30.430+0000] {logging_mixin.py:149} INFO - [2023-08-09T08:39:30.430+0000] {dag.py:2726} INFO - Sync 1 DAGs
[2023-08-09T08:39:30.446+0000] {logging_mixin.py:149} INFO - [2023-08-09T08:39:30.446+0000] {dag.py:3486} INFO - Setting next_dagrun for Chap_12 to 2023-07-04T00:00:00+00:00, run_after=2023-07-05T00:00:00+00:00
[2023-08-09T08:39:30.459+0000] {processor.py:179} INFO - Processing /opt/airflow/dags/Chap12.py took 0.094 seconds
[2023-08-09T08:40:01.213+0000] {processor.py:157} INFO - Started process (PID=7277) to work on /opt/airflow/dags/Chap12.py
[2023-08-09T08:40:01.215+0000] {processor.py:826} INFO - Processing file /opt/airflow/dags/Chap12.py for tasks to queue
[2023-08-09T08:40:01.216+0000] {logging_mixin.py:149} INFO - [2023-08-09T08:40:01.216+0000] {dagbag.py:541} INFO - Filling up the DagBag from /opt/airflow/dags/Chap12.py
[2023-08-09T08:40:01.233+0000] {processor.py:836} INFO - DAG(s) dict_keys(['Chap_12']) retrieved from /opt/airflow/dags/Chap12.py
[2023-08-09T08:40:01.258+0000] {logging_mixin.py:149} INFO - [2023-08-09T08:40:01.257+0000] {dag.py:2726} INFO - Sync 1 DAGs
[2023-08-09T08:40:01.275+0000] {logging_mixin.py:149} INFO - [2023-08-09T08:40:01.275+0000] {dag.py:3486} INFO - Setting next_dagrun for Chap_12 to 2023-07-04T00:00:00+00:00, run_after=2023-07-05T00:00:00+00:00
[2023-08-09T08:40:01.288+0000] {processor.py:179} INFO - Processing /opt/airflow/dags/Chap12.py took 0.082 seconds
[2023-08-09T08:40:31.697+0000] {processor.py:157} INFO - Started process (PID=7416) to work on /opt/airflow/dags/Chap12.py
[2023-08-09T08:40:31.699+0000] {processor.py:826} INFO - Processing file /opt/airflow/dags/Chap12.py for tasks to queue
[2023-08-09T08:40:31.700+0000] {logging_mixin.py:149} INFO - [2023-08-09T08:40:31.700+0000] {dagbag.py:541} INFO - Filling up the DagBag from /opt/airflow/dags/Chap12.py
[2023-08-09T08:40:31.713+0000] {processor.py:836} INFO - DAG(s) dict_keys(['Chap_12']) retrieved from /opt/airflow/dags/Chap12.py
[2023-08-09T08:40:31.734+0000] {logging_mixin.py:149} INFO - [2023-08-09T08:40:31.734+0000] {dag.py:2726} INFO - Sync 1 DAGs
[2023-08-09T08:40:31.749+0000] {logging_mixin.py:149} INFO - [2023-08-09T08:40:31.749+0000] {dag.py:3486} INFO - Setting next_dagrun for Chap_12 to 2023-07-04T00:00:00+00:00, run_after=2023-07-05T00:00:00+00:00
[2023-08-09T08:40:31.763+0000] {processor.py:179} INFO - Processing /opt/airflow/dags/Chap12.py took 0.068 seconds
[2023-08-09T08:41:02.302+0000] {processor.py:157} INFO - Started process (PID=7555) to work on /opt/airflow/dags/Chap12.py
[2023-08-09T08:41:02.320+0000] {processor.py:826} INFO - Processing file /opt/airflow/dags/Chap12.py for tasks to queue
[2023-08-09T08:41:02.322+0000] {logging_mixin.py:149} INFO - [2023-08-09T08:41:02.322+0000] {dagbag.py:541} INFO - Filling up the DagBag from /opt/airflow/dags/Chap12.py
[2023-08-09T08:41:02.335+0000] {processor.py:836} INFO - DAG(s) dict_keys(['Chap_12']) retrieved from /opt/airflow/dags/Chap12.py
[2023-08-09T08:41:02.356+0000] {logging_mixin.py:149} INFO - [2023-08-09T08:41:02.355+0000] {dag.py:2726} INFO - Sync 1 DAGs
[2023-08-09T08:41:02.371+0000] {logging_mixin.py:149} INFO - [2023-08-09T08:41:02.371+0000] {dag.py:3486} INFO - Setting next_dagrun for Chap_12 to 2023-07-04T00:00:00+00:00, run_after=2023-07-05T00:00:00+00:00
[2023-08-09T08:41:02.383+0000] {processor.py:179} INFO - Processing /opt/airflow/dags/Chap12.py took 0.084 seconds
[2023-08-09T08:41:32.924+0000] {processor.py:157} INFO - Started process (PID=7694) to work on /opt/airflow/dags/Chap12.py
[2023-08-09T08:41:32.930+0000] {processor.py:826} INFO - Processing file /opt/airflow/dags/Chap12.py for tasks to queue
[2023-08-09T08:41:32.933+0000] {logging_mixin.py:149} INFO - [2023-08-09T08:41:32.933+0000] {dagbag.py:541} INFO - Filling up the DagBag from /opt/airflow/dags/Chap12.py
[2023-08-09T08:41:32.945+0000] {processor.py:836} INFO - DAG(s) dict_keys(['Chap_12']) retrieved from /opt/airflow/dags/Chap12.py
[2023-08-09T08:41:32.966+0000] {logging_mixin.py:149} INFO - [2023-08-09T08:41:32.966+0000] {dag.py:2726} INFO - Sync 1 DAGs
[2023-08-09T08:41:32.981+0000] {logging_mixin.py:149} INFO - [2023-08-09T08:41:32.981+0000] {dag.py:3486} INFO - Setting next_dagrun for Chap_12 to 2023-07-04T00:00:00+00:00, run_after=2023-07-05T00:00:00+00:00
[2023-08-09T08:41:32.995+0000] {processor.py:179} INFO - Processing /opt/airflow/dags/Chap12.py took 0.076 seconds
[2023-08-09T08:42:03.550+0000] {processor.py:157} INFO - Started process (PID=7833) to work on /opt/airflow/dags/Chap12.py
[2023-08-09T08:42:03.571+0000] {processor.py:826} INFO - Processing file /opt/airflow/dags/Chap12.py for tasks to queue
[2023-08-09T08:42:03.573+0000] {logging_mixin.py:149} INFO - [2023-08-09T08:42:03.573+0000] {dagbag.py:541} INFO - Filling up the DagBag from /opt/airflow/dags/Chap12.py
[2023-08-09T08:42:03.587+0000] {processor.py:836} INFO - DAG(s) dict_keys(['Chap_12']) retrieved from /opt/airflow/dags/Chap12.py
[2023-08-09T08:42:03.610+0000] {logging_mixin.py:149} INFO - [2023-08-09T08:42:03.610+0000] {dag.py:2726} INFO - Sync 1 DAGs
[2023-08-09T08:42:03.627+0000] {logging_mixin.py:149} INFO - [2023-08-09T08:42:03.627+0000] {dag.py:3486} INFO - Setting next_dagrun for Chap_12 to 2023-07-04T00:00:00+00:00, run_after=2023-07-05T00:00:00+00:00
[2023-08-09T08:42:03.645+0000] {processor.py:179} INFO - Processing /opt/airflow/dags/Chap12.py took 0.098 seconds
[2023-08-09T08:42:34.067+0000] {processor.py:157} INFO - Started process (PID=7974) to work on /opt/airflow/dags/Chap12.py
[2023-08-09T08:42:34.069+0000] {processor.py:826} INFO - Processing file /opt/airflow/dags/Chap12.py for tasks to queue
[2023-08-09T08:42:34.071+0000] {logging_mixin.py:149} INFO - [2023-08-09T08:42:34.070+0000] {dagbag.py:541} INFO - Filling up the DagBag from /opt/airflow/dags/Chap12.py
[2023-08-09T08:42:34.088+0000] {processor.py:836} INFO - DAG(s) dict_keys(['Chap_12']) retrieved from /opt/airflow/dags/Chap12.py
[2023-08-09T08:42:34.113+0000] {logging_mixin.py:149} INFO - [2023-08-09T08:42:34.113+0000] {dag.py:2726} INFO - Sync 1 DAGs
[2023-08-09T08:42:34.135+0000] {logging_mixin.py:149} INFO - [2023-08-09T08:42:34.134+0000] {dag.py:3486} INFO - Setting next_dagrun for Chap_12 to 2023-07-04T00:00:00+00:00, run_after=2023-07-05T00:00:00+00:00
[2023-08-09T08:42:34.150+0000] {processor.py:179} INFO - Processing /opt/airflow/dags/Chap12.py took 0.086 seconds
[2023-08-09T08:43:04.506+0000] {processor.py:157} INFO - Started process (PID=8113) to work on /opt/airflow/dags/Chap12.py
[2023-08-09T08:43:04.508+0000] {processor.py:826} INFO - Processing file /opt/airflow/dags/Chap12.py for tasks to queue
[2023-08-09T08:43:04.510+0000] {logging_mixin.py:149} INFO - [2023-08-09T08:43:04.510+0000] {dagbag.py:541} INFO - Filling up the DagBag from /opt/airflow/dags/Chap12.py
[2023-08-09T08:43:04.525+0000] {processor.py:836} INFO - DAG(s) dict_keys(['Chap_12']) retrieved from /opt/airflow/dags/Chap12.py
[2023-08-09T08:43:04.548+0000] {logging_mixin.py:149} INFO - [2023-08-09T08:43:04.548+0000] {dag.py:2726} INFO - Sync 1 DAGs
[2023-08-09T08:43:04.564+0000] {logging_mixin.py:149} INFO - [2023-08-09T08:43:04.564+0000] {dag.py:3486} INFO - Setting next_dagrun for Chap_12 to 2023-07-04T00:00:00+00:00, run_after=2023-07-05T00:00:00+00:00
[2023-08-09T08:43:04.577+0000] {processor.py:179} INFO - Processing /opt/airflow/dags/Chap12.py took 0.077 seconds
[2023-08-09T08:43:34.905+0000] {processor.py:157} INFO - Started process (PID=8252) to work on /opt/airflow/dags/Chap12.py
[2023-08-09T08:43:34.908+0000] {processor.py:826} INFO - Processing file /opt/airflow/dags/Chap12.py for tasks to queue
[2023-08-09T08:43:34.910+0000] {logging_mixin.py:149} INFO - [2023-08-09T08:43:34.910+0000] {dagbag.py:541} INFO - Filling up the DagBag from /opt/airflow/dags/Chap12.py
[2023-08-09T08:43:34.927+0000] {processor.py:836} INFO - DAG(s) dict_keys(['Chap_12']) retrieved from /opt/airflow/dags/Chap12.py
[2023-08-09T08:43:34.950+0000] {logging_mixin.py:149} INFO - [2023-08-09T08:43:34.950+0000] {dag.py:2726} INFO - Sync 1 DAGs
[2023-08-09T08:43:34.966+0000] {logging_mixin.py:149} INFO - [2023-08-09T08:43:34.966+0000] {dag.py:3486} INFO - Setting next_dagrun for Chap_12 to 2023-07-04T00:00:00+00:00, run_after=2023-07-05T00:00:00+00:00
[2023-08-09T08:43:34.979+0000] {processor.py:179} INFO - Processing /opt/airflow/dags/Chap12.py took 0.077 seconds
[2023-08-09T08:44:05.332+0000] {processor.py:157} INFO - Started process (PID=8389) to work on /opt/airflow/dags/Chap12.py
[2023-08-09T08:44:05.339+0000] {processor.py:826} INFO - Processing file /opt/airflow/dags/Chap12.py for tasks to queue
[2023-08-09T08:44:05.341+0000] {logging_mixin.py:149} INFO - [2023-08-09T08:44:05.341+0000] {dagbag.py:541} INFO - Filling up the DagBag from /opt/airflow/dags/Chap12.py
[2023-08-09T08:44:05.352+0000] {processor.py:836} INFO - DAG(s) dict_keys(['Chap_12']) retrieved from /opt/airflow/dags/Chap12.py
[2023-08-09T08:44:05.374+0000] {logging_mixin.py:149} INFO - [2023-08-09T08:44:05.373+0000] {dag.py:2726} INFO - Sync 1 DAGs
[2023-08-09T08:44:05.389+0000] {logging_mixin.py:149} INFO - [2023-08-09T08:44:05.389+0000] {dag.py:3486} INFO - Setting next_dagrun for Chap_12 to 2023-07-04T00:00:00+00:00, run_after=2023-07-05T00:00:00+00:00
[2023-08-09T08:44:05.402+0000] {processor.py:179} INFO - Processing /opt/airflow/dags/Chap12.py took 0.075 seconds
[2023-08-09T08:44:35.984+0000] {processor.py:157} INFO - Started process (PID=8528) to work on /opt/airflow/dags/Chap12.py
[2023-08-09T08:44:35.986+0000] {processor.py:826} INFO - Processing file /opt/airflow/dags/Chap12.py for tasks to queue
[2023-08-09T08:44:35.987+0000] {logging_mixin.py:149} INFO - [2023-08-09T08:44:35.987+0000] {dagbag.py:541} INFO - Filling up the DagBag from /opt/airflow/dags/Chap12.py
[2023-08-09T08:44:36.007+0000] {processor.py:836} INFO - DAG(s) dict_keys(['Chap_12']) retrieved from /opt/airflow/dags/Chap12.py
[2023-08-09T08:44:36.029+0000] {logging_mixin.py:149} INFO - [2023-08-09T08:44:36.029+0000] {dag.py:2726} INFO - Sync 1 DAGs
[2023-08-09T08:44:36.045+0000] {logging_mixin.py:149} INFO - [2023-08-09T08:44:36.045+0000] {dag.py:3486} INFO - Setting next_dagrun for Chap_12 to 2023-07-04T00:00:00+00:00, run_after=2023-07-05T00:00:00+00:00
[2023-08-09T08:44:36.060+0000] {processor.py:179} INFO - Processing /opt/airflow/dags/Chap12.py took 0.080 seconds
[2023-08-09T08:45:06.770+0000] {processor.py:157} INFO - Started process (PID=8667) to work on /opt/airflow/dags/Chap12.py
[2023-08-09T08:45:06.772+0000] {processor.py:826} INFO - Processing file /opt/airflow/dags/Chap12.py for tasks to queue
[2023-08-09T08:45:06.773+0000] {logging_mixin.py:149} INFO - [2023-08-09T08:45:06.773+0000] {dagbag.py:541} INFO - Filling up the DagBag from /opt/airflow/dags/Chap12.py
[2023-08-09T08:45:06.788+0000] {processor.py:836} INFO - DAG(s) dict_keys(['Chap_12']) retrieved from /opt/airflow/dags/Chap12.py
[2023-08-09T08:45:06.811+0000] {logging_mixin.py:149} INFO - [2023-08-09T08:45:06.811+0000] {dag.py:2726} INFO - Sync 1 DAGs
[2023-08-09T08:45:06.829+0000] {logging_mixin.py:149} INFO - [2023-08-09T08:45:06.829+0000] {dag.py:3486} INFO - Setting next_dagrun for Chap_12 to 2023-07-04T00:00:00+00:00, run_after=2023-07-05T00:00:00+00:00
[2023-08-09T08:45:06.842+0000] {processor.py:179} INFO - Processing /opt/airflow/dags/Chap12.py took 0.075 seconds
[2023-08-09T08:45:37.935+0000] {processor.py:157} INFO - Started process (PID=8806) to work on /opt/airflow/dags/Chap12.py
[2023-08-09T08:45:37.937+0000] {processor.py:826} INFO - Processing file /opt/airflow/dags/Chap12.py for tasks to queue
[2023-08-09T08:45:37.939+0000] {logging_mixin.py:149} INFO - [2023-08-09T08:45:37.938+0000] {dagbag.py:541} INFO - Filling up the DagBag from /opt/airflow/dags/Chap12.py
[2023-08-09T08:45:37.953+0000] {processor.py:836} INFO - DAG(s) dict_keys(['Chap_12']) retrieved from /opt/airflow/dags/Chap12.py
[2023-08-09T08:45:37.990+0000] {logging_mixin.py:149} INFO - [2023-08-09T08:45:37.990+0000] {dag.py:2726} INFO - Sync 1 DAGs
[2023-08-09T08:45:38.009+0000] {logging_mixin.py:149} INFO - [2023-08-09T08:45:38.009+0000] {dag.py:3486} INFO - Setting next_dagrun for Chap_12 to 2023-07-04T00:00:00+00:00, run_after=2023-07-05T00:00:00+00:00
[2023-08-09T08:45:38.023+0000] {processor.py:179} INFO - Processing /opt/airflow/dags/Chap12.py took 0.092 seconds
[2023-08-09T08:46:08.260+0000] {processor.py:157} INFO - Started process (PID=8945) to work on /opt/airflow/dags/Chap12.py
[2023-08-09T08:46:08.266+0000] {processor.py:826} INFO - Processing file /opt/airflow/dags/Chap12.py for tasks to queue
[2023-08-09T08:46:08.268+0000] {logging_mixin.py:149} INFO - [2023-08-09T08:46:08.268+0000] {dagbag.py:541} INFO - Filling up the DagBag from /opt/airflow/dags/Chap12.py
[2023-08-09T08:46:08.292+0000] {processor.py:836} INFO - DAG(s) dict_keys(['Chap_12']) retrieved from /opt/airflow/dags/Chap12.py
[2023-08-09T08:46:08.321+0000] {logging_mixin.py:149} INFO - [2023-08-09T08:46:08.321+0000] {dag.py:2726} INFO - Sync 1 DAGs
[2023-08-09T08:46:08.347+0000] {logging_mixin.py:149} INFO - [2023-08-09T08:46:08.347+0000] {dag.py:3486} INFO - Setting next_dagrun for Chap_12 to 2023-07-04T00:00:00+00:00, run_after=2023-07-05T00:00:00+00:00
[2023-08-09T08:46:08.366+0000] {processor.py:179} INFO - Processing /opt/airflow/dags/Chap12.py took 0.111 seconds
[2023-08-09T08:46:39.272+0000] {processor.py:157} INFO - Started process (PID=9085) to work on /opt/airflow/dags/Chap12.py
[2023-08-09T08:46:39.274+0000] {processor.py:826} INFO - Processing file /opt/airflow/dags/Chap12.py for tasks to queue
[2023-08-09T08:46:39.275+0000] {logging_mixin.py:149} INFO - [2023-08-09T08:46:39.275+0000] {dagbag.py:541} INFO - Filling up the DagBag from /opt/airflow/dags/Chap12.py
[2023-08-09T08:46:39.290+0000] {processor.py:836} INFO - DAG(s) dict_keys(['Chap_12']) retrieved from /opt/airflow/dags/Chap12.py
[2023-08-09T08:46:39.313+0000] {logging_mixin.py:149} INFO - [2023-08-09T08:46:39.313+0000] {dag.py:2726} INFO - Sync 1 DAGs
[2023-08-09T08:46:39.331+0000] {logging_mixin.py:149} INFO - [2023-08-09T08:46:39.331+0000] {dag.py:3486} INFO - Setting next_dagrun for Chap_12 to 2023-07-04T00:00:00+00:00, run_after=2023-07-05T00:00:00+00:00
[2023-08-09T08:46:39.346+0000] {processor.py:179} INFO - Processing /opt/airflow/dags/Chap12.py took 0.078 seconds
[2023-08-09T08:47:10.411+0000] {processor.py:157} INFO - Started process (PID=9224) to work on /opt/airflow/dags/Chap12.py
[2023-08-09T08:47:10.413+0000] {processor.py:826} INFO - Processing file /opt/airflow/dags/Chap12.py for tasks to queue
[2023-08-09T08:47:10.414+0000] {logging_mixin.py:149} INFO - [2023-08-09T08:47:10.414+0000] {dagbag.py:541} INFO - Filling up the DagBag from /opt/airflow/dags/Chap12.py
[2023-08-09T08:47:10.432+0000] {processor.py:836} INFO - DAG(s) dict_keys(['Chap_12']) retrieved from /opt/airflow/dags/Chap12.py
[2023-08-09T08:47:10.456+0000] {logging_mixin.py:149} INFO - [2023-08-09T08:47:10.456+0000] {dag.py:2726} INFO - Sync 1 DAGs
[2023-08-09T08:47:10.477+0000] {logging_mixin.py:149} INFO - [2023-08-09T08:47:10.477+0000] {dag.py:3486} INFO - Setting next_dagrun for Chap_12 to 2023-07-04T00:00:00+00:00, run_after=2023-07-05T00:00:00+00:00
[2023-08-09T08:47:10.494+0000] {processor.py:179} INFO - Processing /opt/airflow/dags/Chap12.py took 0.087 seconds
[2023-08-09T08:47:41.342+0000] {processor.py:157} INFO - Started process (PID=9366) to work on /opt/airflow/dags/Chap12.py
[2023-08-09T08:47:41.344+0000] {processor.py:826} INFO - Processing file /opt/airflow/dags/Chap12.py for tasks to queue
[2023-08-09T08:47:41.346+0000] {logging_mixin.py:149} INFO - [2023-08-09T08:47:41.346+0000] {dagbag.py:541} INFO - Filling up the DagBag from /opt/airflow/dags/Chap12.py
[2023-08-09T08:47:41.365+0000] {processor.py:836} INFO - DAG(s) dict_keys(['Chap_12']) retrieved from /opt/airflow/dags/Chap12.py
[2023-08-09T08:47:41.391+0000] {logging_mixin.py:149} INFO - [2023-08-09T08:47:41.391+0000] {dag.py:2726} INFO - Sync 1 DAGs
[2023-08-09T08:47:41.408+0000] {logging_mixin.py:149} INFO - [2023-08-09T08:47:41.408+0000] {dag.py:3486} INFO - Setting next_dagrun for Chap_12 to 2023-07-04T00:00:00+00:00, run_after=2023-07-05T00:00:00+00:00
[2023-08-09T08:47:41.421+0000] {processor.py:179} INFO - Processing /opt/airflow/dags/Chap12.py took 0.081 seconds
[2023-08-09T08:48:12.149+0000] {processor.py:157} INFO - Started process (PID=9503) to work on /opt/airflow/dags/Chap12.py
[2023-08-09T08:48:12.152+0000] {processor.py:826} INFO - Processing file /opt/airflow/dags/Chap12.py for tasks to queue
[2023-08-09T08:48:12.154+0000] {logging_mixin.py:149} INFO - [2023-08-09T08:48:12.154+0000] {dagbag.py:541} INFO - Filling up the DagBag from /opt/airflow/dags/Chap12.py
[2023-08-09T08:48:12.169+0000] {processor.py:836} INFO - DAG(s) dict_keys(['Chap_12']) retrieved from /opt/airflow/dags/Chap12.py
[2023-08-09T08:48:12.195+0000] {logging_mixin.py:149} INFO - [2023-08-09T08:48:12.194+0000] {dag.py:2726} INFO - Sync 1 DAGs
[2023-08-09T08:48:12.212+0000] {logging_mixin.py:149} INFO - [2023-08-09T08:48:12.212+0000] {dag.py:3486} INFO - Setting next_dagrun for Chap_12 to 2023-07-04T00:00:00+00:00, run_after=2023-07-05T00:00:00+00:00
[2023-08-09T08:48:12.240+0000] {processor.py:179} INFO - Processing /opt/airflow/dags/Chap12.py took 0.094 seconds
[2023-08-09T08:48:43.275+0000] {processor.py:157} INFO - Started process (PID=9640) to work on /opt/airflow/dags/Chap12.py
[2023-08-09T08:48:43.278+0000] {processor.py:826} INFO - Processing file /opt/airflow/dags/Chap12.py for tasks to queue
[2023-08-09T08:48:43.300+0000] {logging_mixin.py:149} INFO - [2023-08-09T08:48:43.300+0000] {dagbag.py:541} INFO - Filling up the DagBag from /opt/airflow/dags/Chap12.py
[2023-08-09T08:48:43.320+0000] {processor.py:836} INFO - DAG(s) dict_keys(['Chap_12']) retrieved from /opt/airflow/dags/Chap12.py
[2023-08-09T08:48:43.342+0000] {logging_mixin.py:149} INFO - [2023-08-09T08:48:43.342+0000] {dag.py:2726} INFO - Sync 1 DAGs
[2023-08-09T08:48:43.359+0000] {logging_mixin.py:149} INFO - [2023-08-09T08:48:43.359+0000] {dag.py:3486} INFO - Setting next_dagrun for Chap_12 to 2023-07-04T00:00:00+00:00, run_after=2023-07-05T00:00:00+00:00
[2023-08-09T08:48:43.374+0000] {processor.py:179} INFO - Processing /opt/airflow/dags/Chap12.py took 0.106 seconds
[2023-08-09T08:49:14.001+0000] {processor.py:157} INFO - Started process (PID=9780) to work on /opt/airflow/dags/Chap12.py
[2023-08-09T08:49:14.004+0000] {processor.py:826} INFO - Processing file /opt/airflow/dags/Chap12.py for tasks to queue
[2023-08-09T08:49:14.005+0000] {logging_mixin.py:149} INFO - [2023-08-09T08:49:14.005+0000] {dagbag.py:541} INFO - Filling up the DagBag from /opt/airflow/dags/Chap12.py
[2023-08-09T08:49:14.017+0000] {processor.py:836} INFO - DAG(s) dict_keys(['Chap_12']) retrieved from /opt/airflow/dags/Chap12.py
[2023-08-09T08:49:14.039+0000] {logging_mixin.py:149} INFO - [2023-08-09T08:49:14.039+0000] {dag.py:2726} INFO - Sync 1 DAGs
[2023-08-09T08:49:14.054+0000] {logging_mixin.py:149} INFO - [2023-08-09T08:49:14.054+0000] {dag.py:3486} INFO - Setting next_dagrun for Chap_12 to 2023-07-04T00:00:00+00:00, run_after=2023-07-05T00:00:00+00:00
[2023-08-09T08:49:14.066+0000] {processor.py:179} INFO - Processing /opt/airflow/dags/Chap12.py took 0.070 seconds
[2023-08-09T08:49:44.844+0000] {processor.py:157} INFO - Started process (PID=9919) to work on /opt/airflow/dags/Chap12.py
[2023-08-09T08:49:44.860+0000] {processor.py:826} INFO - Processing file /opt/airflow/dags/Chap12.py for tasks to queue
[2023-08-09T08:49:44.861+0000] {logging_mixin.py:149} INFO - [2023-08-09T08:49:44.861+0000] {dagbag.py:541} INFO - Filling up the DagBag from /opt/airflow/dags/Chap12.py
[2023-08-09T08:49:44.874+0000] {processor.py:836} INFO - DAG(s) dict_keys(['Chap_12']) retrieved from /opt/airflow/dags/Chap12.py
[2023-08-09T08:49:44.895+0000] {logging_mixin.py:149} INFO - [2023-08-09T08:49:44.894+0000] {dag.py:2726} INFO - Sync 1 DAGs
[2023-08-09T08:49:44.911+0000] {logging_mixin.py:149} INFO - [2023-08-09T08:49:44.911+0000] {dag.py:3486} INFO - Setting next_dagrun for Chap_12 to 2023-07-04T00:00:00+00:00, run_after=2023-07-05T00:00:00+00:00
[2023-08-09T08:49:44.930+0000] {processor.py:179} INFO - Processing /opt/airflow/dags/Chap12.py took 0.089 seconds
[2023-08-09T08:50:15.384+0000] {processor.py:157} INFO - Started process (PID=10060) to work on /opt/airflow/dags/Chap12.py
[2023-08-09T08:50:15.386+0000] {processor.py:826} INFO - Processing file /opt/airflow/dags/Chap12.py for tasks to queue
[2023-08-09T08:50:15.394+0000] {logging_mixin.py:149} INFO - [2023-08-09T08:50:15.393+0000] {dagbag.py:541} INFO - Filling up the DagBag from /opt/airflow/dags/Chap12.py
[2023-08-09T08:50:15.409+0000] {processor.py:836} INFO - DAG(s) dict_keys(['Chap_12']) retrieved from /opt/airflow/dags/Chap12.py
[2023-08-09T08:50:15.433+0000] {logging_mixin.py:149} INFO - [2023-08-09T08:50:15.433+0000] {dag.py:2726} INFO - Sync 1 DAGs
[2023-08-09T08:50:15.451+0000] {logging_mixin.py:149} INFO - [2023-08-09T08:50:15.451+0000] {dag.py:3486} INFO - Setting next_dagrun for Chap_12 to 2023-07-04T00:00:00+00:00, run_after=2023-07-05T00:00:00+00:00
[2023-08-09T08:50:15.469+0000] {processor.py:179} INFO - Processing /opt/airflow/dags/Chap12.py took 0.088 seconds
[2023-08-09T08:50:46.545+0000] {processor.py:157} INFO - Started process (PID=10197) to work on /opt/airflow/dags/Chap12.py
[2023-08-09T08:50:46.547+0000] {processor.py:826} INFO - Processing file /opt/airflow/dags/Chap12.py for tasks to queue
[2023-08-09T08:50:46.549+0000] {logging_mixin.py:149} INFO - [2023-08-09T08:50:46.549+0000] {dagbag.py:541} INFO - Filling up the DagBag from /opt/airflow/dags/Chap12.py
[2023-08-09T08:50:46.561+0000] {processor.py:836} INFO - DAG(s) dict_keys(['Chap_12']) retrieved from /opt/airflow/dags/Chap12.py
[2023-08-09T08:50:46.584+0000] {logging_mixin.py:149} INFO - [2023-08-09T08:50:46.583+0000] {dag.py:2726} INFO - Sync 1 DAGs
[2023-08-09T08:50:46.599+0000] {logging_mixin.py:149} INFO - [2023-08-09T08:50:46.599+0000] {dag.py:3486} INFO - Setting next_dagrun for Chap_12 to 2023-07-04T00:00:00+00:00, run_after=2023-07-05T00:00:00+00:00
[2023-08-09T08:50:46.611+0000] {processor.py:179} INFO - Processing /opt/airflow/dags/Chap12.py took 0.070 seconds
[2023-08-09T08:51:17.155+0000] {processor.py:157} INFO - Started process (PID=10336) to work on /opt/airflow/dags/Chap12.py
[2023-08-09T08:51:17.174+0000] {processor.py:826} INFO - Processing file /opt/airflow/dags/Chap12.py for tasks to queue
[2023-08-09T08:51:17.176+0000] {logging_mixin.py:149} INFO - [2023-08-09T08:51:17.176+0000] {dagbag.py:541} INFO - Filling up the DagBag from /opt/airflow/dags/Chap12.py
[2023-08-09T08:51:17.190+0000] {processor.py:836} INFO - DAG(s) dict_keys(['Chap_12']) retrieved from /opt/airflow/dags/Chap12.py
[2023-08-09T08:51:17.212+0000] {logging_mixin.py:149} INFO - [2023-08-09T08:51:17.212+0000] {dag.py:2726} INFO - Sync 1 DAGs
[2023-08-09T08:51:17.228+0000] {logging_mixin.py:149} INFO - [2023-08-09T08:51:17.228+0000] {dag.py:3486} INFO - Setting next_dagrun for Chap_12 to 2023-07-04T00:00:00+00:00, run_after=2023-07-05T00:00:00+00:00
[2023-08-09T08:51:17.241+0000] {processor.py:179} INFO - Processing /opt/airflow/dags/Chap12.py took 0.091 seconds
[2023-08-09T08:51:47.574+0000] {processor.py:157} INFO - Started process (PID=10475) to work on /opt/airflow/dags/Chap12.py
[2023-08-09T08:51:47.579+0000] {processor.py:826} INFO - Processing file /opt/airflow/dags/Chap12.py for tasks to queue
[2023-08-09T08:51:47.581+0000] {logging_mixin.py:149} INFO - [2023-08-09T08:51:47.581+0000] {dagbag.py:541} INFO - Filling up the DagBag from /opt/airflow/dags/Chap12.py
[2023-08-09T08:51:47.593+0000] {processor.py:836} INFO - DAG(s) dict_keys(['Chap_12']) retrieved from /opt/airflow/dags/Chap12.py
[2023-08-09T08:51:47.613+0000] {logging_mixin.py:149} INFO - [2023-08-09T08:51:47.613+0000] {dag.py:2726} INFO - Sync 1 DAGs
[2023-08-09T08:51:47.628+0000] {logging_mixin.py:149} INFO - [2023-08-09T08:51:47.628+0000] {dag.py:3486} INFO - Setting next_dagrun for Chap_12 to 2023-07-04T00:00:00+00:00, run_after=2023-07-05T00:00:00+00:00
[2023-08-09T08:51:47.642+0000] {processor.py:179} INFO - Processing /opt/airflow/dags/Chap12.py took 0.072 seconds
[2023-08-09T08:52:18.644+0000] {processor.py:157} INFO - Started process (PID=10600) to work on /opt/airflow/dags/Chap12.py
[2023-08-09T08:52:18.647+0000] {processor.py:826} INFO - Processing file /opt/airflow/dags/Chap12.py for tasks to queue
[2023-08-09T08:52:18.650+0000] {logging_mixin.py:149} INFO - [2023-08-09T08:52:18.650+0000] {dagbag.py:541} INFO - Filling up the DagBag from /opt/airflow/dags/Chap12.py
[2023-08-09T08:52:18.670+0000] {processor.py:836} INFO - DAG(s) dict_keys(['Chap_12']) retrieved from /opt/airflow/dags/Chap12.py
[2023-08-09T08:52:18.711+0000] {logging_mixin.py:149} INFO - [2023-08-09T08:52:18.711+0000] {dag.py:2726} INFO - Sync 1 DAGs
[2023-08-09T08:52:18.755+0000] {logging_mixin.py:149} INFO - [2023-08-09T08:52:18.755+0000] {dag.py:3486} INFO - Setting next_dagrun for Chap_12 to 2023-07-04T00:00:00+00:00, run_after=2023-07-05T00:00:00+00:00
[2023-08-09T08:52:18.775+0000] {processor.py:179} INFO - Processing /opt/airflow/dags/Chap12.py took 0.135 seconds
