[2023-08-09T08:37:27.193+0000] {processor.py:157} INFO - Started process (PID=6596) to work on /opt/airflow/dags/Chap6_5.py
[2023-08-09T08:37:27.194+0000] {processor.py:826} INFO - Processing file /opt/airflow/dags/Chap6_5.py for tasks to queue
[2023-08-09T08:37:27.196+0000] {logging_mixin.py:149} INFO - [2023-08-09T08:37:27.196+0000] {dagbag.py:541} INFO - Filling up the DagBag from /opt/airflow/dags/Chap6_5.py
[2023-08-09T08:37:27.213+0000] {processor.py:836} INFO - DAG(s) dict_keys(['listing_6_04_dag02', 'listing_6_04_dag01']) retrieved from /opt/airflow/dags/Chap6_5.py
[2023-08-09T08:37:27.245+0000] {logging_mixin.py:149} INFO - [2023-08-09T08:37:27.245+0000] {dag.py:2726} INFO - Sync 2 DAGs
[2023-08-09T08:37:27.264+0000] {logging_mixin.py:149} INFO - [2023-08-09T08:37:27.263+0000] {dag.py:3486} INFO - Setting next_dagrun for listing_6_04_dag01 to 2023-08-06T16:00:00+00:00, run_after=2023-08-07T16:00:00+00:00
[2023-08-09T08:37:27.268+0000] {logging_mixin.py:149} INFO - [2023-08-09T08:37:27.268+0000] {dag.py:3486} INFO - Setting next_dagrun for listing_6_04_dag02 to None, run_after=None
[2023-08-09T08:37:27.281+0000] {processor.py:179} INFO - Processing /opt/airflow/dags/Chap6_5.py took 0.091 seconds
[2023-08-09T08:37:58.151+0000] {processor.py:157} INFO - Started process (PID=6736) to work on /opt/airflow/dags/Chap6_5.py
[2023-08-09T08:37:58.153+0000] {processor.py:826} INFO - Processing file /opt/airflow/dags/Chap6_5.py for tasks to queue
[2023-08-09T08:37:58.155+0000] {logging_mixin.py:149} INFO - [2023-08-09T08:37:58.155+0000] {dagbag.py:541} INFO - Filling up the DagBag from /opt/airflow/dags/Chap6_5.py
[2023-08-09T08:37:58.175+0000] {processor.py:836} INFO - DAG(s) dict_keys(['listing_6_04_dag01', 'listing_6_04_dag02']) retrieved from /opt/airflow/dags/Chap6_5.py
[2023-08-09T08:37:58.212+0000] {logging_mixin.py:149} INFO - [2023-08-09T08:37:58.212+0000] {dag.py:2726} INFO - Sync 2 DAGs
[2023-08-09T08:37:58.231+0000] {logging_mixin.py:149} INFO - [2023-08-09T08:37:58.231+0000] {dag.py:3486} INFO - Setting next_dagrun for listing_6_04_dag01 to 2023-08-06T16:00:00+00:00, run_after=2023-08-07T16:00:00+00:00
[2023-08-09T08:37:58.242+0000] {logging_mixin.py:149} INFO - [2023-08-09T08:37:58.242+0000] {dag.py:3486} INFO - Setting next_dagrun for listing_6_04_dag02 to None, run_after=None
[2023-08-09T08:37:58.256+0000] {processor.py:179} INFO - Processing /opt/airflow/dags/Chap6_5.py took 0.108 seconds
[2023-08-09T08:38:28.965+0000] {processor.py:157} INFO - Started process (PID=6877) to work on /opt/airflow/dags/Chap6_5.py
[2023-08-09T08:38:28.966+0000] {processor.py:826} INFO - Processing file /opt/airflow/dags/Chap6_5.py for tasks to queue
[2023-08-09T08:38:28.968+0000] {logging_mixin.py:149} INFO - [2023-08-09T08:38:28.968+0000] {dagbag.py:541} INFO - Filling up the DagBag from /opt/airflow/dags/Chap6_5.py
[2023-08-09T08:38:28.993+0000] {processor.py:836} INFO - DAG(s) dict_keys(['listing_6_04_dag02', 'listing_6_04_dag01']) retrieved from /opt/airflow/dags/Chap6_5.py
[2023-08-09T08:38:29.026+0000] {logging_mixin.py:149} INFO - [2023-08-09T08:38:29.026+0000] {dag.py:2726} INFO - Sync 2 DAGs
[2023-08-09T08:38:29.046+0000] {logging_mixin.py:149} INFO - [2023-08-09T08:38:29.046+0000] {dag.py:3486} INFO - Setting next_dagrun for listing_6_04_dag01 to 2023-08-06T16:00:00+00:00, run_after=2023-08-07T16:00:00+00:00
[2023-08-09T08:38:29.051+0000] {logging_mixin.py:149} INFO - [2023-08-09T08:38:29.051+0000] {dag.py:3486} INFO - Setting next_dagrun for listing_6_04_dag02 to None, run_after=None
[2023-08-09T08:38:29.069+0000] {processor.py:179} INFO - Processing /opt/airflow/dags/Chap6_5.py took 0.109 seconds
[2023-08-09T08:38:59.778+0000] {processor.py:157} INFO - Started process (PID=7014) to work on /opt/airflow/dags/Chap6_5.py
[2023-08-09T08:38:59.780+0000] {processor.py:826} INFO - Processing file /opt/airflow/dags/Chap6_5.py for tasks to queue
[2023-08-09T08:38:59.781+0000] {logging_mixin.py:149} INFO - [2023-08-09T08:38:59.781+0000] {dagbag.py:541} INFO - Filling up the DagBag from /opt/airflow/dags/Chap6_5.py
[2023-08-09T08:38:59.821+0000] {processor.py:836} INFO - DAG(s) dict_keys(['listing_6_04_dag01', 'listing_6_04_dag02']) retrieved from /opt/airflow/dags/Chap6_5.py
[2023-08-09T08:38:59.858+0000] {logging_mixin.py:149} INFO - [2023-08-09T08:38:59.857+0000] {dag.py:2726} INFO - Sync 2 DAGs
[2023-08-09T08:38:59.879+0000] {logging_mixin.py:149} INFO - [2023-08-09T08:38:59.879+0000] {dag.py:3486} INFO - Setting next_dagrun for listing_6_04_dag01 to 2023-08-06T16:00:00+00:00, run_after=2023-08-07T16:00:00+00:00
[2023-08-09T08:38:59.883+0000] {logging_mixin.py:149} INFO - [2023-08-09T08:38:59.883+0000] {dag.py:3486} INFO - Setting next_dagrun for listing_6_04_dag02 to None, run_after=None
[2023-08-09T08:38:59.900+0000] {processor.py:179} INFO - Processing /opt/airflow/dags/Chap6_5.py took 0.125 seconds
[2023-08-09T08:39:30.649+0000] {processor.py:157} INFO - Started process (PID=7153) to work on /opt/airflow/dags/Chap6_5.py
[2023-08-09T08:39:30.651+0000] {processor.py:826} INFO - Processing file /opt/airflow/dags/Chap6_5.py for tasks to queue
[2023-08-09T08:39:30.654+0000] {logging_mixin.py:149} INFO - [2023-08-09T08:39:30.654+0000] {dagbag.py:541} INFO - Filling up the DagBag from /opt/airflow/dags/Chap6_5.py
[2023-08-09T08:39:30.671+0000] {processor.py:836} INFO - DAG(s) dict_keys(['listing_6_04_dag01', 'listing_6_04_dag02']) retrieved from /opt/airflow/dags/Chap6_5.py
[2023-08-09T08:39:30.702+0000] {logging_mixin.py:149} INFO - [2023-08-09T08:39:30.702+0000] {dag.py:2726} INFO - Sync 2 DAGs
[2023-08-09T08:39:30.731+0000] {logging_mixin.py:149} INFO - [2023-08-09T08:39:30.731+0000] {dag.py:3486} INFO - Setting next_dagrun for listing_6_04_dag01 to 2023-08-06T16:00:00+00:00, run_after=2023-08-07T16:00:00+00:00
[2023-08-09T08:39:30.736+0000] {logging_mixin.py:149} INFO - [2023-08-09T08:39:30.736+0000] {dag.py:3486} INFO - Setting next_dagrun for listing_6_04_dag02 to None, run_after=None
[2023-08-09T08:39:30.747+0000] {processor.py:179} INFO - Processing /opt/airflow/dags/Chap6_5.py took 0.102 seconds
[2023-08-09T08:40:01.404+0000] {processor.py:157} INFO - Started process (PID=7292) to work on /opt/airflow/dags/Chap6_5.py
[2023-08-09T08:40:01.406+0000] {processor.py:826} INFO - Processing file /opt/airflow/dags/Chap6_5.py for tasks to queue
[2023-08-09T08:40:01.408+0000] {logging_mixin.py:149} INFO - [2023-08-09T08:40:01.408+0000] {dagbag.py:541} INFO - Filling up the DagBag from /opt/airflow/dags/Chap6_5.py
[2023-08-09T08:40:01.424+0000] {processor.py:836} INFO - DAG(s) dict_keys(['listing_6_04_dag01', 'listing_6_04_dag02']) retrieved from /opt/airflow/dags/Chap6_5.py
[2023-08-09T08:40:01.464+0000] {logging_mixin.py:149} INFO - [2023-08-09T08:40:01.464+0000] {dag.py:2726} INFO - Sync 2 DAGs
[2023-08-09T08:40:01.481+0000] {logging_mixin.py:149} INFO - [2023-08-09T08:40:01.481+0000] {dag.py:3486} INFO - Setting next_dagrun for listing_6_04_dag01 to 2023-08-06T16:00:00+00:00, run_after=2023-08-07T16:00:00+00:00
[2023-08-09T08:40:01.484+0000] {logging_mixin.py:149} INFO - [2023-08-09T08:40:01.483+0000] {dag.py:3486} INFO - Setting next_dagrun for listing_6_04_dag02 to None, run_after=None
[2023-08-09T08:40:01.495+0000] {processor.py:179} INFO - Processing /opt/airflow/dags/Chap6_5.py took 0.094 seconds
[2023-08-09T08:40:31.987+0000] {processor.py:157} INFO - Started process (PID=7433) to work on /opt/airflow/dags/Chap6_5.py
[2023-08-09T08:40:31.989+0000] {processor.py:826} INFO - Processing file /opt/airflow/dags/Chap6_5.py for tasks to queue
[2023-08-09T08:40:31.991+0000] {logging_mixin.py:149} INFO - [2023-08-09T08:40:31.991+0000] {dagbag.py:541} INFO - Filling up the DagBag from /opt/airflow/dags/Chap6_5.py
[2023-08-09T08:40:32.013+0000] {processor.py:836} INFO - DAG(s) dict_keys(['listing_6_04_dag01', 'listing_6_04_dag02']) retrieved from /opt/airflow/dags/Chap6_5.py
[2023-08-09T08:40:32.041+0000] {logging_mixin.py:149} INFO - [2023-08-09T08:40:32.041+0000] {dag.py:2726} INFO - Sync 2 DAGs
[2023-08-09T08:40:32.056+0000] {logging_mixin.py:149} INFO - [2023-08-09T08:40:32.056+0000] {dag.py:3486} INFO - Setting next_dagrun for listing_6_04_dag01 to 2023-08-06T16:00:00+00:00, run_after=2023-08-07T16:00:00+00:00
[2023-08-09T08:40:32.062+0000] {logging_mixin.py:149} INFO - [2023-08-09T08:40:32.062+0000] {dag.py:3486} INFO - Setting next_dagrun for listing_6_04_dag02 to None, run_after=None
[2023-08-09T08:40:32.073+0000] {processor.py:179} INFO - Processing /opt/airflow/dags/Chap6_5.py took 0.089 seconds
[2023-08-09T08:41:02.593+0000] {processor.py:157} INFO - Started process (PID=7572) to work on /opt/airflow/dags/Chap6_5.py
[2023-08-09T08:41:02.612+0000] {processor.py:826} INFO - Processing file /opt/airflow/dags/Chap6_5.py for tasks to queue
[2023-08-09T08:41:02.614+0000] {logging_mixin.py:149} INFO - [2023-08-09T08:41:02.614+0000] {dagbag.py:541} INFO - Filling up the DagBag from /opt/airflow/dags/Chap6_5.py
[2023-08-09T08:41:02.630+0000] {processor.py:836} INFO - DAG(s) dict_keys(['listing_6_04_dag01', 'listing_6_04_dag02']) retrieved from /opt/airflow/dags/Chap6_5.py
[2023-08-09T08:41:02.659+0000] {logging_mixin.py:149} INFO - [2023-08-09T08:41:02.659+0000] {dag.py:2726} INFO - Sync 2 DAGs
[2023-08-09T08:41:02.675+0000] {logging_mixin.py:149} INFO - [2023-08-09T08:41:02.675+0000] {dag.py:3486} INFO - Setting next_dagrun for listing_6_04_dag01 to 2023-08-06T16:00:00+00:00, run_after=2023-08-07T16:00:00+00:00
[2023-08-09T08:41:02.679+0000] {logging_mixin.py:149} INFO - [2023-08-09T08:41:02.679+0000] {dag.py:3486} INFO - Setting next_dagrun for listing_6_04_dag02 to None, run_after=None
[2023-08-09T08:41:02.692+0000] {processor.py:179} INFO - Processing /opt/airflow/dags/Chap6_5.py took 0.104 seconds
[2023-08-09T08:41:33.203+0000] {processor.py:157} INFO - Started process (PID=7711) to work on /opt/airflow/dags/Chap6_5.py
[2023-08-09T08:41:33.211+0000] {processor.py:826} INFO - Processing file /opt/airflow/dags/Chap6_5.py for tasks to queue
[2023-08-09T08:41:33.213+0000] {logging_mixin.py:149} INFO - [2023-08-09T08:41:33.213+0000] {dagbag.py:541} INFO - Filling up the DagBag from /opt/airflow/dags/Chap6_5.py
[2023-08-09T08:41:33.230+0000] {processor.py:836} INFO - DAG(s) dict_keys(['listing_6_04_dag02', 'listing_6_04_dag01']) retrieved from /opt/airflow/dags/Chap6_5.py
[2023-08-09T08:41:33.258+0000] {logging_mixin.py:149} INFO - [2023-08-09T08:41:33.258+0000] {dag.py:2726} INFO - Sync 2 DAGs
[2023-08-09T08:41:33.274+0000] {logging_mixin.py:149} INFO - [2023-08-09T08:41:33.274+0000] {dag.py:3486} INFO - Setting next_dagrun for listing_6_04_dag01 to 2023-08-06T16:00:00+00:00, run_after=2023-08-07T16:00:00+00:00
[2023-08-09T08:41:33.277+0000] {logging_mixin.py:149} INFO - [2023-08-09T08:41:33.277+0000] {dag.py:3486} INFO - Setting next_dagrun for listing_6_04_dag02 to None, run_after=None
[2023-08-09T08:41:33.289+0000] {processor.py:179} INFO - Processing /opt/airflow/dags/Chap6_5.py took 0.089 seconds
[2023-08-09T08:42:03.757+0000] {processor.py:157} INFO - Started process (PID=7848) to work on /opt/airflow/dags/Chap6_5.py
[2023-08-09T08:42:03.759+0000] {processor.py:826} INFO - Processing file /opt/airflow/dags/Chap6_5.py for tasks to queue
[2023-08-09T08:42:03.762+0000] {logging_mixin.py:149} INFO - [2023-08-09T08:42:03.761+0000] {dagbag.py:541} INFO - Filling up the DagBag from /opt/airflow/dags/Chap6_5.py
[2023-08-09T08:42:03.778+0000] {processor.py:836} INFO - DAG(s) dict_keys(['listing_6_04_dag02', 'listing_6_04_dag01']) retrieved from /opt/airflow/dags/Chap6_5.py
[2023-08-09T08:42:03.832+0000] {logging_mixin.py:149} INFO - [2023-08-09T08:42:03.831+0000] {dag.py:2726} INFO - Sync 2 DAGs
[2023-08-09T08:42:03.848+0000] {logging_mixin.py:149} INFO - [2023-08-09T08:42:03.848+0000] {dag.py:3486} INFO - Setting next_dagrun for listing_6_04_dag01 to 2023-08-06T16:00:00+00:00, run_after=2023-08-07T16:00:00+00:00
[2023-08-09T08:42:03.852+0000] {logging_mixin.py:149} INFO - [2023-08-09T08:42:03.852+0000] {dag.py:3486} INFO - Setting next_dagrun for listing_6_04_dag02 to None, run_after=None
[2023-08-09T08:42:03.863+0000] {processor.py:179} INFO - Processing /opt/airflow/dags/Chap6_5.py took 0.109 seconds
[2023-08-09T08:42:34.192+0000] {processor.py:157} INFO - Started process (PID=7987) to work on /opt/airflow/dags/Chap6_5.py
[2023-08-09T08:42:34.195+0000] {processor.py:826} INFO - Processing file /opt/airflow/dags/Chap6_5.py for tasks to queue
[2023-08-09T08:42:34.217+0000] {logging_mixin.py:149} INFO - [2023-08-09T08:42:34.216+0000] {dagbag.py:541} INFO - Filling up the DagBag from /opt/airflow/dags/Chap6_5.py
[2023-08-09T08:42:34.234+0000] {processor.py:836} INFO - DAG(s) dict_keys(['listing_6_04_dag01', 'listing_6_04_dag02']) retrieved from /opt/airflow/dags/Chap6_5.py
[2023-08-09T08:42:34.272+0000] {logging_mixin.py:149} INFO - [2023-08-09T08:42:34.272+0000] {dag.py:2726} INFO - Sync 2 DAGs
[2023-08-09T08:42:34.290+0000] {logging_mixin.py:149} INFO - [2023-08-09T08:42:34.290+0000] {dag.py:3486} INFO - Setting next_dagrun for listing_6_04_dag01 to 2023-08-06T16:00:00+00:00, run_after=2023-08-07T16:00:00+00:00
[2023-08-09T08:42:34.293+0000] {logging_mixin.py:149} INFO - [2023-08-09T08:42:34.293+0000] {dag.py:3486} INFO - Setting next_dagrun for listing_6_04_dag02 to None, run_after=None
[2023-08-09T08:42:34.305+0000] {processor.py:179} INFO - Processing /opt/airflow/dags/Chap6_5.py took 0.116 seconds
[2023-08-09T08:43:04.699+0000] {processor.py:157} INFO - Started process (PID=8128) to work on /opt/airflow/dags/Chap6_5.py
[2023-08-09T08:43:04.702+0000] {processor.py:826} INFO - Processing file /opt/airflow/dags/Chap6_5.py for tasks to queue
[2023-08-09T08:43:04.703+0000] {logging_mixin.py:149} INFO - [2023-08-09T08:43:04.703+0000] {dagbag.py:541} INFO - Filling up the DagBag from /opt/airflow/dags/Chap6_5.py
[2023-08-09T08:43:04.724+0000] {processor.py:836} INFO - DAG(s) dict_keys(['listing_6_04_dag02', 'listing_6_04_dag01']) retrieved from /opt/airflow/dags/Chap6_5.py
[2023-08-09T08:43:04.756+0000] {logging_mixin.py:149} INFO - [2023-08-09T08:43:04.756+0000] {dag.py:2726} INFO - Sync 2 DAGs
[2023-08-09T08:43:04.772+0000] {logging_mixin.py:149} INFO - [2023-08-09T08:43:04.772+0000] {dag.py:3486} INFO - Setting next_dagrun for listing_6_04_dag01 to 2023-08-06T16:00:00+00:00, run_after=2023-08-07T16:00:00+00:00
[2023-08-09T08:43:04.775+0000] {logging_mixin.py:149} INFO - [2023-08-09T08:43:04.775+0000] {dag.py:3486} INFO - Setting next_dagrun for listing_6_04_dag02 to None, run_after=None
[2023-08-09T08:43:04.787+0000] {processor.py:179} INFO - Processing /opt/airflow/dags/Chap6_5.py took 0.090 seconds
[2023-08-09T08:43:35.048+0000] {processor.py:157} INFO - Started process (PID=8265) to work on /opt/airflow/dags/Chap6_5.py
[2023-08-09T08:43:35.051+0000] {processor.py:826} INFO - Processing file /opt/airflow/dags/Chap6_5.py for tasks to queue
[2023-08-09T08:43:35.052+0000] {logging_mixin.py:149} INFO - [2023-08-09T08:43:35.052+0000] {dagbag.py:541} INFO - Filling up the DagBag from /opt/airflow/dags/Chap6_5.py
[2023-08-09T08:43:35.070+0000] {processor.py:836} INFO - DAG(s) dict_keys(['listing_6_04_dag01', 'listing_6_04_dag02']) retrieved from /opt/airflow/dags/Chap6_5.py
[2023-08-09T08:43:35.103+0000] {logging_mixin.py:149} INFO - [2023-08-09T08:43:35.103+0000] {dag.py:2726} INFO - Sync 2 DAGs
[2023-08-09T08:43:35.123+0000] {logging_mixin.py:149} INFO - [2023-08-09T08:43:35.123+0000] {dag.py:3486} INFO - Setting next_dagrun for listing_6_04_dag01 to 2023-08-06T16:00:00+00:00, run_after=2023-08-07T16:00:00+00:00
[2023-08-09T08:43:35.127+0000] {logging_mixin.py:149} INFO - [2023-08-09T08:43:35.127+0000] {dag.py:3486} INFO - Setting next_dagrun for listing_6_04_dag02 to None, run_after=None
[2023-08-09T08:43:35.140+0000] {processor.py:179} INFO - Processing /opt/airflow/dags/Chap6_5.py took 0.094 seconds
[2023-08-09T08:44:05.570+0000] {processor.py:157} INFO - Started process (PID=8404) to work on /opt/airflow/dags/Chap6_5.py
[2023-08-09T08:44:05.572+0000] {processor.py:826} INFO - Processing file /opt/airflow/dags/Chap6_5.py for tasks to queue
[2023-08-09T08:44:05.574+0000] {logging_mixin.py:149} INFO - [2023-08-09T08:44:05.574+0000] {dagbag.py:541} INFO - Filling up the DagBag from /opt/airflow/dags/Chap6_5.py
[2023-08-09T08:44:05.592+0000] {processor.py:836} INFO - DAG(s) dict_keys(['listing_6_04_dag02', 'listing_6_04_dag01']) retrieved from /opt/airflow/dags/Chap6_5.py
[2023-08-09T08:44:05.625+0000] {logging_mixin.py:149} INFO - [2023-08-09T08:44:05.625+0000] {dag.py:2726} INFO - Sync 2 DAGs
[2023-08-09T08:44:05.644+0000] {logging_mixin.py:149} INFO - [2023-08-09T08:44:05.644+0000] {dag.py:3486} INFO - Setting next_dagrun for listing_6_04_dag01 to 2023-08-06T16:00:00+00:00, run_after=2023-08-07T16:00:00+00:00
[2023-08-09T08:44:05.651+0000] {logging_mixin.py:149} INFO - [2023-08-09T08:44:05.651+0000] {dag.py:3486} INFO - Setting next_dagrun for listing_6_04_dag02 to None, run_after=None
[2023-08-09T08:44:05.664+0000] {processor.py:179} INFO - Processing /opt/airflow/dags/Chap6_5.py took 0.096 seconds
[2023-08-09T08:44:36.258+0000] {processor.py:157} INFO - Started process (PID=8543) to work on /opt/airflow/dags/Chap6_5.py
[2023-08-09T08:44:36.260+0000] {processor.py:826} INFO - Processing file /opt/airflow/dags/Chap6_5.py for tasks to queue
[2023-08-09T08:44:36.261+0000] {logging_mixin.py:149} INFO - [2023-08-09T08:44:36.261+0000] {dagbag.py:541} INFO - Filling up the DagBag from /opt/airflow/dags/Chap6_5.py
[2023-08-09T08:44:36.282+0000] {processor.py:836} INFO - DAG(s) dict_keys(['listing_6_04_dag01', 'listing_6_04_dag02']) retrieved from /opt/airflow/dags/Chap6_5.py
[2023-08-09T08:44:36.314+0000] {logging_mixin.py:149} INFO - [2023-08-09T08:44:36.314+0000] {dag.py:2726} INFO - Sync 2 DAGs
[2023-08-09T08:44:36.331+0000] {logging_mixin.py:149} INFO - [2023-08-09T08:44:36.331+0000] {dag.py:3486} INFO - Setting next_dagrun for listing_6_04_dag01 to 2023-08-06T16:00:00+00:00, run_after=2023-08-07T16:00:00+00:00
[2023-08-09T08:44:36.335+0000] {logging_mixin.py:149} INFO - [2023-08-09T08:44:36.334+0000] {dag.py:3486} INFO - Setting next_dagrun for listing_6_04_dag02 to None, run_after=None
[2023-08-09T08:44:36.346+0000] {processor.py:179} INFO - Processing /opt/airflow/dags/Chap6_5.py took 0.091 seconds
[2023-08-09T08:45:07.039+0000] {processor.py:157} INFO - Started process (PID=8682) to work on /opt/airflow/dags/Chap6_5.py
[2023-08-09T08:45:07.041+0000] {processor.py:826} INFO - Processing file /opt/airflow/dags/Chap6_5.py for tasks to queue
[2023-08-09T08:45:07.042+0000] {logging_mixin.py:149} INFO - [2023-08-09T08:45:07.042+0000] {dagbag.py:541} INFO - Filling up the DagBag from /opt/airflow/dags/Chap6_5.py
[2023-08-09T08:45:07.067+0000] {processor.py:836} INFO - DAG(s) dict_keys(['listing_6_04_dag02', 'listing_6_04_dag01']) retrieved from /opt/airflow/dags/Chap6_5.py
[2023-08-09T08:45:07.101+0000] {logging_mixin.py:149} INFO - [2023-08-09T08:45:07.101+0000] {dag.py:2726} INFO - Sync 2 DAGs
[2023-08-09T08:45:07.120+0000] {logging_mixin.py:149} INFO - [2023-08-09T08:45:07.120+0000] {dag.py:3486} INFO - Setting next_dagrun for listing_6_04_dag01 to 2023-08-06T16:00:00+00:00, run_after=2023-08-07T16:00:00+00:00
[2023-08-09T08:45:07.124+0000] {logging_mixin.py:149} INFO - [2023-08-09T08:45:07.124+0000] {dag.py:3486} INFO - Setting next_dagrun for listing_6_04_dag02 to None, run_after=None
[2023-08-09T08:45:07.137+0000] {processor.py:179} INFO - Processing /opt/airflow/dags/Chap6_5.py took 0.102 seconds
[2023-08-09T08:45:38.265+0000] {processor.py:157} INFO - Started process (PID=8821) to work on /opt/airflow/dags/Chap6_5.py
[2023-08-09T08:45:38.268+0000] {processor.py:826} INFO - Processing file /opt/airflow/dags/Chap6_5.py for tasks to queue
[2023-08-09T08:45:38.270+0000] {logging_mixin.py:149} INFO - [2023-08-09T08:45:38.270+0000] {dagbag.py:541} INFO - Filling up the DagBag from /opt/airflow/dags/Chap6_5.py
[2023-08-09T08:45:38.294+0000] {processor.py:836} INFO - DAG(s) dict_keys(['listing_6_04_dag01', 'listing_6_04_dag02']) retrieved from /opt/airflow/dags/Chap6_5.py
[2023-08-09T08:45:38.334+0000] {logging_mixin.py:149} INFO - [2023-08-09T08:45:38.334+0000] {dag.py:2726} INFO - Sync 2 DAGs
[2023-08-09T08:45:38.382+0000] {logging_mixin.py:149} INFO - [2023-08-09T08:45:38.381+0000] {dag.py:3486} INFO - Setting next_dagrun for listing_6_04_dag01 to 2023-08-06T16:00:00+00:00, run_after=2023-08-07T16:00:00+00:00
[2023-08-09T08:45:38.392+0000] {logging_mixin.py:149} INFO - [2023-08-09T08:45:38.392+0000] {dag.py:3486} INFO - Setting next_dagrun for listing_6_04_dag02 to None, run_after=None
[2023-08-09T08:45:38.412+0000] {processor.py:179} INFO - Processing /opt/airflow/dags/Chap6_5.py took 0.150 seconds
[2023-08-09T08:46:08.624+0000] {processor.py:157} INFO - Started process (PID=8962) to work on /opt/airflow/dags/Chap6_5.py
[2023-08-09T08:46:08.628+0000] {processor.py:826} INFO - Processing file /opt/airflow/dags/Chap6_5.py for tasks to queue
[2023-08-09T08:46:08.630+0000] {logging_mixin.py:149} INFO - [2023-08-09T08:46:08.630+0000] {dagbag.py:541} INFO - Filling up the DagBag from /opt/airflow/dags/Chap6_5.py
[2023-08-09T08:46:08.649+0000] {processor.py:836} INFO - DAG(s) dict_keys(['listing_6_04_dag02', 'listing_6_04_dag01']) retrieved from /opt/airflow/dags/Chap6_5.py
[2023-08-09T08:46:08.680+0000] {logging_mixin.py:149} INFO - [2023-08-09T08:46:08.679+0000] {dag.py:2726} INFO - Sync 2 DAGs
[2023-08-09T08:46:08.700+0000] {logging_mixin.py:149} INFO - [2023-08-09T08:46:08.699+0000] {dag.py:3486} INFO - Setting next_dagrun for listing_6_04_dag01 to 2023-08-06T16:00:00+00:00, run_after=2023-08-07T16:00:00+00:00
[2023-08-09T08:46:08.702+0000] {logging_mixin.py:149} INFO - [2023-08-09T08:46:08.702+0000] {dag.py:3486} INFO - Setting next_dagrun for listing_6_04_dag02 to None, run_after=None
[2023-08-09T08:46:08.714+0000] {processor.py:179} INFO - Processing /opt/airflow/dags/Chap6_5.py took 0.093 seconds
[2023-08-09T08:46:39.524+0000] {processor.py:157} INFO - Started process (PID=9100) to work on /opt/airflow/dags/Chap6_5.py
[2023-08-09T08:46:39.526+0000] {processor.py:826} INFO - Processing file /opt/airflow/dags/Chap6_5.py for tasks to queue
[2023-08-09T08:46:39.527+0000] {logging_mixin.py:149} INFO - [2023-08-09T08:46:39.527+0000] {dagbag.py:541} INFO - Filling up the DagBag from /opt/airflow/dags/Chap6_5.py
[2023-08-09T08:46:39.543+0000] {processor.py:836} INFO - DAG(s) dict_keys(['listing_6_04_dag01', 'listing_6_04_dag02']) retrieved from /opt/airflow/dags/Chap6_5.py
[2023-08-09T08:46:39.575+0000] {logging_mixin.py:149} INFO - [2023-08-09T08:46:39.575+0000] {dag.py:2726} INFO - Sync 2 DAGs
[2023-08-09T08:46:39.594+0000] {logging_mixin.py:149} INFO - [2023-08-09T08:46:39.594+0000] {dag.py:3486} INFO - Setting next_dagrun for listing_6_04_dag01 to 2023-08-06T16:00:00+00:00, run_after=2023-08-07T16:00:00+00:00
[2023-08-09T08:46:39.608+0000] {logging_mixin.py:149} INFO - [2023-08-09T08:46:39.608+0000] {dag.py:3486} INFO - Setting next_dagrun for listing_6_04_dag02 to None, run_after=None
[2023-08-09T08:46:39.619+0000] {processor.py:179} INFO - Processing /opt/airflow/dags/Chap6_5.py took 0.099 seconds
[2023-08-09T08:47:10.604+0000] {processor.py:157} INFO - Started process (PID=9239) to work on /opt/airflow/dags/Chap6_5.py
[2023-08-09T08:47:10.624+0000] {processor.py:826} INFO - Processing file /opt/airflow/dags/Chap6_5.py for tasks to queue
[2023-08-09T08:47:10.625+0000] {logging_mixin.py:149} INFO - [2023-08-09T08:47:10.625+0000] {dagbag.py:541} INFO - Filling up the DagBag from /opt/airflow/dags/Chap6_5.py
[2023-08-09T08:47:10.643+0000] {processor.py:836} INFO - DAG(s) dict_keys(['listing_6_04_dag02', 'listing_6_04_dag01']) retrieved from /opt/airflow/dags/Chap6_5.py
[2023-08-09T08:47:10.675+0000] {logging_mixin.py:149} INFO - [2023-08-09T08:47:10.675+0000] {dag.py:2726} INFO - Sync 2 DAGs
[2023-08-09T08:47:10.691+0000] {logging_mixin.py:149} INFO - [2023-08-09T08:47:10.691+0000] {dag.py:3486} INFO - Setting next_dagrun for listing_6_04_dag01 to 2023-08-06T16:00:00+00:00, run_after=2023-08-07T16:00:00+00:00
[2023-08-09T08:47:10.695+0000] {logging_mixin.py:149} INFO - [2023-08-09T08:47:10.695+0000] {dag.py:3486} INFO - Setting next_dagrun for listing_6_04_dag02 to None, run_after=None
[2023-08-09T08:47:10.706+0000] {processor.py:179} INFO - Processing /opt/airflow/dags/Chap6_5.py took 0.105 seconds
[2023-08-09T08:47:41.502+0000] {processor.py:157} INFO - Started process (PID=9379) to work on /opt/airflow/dags/Chap6_5.py
[2023-08-09T08:47:41.505+0000] {processor.py:826} INFO - Processing file /opt/airflow/dags/Chap6_5.py for tasks to queue
[2023-08-09T08:47:41.507+0000] {logging_mixin.py:149} INFO - [2023-08-09T08:47:41.507+0000] {dagbag.py:541} INFO - Filling up the DagBag from /opt/airflow/dags/Chap6_5.py
[2023-08-09T08:47:41.528+0000] {processor.py:836} INFO - DAG(s) dict_keys(['listing_6_04_dag02', 'listing_6_04_dag01']) retrieved from /opt/airflow/dags/Chap6_5.py
[2023-08-09T08:47:41.558+0000] {logging_mixin.py:149} INFO - [2023-08-09T08:47:41.558+0000] {dag.py:2726} INFO - Sync 2 DAGs
[2023-08-09T08:47:41.574+0000] {logging_mixin.py:149} INFO - [2023-08-09T08:47:41.574+0000] {dag.py:3486} INFO - Setting next_dagrun for listing_6_04_dag01 to 2023-08-06T16:00:00+00:00, run_after=2023-08-07T16:00:00+00:00
[2023-08-09T08:47:41.578+0000] {logging_mixin.py:149} INFO - [2023-08-09T08:47:41.578+0000] {dag.py:3486} INFO - Setting next_dagrun for listing_6_04_dag02 to None, run_after=None
[2023-08-09T08:47:41.591+0000] {processor.py:179} INFO - Processing /opt/airflow/dags/Chap6_5.py took 0.092 seconds
[2023-08-09T08:48:12.430+0000] {processor.py:157} INFO - Started process (PID=9518) to work on /opt/airflow/dags/Chap6_5.py
[2023-08-09T08:48:12.432+0000] {processor.py:826} INFO - Processing file /opt/airflow/dags/Chap6_5.py for tasks to queue
[2023-08-09T08:48:12.434+0000] {logging_mixin.py:149} INFO - [2023-08-09T08:48:12.434+0000] {dagbag.py:541} INFO - Filling up the DagBag from /opt/airflow/dags/Chap6_5.py
[2023-08-09T08:48:12.453+0000] {processor.py:836} INFO - DAG(s) dict_keys(['listing_6_04_dag02', 'listing_6_04_dag01']) retrieved from /opt/airflow/dags/Chap6_5.py
[2023-08-09T08:48:12.485+0000] {logging_mixin.py:149} INFO - [2023-08-09T08:48:12.485+0000] {dag.py:2726} INFO - Sync 2 DAGs
[2023-08-09T08:48:12.506+0000] {logging_mixin.py:149} INFO - [2023-08-09T08:48:12.506+0000] {dag.py:3486} INFO - Setting next_dagrun for listing_6_04_dag01 to 2023-08-06T16:00:00+00:00, run_after=2023-08-07T16:00:00+00:00
[2023-08-09T08:48:12.528+0000] {logging_mixin.py:149} INFO - [2023-08-09T08:48:12.528+0000] {dag.py:3486} INFO - Setting next_dagrun for listing_6_04_dag02 to None, run_after=None
[2023-08-09T08:48:12.540+0000] {processor.py:179} INFO - Processing /opt/airflow/dags/Chap6_5.py took 0.112 seconds
[2023-08-09T08:48:43.507+0000] {processor.py:157} INFO - Started process (PID=9658) to work on /opt/airflow/dags/Chap6_5.py
[2023-08-09T08:48:43.509+0000] {processor.py:826} INFO - Processing file /opt/airflow/dags/Chap6_5.py for tasks to queue
[2023-08-09T08:48:43.510+0000] {logging_mixin.py:149} INFO - [2023-08-09T08:48:43.510+0000] {dagbag.py:541} INFO - Filling up the DagBag from /opt/airflow/dags/Chap6_5.py
[2023-08-09T08:48:43.530+0000] {processor.py:836} INFO - DAG(s) dict_keys(['listing_6_04_dag02', 'listing_6_04_dag01']) retrieved from /opt/airflow/dags/Chap6_5.py
[2023-08-09T08:48:43.564+0000] {logging_mixin.py:149} INFO - [2023-08-09T08:48:43.564+0000] {dag.py:2726} INFO - Sync 2 DAGs
[2023-08-09T08:48:43.580+0000] {logging_mixin.py:149} INFO - [2023-08-09T08:48:43.580+0000] {dag.py:3486} INFO - Setting next_dagrun for listing_6_04_dag01 to 2023-08-06T16:00:00+00:00, run_after=2023-08-07T16:00:00+00:00
[2023-08-09T08:48:43.584+0000] {logging_mixin.py:149} INFO - [2023-08-09T08:48:43.584+0000] {dag.py:3486} INFO - Setting next_dagrun for listing_6_04_dag02 to None, run_after=None
[2023-08-09T08:48:43.596+0000] {processor.py:179} INFO - Processing /opt/airflow/dags/Chap6_5.py took 0.092 seconds
[2023-08-09T08:49:14.267+0000] {processor.py:157} INFO - Started process (PID=9795) to work on /opt/airflow/dags/Chap6_5.py
[2023-08-09T08:49:14.276+0000] {processor.py:826} INFO - Processing file /opt/airflow/dags/Chap6_5.py for tasks to queue
[2023-08-09T08:49:14.278+0000] {logging_mixin.py:149} INFO - [2023-08-09T08:49:14.277+0000] {dagbag.py:541} INFO - Filling up the DagBag from /opt/airflow/dags/Chap6_5.py
[2023-08-09T08:49:14.299+0000] {processor.py:836} INFO - DAG(s) dict_keys(['listing_6_04_dag02', 'listing_6_04_dag01']) retrieved from /opt/airflow/dags/Chap6_5.py
[2023-08-09T08:49:14.342+0000] {logging_mixin.py:149} INFO - [2023-08-09T08:49:14.342+0000] {dag.py:2726} INFO - Sync 2 DAGs
[2023-08-09T08:49:14.368+0000] {logging_mixin.py:149} INFO - [2023-08-09T08:49:14.368+0000] {dag.py:3486} INFO - Setting next_dagrun for listing_6_04_dag01 to 2023-08-06T16:00:00+00:00, run_after=2023-08-07T16:00:00+00:00
[2023-08-09T08:49:14.373+0000] {logging_mixin.py:149} INFO - [2023-08-09T08:49:14.373+0000] {dag.py:3486} INFO - Setting next_dagrun for listing_6_04_dag02 to None, run_after=None
[2023-08-09T08:49:14.389+0000] {processor.py:179} INFO - Processing /opt/airflow/dags/Chap6_5.py took 0.126 seconds
[2023-08-09T08:49:45.055+0000] {processor.py:157} INFO - Started process (PID=9934) to work on /opt/airflow/dags/Chap6_5.py
[2023-08-09T08:49:45.058+0000] {processor.py:826} INFO - Processing file /opt/airflow/dags/Chap6_5.py for tasks to queue
[2023-08-09T08:49:45.059+0000] {logging_mixin.py:149} INFO - [2023-08-09T08:49:45.059+0000] {dagbag.py:541} INFO - Filling up the DagBag from /opt/airflow/dags/Chap6_5.py
[2023-08-09T08:49:45.075+0000] {processor.py:836} INFO - DAG(s) dict_keys(['listing_6_04_dag01', 'listing_6_04_dag02']) retrieved from /opt/airflow/dags/Chap6_5.py
[2023-08-09T08:49:45.125+0000] {logging_mixin.py:149} INFO - [2023-08-09T08:49:45.125+0000] {dag.py:2726} INFO - Sync 2 DAGs
[2023-08-09T08:49:45.143+0000] {logging_mixin.py:149} INFO - [2023-08-09T08:49:45.142+0000] {dag.py:3486} INFO - Setting next_dagrun for listing_6_04_dag01 to 2023-08-06T16:00:00+00:00, run_after=2023-08-07T16:00:00+00:00
[2023-08-09T08:49:45.146+0000] {logging_mixin.py:149} INFO - [2023-08-09T08:49:45.146+0000] {dag.py:3486} INFO - Setting next_dagrun for listing_6_04_dag02 to None, run_after=None
[2023-08-09T08:49:45.158+0000] {processor.py:179} INFO - Processing /opt/airflow/dags/Chap6_5.py took 0.105 seconds
[2023-08-09T08:50:15.530+0000] {processor.py:157} INFO - Started process (PID=10073) to work on /opt/airflow/dags/Chap6_5.py
[2023-08-09T08:50:15.532+0000] {processor.py:826} INFO - Processing file /opt/airflow/dags/Chap6_5.py for tasks to queue
[2023-08-09T08:50:15.534+0000] {logging_mixin.py:149} INFO - [2023-08-09T08:50:15.534+0000] {dagbag.py:541} INFO - Filling up the DagBag from /opt/airflow/dags/Chap6_5.py
[2023-08-09T08:50:15.555+0000] {processor.py:836} INFO - DAG(s) dict_keys(['listing_6_04_dag02', 'listing_6_04_dag01']) retrieved from /opt/airflow/dags/Chap6_5.py
[2023-08-09T08:50:15.585+0000] {logging_mixin.py:149} INFO - [2023-08-09T08:50:15.584+0000] {dag.py:2726} INFO - Sync 2 DAGs
[2023-08-09T08:50:15.612+0000] {logging_mixin.py:149} INFO - [2023-08-09T08:50:15.612+0000] {dag.py:3486} INFO - Setting next_dagrun for listing_6_04_dag01 to 2023-08-06T16:00:00+00:00, run_after=2023-08-07T16:00:00+00:00
[2023-08-09T08:50:15.617+0000] {logging_mixin.py:149} INFO - [2023-08-09T08:50:15.617+0000] {dag.py:3486} INFO - Setting next_dagrun for listing_6_04_dag02 to None, run_after=None
[2023-08-09T08:50:15.634+0000] {processor.py:179} INFO - Processing /opt/airflow/dags/Chap6_5.py took 0.108 seconds
[2023-08-09T08:50:46.791+0000] {processor.py:157} INFO - Started process (PID=10212) to work on /opt/airflow/dags/Chap6_5.py
[2023-08-09T08:50:46.793+0000] {processor.py:826} INFO - Processing file /opt/airflow/dags/Chap6_5.py for tasks to queue
[2023-08-09T08:50:46.795+0000] {logging_mixin.py:149} INFO - [2023-08-09T08:50:46.795+0000] {dagbag.py:541} INFO - Filling up the DagBag from /opt/airflow/dags/Chap6_5.py
[2023-08-09T08:50:46.817+0000] {processor.py:836} INFO - DAG(s) dict_keys(['listing_6_04_dag01', 'listing_6_04_dag02']) retrieved from /opt/airflow/dags/Chap6_5.py
[2023-08-09T08:50:46.848+0000] {logging_mixin.py:149} INFO - [2023-08-09T08:50:46.848+0000] {dag.py:2726} INFO - Sync 2 DAGs
[2023-08-09T08:50:46.868+0000] {logging_mixin.py:149} INFO - [2023-08-09T08:50:46.868+0000] {dag.py:3486} INFO - Setting next_dagrun for listing_6_04_dag01 to 2023-08-06T16:00:00+00:00, run_after=2023-08-07T16:00:00+00:00
[2023-08-09T08:50:46.872+0000] {logging_mixin.py:149} INFO - [2023-08-09T08:50:46.872+0000] {dag.py:3486} INFO - Setting next_dagrun for listing_6_04_dag02 to None, run_after=None
[2023-08-09T08:50:46.886+0000] {processor.py:179} INFO - Processing /opt/airflow/dags/Chap6_5.py took 0.098 seconds
[2023-08-09T08:51:17.383+0000] {processor.py:157} INFO - Started process (PID=10351) to work on /opt/airflow/dags/Chap6_5.py
[2023-08-09T08:51:17.385+0000] {processor.py:826} INFO - Processing file /opt/airflow/dags/Chap6_5.py for tasks to queue
[2023-08-09T08:51:17.386+0000] {logging_mixin.py:149} INFO - [2023-08-09T08:51:17.386+0000] {dagbag.py:541} INFO - Filling up the DagBag from /opt/airflow/dags/Chap6_5.py
[2023-08-09T08:51:17.404+0000] {processor.py:836} INFO - DAG(s) dict_keys(['listing_6_04_dag01', 'listing_6_04_dag02']) retrieved from /opt/airflow/dags/Chap6_5.py
[2023-08-09T08:51:17.446+0000] {logging_mixin.py:149} INFO - [2023-08-09T08:51:17.446+0000] {dag.py:2726} INFO - Sync 2 DAGs
[2023-08-09T08:51:17.461+0000] {logging_mixin.py:149} INFO - [2023-08-09T08:51:17.461+0000] {dag.py:3486} INFO - Setting next_dagrun for listing_6_04_dag01 to 2023-08-06T16:00:00+00:00, run_after=2023-08-07T16:00:00+00:00
[2023-08-09T08:51:17.466+0000] {logging_mixin.py:149} INFO - [2023-08-09T08:51:17.466+0000] {dag.py:3486} INFO - Setting next_dagrun for listing_6_04_dag02 to None, run_after=None
[2023-08-09T08:51:17.477+0000] {processor.py:179} INFO - Processing /opt/airflow/dags/Chap6_5.py took 0.098 seconds
[2023-08-09T08:51:47.811+0000] {processor.py:157} INFO - Started process (PID=10490) to work on /opt/airflow/dags/Chap6_5.py
[2023-08-09T08:51:47.823+0000] {processor.py:826} INFO - Processing file /opt/airflow/dags/Chap6_5.py for tasks to queue
[2023-08-09T08:51:47.833+0000] {logging_mixin.py:149} INFO - [2023-08-09T08:51:47.833+0000] {dagbag.py:541} INFO - Filling up the DagBag from /opt/airflow/dags/Chap6_5.py
[2023-08-09T08:51:47.854+0000] {processor.py:836} INFO - DAG(s) dict_keys(['listing_6_04_dag01', 'listing_6_04_dag02']) retrieved from /opt/airflow/dags/Chap6_5.py
[2023-08-09T08:51:47.898+0000] {logging_mixin.py:149} INFO - [2023-08-09T08:51:47.898+0000] {dag.py:2726} INFO - Sync 2 DAGs
[2023-08-09T08:51:47.919+0000] {logging_mixin.py:149} INFO - [2023-08-09T08:51:47.919+0000] {dag.py:3486} INFO - Setting next_dagrun for listing_6_04_dag01 to 2023-08-06T16:00:00+00:00, run_after=2023-08-07T16:00:00+00:00
[2023-08-09T08:51:47.923+0000] {logging_mixin.py:149} INFO - [2023-08-09T08:51:47.923+0000] {dag.py:3486} INFO - Setting next_dagrun for listing_6_04_dag02 to None, run_after=None
[2023-08-09T08:51:47.934+0000] {processor.py:179} INFO - Processing /opt/airflow/dags/Chap6_5.py took 0.127 seconds
[2023-08-09T08:52:18.960+0000] {processor.py:157} INFO - Started process (PID=10603) to work on /opt/airflow/dags/Chap6_5.py
[2023-08-09T08:52:18.962+0000] {processor.py:826} INFO - Processing file /opt/airflow/dags/Chap6_5.py for tasks to queue
[2023-08-09T08:52:18.964+0000] {logging_mixin.py:149} INFO - [2023-08-09T08:52:18.963+0000] {dagbag.py:541} INFO - Filling up the DagBag from /opt/airflow/dags/Chap6_5.py
[2023-08-09T08:52:18.986+0000] {processor.py:836} INFO - DAG(s) dict_keys(['listing_6_04_dag01', 'listing_6_04_dag02']) retrieved from /opt/airflow/dags/Chap6_5.py
[2023-08-09T08:52:19.020+0000] {logging_mixin.py:149} INFO - [2023-08-09T08:52:19.019+0000] {dag.py:2726} INFO - Sync 2 DAGs
[2023-08-09T08:52:19.041+0000] {logging_mixin.py:149} INFO - [2023-08-09T08:52:19.041+0000] {dag.py:3486} INFO - Setting next_dagrun for listing_6_04_dag01 to 2023-08-06T16:00:00+00:00, run_after=2023-08-07T16:00:00+00:00
[2023-08-09T08:52:19.045+0000] {logging_mixin.py:149} INFO - [2023-08-09T08:52:19.045+0000] {dag.py:3486} INFO - Setting next_dagrun for listing_6_04_dag02 to None, run_after=None
[2023-08-09T08:52:19.059+0000] {processor.py:179} INFO - Processing /opt/airflow/dags/Chap6_5.py took 0.106 seconds
