[2023-08-09T08:37:27.409+0000] {processor.py:157} INFO - Started process (PID=6611) to work on /opt/airflow/dags/Chap3_1.py
[2023-08-09T08:37:27.411+0000] {processor.py:826} INFO - Processing file /opt/airflow/dags/Chap3_1.py for tasks to queue
[2023-08-09T08:37:27.413+0000] {logging_mixin.py:149} INFO - [2023-08-09T08:37:27.413+0000] {dagbag.py:541} INFO - Filling up the DagBag from /opt/airflow/dags/Chap3_1.py
[2023-08-09T08:37:27.426+0000] {processor.py:836} INFO - DAG(s) dict_keys(['Chap3_1']) retrieved from /opt/airflow/dags/Chap3_1.py
[2023-08-09T08:37:27.450+0000] {logging_mixin.py:149} INFO - [2023-08-09T08:37:27.450+0000] {dag.py:2726} INFO - Sync 1 DAGs
[2023-08-09T08:37:27.466+0000] {logging_mixin.py:149} INFO - [2023-08-09T08:37:27.466+0000] {dag.py:3486} INFO - Setting next_dagrun for Chap3_1 to 2023-06-26T00:00:00+00:00, run_after=2023-06-27T00:00:00+00:00
[2023-08-09T08:37:27.478+0000] {processor.py:179} INFO - Processing /opt/airflow/dags/Chap3_1.py took 0.072 seconds
[2023-08-09T08:37:58.341+0000] {processor.py:157} INFO - Started process (PID=6750) to work on /opt/airflow/dags/Chap3_1.py
[2023-08-09T08:37:58.344+0000] {processor.py:826} INFO - Processing file /opt/airflow/dags/Chap3_1.py for tasks to queue
[2023-08-09T08:37:58.345+0000] {logging_mixin.py:149} INFO - [2023-08-09T08:37:58.345+0000] {dagbag.py:541} INFO - Filling up the DagBag from /opt/airflow/dags/Chap3_1.py
[2023-08-09T08:37:58.362+0000] {processor.py:836} INFO - DAG(s) dict_keys(['Chap3_1']) retrieved from /opt/airflow/dags/Chap3_1.py
[2023-08-09T08:37:58.386+0000] {logging_mixin.py:149} INFO - [2023-08-09T08:37:58.386+0000] {dag.py:2726} INFO - Sync 1 DAGs
[2023-08-09T08:37:58.405+0000] {logging_mixin.py:149} INFO - [2023-08-09T08:37:58.405+0000] {dag.py:3486} INFO - Setting next_dagrun for Chap3_1 to 2023-06-26T00:00:00+00:00, run_after=2023-06-27T00:00:00+00:00
[2023-08-09T08:37:58.433+0000] {processor.py:179} INFO - Processing /opt/airflow/dags/Chap3_1.py took 0.095 seconds
[2023-08-09T08:38:29.246+0000] {processor.py:157} INFO - Started process (PID=6892) to work on /opt/airflow/dags/Chap3_1.py
[2023-08-09T08:38:29.249+0000] {processor.py:826} INFO - Processing file /opt/airflow/dags/Chap3_1.py for tasks to queue
[2023-08-09T08:38:29.250+0000] {logging_mixin.py:149} INFO - [2023-08-09T08:38:29.250+0000] {dagbag.py:541} INFO - Filling up the DagBag from /opt/airflow/dags/Chap3_1.py
[2023-08-09T08:38:29.265+0000] {processor.py:836} INFO - DAG(s) dict_keys(['Chap3_1']) retrieved from /opt/airflow/dags/Chap3_1.py
[2023-08-09T08:38:29.304+0000] {logging_mixin.py:149} INFO - [2023-08-09T08:38:29.304+0000] {dag.py:2726} INFO - Sync 1 DAGs
[2023-08-09T08:38:29.320+0000] {logging_mixin.py:149} INFO - [2023-08-09T08:38:29.320+0000] {dag.py:3486} INFO - Setting next_dagrun for Chap3_1 to 2023-06-26T00:00:00+00:00, run_after=2023-06-27T00:00:00+00:00
[2023-08-09T08:38:29.333+0000] {processor.py:179} INFO - Processing /opt/airflow/dags/Chap3_1.py took 0.090 seconds
[2023-08-09T08:39:00.036+0000] {processor.py:157} INFO - Started process (PID=7029) to work on /opt/airflow/dags/Chap3_1.py
[2023-08-09T08:39:00.039+0000] {processor.py:826} INFO - Processing file /opt/airflow/dags/Chap3_1.py for tasks to queue
[2023-08-09T08:39:00.041+0000] {logging_mixin.py:149} INFO - [2023-08-09T08:39:00.041+0000] {dagbag.py:541} INFO - Filling up the DagBag from /opt/airflow/dags/Chap3_1.py
[2023-08-09T08:39:00.066+0000] {processor.py:836} INFO - DAG(s) dict_keys(['Chap3_1']) retrieved from /opt/airflow/dags/Chap3_1.py
[2023-08-09T08:39:00.099+0000] {logging_mixin.py:149} INFO - [2023-08-09T08:39:00.099+0000] {dag.py:2726} INFO - Sync 1 DAGs
[2023-08-09T08:39:00.119+0000] {logging_mixin.py:149} INFO - [2023-08-09T08:39:00.119+0000] {dag.py:3486} INFO - Setting next_dagrun for Chap3_1 to 2023-06-26T00:00:00+00:00, run_after=2023-06-27T00:00:00+00:00
[2023-08-09T08:39:00.133+0000] {processor.py:179} INFO - Processing /opt/airflow/dags/Chap3_1.py took 0.102 seconds
[2023-08-09T08:39:30.850+0000] {processor.py:157} INFO - Started process (PID=7168) to work on /opt/airflow/dags/Chap3_1.py
[2023-08-09T08:39:30.855+0000] {processor.py:826} INFO - Processing file /opt/airflow/dags/Chap3_1.py for tasks to queue
[2023-08-09T08:39:30.856+0000] {logging_mixin.py:149} INFO - [2023-08-09T08:39:30.856+0000] {dagbag.py:541} INFO - Filling up the DagBag from /opt/airflow/dags/Chap3_1.py
[2023-08-09T08:39:30.871+0000] {processor.py:836} INFO - DAG(s) dict_keys(['Chap3_1']) retrieved from /opt/airflow/dags/Chap3_1.py
[2023-08-09T08:39:30.894+0000] {logging_mixin.py:149} INFO - [2023-08-09T08:39:30.894+0000] {dag.py:2726} INFO - Sync 1 DAGs
[2023-08-09T08:39:30.910+0000] {logging_mixin.py:149} INFO - [2023-08-09T08:39:30.910+0000] {dag.py:3486} INFO - Setting next_dagrun for Chap3_1 to 2023-06-26T00:00:00+00:00, run_after=2023-06-27T00:00:00+00:00
[2023-08-09T08:39:30.921+0000] {processor.py:179} INFO - Processing /opt/airflow/dags/Chap3_1.py took 0.073 seconds
[2023-08-09T08:40:01.601+0000] {processor.py:157} INFO - Started process (PID=7307) to work on /opt/airflow/dags/Chap3_1.py
[2023-08-09T08:40:01.603+0000] {processor.py:826} INFO - Processing file /opt/airflow/dags/Chap3_1.py for tasks to queue
[2023-08-09T08:40:01.605+0000] {logging_mixin.py:149} INFO - [2023-08-09T08:40:01.605+0000] {dagbag.py:541} INFO - Filling up the DagBag from /opt/airflow/dags/Chap3_1.py
[2023-08-09T08:40:01.618+0000] {processor.py:836} INFO - DAG(s) dict_keys(['Chap3_1']) retrieved from /opt/airflow/dags/Chap3_1.py
[2023-08-09T08:40:01.640+0000] {logging_mixin.py:149} INFO - [2023-08-09T08:40:01.640+0000] {dag.py:2726} INFO - Sync 1 DAGs
[2023-08-09T08:40:01.655+0000] {logging_mixin.py:149} INFO - [2023-08-09T08:40:01.654+0000] {dag.py:3486} INFO - Setting next_dagrun for Chap3_1 to 2023-06-26T00:00:00+00:00, run_after=2023-06-27T00:00:00+00:00
[2023-08-09T08:40:01.666+0000] {processor.py:179} INFO - Processing /opt/airflow/dags/Chap3_1.py took 0.068 seconds
[2023-08-09T08:40:32.127+0000] {processor.py:157} INFO - Started process (PID=7446) to work on /opt/airflow/dags/Chap3_1.py
[2023-08-09T08:40:32.129+0000] {processor.py:826} INFO - Processing file /opt/airflow/dags/Chap3_1.py for tasks to queue
[2023-08-09T08:40:32.131+0000] {logging_mixin.py:149} INFO - [2023-08-09T08:40:32.131+0000] {dagbag.py:541} INFO - Filling up the DagBag from /opt/airflow/dags/Chap3_1.py
[2023-08-09T08:40:32.162+0000] {processor.py:836} INFO - DAG(s) dict_keys(['Chap3_1']) retrieved from /opt/airflow/dags/Chap3_1.py
[2023-08-09T08:40:32.184+0000] {logging_mixin.py:149} INFO - [2023-08-09T08:40:32.184+0000] {dag.py:2726} INFO - Sync 1 DAGs
[2023-08-09T08:40:32.199+0000] {logging_mixin.py:149} INFO - [2023-08-09T08:40:32.199+0000] {dag.py:3486} INFO - Setting next_dagrun for Chap3_1 to 2023-06-26T00:00:00+00:00, run_after=2023-06-27T00:00:00+00:00
[2023-08-09T08:40:32.212+0000] {processor.py:179} INFO - Processing /opt/airflow/dags/Chap3_1.py took 0.090 seconds
[2023-08-09T08:41:02.837+0000] {processor.py:157} INFO - Started process (PID=7587) to work on /opt/airflow/dags/Chap3_1.py
[2023-08-09T08:41:02.840+0000] {processor.py:826} INFO - Processing file /opt/airflow/dags/Chap3_1.py for tasks to queue
[2023-08-09T08:41:02.841+0000] {logging_mixin.py:149} INFO - [2023-08-09T08:41:02.841+0000] {dagbag.py:541} INFO - Filling up the DagBag from /opt/airflow/dags/Chap3_1.py
[2023-08-09T08:41:02.855+0000] {processor.py:836} INFO - DAG(s) dict_keys(['Chap3_1']) retrieved from /opt/airflow/dags/Chap3_1.py
[2023-08-09T08:41:02.875+0000] {logging_mixin.py:149} INFO - [2023-08-09T08:41:02.875+0000] {dag.py:2726} INFO - Sync 1 DAGs
[2023-08-09T08:41:02.890+0000] {logging_mixin.py:149} INFO - [2023-08-09T08:41:02.890+0000] {dag.py:3486} INFO - Setting next_dagrun for Chap3_1 to 2023-06-26T00:00:00+00:00, run_after=2023-06-27T00:00:00+00:00
[2023-08-09T08:41:02.900+0000] {processor.py:179} INFO - Processing /opt/airflow/dags/Chap3_1.py took 0.066 seconds
[2023-08-09T08:41:33.449+0000] {processor.py:157} INFO - Started process (PID=7726) to work on /opt/airflow/dags/Chap3_1.py
[2023-08-09T08:41:33.451+0000] {processor.py:826} INFO - Processing file /opt/airflow/dags/Chap3_1.py for tasks to queue
[2023-08-09T08:41:33.454+0000] {logging_mixin.py:149} INFO - [2023-08-09T08:41:33.454+0000] {dagbag.py:541} INFO - Filling up the DagBag from /opt/airflow/dags/Chap3_1.py
[2023-08-09T08:41:33.472+0000] {processor.py:836} INFO - DAG(s) dict_keys(['Chap3_1']) retrieved from /opt/airflow/dags/Chap3_1.py
[2023-08-09T08:41:33.494+0000] {logging_mixin.py:149} INFO - [2023-08-09T08:41:33.494+0000] {dag.py:2726} INFO - Sync 1 DAGs
[2023-08-09T08:41:33.508+0000] {logging_mixin.py:149} INFO - [2023-08-09T08:41:33.508+0000] {dag.py:3486} INFO - Setting next_dagrun for Chap3_1 to 2023-06-26T00:00:00+00:00, run_after=2023-06-27T00:00:00+00:00
[2023-08-09T08:41:33.519+0000] {processor.py:179} INFO - Processing /opt/airflow/dags/Chap3_1.py took 0.073 seconds
[2023-08-09T08:42:03.937+0000] {processor.py:157} INFO - Started process (PID=7863) to work on /opt/airflow/dags/Chap3_1.py
[2023-08-09T08:42:03.939+0000] {processor.py:826} INFO - Processing file /opt/airflow/dags/Chap3_1.py for tasks to queue
[2023-08-09T08:42:03.941+0000] {logging_mixin.py:149} INFO - [2023-08-09T08:42:03.941+0000] {dagbag.py:541} INFO - Filling up the DagBag from /opt/airflow/dags/Chap3_1.py
[2023-08-09T08:42:03.955+0000] {processor.py:836} INFO - DAG(s) dict_keys(['Chap3_1']) retrieved from /opt/airflow/dags/Chap3_1.py
[2023-08-09T08:42:03.977+0000] {logging_mixin.py:149} INFO - [2023-08-09T08:42:03.977+0000] {dag.py:2726} INFO - Sync 1 DAGs
[2023-08-09T08:42:03.996+0000] {logging_mixin.py:149} INFO - [2023-08-09T08:42:03.995+0000] {dag.py:3486} INFO - Setting next_dagrun for Chap3_1 to 2023-06-26T00:00:00+00:00, run_after=2023-06-27T00:00:00+00:00
[2023-08-09T08:42:04.008+0000] {processor.py:179} INFO - Processing /opt/airflow/dags/Chap3_1.py took 0.075 seconds
[2023-08-09T08:42:34.415+0000] {processor.py:157} INFO - Started process (PID=8002) to work on /opt/airflow/dags/Chap3_1.py
[2023-08-09T08:42:34.417+0000] {processor.py:826} INFO - Processing file /opt/airflow/dags/Chap3_1.py for tasks to queue
[2023-08-09T08:42:34.419+0000] {logging_mixin.py:149} INFO - [2023-08-09T08:42:34.419+0000] {dagbag.py:541} INFO - Filling up the DagBag from /opt/airflow/dags/Chap3_1.py
[2023-08-09T08:42:34.432+0000] {processor.py:836} INFO - DAG(s) dict_keys(['Chap3_1']) retrieved from /opt/airflow/dags/Chap3_1.py
[2023-08-09T08:42:34.468+0000] {logging_mixin.py:149} INFO - [2023-08-09T08:42:34.468+0000] {dag.py:2726} INFO - Sync 1 DAGs
[2023-08-09T08:42:34.483+0000] {logging_mixin.py:149} INFO - [2023-08-09T08:42:34.483+0000] {dag.py:3486} INFO - Setting next_dagrun for Chap3_1 to 2023-06-26T00:00:00+00:00, run_after=2023-06-27T00:00:00+00:00
[2023-08-09T08:42:34.494+0000] {processor.py:179} INFO - Processing /opt/airflow/dags/Chap3_1.py took 0.082 seconds
[2023-08-09T08:43:04.942+0000] {processor.py:157} INFO - Started process (PID=8143) to work on /opt/airflow/dags/Chap3_1.py
[2023-08-09T08:43:04.946+0000] {processor.py:826} INFO - Processing file /opt/airflow/dags/Chap3_1.py for tasks to queue
[2023-08-09T08:43:04.948+0000] {logging_mixin.py:149} INFO - [2023-08-09T08:43:04.948+0000] {dagbag.py:541} INFO - Filling up the DagBag from /opt/airflow/dags/Chap3_1.py
[2023-08-09T08:43:04.961+0000] {processor.py:836} INFO - DAG(s) dict_keys(['Chap3_1']) retrieved from /opt/airflow/dags/Chap3_1.py
[2023-08-09T08:43:04.982+0000] {logging_mixin.py:149} INFO - [2023-08-09T08:43:04.982+0000] {dag.py:2726} INFO - Sync 1 DAGs
[2023-08-09T08:43:04.996+0000] {logging_mixin.py:149} INFO - [2023-08-09T08:43:04.996+0000] {dag.py:3486} INFO - Setting next_dagrun for Chap3_1 to 2023-06-26T00:00:00+00:00, run_after=2023-06-27T00:00:00+00:00
[2023-08-09T08:43:05.008+0000] {processor.py:179} INFO - Processing /opt/airflow/dags/Chap3_1.py took 0.068 seconds
[2023-08-09T08:43:35.238+0000] {processor.py:157} INFO - Started process (PID=8280) to work on /opt/airflow/dags/Chap3_1.py
[2023-08-09T08:43:35.240+0000] {processor.py:826} INFO - Processing file /opt/airflow/dags/Chap3_1.py for tasks to queue
[2023-08-09T08:43:35.241+0000] {logging_mixin.py:149} INFO - [2023-08-09T08:43:35.241+0000] {dagbag.py:541} INFO - Filling up the DagBag from /opt/airflow/dags/Chap3_1.py
[2023-08-09T08:43:35.256+0000] {processor.py:836} INFO - DAG(s) dict_keys(['Chap3_1']) retrieved from /opt/airflow/dags/Chap3_1.py
[2023-08-09T08:43:35.277+0000] {logging_mixin.py:149} INFO - [2023-08-09T08:43:35.277+0000] {dag.py:2726} INFO - Sync 1 DAGs
[2023-08-09T08:43:35.295+0000] {logging_mixin.py:149} INFO - [2023-08-09T08:43:35.295+0000] {dag.py:3486} INFO - Setting next_dagrun for Chap3_1 to 2023-06-26T00:00:00+00:00, run_after=2023-06-27T00:00:00+00:00
[2023-08-09T08:43:35.306+0000] {processor.py:179} INFO - Processing /opt/airflow/dags/Chap3_1.py took 0.072 seconds
[2023-08-09T08:44:05.784+0000] {processor.py:157} INFO - Started process (PID=8419) to work on /opt/airflow/dags/Chap3_1.py
[2023-08-09T08:44:05.786+0000] {processor.py:826} INFO - Processing file /opt/airflow/dags/Chap3_1.py for tasks to queue
[2023-08-09T08:44:05.787+0000] {logging_mixin.py:149} INFO - [2023-08-09T08:44:05.787+0000] {dagbag.py:541} INFO - Filling up the DagBag from /opt/airflow/dags/Chap3_1.py
[2023-08-09T08:44:05.807+0000] {processor.py:836} INFO - DAG(s) dict_keys(['Chap3_1']) retrieved from /opt/airflow/dags/Chap3_1.py
[2023-08-09T08:44:05.827+0000] {logging_mixin.py:149} INFO - [2023-08-09T08:44:05.827+0000] {dag.py:2726} INFO - Sync 1 DAGs
[2023-08-09T08:44:05.844+0000] {logging_mixin.py:149} INFO - [2023-08-09T08:44:05.844+0000] {dag.py:3486} INFO - Setting next_dagrun for Chap3_1 to 2023-06-26T00:00:00+00:00, run_after=2023-06-27T00:00:00+00:00
[2023-08-09T08:44:05.854+0000] {processor.py:179} INFO - Processing /opt/airflow/dags/Chap3_1.py took 0.073 seconds
[2023-08-09T08:44:36.459+0000] {processor.py:157} INFO - Started process (PID=8558) to work on /opt/airflow/dags/Chap3_1.py
[2023-08-09T08:44:36.461+0000] {processor.py:826} INFO - Processing file /opt/airflow/dags/Chap3_1.py for tasks to queue
[2023-08-09T08:44:36.462+0000] {logging_mixin.py:149} INFO - [2023-08-09T08:44:36.462+0000] {dagbag.py:541} INFO - Filling up the DagBag from /opt/airflow/dags/Chap3_1.py
[2023-08-09T08:44:36.478+0000] {processor.py:836} INFO - DAG(s) dict_keys(['Chap3_1']) retrieved from /opt/airflow/dags/Chap3_1.py
[2023-08-09T08:44:36.500+0000] {logging_mixin.py:149} INFO - [2023-08-09T08:44:36.500+0000] {dag.py:2726} INFO - Sync 1 DAGs
[2023-08-09T08:44:36.514+0000] {logging_mixin.py:149} INFO - [2023-08-09T08:44:36.514+0000] {dag.py:3486} INFO - Setting next_dagrun for Chap3_1 to 2023-06-26T00:00:00+00:00, run_after=2023-06-27T00:00:00+00:00
[2023-08-09T08:44:36.524+0000] {processor.py:179} INFO - Processing /opt/airflow/dags/Chap3_1.py took 0.068 seconds
[2023-08-09T08:45:07.262+0000] {processor.py:157} INFO - Started process (PID=8697) to work on /opt/airflow/dags/Chap3_1.py
[2023-08-09T08:45:07.265+0000] {processor.py:826} INFO - Processing file /opt/airflow/dags/Chap3_1.py for tasks to queue
[2023-08-09T08:45:07.266+0000] {logging_mixin.py:149} INFO - [2023-08-09T08:45:07.266+0000] {dagbag.py:541} INFO - Filling up the DagBag from /opt/airflow/dags/Chap3_1.py
[2023-08-09T08:45:07.280+0000] {processor.py:836} INFO - DAG(s) dict_keys(['Chap3_1']) retrieved from /opt/airflow/dags/Chap3_1.py
[2023-08-09T08:45:07.303+0000] {logging_mixin.py:149} INFO - [2023-08-09T08:45:07.303+0000] {dag.py:2726} INFO - Sync 1 DAGs
[2023-08-09T08:45:07.320+0000] {logging_mixin.py:149} INFO - [2023-08-09T08:45:07.320+0000] {dag.py:3486} INFO - Setting next_dagrun for Chap3_1 to 2023-06-26T00:00:00+00:00, run_after=2023-06-27T00:00:00+00:00
[2023-08-09T08:45:07.332+0000] {processor.py:179} INFO - Processing /opt/airflow/dags/Chap3_1.py took 0.073 seconds
[2023-08-09T08:45:38.594+0000] {processor.py:157} INFO - Started process (PID=8836) to work on /opt/airflow/dags/Chap3_1.py
[2023-08-09T08:45:38.597+0000] {processor.py:826} INFO - Processing file /opt/airflow/dags/Chap3_1.py for tasks to queue
[2023-08-09T08:45:38.599+0000] {logging_mixin.py:149} INFO - [2023-08-09T08:45:38.598+0000] {dagbag.py:541} INFO - Filling up the DagBag from /opt/airflow/dags/Chap3_1.py
[2023-08-09T08:45:38.614+0000] {processor.py:836} INFO - DAG(s) dict_keys(['Chap3_1']) retrieved from /opt/airflow/dags/Chap3_1.py
[2023-08-09T08:45:38.638+0000] {logging_mixin.py:149} INFO - [2023-08-09T08:45:38.638+0000] {dag.py:2726} INFO - Sync 1 DAGs
[2023-08-09T08:45:38.654+0000] {logging_mixin.py:149} INFO - [2023-08-09T08:45:38.654+0000] {dag.py:3486} INFO - Setting next_dagrun for Chap3_1 to 2023-06-26T00:00:00+00:00, run_after=2023-06-27T00:00:00+00:00
[2023-08-09T08:45:38.668+0000] {processor.py:179} INFO - Processing /opt/airflow/dags/Chap3_1.py took 0.078 seconds
[2023-08-09T08:46:08.800+0000] {processor.py:157} INFO - Started process (PID=8975) to work on /opt/airflow/dags/Chap3_1.py
[2023-08-09T08:46:08.803+0000] {processor.py:826} INFO - Processing file /opt/airflow/dags/Chap3_1.py for tasks to queue
[2023-08-09T08:46:08.804+0000] {logging_mixin.py:149} INFO - [2023-08-09T08:46:08.804+0000] {dagbag.py:541} INFO - Filling up the DagBag from /opt/airflow/dags/Chap3_1.py
[2023-08-09T08:46:08.819+0000] {processor.py:836} INFO - DAG(s) dict_keys(['Chap3_1']) retrieved from /opt/airflow/dags/Chap3_1.py
[2023-08-09T08:46:08.843+0000] {logging_mixin.py:149} INFO - [2023-08-09T08:46:08.843+0000] {dag.py:2726} INFO - Sync 1 DAGs
[2023-08-09T08:46:08.863+0000] {logging_mixin.py:149} INFO - [2023-08-09T08:46:08.863+0000] {dag.py:3486} INFO - Setting next_dagrun for Chap3_1 to 2023-06-26T00:00:00+00:00, run_after=2023-06-27T00:00:00+00:00
[2023-08-09T08:46:08.880+0000] {processor.py:179} INFO - Processing /opt/airflow/dags/Chap3_1.py took 0.083 seconds
[2023-08-09T08:46:39.730+0000] {processor.py:157} INFO - Started process (PID=9115) to work on /opt/airflow/dags/Chap3_1.py
[2023-08-09T08:46:39.732+0000] {processor.py:826} INFO - Processing file /opt/airflow/dags/Chap3_1.py for tasks to queue
[2023-08-09T08:46:39.734+0000] {logging_mixin.py:149} INFO - [2023-08-09T08:46:39.733+0000] {dagbag.py:541} INFO - Filling up the DagBag from /opt/airflow/dags/Chap3_1.py
[2023-08-09T08:46:39.752+0000] {processor.py:836} INFO - DAG(s) dict_keys(['Chap3_1']) retrieved from /opt/airflow/dags/Chap3_1.py
[2023-08-09T08:46:39.780+0000] {logging_mixin.py:149} INFO - [2023-08-09T08:46:39.780+0000] {dag.py:2726} INFO - Sync 1 DAGs
[2023-08-09T08:46:39.802+0000] {logging_mixin.py:149} INFO - [2023-08-09T08:46:39.802+0000] {dag.py:3486} INFO - Setting next_dagrun for Chap3_1 to 2023-06-26T00:00:00+00:00, run_after=2023-06-27T00:00:00+00:00
[2023-08-09T08:46:39.829+0000] {processor.py:179} INFO - Processing /opt/airflow/dags/Chap3_1.py took 0.101 seconds
[2023-08-09T08:47:10.799+0000] {processor.py:157} INFO - Started process (PID=9254) to work on /opt/airflow/dags/Chap3_1.py
[2023-08-09T08:47:10.801+0000] {processor.py:826} INFO - Processing file /opt/airflow/dags/Chap3_1.py for tasks to queue
[2023-08-09T08:47:10.803+0000] {logging_mixin.py:149} INFO - [2023-08-09T08:47:10.802+0000] {dagbag.py:541} INFO - Filling up the DagBag from /opt/airflow/dags/Chap3_1.py
[2023-08-09T08:47:10.815+0000] {processor.py:836} INFO - DAG(s) dict_keys(['Chap3_1']) retrieved from /opt/airflow/dags/Chap3_1.py
[2023-08-09T08:47:10.848+0000] {logging_mixin.py:149} INFO - [2023-08-09T08:47:10.848+0000] {dag.py:2726} INFO - Sync 1 DAGs
[2023-08-09T08:47:10.864+0000] {logging_mixin.py:149} INFO - [2023-08-09T08:47:10.864+0000] {dag.py:3486} INFO - Setting next_dagrun for Chap3_1 to 2023-06-26T00:00:00+00:00, run_after=2023-06-27T00:00:00+00:00
[2023-08-09T08:47:10.875+0000] {processor.py:179} INFO - Processing /opt/airflow/dags/Chap3_1.py took 0.079 seconds
[2023-08-09T08:47:41.728+0000] {processor.py:157} INFO - Started process (PID=9394) to work on /opt/airflow/dags/Chap3_1.py
[2023-08-09T08:47:41.730+0000] {processor.py:826} INFO - Processing file /opt/airflow/dags/Chap3_1.py for tasks to queue
[2023-08-09T08:47:41.732+0000] {logging_mixin.py:149} INFO - [2023-08-09T08:47:41.731+0000] {dagbag.py:541} INFO - Filling up the DagBag from /opt/airflow/dags/Chap3_1.py
[2023-08-09T08:47:41.746+0000] {processor.py:836} INFO - DAG(s) dict_keys(['Chap3_1']) retrieved from /opt/airflow/dags/Chap3_1.py
[2023-08-09T08:47:41.771+0000] {logging_mixin.py:149} INFO - [2023-08-09T08:47:41.771+0000] {dag.py:2726} INFO - Sync 1 DAGs
[2023-08-09T08:47:41.786+0000] {logging_mixin.py:149} INFO - [2023-08-09T08:47:41.786+0000] {dag.py:3486} INFO - Setting next_dagrun for Chap3_1 to 2023-06-26T00:00:00+00:00, run_after=2023-06-27T00:00:00+00:00
[2023-08-09T08:47:41.798+0000] {processor.py:179} INFO - Processing /opt/airflow/dags/Chap3_1.py took 0.073 seconds
[2023-08-09T08:48:12.708+0000] {processor.py:157} INFO - Started process (PID=9533) to work on /opt/airflow/dags/Chap3_1.py
[2023-08-09T08:48:12.712+0000] {processor.py:826} INFO - Processing file /opt/airflow/dags/Chap3_1.py for tasks to queue
[2023-08-09T08:48:12.714+0000] {logging_mixin.py:149} INFO - [2023-08-09T08:48:12.714+0000] {dagbag.py:541} INFO - Filling up the DagBag from /opt/airflow/dags/Chap3_1.py
[2023-08-09T08:48:12.732+0000] {processor.py:836} INFO - DAG(s) dict_keys(['Chap3_1']) retrieved from /opt/airflow/dags/Chap3_1.py
[2023-08-09T08:48:12.759+0000] {logging_mixin.py:149} INFO - [2023-08-09T08:48:12.758+0000] {dag.py:2726} INFO - Sync 1 DAGs
[2023-08-09T08:48:12.778+0000] {logging_mixin.py:149} INFO - [2023-08-09T08:48:12.778+0000] {dag.py:3486} INFO - Setting next_dagrun for Chap3_1 to 2023-06-26T00:00:00+00:00, run_after=2023-06-27T00:00:00+00:00
[2023-08-09T08:48:12.793+0000] {processor.py:179} INFO - Processing /opt/airflow/dags/Chap3_1.py took 0.090 seconds
[2023-08-09T08:48:43.668+0000] {processor.py:157} INFO - Started process (PID=9671) to work on /opt/airflow/dags/Chap3_1.py
[2023-08-09T08:48:43.685+0000] {processor.py:826} INFO - Processing file /opt/airflow/dags/Chap3_1.py for tasks to queue
[2023-08-09T08:48:43.687+0000] {logging_mixin.py:149} INFO - [2023-08-09T08:48:43.686+0000] {dagbag.py:541} INFO - Filling up the DagBag from /opt/airflow/dags/Chap3_1.py
[2023-08-09T08:48:43.700+0000] {processor.py:836} INFO - DAG(s) dict_keys(['Chap3_1']) retrieved from /opt/airflow/dags/Chap3_1.py
[2023-08-09T08:48:43.722+0000] {logging_mixin.py:149} INFO - [2023-08-09T08:48:43.722+0000] {dag.py:2726} INFO - Sync 1 DAGs
[2023-08-09T08:48:43.740+0000] {logging_mixin.py:149} INFO - [2023-08-09T08:48:43.739+0000] {dag.py:3486} INFO - Setting next_dagrun for Chap3_1 to 2023-06-26T00:00:00+00:00, run_after=2023-06-27T00:00:00+00:00
[2023-08-09T08:48:43.752+0000] {processor.py:179} INFO - Processing /opt/airflow/dags/Chap3_1.py took 0.086 seconds
[2023-08-09T08:49:14.508+0000] {processor.py:157} INFO - Started process (PID=9810) to work on /opt/airflow/dags/Chap3_1.py
[2023-08-09T08:49:14.510+0000] {processor.py:826} INFO - Processing file /opt/airflow/dags/Chap3_1.py for tasks to queue
[2023-08-09T08:49:14.511+0000] {logging_mixin.py:149} INFO - [2023-08-09T08:49:14.511+0000] {dagbag.py:541} INFO - Filling up the DagBag from /opt/airflow/dags/Chap3_1.py
[2023-08-09T08:49:14.533+0000] {processor.py:836} INFO - DAG(s) dict_keys(['Chap3_1']) retrieved from /opt/airflow/dags/Chap3_1.py
[2023-08-09T08:49:14.560+0000] {logging_mixin.py:149} INFO - [2023-08-09T08:49:14.560+0000] {dag.py:2726} INFO - Sync 1 DAGs
[2023-08-09T08:49:14.578+0000] {logging_mixin.py:149} INFO - [2023-08-09T08:49:14.578+0000] {dag.py:3486} INFO - Setting next_dagrun for Chap3_1 to 2023-06-26T00:00:00+00:00, run_after=2023-06-27T00:00:00+00:00
[2023-08-09T08:49:14.593+0000] {processor.py:179} INFO - Processing /opt/airflow/dags/Chap3_1.py took 0.088 seconds
[2023-08-09T08:49:45.260+0000] {processor.py:157} INFO - Started process (PID=9949) to work on /opt/airflow/dags/Chap3_1.py
[2023-08-09T08:49:45.262+0000] {processor.py:826} INFO - Processing file /opt/airflow/dags/Chap3_1.py for tasks to queue
[2023-08-09T08:49:45.264+0000] {logging_mixin.py:149} INFO - [2023-08-09T08:49:45.264+0000] {dagbag.py:541} INFO - Filling up the DagBag from /opt/airflow/dags/Chap3_1.py
[2023-08-09T08:49:45.278+0000] {processor.py:836} INFO - DAG(s) dict_keys(['Chap3_1']) retrieved from /opt/airflow/dags/Chap3_1.py
[2023-08-09T08:49:45.300+0000] {logging_mixin.py:149} INFO - [2023-08-09T08:49:45.300+0000] {dag.py:2726} INFO - Sync 1 DAGs
[2023-08-09T08:49:45.323+0000] {logging_mixin.py:149} INFO - [2023-08-09T08:49:45.322+0000] {dag.py:3486} INFO - Setting next_dagrun for Chap3_1 to 2023-06-26T00:00:00+00:00, run_after=2023-06-27T00:00:00+00:00
[2023-08-09T08:49:45.334+0000] {processor.py:179} INFO - Processing /opt/airflow/dags/Chap3_1.py took 0.077 seconds
[2023-08-09T08:50:15.791+0000] {processor.py:157} INFO - Started process (PID=10090) to work on /opt/airflow/dags/Chap3_1.py
[2023-08-09T08:50:15.793+0000] {processor.py:826} INFO - Processing file /opt/airflow/dags/Chap3_1.py for tasks to queue
[2023-08-09T08:50:15.794+0000] {logging_mixin.py:149} INFO - [2023-08-09T08:50:15.794+0000] {dagbag.py:541} INFO - Filling up the DagBag from /opt/airflow/dags/Chap3_1.py
[2023-08-09T08:50:15.811+0000] {processor.py:836} INFO - DAG(s) dict_keys(['Chap3_1']) retrieved from /opt/airflow/dags/Chap3_1.py
[2023-08-09T08:50:15.832+0000] {logging_mixin.py:149} INFO - [2023-08-09T08:50:15.832+0000] {dag.py:2726} INFO - Sync 1 DAGs
[2023-08-09T08:50:15.847+0000] {logging_mixin.py:149} INFO - [2023-08-09T08:50:15.847+0000] {dag.py:3486} INFO - Setting next_dagrun for Chap3_1 to 2023-06-26T00:00:00+00:00, run_after=2023-06-27T00:00:00+00:00
[2023-08-09T08:50:15.859+0000] {processor.py:179} INFO - Processing /opt/airflow/dags/Chap3_1.py took 0.071 seconds
[2023-08-09T08:50:47.001+0000] {processor.py:157} INFO - Started process (PID=10227) to work on /opt/airflow/dags/Chap3_1.py
[2023-08-09T08:50:47.003+0000] {processor.py:826} INFO - Processing file /opt/airflow/dags/Chap3_1.py for tasks to queue
[2023-08-09T08:50:47.005+0000] {logging_mixin.py:149} INFO - [2023-08-09T08:50:47.005+0000] {dagbag.py:541} INFO - Filling up the DagBag from /opt/airflow/dags/Chap3_1.py
[2023-08-09T08:50:47.025+0000] {processor.py:836} INFO - DAG(s) dict_keys(['Chap3_1']) retrieved from /opt/airflow/dags/Chap3_1.py
[2023-08-09T08:50:47.047+0000] {logging_mixin.py:149} INFO - [2023-08-09T08:50:47.046+0000] {dag.py:2726} INFO - Sync 1 DAGs
[2023-08-09T08:50:47.061+0000] {logging_mixin.py:149} INFO - [2023-08-09T08:50:47.061+0000] {dag.py:3486} INFO - Setting next_dagrun for Chap3_1 to 2023-06-26T00:00:00+00:00, run_after=2023-06-27T00:00:00+00:00
[2023-08-09T08:50:47.072+0000] {processor.py:179} INFO - Processing /opt/airflow/dags/Chap3_1.py took 0.074 seconds
[2023-08-09T08:51:17.554+0000] {processor.py:157} INFO - Started process (PID=10366) to work on /opt/airflow/dags/Chap3_1.py
[2023-08-09T08:51:17.556+0000] {processor.py:826} INFO - Processing file /opt/airflow/dags/Chap3_1.py for tasks to queue
[2023-08-09T08:51:17.557+0000] {logging_mixin.py:149} INFO - [2023-08-09T08:51:17.557+0000] {dagbag.py:541} INFO - Filling up the DagBag from /opt/airflow/dags/Chap3_1.py
[2023-08-09T08:51:17.571+0000] {processor.py:836} INFO - DAG(s) dict_keys(['Chap3_1']) retrieved from /opt/airflow/dags/Chap3_1.py
[2023-08-09T08:51:17.592+0000] {logging_mixin.py:149} INFO - [2023-08-09T08:51:17.592+0000] {dag.py:2726} INFO - Sync 1 DAGs
[2023-08-09T08:51:17.607+0000] {logging_mixin.py:149} INFO - [2023-08-09T08:51:17.607+0000] {dag.py:3486} INFO - Setting next_dagrun for Chap3_1 to 2023-06-26T00:00:00+00:00, run_after=2023-06-27T00:00:00+00:00
[2023-08-09T08:51:17.619+0000] {processor.py:179} INFO - Processing /opt/airflow/dags/Chap3_1.py took 0.069 seconds
[2023-08-09T08:51:48.046+0000] {processor.py:157} INFO - Started process (PID=10505) to work on /opt/airflow/dags/Chap3_1.py
[2023-08-09T08:51:48.048+0000] {processor.py:826} INFO - Processing file /opt/airflow/dags/Chap3_1.py for tasks to queue
[2023-08-09T08:51:48.050+0000] {logging_mixin.py:149} INFO - [2023-08-09T08:51:48.050+0000] {dagbag.py:541} INFO - Filling up the DagBag from /opt/airflow/dags/Chap3_1.py
[2023-08-09T08:51:48.063+0000] {processor.py:836} INFO - DAG(s) dict_keys(['Chap3_1']) retrieved from /opt/airflow/dags/Chap3_1.py
[2023-08-09T08:51:48.084+0000] {logging_mixin.py:149} INFO - [2023-08-09T08:51:48.084+0000] {dag.py:2726} INFO - Sync 1 DAGs
[2023-08-09T08:51:48.103+0000] {logging_mixin.py:149} INFO - [2023-08-09T08:51:48.103+0000] {dag.py:3486} INFO - Setting next_dagrun for Chap3_1 to 2023-06-26T00:00:00+00:00, run_after=2023-06-27T00:00:00+00:00
[2023-08-09T08:51:48.116+0000] {processor.py:179} INFO - Processing /opt/airflow/dags/Chap3_1.py took 0.073 seconds
