[2023-08-09T08:37:27.243+0000] {processor.py:157} INFO - Started process (PID=6601) to work on /opt/airflow/dags/Chap6_21.py
[2023-08-09T08:37:27.246+0000] {processor.py:826} INFO - Processing file /opt/airflow/dags/Chap6_21.py for tasks to queue
[2023-08-09T08:37:27.248+0000] {logging_mixin.py:149} INFO - [2023-08-09T08:37:27.248+0000] {dagbag.py:541} INFO - Filling up the DagBag from /opt/airflow/dags/Chap6_21.py
[2023-08-09T08:37:27.267+0000] {processor.py:836} INFO - DAG(s) dict_keys(['Chap6_21_dag2', 'Chap6_21_dag1']) retrieved from /opt/airflow/dags/Chap6_21.py
[2023-08-09T08:37:27.299+0000] {logging_mixin.py:149} INFO - [2023-08-09T08:37:27.299+0000] {dag.py:2726} INFO - Sync 2 DAGs
[2023-08-09T08:37:27.338+0000] {logging_mixin.py:149} INFO - [2023-08-09T08:37:27.338+0000] {dag.py:3486} INFO - Setting next_dagrun for Chap6_21_dag1 to 2023-08-06T16:00:00+00:00, run_after=2023-08-07T16:00:00+00:00
[2023-08-09T08:37:27.342+0000] {logging_mixin.py:149} INFO - [2023-08-09T08:37:27.342+0000] {dag.py:3486} INFO - Setting next_dagrun for Chap6_21_dag2 to 2023-08-06T16:00:00+00:00, run_after=2023-08-07T16:00:00+00:00
[2023-08-09T08:37:27.357+0000] {processor.py:179} INFO - Processing /opt/airflow/dags/Chap6_21.py took 0.117 seconds
[2023-08-09T08:37:58.190+0000] {processor.py:157} INFO - Started process (PID=6740) to work on /opt/airflow/dags/Chap6_21.py
[2023-08-09T08:37:58.198+0000] {processor.py:826} INFO - Processing file /opt/airflow/dags/Chap6_21.py for tasks to queue
[2023-08-09T08:37:58.200+0000] {logging_mixin.py:149} INFO - [2023-08-09T08:37:58.200+0000] {dagbag.py:541} INFO - Filling up the DagBag from /opt/airflow/dags/Chap6_21.py
[2023-08-09T08:37:58.220+0000] {processor.py:836} INFO - DAG(s) dict_keys(['Chap6_21_dag1', 'Chap6_21_dag2']) retrieved from /opt/airflow/dags/Chap6_21.py
[2023-08-09T08:37:58.252+0000] {logging_mixin.py:149} INFO - [2023-08-09T08:37:58.251+0000] {dag.py:2726} INFO - Sync 2 DAGs
[2023-08-09T08:37:58.271+0000] {logging_mixin.py:149} INFO - [2023-08-09T08:37:58.271+0000] {dag.py:3486} INFO - Setting next_dagrun for Chap6_21_dag1 to 2023-08-06T16:00:00+00:00, run_after=2023-08-07T16:00:00+00:00
[2023-08-09T08:37:58.276+0000] {logging_mixin.py:149} INFO - [2023-08-09T08:37:58.276+0000] {dag.py:3486} INFO - Setting next_dagrun for Chap6_21_dag2 to 2023-08-06T16:00:00+00:00, run_after=2023-08-07T16:00:00+00:00
[2023-08-09T08:37:58.292+0000] {processor.py:179} INFO - Processing /opt/airflow/dags/Chap6_21.py took 0.106 seconds
[2023-08-09T08:38:28.967+0000] {processor.py:157} INFO - Started process (PID=6880) to work on /opt/airflow/dags/Chap6_21.py
[2023-08-09T08:38:28.970+0000] {processor.py:826} INFO - Processing file /opt/airflow/dags/Chap6_21.py for tasks to queue
[2023-08-09T08:38:28.976+0000] {logging_mixin.py:149} INFO - [2023-08-09T08:38:28.976+0000] {dagbag.py:541} INFO - Filling up the DagBag from /opt/airflow/dags/Chap6_21.py
[2023-08-09T08:38:28.993+0000] {processor.py:836} INFO - DAG(s) dict_keys(['Chap6_21_dag1', 'Chap6_21_dag2']) retrieved from /opt/airflow/dags/Chap6_21.py
[2023-08-09T08:38:29.026+0000] {logging_mixin.py:149} INFO - [2023-08-09T08:38:29.026+0000] {dag.py:2726} INFO - Sync 2 DAGs
[2023-08-09T08:38:29.053+0000] {logging_mixin.py:149} INFO - [2023-08-09T08:38:29.052+0000] {dag.py:3486} INFO - Setting next_dagrun for Chap6_21_dag1 to 2023-08-06T16:00:00+00:00, run_after=2023-08-07T16:00:00+00:00
[2023-08-09T08:38:29.057+0000] {logging_mixin.py:149} INFO - [2023-08-09T08:38:29.057+0000] {dag.py:3486} INFO - Setting next_dagrun for Chap6_21_dag2 to 2023-08-06T16:00:00+00:00, run_after=2023-08-07T16:00:00+00:00
[2023-08-09T08:38:29.073+0000] {processor.py:179} INFO - Processing /opt/airflow/dags/Chap6_21.py took 0.109 seconds
[2023-08-09T08:38:59.832+0000] {processor.py:157} INFO - Started process (PID=7019) to work on /opt/airflow/dags/Chap6_21.py
[2023-08-09T08:38:59.834+0000] {processor.py:826} INFO - Processing file /opt/airflow/dags/Chap6_21.py for tasks to queue
[2023-08-09T08:38:59.837+0000] {logging_mixin.py:149} INFO - [2023-08-09T08:38:59.836+0000] {dagbag.py:541} INFO - Filling up the DagBag from /opt/airflow/dags/Chap6_21.py
[2023-08-09T08:38:59.862+0000] {processor.py:836} INFO - DAG(s) dict_keys(['Chap6_21_dag2', 'Chap6_21_dag1']) retrieved from /opt/airflow/dags/Chap6_21.py
[2023-08-09T08:38:59.903+0000] {logging_mixin.py:149} INFO - [2023-08-09T08:38:59.903+0000] {dag.py:2726} INFO - Sync 2 DAGs
[2023-08-09T08:38:59.933+0000] {logging_mixin.py:149} INFO - [2023-08-09T08:38:59.933+0000] {dag.py:3486} INFO - Setting next_dagrun for Chap6_21_dag1 to 2023-08-06T16:00:00+00:00, run_after=2023-08-07T16:00:00+00:00
[2023-08-09T08:38:59.944+0000] {logging_mixin.py:149} INFO - [2023-08-09T08:38:59.944+0000] {dag.py:3486} INFO - Setting next_dagrun for Chap6_21_dag2 to 2023-08-06T16:00:00+00:00, run_after=2023-08-07T16:00:00+00:00
[2023-08-09T08:38:59.965+0000] {processor.py:179} INFO - Processing /opt/airflow/dags/Chap6_21.py took 0.137 seconds
[2023-08-09T08:39:30.720+0000] {processor.py:157} INFO - Started process (PID=7158) to work on /opt/airflow/dags/Chap6_21.py
[2023-08-09T08:39:30.723+0000] {processor.py:826} INFO - Processing file /opt/airflow/dags/Chap6_21.py for tasks to queue
[2023-08-09T08:39:30.724+0000] {logging_mixin.py:149} INFO - [2023-08-09T08:39:30.723+0000] {dagbag.py:541} INFO - Filling up the DagBag from /opt/airflow/dags/Chap6_21.py
[2023-08-09T08:39:30.739+0000] {processor.py:836} INFO - DAG(s) dict_keys(['Chap6_21_dag2', 'Chap6_21_dag1']) retrieved from /opt/airflow/dags/Chap6_21.py
[2023-08-09T08:39:30.771+0000] {logging_mixin.py:149} INFO - [2023-08-09T08:39:30.771+0000] {dag.py:2726} INFO - Sync 2 DAGs
[2023-08-09T08:39:30.788+0000] {logging_mixin.py:149} INFO - [2023-08-09T08:39:30.788+0000] {dag.py:3486} INFO - Setting next_dagrun for Chap6_21_dag1 to 2023-08-06T16:00:00+00:00, run_after=2023-08-07T16:00:00+00:00
[2023-08-09T08:39:30.792+0000] {logging_mixin.py:149} INFO - [2023-08-09T08:39:30.792+0000] {dag.py:3486} INFO - Setting next_dagrun for Chap6_21_dag2 to 2023-08-06T16:00:00+00:00, run_after=2023-08-07T16:00:00+00:00
[2023-08-09T08:39:30.810+0000] {processor.py:179} INFO - Processing /opt/airflow/dags/Chap6_21.py took 0.093 seconds
[2023-08-09T08:40:01.456+0000] {processor.py:157} INFO - Started process (PID=7297) to work on /opt/airflow/dags/Chap6_21.py
[2023-08-09T08:40:01.459+0000] {processor.py:826} INFO - Processing file /opt/airflow/dags/Chap6_21.py for tasks to queue
[2023-08-09T08:40:01.460+0000] {logging_mixin.py:149} INFO - [2023-08-09T08:40:01.460+0000] {dagbag.py:541} INFO - Filling up the DagBag from /opt/airflow/dags/Chap6_21.py
[2023-08-09T08:40:01.479+0000] {processor.py:836} INFO - DAG(s) dict_keys(['Chap6_21_dag1', 'Chap6_21_dag2']) retrieved from /opt/airflow/dags/Chap6_21.py
[2023-08-09T08:40:01.508+0000] {logging_mixin.py:149} INFO - [2023-08-09T08:40:01.507+0000] {dag.py:2726} INFO - Sync 2 DAGs
[2023-08-09T08:40:01.536+0000] {logging_mixin.py:149} INFO - [2023-08-09T08:40:01.536+0000] {dag.py:3486} INFO - Setting next_dagrun for Chap6_21_dag1 to 2023-08-06T16:00:00+00:00, run_after=2023-08-07T16:00:00+00:00
[2023-08-09T08:40:01.547+0000] {logging_mixin.py:149} INFO - [2023-08-09T08:40:01.547+0000] {dag.py:3486} INFO - Setting next_dagrun for Chap6_21_dag2 to 2023-08-06T16:00:00+00:00, run_after=2023-08-07T16:00:00+00:00
[2023-08-09T08:40:01.561+0000] {processor.py:179} INFO - Processing /opt/airflow/dags/Chap6_21.py took 0.108 seconds
[2023-08-09T08:40:31.991+0000] {processor.py:157} INFO - Started process (PID=7436) to work on /opt/airflow/dags/Chap6_21.py
[2023-08-09T08:40:31.999+0000] {processor.py:826} INFO - Processing file /opt/airflow/dags/Chap6_21.py for tasks to queue
[2023-08-09T08:40:32.001+0000] {logging_mixin.py:149} INFO - [2023-08-09T08:40:32.001+0000] {dagbag.py:541} INFO - Filling up the DagBag from /opt/airflow/dags/Chap6_21.py
[2023-08-09T08:40:32.015+0000] {processor.py:836} INFO - DAG(s) dict_keys(['Chap6_21_dag2', 'Chap6_21_dag1']) retrieved from /opt/airflow/dags/Chap6_21.py
[2023-08-09T08:40:32.040+0000] {logging_mixin.py:149} INFO - [2023-08-09T08:40:32.040+0000] {dag.py:2726} INFO - Sync 2 DAGs
[2023-08-09T08:40:32.057+0000] {logging_mixin.py:149} INFO - [2023-08-09T08:40:32.057+0000] {dag.py:3486} INFO - Setting next_dagrun for Chap6_21_dag1 to 2023-08-06T16:00:00+00:00, run_after=2023-08-07T16:00:00+00:00
[2023-08-09T08:40:32.060+0000] {logging_mixin.py:149} INFO - [2023-08-09T08:40:32.060+0000] {dag.py:3486} INFO - Setting next_dagrun for Chap6_21_dag2 to 2023-08-06T16:00:00+00:00, run_after=2023-08-07T16:00:00+00:00
[2023-08-09T08:40:32.072+0000] {processor.py:179} INFO - Processing /opt/airflow/dags/Chap6_21.py took 0.085 seconds
[2023-08-09T08:41:02.622+0000] {processor.py:157} INFO - Started process (PID=7575) to work on /opt/airflow/dags/Chap6_21.py
[2023-08-09T08:41:02.624+0000] {processor.py:826} INFO - Processing file /opt/airflow/dags/Chap6_21.py for tasks to queue
[2023-08-09T08:41:02.626+0000] {logging_mixin.py:149} INFO - [2023-08-09T08:41:02.626+0000] {dagbag.py:541} INFO - Filling up the DagBag from /opt/airflow/dags/Chap6_21.py
[2023-08-09T08:41:02.645+0000] {processor.py:836} INFO - DAG(s) dict_keys(['Chap6_21_dag1', 'Chap6_21_dag2']) retrieved from /opt/airflow/dags/Chap6_21.py
[2023-08-09T08:41:02.672+0000] {logging_mixin.py:149} INFO - [2023-08-09T08:41:02.671+0000] {dag.py:2726} INFO - Sync 2 DAGs
[2023-08-09T08:41:02.688+0000] {logging_mixin.py:149} INFO - [2023-08-09T08:41:02.688+0000] {dag.py:3486} INFO - Setting next_dagrun for Chap6_21_dag1 to 2023-08-06T16:00:00+00:00, run_after=2023-08-07T16:00:00+00:00
[2023-08-09T08:41:02.691+0000] {logging_mixin.py:149} INFO - [2023-08-09T08:41:02.691+0000] {dag.py:3486} INFO - Setting next_dagrun for Chap6_21_dag2 to 2023-08-06T16:00:00+00:00, run_after=2023-08-07T16:00:00+00:00
[2023-08-09T08:41:02.703+0000] {processor.py:179} INFO - Processing /opt/airflow/dags/Chap6_21.py took 0.088 seconds
[2023-08-09T08:41:33.223+0000] {processor.py:157} INFO - Started process (PID=7714) to work on /opt/airflow/dags/Chap6_21.py
[2023-08-09T08:41:33.225+0000] {processor.py:826} INFO - Processing file /opt/airflow/dags/Chap6_21.py for tasks to queue
[2023-08-09T08:41:33.226+0000] {logging_mixin.py:149} INFO - [2023-08-09T08:41:33.226+0000] {dagbag.py:541} INFO - Filling up the DagBag from /opt/airflow/dags/Chap6_21.py
[2023-08-09T08:41:33.242+0000] {processor.py:836} INFO - DAG(s) dict_keys(['Chap6_21_dag2', 'Chap6_21_dag1']) retrieved from /opt/airflow/dags/Chap6_21.py
[2023-08-09T08:41:33.269+0000] {logging_mixin.py:149} INFO - [2023-08-09T08:41:33.269+0000] {dag.py:2726} INFO - Sync 2 DAGs
[2023-08-09T08:41:33.286+0000] {logging_mixin.py:149} INFO - [2023-08-09T08:41:33.286+0000] {dag.py:3486} INFO - Setting next_dagrun for Chap6_21_dag1 to 2023-08-06T16:00:00+00:00, run_after=2023-08-07T16:00:00+00:00
[2023-08-09T08:41:33.290+0000] {logging_mixin.py:149} INFO - [2023-08-09T08:41:33.290+0000] {dag.py:3486} INFO - Setting next_dagrun for Chap6_21_dag2 to 2023-08-06T16:00:00+00:00, run_after=2023-08-07T16:00:00+00:00
[2023-08-09T08:41:33.301+0000] {processor.py:179} INFO - Processing /opt/airflow/dags/Chap6_21.py took 0.083 seconds
[2023-08-09T08:42:03.806+0000] {processor.py:157} INFO - Started process (PID=7853) to work on /opt/airflow/dags/Chap6_21.py
[2023-08-09T08:42:03.809+0000] {processor.py:826} INFO - Processing file /opt/airflow/dags/Chap6_21.py for tasks to queue
[2023-08-09T08:42:03.810+0000] {logging_mixin.py:149} INFO - [2023-08-09T08:42:03.810+0000] {dagbag.py:541} INFO - Filling up the DagBag from /opt/airflow/dags/Chap6_21.py
[2023-08-09T08:42:03.826+0000] {processor.py:836} INFO - DAG(s) dict_keys(['Chap6_21_dag2', 'Chap6_21_dag1']) retrieved from /opt/airflow/dags/Chap6_21.py
[2023-08-09T08:42:03.857+0000] {logging_mixin.py:149} INFO - [2023-08-09T08:42:03.856+0000] {dag.py:2726} INFO - Sync 2 DAGs
[2023-08-09T08:42:03.873+0000] {logging_mixin.py:149} INFO - [2023-08-09T08:42:03.873+0000] {dag.py:3486} INFO - Setting next_dagrun for Chap6_21_dag1 to 2023-08-06T16:00:00+00:00, run_after=2023-08-07T16:00:00+00:00
[2023-08-09T08:42:03.879+0000] {logging_mixin.py:149} INFO - [2023-08-09T08:42:03.879+0000] {dag.py:3486} INFO - Setting next_dagrun for Chap6_21_dag2 to 2023-08-06T16:00:00+00:00, run_after=2023-08-07T16:00:00+00:00
[2023-08-09T08:42:03.894+0000] {processor.py:179} INFO - Processing /opt/airflow/dags/Chap6_21.py took 0.091 seconds
[2023-08-09T08:42:34.269+0000] {processor.py:157} INFO - Started process (PID=7992) to work on /opt/airflow/dags/Chap6_21.py
[2023-08-09T08:42:34.271+0000] {processor.py:826} INFO - Processing file /opt/airflow/dags/Chap6_21.py for tasks to queue
[2023-08-09T08:42:34.273+0000] {logging_mixin.py:149} INFO - [2023-08-09T08:42:34.273+0000] {dagbag.py:541} INFO - Filling up the DagBag from /opt/airflow/dags/Chap6_21.py
[2023-08-09T08:42:34.297+0000] {processor.py:836} INFO - DAG(s) dict_keys(['Chap6_21_dag2', 'Chap6_21_dag1']) retrieved from /opt/airflow/dags/Chap6_21.py
[2023-08-09T08:42:34.328+0000] {logging_mixin.py:149} INFO - [2023-08-09T08:42:34.328+0000] {dag.py:2726} INFO - Sync 2 DAGs
[2023-08-09T08:42:34.356+0000] {logging_mixin.py:149} INFO - [2023-08-09T08:42:34.356+0000] {dag.py:3486} INFO - Setting next_dagrun for Chap6_21_dag1 to 2023-08-06T16:00:00+00:00, run_after=2023-08-07T16:00:00+00:00
[2023-08-09T08:42:34.360+0000] {logging_mixin.py:149} INFO - [2023-08-09T08:42:34.360+0000] {dag.py:3486} INFO - Setting next_dagrun for Chap6_21_dag2 to 2023-08-06T16:00:00+00:00, run_after=2023-08-07T16:00:00+00:00
[2023-08-09T08:42:34.374+0000] {processor.py:179} INFO - Processing /opt/airflow/dags/Chap6_21.py took 0.108 seconds
[2023-08-09T08:43:04.717+0000] {processor.py:157} INFO - Started process (PID=8131) to work on /opt/airflow/dags/Chap6_21.py
[2023-08-09T08:43:04.719+0000] {processor.py:826} INFO - Processing file /opt/airflow/dags/Chap6_21.py for tasks to queue
[2023-08-09T08:43:04.720+0000] {logging_mixin.py:149} INFO - [2023-08-09T08:43:04.720+0000] {dagbag.py:541} INFO - Filling up the DagBag from /opt/airflow/dags/Chap6_21.py
[2023-08-09T08:43:04.735+0000] {processor.py:836} INFO - DAG(s) dict_keys(['Chap6_21_dag2', 'Chap6_21_dag1']) retrieved from /opt/airflow/dags/Chap6_21.py
[2023-08-09T08:43:04.760+0000] {logging_mixin.py:149} INFO - [2023-08-09T08:43:04.760+0000] {dag.py:2726} INFO - Sync 2 DAGs
[2023-08-09T08:43:04.777+0000] {logging_mixin.py:149} INFO - [2023-08-09T08:43:04.777+0000] {dag.py:3486} INFO - Setting next_dagrun for Chap6_21_dag1 to 2023-08-06T16:00:00+00:00, run_after=2023-08-07T16:00:00+00:00
[2023-08-09T08:43:04.780+0000] {logging_mixin.py:149} INFO - [2023-08-09T08:43:04.780+0000] {dag.py:3486} INFO - Setting next_dagrun for Chap6_21_dag2 to 2023-08-06T16:00:00+00:00, run_after=2023-08-07T16:00:00+00:00
[2023-08-09T08:43:04.792+0000] {processor.py:179} INFO - Processing /opt/airflow/dags/Chap6_21.py took 0.078 seconds
[2023-08-09T08:43:35.102+0000] {processor.py:157} INFO - Started process (PID=8270) to work on /opt/airflow/dags/Chap6_21.py
[2023-08-09T08:43:35.105+0000] {processor.py:826} INFO - Processing file /opt/airflow/dags/Chap6_21.py for tasks to queue
[2023-08-09T08:43:35.106+0000] {logging_mixin.py:149} INFO - [2023-08-09T08:43:35.106+0000] {dagbag.py:541} INFO - Filling up the DagBag from /opt/airflow/dags/Chap6_21.py
[2023-08-09T08:43:35.122+0000] {processor.py:836} INFO - DAG(s) dict_keys(['Chap6_21_dag2', 'Chap6_21_dag1']) retrieved from /opt/airflow/dags/Chap6_21.py
[2023-08-09T08:43:35.152+0000] {logging_mixin.py:149} INFO - [2023-08-09T08:43:35.152+0000] {dag.py:2726} INFO - Sync 2 DAGs
[2023-08-09T08:43:35.174+0000] {logging_mixin.py:149} INFO - [2023-08-09T08:43:35.174+0000] {dag.py:3486} INFO - Setting next_dagrun for Chap6_21_dag1 to 2023-08-06T16:00:00+00:00, run_after=2023-08-07T16:00:00+00:00
[2023-08-09T08:43:35.181+0000] {logging_mixin.py:149} INFO - [2023-08-09T08:43:35.181+0000] {dag.py:3486} INFO - Setting next_dagrun for Chap6_21_dag2 to 2023-08-06T16:00:00+00:00, run_after=2023-08-07T16:00:00+00:00
[2023-08-09T08:43:35.194+0000] {processor.py:179} INFO - Processing /opt/airflow/dags/Chap6_21.py took 0.095 seconds
[2023-08-09T08:44:05.638+0000] {processor.py:157} INFO - Started process (PID=8409) to work on /opt/airflow/dags/Chap6_21.py
[2023-08-09T08:44:05.640+0000] {processor.py:826} INFO - Processing file /opt/airflow/dags/Chap6_21.py for tasks to queue
[2023-08-09T08:44:05.648+0000] {logging_mixin.py:149} INFO - [2023-08-09T08:44:05.648+0000] {dagbag.py:541} INFO - Filling up the DagBag from /opt/airflow/dags/Chap6_21.py
[2023-08-09T08:44:05.664+0000] {processor.py:836} INFO - DAG(s) dict_keys(['Chap6_21_dag2', 'Chap6_21_dag1']) retrieved from /opt/airflow/dags/Chap6_21.py
[2023-08-09T08:44:05.695+0000] {logging_mixin.py:149} INFO - [2023-08-09T08:44:05.695+0000] {dag.py:2726} INFO - Sync 2 DAGs
[2023-08-09T08:44:05.712+0000] {logging_mixin.py:149} INFO - [2023-08-09T08:44:05.712+0000] {dag.py:3486} INFO - Setting next_dagrun for Chap6_21_dag1 to 2023-08-06T16:00:00+00:00, run_after=2023-08-07T16:00:00+00:00
[2023-08-09T08:44:05.715+0000] {logging_mixin.py:149} INFO - [2023-08-09T08:44:05.715+0000] {dag.py:3486} INFO - Setting next_dagrun for Chap6_21_dag2 to 2023-08-06T16:00:00+00:00, run_after=2023-08-07T16:00:00+00:00
[2023-08-09T08:44:05.728+0000] {processor.py:179} INFO - Processing /opt/airflow/dags/Chap6_21.py took 0.093 seconds
[2023-08-09T08:44:36.312+0000] {processor.py:157} INFO - Started process (PID=8548) to work on /opt/airflow/dags/Chap6_21.py
[2023-08-09T08:44:36.314+0000] {processor.py:826} INFO - Processing file /opt/airflow/dags/Chap6_21.py for tasks to queue
[2023-08-09T08:44:36.316+0000] {logging_mixin.py:149} INFO - [2023-08-09T08:44:36.316+0000] {dagbag.py:541} INFO - Filling up the DagBag from /opt/airflow/dags/Chap6_21.py
[2023-08-09T08:44:36.331+0000] {processor.py:836} INFO - DAG(s) dict_keys(['Chap6_21_dag2', 'Chap6_21_dag1']) retrieved from /opt/airflow/dags/Chap6_21.py
[2023-08-09T08:44:36.359+0000] {logging_mixin.py:149} INFO - [2023-08-09T08:44:36.359+0000] {dag.py:2726} INFO - Sync 2 DAGs
[2023-08-09T08:44:36.382+0000] {logging_mixin.py:149} INFO - [2023-08-09T08:44:36.382+0000] {dag.py:3486} INFO - Setting next_dagrun for Chap6_21_dag1 to 2023-08-06T16:00:00+00:00, run_after=2023-08-07T16:00:00+00:00
[2023-08-09T08:44:36.388+0000] {logging_mixin.py:149} INFO - [2023-08-09T08:44:36.388+0000] {dag.py:3486} INFO - Setting next_dagrun for Chap6_21_dag2 to 2023-08-06T16:00:00+00:00, run_after=2023-08-07T16:00:00+00:00
[2023-08-09T08:44:36.400+0000] {processor.py:179} INFO - Processing /opt/airflow/dags/Chap6_21.py took 0.091 seconds
[2023-08-09T08:45:07.094+0000] {processor.py:157} INFO - Started process (PID=8687) to work on /opt/airflow/dags/Chap6_21.py
[2023-08-09T08:45:07.096+0000] {processor.py:826} INFO - Processing file /opt/airflow/dags/Chap6_21.py for tasks to queue
[2023-08-09T08:45:07.098+0000] {logging_mixin.py:149} INFO - [2023-08-09T08:45:07.098+0000] {dagbag.py:541} INFO - Filling up the DagBag from /opt/airflow/dags/Chap6_21.py
[2023-08-09T08:45:07.116+0000] {processor.py:836} INFO - DAG(s) dict_keys(['Chap6_21_dag2', 'Chap6_21_dag1']) retrieved from /opt/airflow/dags/Chap6_21.py
[2023-08-09T08:45:07.150+0000] {logging_mixin.py:149} INFO - [2023-08-09T08:45:07.150+0000] {dag.py:2726} INFO - Sync 2 DAGs
[2023-08-09T08:45:07.169+0000] {logging_mixin.py:149} INFO - [2023-08-09T08:45:07.169+0000] {dag.py:3486} INFO - Setting next_dagrun for Chap6_21_dag1 to 2023-08-06T16:00:00+00:00, run_after=2023-08-07T16:00:00+00:00
[2023-08-09T08:45:07.174+0000] {logging_mixin.py:149} INFO - [2023-08-09T08:45:07.174+0000] {dag.py:3486} INFO - Setting next_dagrun for Chap6_21_dag2 to 2023-08-06T16:00:00+00:00, run_after=2023-08-07T16:00:00+00:00
[2023-08-09T08:45:07.212+0000] {processor.py:179} INFO - Processing /opt/airflow/dags/Chap6_21.py took 0.121 seconds
[2023-08-09T08:45:38.350+0000] {processor.py:157} INFO - Started process (PID=8826) to work on /opt/airflow/dags/Chap6_21.py
[2023-08-09T08:45:38.353+0000] {processor.py:826} INFO - Processing file /opt/airflow/dags/Chap6_21.py for tasks to queue
[2023-08-09T08:45:38.357+0000] {logging_mixin.py:149} INFO - [2023-08-09T08:45:38.356+0000] {dagbag.py:541} INFO - Filling up the DagBag from /opt/airflow/dags/Chap6_21.py
[2023-08-09T08:45:38.385+0000] {processor.py:836} INFO - DAG(s) dict_keys(['Chap6_21_dag1', 'Chap6_21_dag2']) retrieved from /opt/airflow/dags/Chap6_21.py
[2023-08-09T08:45:38.429+0000] {logging_mixin.py:149} INFO - [2023-08-09T08:45:38.428+0000] {dag.py:2726} INFO - Sync 2 DAGs
[2023-08-09T08:45:38.453+0000] {logging_mixin.py:149} INFO - [2023-08-09T08:45:38.452+0000] {dag.py:3486} INFO - Setting next_dagrun for Chap6_21_dag1 to 2023-08-06T16:00:00+00:00, run_after=2023-08-07T16:00:00+00:00
[2023-08-09T08:45:38.459+0000] {logging_mixin.py:149} INFO - [2023-08-09T08:45:38.459+0000] {dag.py:3486} INFO - Setting next_dagrun for Chap6_21_dag2 to 2023-08-06T16:00:00+00:00, run_after=2023-08-07T16:00:00+00:00
[2023-08-09T08:45:38.480+0000] {processor.py:179} INFO - Processing /opt/airflow/dags/Chap6_21.py took 0.134 seconds
[2023-08-09T08:46:08.639+0000] {processor.py:157} INFO - Started process (PID=8965) to work on /opt/airflow/dags/Chap6_21.py
[2023-08-09T08:46:08.646+0000] {processor.py:826} INFO - Processing file /opt/airflow/dags/Chap6_21.py for tasks to queue
[2023-08-09T08:46:08.647+0000] {logging_mixin.py:149} INFO - [2023-08-09T08:46:08.647+0000] {dagbag.py:541} INFO - Filling up the DagBag from /opt/airflow/dags/Chap6_21.py
[2023-08-09T08:46:08.664+0000] {processor.py:836} INFO - DAG(s) dict_keys(['Chap6_21_dag1', 'Chap6_21_dag2']) retrieved from /opt/airflow/dags/Chap6_21.py
[2023-08-09T08:46:08.693+0000] {logging_mixin.py:149} INFO - [2023-08-09T08:46:08.693+0000] {dag.py:2726} INFO - Sync 2 DAGs
[2023-08-09T08:46:08.710+0000] {logging_mixin.py:149} INFO - [2023-08-09T08:46:08.710+0000] {dag.py:3486} INFO - Setting next_dagrun for Chap6_21_dag1 to 2023-08-06T16:00:00+00:00, run_after=2023-08-07T16:00:00+00:00
[2023-08-09T08:46:08.713+0000] {logging_mixin.py:149} INFO - [2023-08-09T08:46:08.713+0000] {dag.py:3486} INFO - Setting next_dagrun for Chap6_21_dag2 to 2023-08-06T16:00:00+00:00, run_after=2023-08-07T16:00:00+00:00
[2023-08-09T08:46:08.732+0000] {processor.py:179} INFO - Processing /opt/airflow/dags/Chap6_21.py took 0.097 seconds
[2023-08-09T08:46:39.578+0000] {processor.py:157} INFO - Started process (PID=9105) to work on /opt/airflow/dags/Chap6_21.py
[2023-08-09T08:46:39.580+0000] {processor.py:826} INFO - Processing file /opt/airflow/dags/Chap6_21.py for tasks to queue
[2023-08-09T08:46:39.581+0000] {logging_mixin.py:149} INFO - [2023-08-09T08:46:39.581+0000] {dagbag.py:541} INFO - Filling up the DagBag from /opt/airflow/dags/Chap6_21.py
[2023-08-09T08:46:39.617+0000] {processor.py:836} INFO - DAG(s) dict_keys(['Chap6_21_dag1', 'Chap6_21_dag2']) retrieved from /opt/airflow/dags/Chap6_21.py
[2023-08-09T08:46:39.649+0000] {logging_mixin.py:149} INFO - [2023-08-09T08:46:39.648+0000] {dag.py:2726} INFO - Sync 2 DAGs
[2023-08-09T08:46:39.668+0000] {logging_mixin.py:149} INFO - [2023-08-09T08:46:39.668+0000] {dag.py:3486} INFO - Setting next_dagrun for Chap6_21_dag1 to 2023-08-06T16:00:00+00:00, run_after=2023-08-07T16:00:00+00:00
[2023-08-09T08:46:39.671+0000] {logging_mixin.py:149} INFO - [2023-08-09T08:46:39.671+0000] {dag.py:3486} INFO - Setting next_dagrun for Chap6_21_dag2 to 2023-08-06T16:00:00+00:00, run_after=2023-08-07T16:00:00+00:00
[2023-08-09T08:46:39.685+0000] {processor.py:179} INFO - Processing /opt/airflow/dags/Chap6_21.py took 0.110 seconds
[2023-08-09T08:47:10.665+0000] {processor.py:157} INFO - Started process (PID=9244) to work on /opt/airflow/dags/Chap6_21.py
[2023-08-09T08:47:10.667+0000] {processor.py:826} INFO - Processing file /opt/airflow/dags/Chap6_21.py for tasks to queue
[2023-08-09T08:47:10.668+0000] {logging_mixin.py:149} INFO - [2023-08-09T08:47:10.668+0000] {dagbag.py:541} INFO - Filling up the DagBag from /opt/airflow/dags/Chap6_21.py
[2023-08-09T08:47:10.688+0000] {processor.py:836} INFO - DAG(s) dict_keys(['Chap6_21_dag1', 'Chap6_21_dag2']) retrieved from /opt/airflow/dags/Chap6_21.py
[2023-08-09T08:47:10.717+0000] {logging_mixin.py:149} INFO - [2023-08-09T08:47:10.717+0000] {dag.py:2726} INFO - Sync 2 DAGs
[2023-08-09T08:47:10.737+0000] {logging_mixin.py:149} INFO - [2023-08-09T08:47:10.737+0000] {dag.py:3486} INFO - Setting next_dagrun for Chap6_21_dag1 to 2023-08-06T16:00:00+00:00, run_after=2023-08-07T16:00:00+00:00
[2023-08-09T08:47:10.742+0000] {logging_mixin.py:149} INFO - [2023-08-09T08:47:10.742+0000] {dag.py:3486} INFO - Setting next_dagrun for Chap6_21_dag2 to 2023-08-06T16:00:00+00:00, run_after=2023-08-07T16:00:00+00:00
[2023-08-09T08:47:10.756+0000] {processor.py:179} INFO - Processing /opt/airflow/dags/Chap6_21.py took 0.093 seconds
[2023-08-09T08:47:41.563+0000] {processor.py:157} INFO - Started process (PID=9384) to work on /opt/airflow/dags/Chap6_21.py
[2023-08-09T08:47:41.565+0000] {processor.py:826} INFO - Processing file /opt/airflow/dags/Chap6_21.py for tasks to queue
[2023-08-09T08:47:41.566+0000] {logging_mixin.py:149} INFO - [2023-08-09T08:47:41.566+0000] {dagbag.py:541} INFO - Filling up the DagBag from /opt/airflow/dags/Chap6_21.py
[2023-08-09T08:47:41.589+0000] {processor.py:836} INFO - DAG(s) dict_keys(['Chap6_21_dag1', 'Chap6_21_dag2']) retrieved from /opt/airflow/dags/Chap6_21.py
[2023-08-09T08:47:41.619+0000] {logging_mixin.py:149} INFO - [2023-08-09T08:47:41.619+0000] {dag.py:2726} INFO - Sync 2 DAGs
[2023-08-09T08:47:41.638+0000] {logging_mixin.py:149} INFO - [2023-08-09T08:47:41.637+0000] {dag.py:3486} INFO - Setting next_dagrun for Chap6_21_dag1 to 2023-08-06T16:00:00+00:00, run_after=2023-08-07T16:00:00+00:00
[2023-08-09T08:47:41.650+0000] {logging_mixin.py:149} INFO - [2023-08-09T08:47:41.650+0000] {dag.py:3486} INFO - Setting next_dagrun for Chap6_21_dag2 to 2023-08-06T16:00:00+00:00, run_after=2023-08-07T16:00:00+00:00
[2023-08-09T08:47:41.666+0000] {processor.py:179} INFO - Processing /opt/airflow/dags/Chap6_21.py took 0.107 seconds
[2023-08-09T08:48:12.496+0000] {processor.py:157} INFO - Started process (PID=9523) to work on /opt/airflow/dags/Chap6_21.py
[2023-08-09T08:48:12.499+0000] {processor.py:826} INFO - Processing file /opt/airflow/dags/Chap6_21.py for tasks to queue
[2023-08-09T08:48:12.500+0000] {logging_mixin.py:149} INFO - [2023-08-09T08:48:12.500+0000] {dagbag.py:541} INFO - Filling up the DagBag from /opt/airflow/dags/Chap6_21.py
[2023-08-09T08:48:12.536+0000] {processor.py:836} INFO - DAG(s) dict_keys(['Chap6_21_dag2', 'Chap6_21_dag1']) retrieved from /opt/airflow/dags/Chap6_21.py
[2023-08-09T08:48:12.567+0000] {logging_mixin.py:149} INFO - [2023-08-09T08:48:12.567+0000] {dag.py:2726} INFO - Sync 2 DAGs
[2023-08-09T08:48:12.612+0000] {logging_mixin.py:149} INFO - [2023-08-09T08:48:12.612+0000] {dag.py:3486} INFO - Setting next_dagrun for Chap6_21_dag1 to 2023-08-06T16:00:00+00:00, run_after=2023-08-07T16:00:00+00:00
[2023-08-09T08:48:12.618+0000] {logging_mixin.py:149} INFO - [2023-08-09T08:48:12.618+0000] {dag.py:3486} INFO - Setting next_dagrun for Chap6_21_dag2 to 2023-08-06T16:00:00+00:00, run_after=2023-08-07T16:00:00+00:00
[2023-08-09T08:48:12.643+0000] {processor.py:179} INFO - Processing /opt/airflow/dags/Chap6_21.py took 0.150 seconds
[2023-08-09T08:48:43.537+0000] {processor.py:157} INFO - Started process (PID=9661) to work on /opt/airflow/dags/Chap6_21.py
[2023-08-09T08:48:43.539+0000] {processor.py:826} INFO - Processing file /opt/airflow/dags/Chap6_21.py for tasks to queue
[2023-08-09T08:48:43.540+0000] {logging_mixin.py:149} INFO - [2023-08-09T08:48:43.540+0000] {dagbag.py:541} INFO - Filling up the DagBag from /opt/airflow/dags/Chap6_21.py
[2023-08-09T08:48:43.558+0000] {processor.py:836} INFO - DAG(s) dict_keys(['Chap6_21_dag1', 'Chap6_21_dag2']) retrieved from /opt/airflow/dags/Chap6_21.py
[2023-08-09T08:48:43.588+0000] {logging_mixin.py:149} INFO - [2023-08-09T08:48:43.587+0000] {dag.py:2726} INFO - Sync 2 DAGs
[2023-08-09T08:48:43.603+0000] {logging_mixin.py:149} INFO - [2023-08-09T08:48:43.603+0000] {dag.py:3486} INFO - Setting next_dagrun for Chap6_21_dag1 to 2023-08-06T16:00:00+00:00, run_after=2023-08-07T16:00:00+00:00
[2023-08-09T08:48:43.607+0000] {logging_mixin.py:149} INFO - [2023-08-09T08:48:43.607+0000] {dag.py:3486} INFO - Setting next_dagrun for Chap6_21_dag2 to 2023-08-06T16:00:00+00:00, run_after=2023-08-07T16:00:00+00:00
[2023-08-09T08:48:43.621+0000] {processor.py:179} INFO - Processing /opt/airflow/dags/Chap6_21.py took 0.087 seconds
[2023-08-09T08:49:14.344+0000] {processor.py:157} INFO - Started process (PID=9800) to work on /opt/airflow/dags/Chap6_21.py
[2023-08-09T08:49:14.346+0000] {processor.py:826} INFO - Processing file /opt/airflow/dags/Chap6_21.py for tasks to queue
[2023-08-09T08:49:14.347+0000] {logging_mixin.py:149} INFO - [2023-08-09T08:49:14.347+0000] {dagbag.py:541} INFO - Filling up the DagBag from /opt/airflow/dags/Chap6_21.py
[2023-08-09T08:49:14.366+0000] {processor.py:836} INFO - DAG(s) dict_keys(['Chap6_21_dag1', 'Chap6_21_dag2']) retrieved from /opt/airflow/dags/Chap6_21.py
[2023-08-09T08:49:14.404+0000] {logging_mixin.py:149} INFO - [2023-08-09T08:49:14.404+0000] {dag.py:2726} INFO - Sync 2 DAGs
[2023-08-09T08:49:14.424+0000] {logging_mixin.py:149} INFO - [2023-08-09T08:49:14.424+0000] {dag.py:3486} INFO - Setting next_dagrun for Chap6_21_dag1 to 2023-08-06T16:00:00+00:00, run_after=2023-08-07T16:00:00+00:00
[2023-08-09T08:49:14.436+0000] {logging_mixin.py:149} INFO - [2023-08-09T08:49:14.436+0000] {dag.py:3486} INFO - Setting next_dagrun for Chap6_21_dag2 to 2023-08-06T16:00:00+00:00, run_after=2023-08-07T16:00:00+00:00
[2023-08-09T08:49:14.451+0000] {processor.py:179} INFO - Processing /opt/airflow/dags/Chap6_21.py took 0.110 seconds
[2023-08-09T08:49:45.116+0000] {processor.py:157} INFO - Started process (PID=9939) to work on /opt/airflow/dags/Chap6_21.py
[2023-08-09T08:49:45.118+0000] {processor.py:826} INFO - Processing file /opt/airflow/dags/Chap6_21.py for tasks to queue
[2023-08-09T08:49:45.119+0000] {logging_mixin.py:149} INFO - [2023-08-09T08:49:45.119+0000] {dagbag.py:541} INFO - Filling up the DagBag from /opt/airflow/dags/Chap6_21.py
[2023-08-09T08:49:45.137+0000] {processor.py:836} INFO - DAG(s) dict_keys(['Chap6_21_dag1', 'Chap6_21_dag2']) retrieved from /opt/airflow/dags/Chap6_21.py
[2023-08-09T08:49:45.163+0000] {logging_mixin.py:149} INFO - [2023-08-09T08:49:45.163+0000] {dag.py:2726} INFO - Sync 2 DAGs
[2023-08-09T08:49:45.181+0000] {logging_mixin.py:149} INFO - [2023-08-09T08:49:45.181+0000] {dag.py:3486} INFO - Setting next_dagrun for Chap6_21_dag1 to 2023-08-06T16:00:00+00:00, run_after=2023-08-07T16:00:00+00:00
[2023-08-09T08:49:45.187+0000] {logging_mixin.py:149} INFO - [2023-08-09T08:49:45.187+0000] {dag.py:3486} INFO - Setting next_dagrun for Chap6_21_dag2 to 2023-08-06T16:00:00+00:00, run_after=2023-08-07T16:00:00+00:00
[2023-08-09T08:49:45.202+0000] {processor.py:179} INFO - Processing /opt/airflow/dags/Chap6_21.py took 0.089 seconds
[2023-08-09T08:50:15.634+0000] {processor.py:157} INFO - Started process (PID=10078) to work on /opt/airflow/dags/Chap6_21.py
[2023-08-09T08:50:15.638+0000] {processor.py:826} INFO - Processing file /opt/airflow/dags/Chap6_21.py for tasks to queue
[2023-08-09T08:50:15.641+0000] {logging_mixin.py:149} INFO - [2023-08-09T08:50:15.640+0000] {dagbag.py:541} INFO - Filling up the DagBag from /opt/airflow/dags/Chap6_21.py
[2023-08-09T08:50:15.658+0000] {processor.py:836} INFO - DAG(s) dict_keys(['Chap6_21_dag2', 'Chap6_21_dag1']) retrieved from /opt/airflow/dags/Chap6_21.py
[2023-08-09T08:50:15.697+0000] {logging_mixin.py:149} INFO - [2023-08-09T08:50:15.697+0000] {dag.py:2726} INFO - Sync 2 DAGs
[2023-08-09T08:50:15.716+0000] {logging_mixin.py:149} INFO - [2023-08-09T08:50:15.716+0000] {dag.py:3486} INFO - Setting next_dagrun for Chap6_21_dag1 to 2023-08-06T16:00:00+00:00, run_after=2023-08-07T16:00:00+00:00
[2023-08-09T08:50:15.720+0000] {logging_mixin.py:149} INFO - [2023-08-09T08:50:15.720+0000] {dag.py:3486} INFO - Setting next_dagrun for Chap6_21_dag2 to 2023-08-06T16:00:00+00:00, run_after=2023-08-07T16:00:00+00:00
[2023-08-09T08:50:15.731+0000] {processor.py:179} INFO - Processing /opt/airflow/dags/Chap6_21.py took 0.100 seconds
[2023-08-09T08:50:46.857+0000] {processor.py:157} INFO - Started process (PID=10217) to work on /opt/airflow/dags/Chap6_21.py
[2023-08-09T08:50:46.859+0000] {processor.py:826} INFO - Processing file /opt/airflow/dags/Chap6_21.py for tasks to queue
[2023-08-09T08:50:46.861+0000] {logging_mixin.py:149} INFO - [2023-08-09T08:50:46.860+0000] {dagbag.py:541} INFO - Filling up the DagBag from /opt/airflow/dags/Chap6_21.py
[2023-08-09T08:50:46.878+0000] {processor.py:836} INFO - DAG(s) dict_keys(['Chap6_21_dag2', 'Chap6_21_dag1']) retrieved from /opt/airflow/dags/Chap6_21.py
[2023-08-09T08:50:46.906+0000] {logging_mixin.py:149} INFO - [2023-08-09T08:50:46.906+0000] {dag.py:2726} INFO - Sync 2 DAGs
[2023-08-09T08:50:46.923+0000] {logging_mixin.py:149} INFO - [2023-08-09T08:50:46.923+0000] {dag.py:3486} INFO - Setting next_dagrun for Chap6_21_dag1 to 2023-08-06T16:00:00+00:00, run_after=2023-08-07T16:00:00+00:00
[2023-08-09T08:50:46.941+0000] {logging_mixin.py:149} INFO - [2023-08-09T08:50:46.941+0000] {dag.py:3486} INFO - Setting next_dagrun for Chap6_21_dag2 to 2023-08-06T16:00:00+00:00, run_after=2023-08-07T16:00:00+00:00
[2023-08-09T08:50:46.957+0000] {processor.py:179} INFO - Processing /opt/airflow/dags/Chap6_21.py took 0.102 seconds
[2023-08-09T08:51:17.424+0000] {processor.py:157} INFO - Started process (PID=10356) to work on /opt/airflow/dags/Chap6_21.py
[2023-08-09T08:51:17.425+0000] {processor.py:826} INFO - Processing file /opt/airflow/dags/Chap6_21.py for tasks to queue
[2023-08-09T08:51:17.427+0000] {logging_mixin.py:149} INFO - [2023-08-09T08:51:17.427+0000] {dagbag.py:541} INFO - Filling up the DagBag from /opt/airflow/dags/Chap6_21.py
[2023-08-09T08:51:17.442+0000] {processor.py:836} INFO - DAG(s) dict_keys(['Chap6_21_dag2', 'Chap6_21_dag1']) retrieved from /opt/airflow/dags/Chap6_21.py
[2023-08-09T08:51:17.468+0000] {logging_mixin.py:149} INFO - [2023-08-09T08:51:17.468+0000] {dag.py:2726} INFO - Sync 2 DAGs
[2023-08-09T08:51:17.483+0000] {logging_mixin.py:149} INFO - [2023-08-09T08:51:17.483+0000] {dag.py:3486} INFO - Setting next_dagrun for Chap6_21_dag1 to 2023-08-06T16:00:00+00:00, run_after=2023-08-07T16:00:00+00:00
[2023-08-09T08:51:17.487+0000] {logging_mixin.py:149} INFO - [2023-08-09T08:51:17.487+0000] {dag.py:3486} INFO - Setting next_dagrun for Chap6_21_dag2 to 2023-08-06T16:00:00+00:00, run_after=2023-08-07T16:00:00+00:00
[2023-08-09T08:51:17.502+0000] {processor.py:179} INFO - Processing /opt/airflow/dags/Chap6_21.py took 0.082 seconds
[2023-08-09T08:51:47.898+0000] {processor.py:157} INFO - Started process (PID=10495) to work on /opt/airflow/dags/Chap6_21.py
[2023-08-09T08:51:47.900+0000] {processor.py:826} INFO - Processing file /opt/airflow/dags/Chap6_21.py for tasks to queue
[2023-08-09T08:51:47.901+0000] {logging_mixin.py:149} INFO - [2023-08-09T08:51:47.901+0000] {dagbag.py:541} INFO - Filling up the DagBag from /opt/airflow/dags/Chap6_21.py
[2023-08-09T08:51:47.916+0000] {processor.py:836} INFO - DAG(s) dict_keys(['Chap6_21_dag2', 'Chap6_21_dag1']) retrieved from /opt/airflow/dags/Chap6_21.py
[2023-08-09T08:51:47.944+0000] {logging_mixin.py:149} INFO - [2023-08-09T08:51:47.944+0000] {dag.py:2726} INFO - Sync 2 DAGs
[2023-08-09T08:51:47.962+0000] {logging_mixin.py:149} INFO - [2023-08-09T08:51:47.962+0000] {dag.py:3486} INFO - Setting next_dagrun for Chap6_21_dag1 to 2023-08-06T16:00:00+00:00, run_after=2023-08-07T16:00:00+00:00
[2023-08-09T08:51:47.967+0000] {logging_mixin.py:149} INFO - [2023-08-09T08:51:47.967+0000] {dag.py:3486} INFO - Setting next_dagrun for Chap6_21_dag2 to 2023-08-06T16:00:00+00:00, run_after=2023-08-07T16:00:00+00:00
[2023-08-09T08:51:47.981+0000] {processor.py:179} INFO - Processing /opt/airflow/dags/Chap6_21.py took 0.086 seconds
[2023-08-09T08:52:19.105+0000] {processor.py:157} INFO - Started process (PID=10604) to work on /opt/airflow/dags/Chap6_21.py
[2023-08-09T08:52:19.107+0000] {processor.py:826} INFO - Processing file /opt/airflow/dags/Chap6_21.py for tasks to queue
[2023-08-09T08:52:19.110+0000] {logging_mixin.py:149} INFO - [2023-08-09T08:52:19.109+0000] {dagbag.py:541} INFO - Filling up the DagBag from /opt/airflow/dags/Chap6_21.py
