[2023-08-09T08:37:36.242+0000] {processor.py:157} INFO - Started process (PID=6635) to work on /opt/airflow/dags/Chap5_2.py
[2023-08-09T08:37:36.243+0000] {processor.py:826} INFO - Processing file /opt/airflow/dags/Chap5_2.py for tasks to queue
[2023-08-09T08:37:36.245+0000] {logging_mixin.py:149} INFO - [2023-08-09T08:37:36.245+0000] {dagbag.py:541} INFO - Filling up the DagBag from /opt/airflow/dags/Chap5_2.py
[2023-08-09T08:37:36.261+0000] {processor.py:836} INFO - DAG(s) dict_keys(['Chap5_2_1']) retrieved from /opt/airflow/dags/Chap5_2.py
[2023-08-09T08:37:36.286+0000] {logging_mixin.py:149} INFO - [2023-08-09T08:37:36.286+0000] {dag.py:2726} INFO - Sync 1 DAGs
[2023-08-09T08:37:36.304+0000] {logging_mixin.py:149} INFO - [2023-08-09T08:37:36.304+0000] {dag.py:3486} INFO - Setting next_dagrun for Chap5_2_1 to 2023-08-06T00:00:00+00:00, run_after=2023-08-07T00:00:00+00:00
[2023-08-09T08:37:36.321+0000] {processor.py:179} INFO - Processing /opt/airflow/dags/Chap5_2.py took 0.083 seconds
[2023-08-09T08:38:07.174+0000] {processor.py:157} INFO - Started process (PID=6774) to work on /opt/airflow/dags/Chap5_2.py
[2023-08-09T08:38:07.175+0000] {processor.py:826} INFO - Processing file /opt/airflow/dags/Chap5_2.py for tasks to queue
[2023-08-09T08:38:07.177+0000] {logging_mixin.py:149} INFO - [2023-08-09T08:38:07.177+0000] {dagbag.py:541} INFO - Filling up the DagBag from /opt/airflow/dags/Chap5_2.py
[2023-08-09T08:38:07.192+0000] {processor.py:836} INFO - DAG(s) dict_keys(['Chap5_2_1']) retrieved from /opt/airflow/dags/Chap5_2.py
[2023-08-09T08:38:07.233+0000] {logging_mixin.py:149} INFO - [2023-08-09T08:38:07.233+0000] {dag.py:2726} INFO - Sync 1 DAGs
[2023-08-09T08:38:07.250+0000] {logging_mixin.py:149} INFO - [2023-08-09T08:38:07.250+0000] {dag.py:3486} INFO - Setting next_dagrun for Chap5_2_1 to 2023-08-06T00:00:00+00:00, run_after=2023-08-07T00:00:00+00:00
[2023-08-09T08:38:07.265+0000] {processor.py:179} INFO - Processing /opt/airflow/dags/Chap5_2.py took 0.095 seconds
[2023-08-09T08:38:38.013+0000] {processor.py:157} INFO - Started process (PID=6914) to work on /opt/airflow/dags/Chap5_2.py
[2023-08-09T08:38:38.015+0000] {processor.py:826} INFO - Processing file /opt/airflow/dags/Chap5_2.py for tasks to queue
[2023-08-09T08:38:38.017+0000] {logging_mixin.py:149} INFO - [2023-08-09T08:38:38.017+0000] {dagbag.py:541} INFO - Filling up the DagBag from /opt/airflow/dags/Chap5_2.py
[2023-08-09T08:38:38.036+0000] {processor.py:836} INFO - DAG(s) dict_keys(['Chap5_2_1']) retrieved from /opt/airflow/dags/Chap5_2.py
[2023-08-09T08:38:38.061+0000] {logging_mixin.py:149} INFO - [2023-08-09T08:38:38.061+0000] {dag.py:2726} INFO - Sync 1 DAGs
[2023-08-09T08:38:38.078+0000] {logging_mixin.py:149} INFO - [2023-08-09T08:38:38.078+0000] {dag.py:3486} INFO - Setting next_dagrun for Chap5_2_1 to 2023-08-06T00:00:00+00:00, run_after=2023-08-07T00:00:00+00:00
[2023-08-09T08:38:38.111+0000] {processor.py:179} INFO - Processing /opt/airflow/dags/Chap5_2.py took 0.102 seconds
[2023-08-09T08:39:08.907+0000] {processor.py:157} INFO - Started process (PID=7053) to work on /opt/airflow/dags/Chap5_2.py
[2023-08-09T08:39:08.910+0000] {processor.py:826} INFO - Processing file /opt/airflow/dags/Chap5_2.py for tasks to queue
[2023-08-09T08:39:08.911+0000] {logging_mixin.py:149} INFO - [2023-08-09T08:39:08.911+0000] {dagbag.py:541} INFO - Filling up the DagBag from /opt/airflow/dags/Chap5_2.py
[2023-08-09T08:39:08.929+0000] {processor.py:836} INFO - DAG(s) dict_keys(['Chap5_2_1']) retrieved from /opt/airflow/dags/Chap5_2.py
[2023-08-09T08:39:08.953+0000] {logging_mixin.py:149} INFO - [2023-08-09T08:39:08.953+0000] {dag.py:2726} INFO - Sync 1 DAGs
[2023-08-09T08:39:08.969+0000] {logging_mixin.py:149} INFO - [2023-08-09T08:39:08.969+0000] {dag.py:3486} INFO - Setting next_dagrun for Chap5_2_1 to 2023-08-06T00:00:00+00:00, run_after=2023-08-07T00:00:00+00:00
[2023-08-09T08:39:08.984+0000] {processor.py:179} INFO - Processing /opt/airflow/dags/Chap5_2.py took 0.083 seconds
[2023-08-09T08:39:39.534+0000] {processor.py:157} INFO - Started process (PID=7192) to work on /opt/airflow/dags/Chap5_2.py
[2023-08-09T08:39:39.537+0000] {processor.py:826} INFO - Processing file /opt/airflow/dags/Chap5_2.py for tasks to queue
[2023-08-09T08:39:39.539+0000] {logging_mixin.py:149} INFO - [2023-08-09T08:39:39.539+0000] {dagbag.py:541} INFO - Filling up the DagBag from /opt/airflow/dags/Chap5_2.py
[2023-08-09T08:39:39.554+0000] {processor.py:836} INFO - DAG(s) dict_keys(['Chap5_2_1']) retrieved from /opt/airflow/dags/Chap5_2.py
[2023-08-09T08:39:39.579+0000] {logging_mixin.py:149} INFO - [2023-08-09T08:39:39.578+0000] {dag.py:2726} INFO - Sync 1 DAGs
[2023-08-09T08:39:39.596+0000] {logging_mixin.py:149} INFO - [2023-08-09T08:39:39.596+0000] {dag.py:3486} INFO - Setting next_dagrun for Chap5_2_1 to 2023-08-06T00:00:00+00:00, run_after=2023-08-07T00:00:00+00:00
[2023-08-09T08:39:39.627+0000] {processor.py:179} INFO - Processing /opt/airflow/dags/Chap5_2.py took 0.097 seconds
[2023-08-09T08:40:10.401+0000] {processor.py:157} INFO - Started process (PID=7331) to work on /opt/airflow/dags/Chap5_2.py
[2023-08-09T08:40:10.403+0000] {processor.py:826} INFO - Processing file /opt/airflow/dags/Chap5_2.py for tasks to queue
[2023-08-09T08:40:10.405+0000] {logging_mixin.py:149} INFO - [2023-08-09T08:40:10.405+0000] {dagbag.py:541} INFO - Filling up the DagBag from /opt/airflow/dags/Chap5_2.py
[2023-08-09T08:40:10.422+0000] {processor.py:836} INFO - DAG(s) dict_keys(['Chap5_2_1']) retrieved from /opt/airflow/dags/Chap5_2.py
[2023-08-09T08:40:10.447+0000] {logging_mixin.py:149} INFO - [2023-08-09T08:40:10.447+0000] {dag.py:2726} INFO - Sync 1 DAGs
[2023-08-09T08:40:10.464+0000] {logging_mixin.py:149} INFO - [2023-08-09T08:40:10.464+0000] {dag.py:3486} INFO - Setting next_dagrun for Chap5_2_1 to 2023-08-06T00:00:00+00:00, run_after=2023-08-07T00:00:00+00:00
[2023-08-09T08:40:10.477+0000] {processor.py:179} INFO - Processing /opt/airflow/dags/Chap5_2.py took 0.079 seconds
[2023-08-09T08:40:40.877+0000] {processor.py:157} INFO - Started process (PID=7470) to work on /opt/airflow/dags/Chap5_2.py
[2023-08-09T08:40:40.894+0000] {processor.py:826} INFO - Processing file /opt/airflow/dags/Chap5_2.py for tasks to queue
[2023-08-09T08:40:40.896+0000] {logging_mixin.py:149} INFO - [2023-08-09T08:40:40.896+0000] {dagbag.py:541} INFO - Filling up the DagBag from /opt/airflow/dags/Chap5_2.py
[2023-08-09T08:40:40.911+0000] {processor.py:836} INFO - DAG(s) dict_keys(['Chap5_2_1']) retrieved from /opt/airflow/dags/Chap5_2.py
[2023-08-09T08:40:40.935+0000] {logging_mixin.py:149} INFO - [2023-08-09T08:40:40.935+0000] {dag.py:2726} INFO - Sync 1 DAGs
[2023-08-09T08:40:40.952+0000] {logging_mixin.py:149} INFO - [2023-08-09T08:40:40.952+0000] {dag.py:3486} INFO - Setting next_dagrun for Chap5_2_1 to 2023-08-06T00:00:00+00:00, run_after=2023-08-07T00:00:00+00:00
[2023-08-09T08:40:40.964+0000] {processor.py:179} INFO - Processing /opt/airflow/dags/Chap5_2.py took 0.092 seconds
[2023-08-09T08:41:11.435+0000] {processor.py:157} INFO - Started process (PID=7609) to work on /opt/airflow/dags/Chap5_2.py
[2023-08-09T08:41:11.437+0000] {processor.py:826} INFO - Processing file /opt/airflow/dags/Chap5_2.py for tasks to queue
[2023-08-09T08:41:11.439+0000] {logging_mixin.py:149} INFO - [2023-08-09T08:41:11.439+0000] {dagbag.py:541} INFO - Filling up the DagBag from /opt/airflow/dags/Chap5_2.py
[2023-08-09T08:41:11.457+0000] {processor.py:836} INFO - DAG(s) dict_keys(['Chap5_2_1']) retrieved from /opt/airflow/dags/Chap5_2.py
[2023-08-09T08:41:11.488+0000] {logging_mixin.py:149} INFO - [2023-08-09T08:41:11.488+0000] {dag.py:2726} INFO - Sync 1 DAGs
[2023-08-09T08:41:11.504+0000] {logging_mixin.py:149} INFO - [2023-08-09T08:41:11.504+0000] {dag.py:3486} INFO - Setting next_dagrun for Chap5_2_1 to 2023-08-06T00:00:00+00:00, run_after=2023-08-07T00:00:00+00:00
[2023-08-09T08:41:11.518+0000] {processor.py:179} INFO - Processing /opt/airflow/dags/Chap5_2.py took 0.086 seconds
[2023-08-09T08:41:42.101+0000] {processor.py:157} INFO - Started process (PID=7748) to work on /opt/airflow/dags/Chap5_2.py
[2023-08-09T08:41:42.103+0000] {processor.py:826} INFO - Processing file /opt/airflow/dags/Chap5_2.py for tasks to queue
[2023-08-09T08:41:42.105+0000] {logging_mixin.py:149} INFO - [2023-08-09T08:41:42.105+0000] {dagbag.py:541} INFO - Filling up the DagBag from /opt/airflow/dags/Chap5_2.py
[2023-08-09T08:41:42.119+0000] {processor.py:836} INFO - DAG(s) dict_keys(['Chap5_2_1']) retrieved from /opt/airflow/dags/Chap5_2.py
[2023-08-09T08:41:42.142+0000] {logging_mixin.py:149} INFO - [2023-08-09T08:41:42.142+0000] {dag.py:2726} INFO - Sync 1 DAGs
[2023-08-09T08:41:42.157+0000] {logging_mixin.py:149} INFO - [2023-08-09T08:41:42.156+0000] {dag.py:3486} INFO - Setting next_dagrun for Chap5_2_1 to 2023-08-06T00:00:00+00:00, run_after=2023-08-07T00:00:00+00:00
[2023-08-09T08:41:42.168+0000] {processor.py:179} INFO - Processing /opt/airflow/dags/Chap5_2.py took 0.070 seconds
[2023-08-09T08:42:12.686+0000] {processor.py:157} INFO - Started process (PID=7887) to work on /opt/airflow/dags/Chap5_2.py
[2023-08-09T08:42:12.688+0000] {processor.py:826} INFO - Processing file /opt/airflow/dags/Chap5_2.py for tasks to queue
[2023-08-09T08:42:12.691+0000] {logging_mixin.py:149} INFO - [2023-08-09T08:42:12.691+0000] {dagbag.py:541} INFO - Filling up the DagBag from /opt/airflow/dags/Chap5_2.py
[2023-08-09T08:42:12.709+0000] {processor.py:836} INFO - DAG(s) dict_keys(['Chap5_2_1']) retrieved from /opt/airflow/dags/Chap5_2.py
[2023-08-09T08:42:12.732+0000] {logging_mixin.py:149} INFO - [2023-08-09T08:42:12.732+0000] {dag.py:2726} INFO - Sync 1 DAGs
[2023-08-09T08:42:12.747+0000] {logging_mixin.py:149} INFO - [2023-08-09T08:42:12.747+0000] {dag.py:3486} INFO - Setting next_dagrun for Chap5_2_1 to 2023-08-06T00:00:00+00:00, run_after=2023-08-07T00:00:00+00:00
[2023-08-09T08:42:12.761+0000] {processor.py:179} INFO - Processing /opt/airflow/dags/Chap5_2.py took 0.078 seconds
[2023-08-09T08:42:44.151+0000] {processor.py:157} INFO - Started process (PID=8026) to work on /opt/airflow/dags/Chap5_2.py
[2023-08-09T08:42:44.153+0000] {processor.py:826} INFO - Processing file /opt/airflow/dags/Chap5_2.py for tasks to queue
[2023-08-09T08:42:44.161+0000] {logging_mixin.py:149} INFO - [2023-08-09T08:42:44.161+0000] {dagbag.py:541} INFO - Filling up the DagBag from /opt/airflow/dags/Chap5_2.py
[2023-08-09T08:42:44.175+0000] {processor.py:836} INFO - DAG(s) dict_keys(['Chap5_2_1']) retrieved from /opt/airflow/dags/Chap5_2.py
[2023-08-09T08:42:44.199+0000] {logging_mixin.py:149} INFO - [2023-08-09T08:42:44.199+0000] {dag.py:2726} INFO - Sync 1 DAGs
[2023-08-09T08:42:44.216+0000] {logging_mixin.py:149} INFO - [2023-08-09T08:42:44.216+0000] {dag.py:3486} INFO - Setting next_dagrun for Chap5_2_1 to 2023-08-06T00:00:00+00:00, run_after=2023-08-07T00:00:00+00:00
[2023-08-09T08:42:44.229+0000] {processor.py:179} INFO - Processing /opt/airflow/dags/Chap5_2.py took 0.082 seconds
[2023-08-09T08:43:14.578+0000] {processor.py:157} INFO - Started process (PID=8163) to work on /opt/airflow/dags/Chap5_2.py
[2023-08-09T08:43:14.581+0000] {processor.py:826} INFO - Processing file /opt/airflow/dags/Chap5_2.py for tasks to queue
[2023-08-09T08:43:14.583+0000] {logging_mixin.py:149} INFO - [2023-08-09T08:43:14.582+0000] {dagbag.py:541} INFO - Filling up the DagBag from /opt/airflow/dags/Chap5_2.py
[2023-08-09T08:43:14.600+0000] {processor.py:836} INFO - DAG(s) dict_keys(['Chap5_2_1']) retrieved from /opt/airflow/dags/Chap5_2.py
[2023-08-09T08:43:14.627+0000] {logging_mixin.py:149} INFO - [2023-08-09T08:43:14.627+0000] {dag.py:2726} INFO - Sync 1 DAGs
[2023-08-09T08:43:14.656+0000] {logging_mixin.py:149} INFO - [2023-08-09T08:43:14.656+0000] {dag.py:3486} INFO - Setting next_dagrun for Chap5_2_1 to 2023-08-06T00:00:00+00:00, run_after=2023-08-07T00:00:00+00:00
[2023-08-09T08:43:14.668+0000] {processor.py:179} INFO - Processing /opt/airflow/dags/Chap5_2.py took 0.093 seconds
[2023-08-09T08:43:45.929+0000] {processor.py:157} INFO - Started process (PID=8302) to work on /opt/airflow/dags/Chap5_2.py
[2023-08-09T08:43:45.948+0000] {processor.py:826} INFO - Processing file /opt/airflow/dags/Chap5_2.py for tasks to queue
[2023-08-09T08:43:45.949+0000] {logging_mixin.py:149} INFO - [2023-08-09T08:43:45.949+0000] {dagbag.py:541} INFO - Filling up the DagBag from /opt/airflow/dags/Chap5_2.py
[2023-08-09T08:43:45.965+0000] {processor.py:836} INFO - DAG(s) dict_keys(['Chap5_2_1']) retrieved from /opt/airflow/dags/Chap5_2.py
[2023-08-09T08:43:45.990+0000] {logging_mixin.py:149} INFO - [2023-08-09T08:43:45.990+0000] {dag.py:2726} INFO - Sync 1 DAGs
[2023-08-09T08:43:46.007+0000] {logging_mixin.py:149} INFO - [2023-08-09T08:43:46.006+0000] {dag.py:3486} INFO - Setting next_dagrun for Chap5_2_1 to 2023-08-06T00:00:00+00:00, run_after=2023-08-07T00:00:00+00:00
[2023-08-09T08:43:46.025+0000] {processor.py:179} INFO - Processing /opt/airflow/dags/Chap5_2.py took 0.099 seconds
[2023-08-09T08:44:16.566+0000] {processor.py:157} INFO - Started process (PID=8443) to work on /opt/airflow/dags/Chap5_2.py
[2023-08-09T08:44:16.568+0000] {processor.py:826} INFO - Processing file /opt/airflow/dags/Chap5_2.py for tasks to queue
[2023-08-09T08:44:16.569+0000] {logging_mixin.py:149} INFO - [2023-08-09T08:44:16.569+0000] {dagbag.py:541} INFO - Filling up the DagBag from /opt/airflow/dags/Chap5_2.py
[2023-08-09T08:44:16.584+0000] {processor.py:836} INFO - DAG(s) dict_keys(['Chap5_2_1']) retrieved from /opt/airflow/dags/Chap5_2.py
[2023-08-09T08:44:16.608+0000] {logging_mixin.py:149} INFO - [2023-08-09T08:44:16.608+0000] {dag.py:2726} INFO - Sync 1 DAGs
[2023-08-09T08:44:16.626+0000] {logging_mixin.py:149} INFO - [2023-08-09T08:44:16.626+0000] {dag.py:3486} INFO - Setting next_dagrun for Chap5_2_1 to 2023-08-06T00:00:00+00:00, run_after=2023-08-07T00:00:00+00:00
[2023-08-09T08:44:16.640+0000] {processor.py:179} INFO - Processing /opt/airflow/dags/Chap5_2.py took 0.077 seconds
[2023-08-09T08:44:47.373+0000] {processor.py:157} INFO - Started process (PID=8582) to work on /opt/airflow/dags/Chap5_2.py
[2023-08-09T08:44:47.376+0000] {processor.py:826} INFO - Processing file /opt/airflow/dags/Chap5_2.py for tasks to queue
[2023-08-09T08:44:47.377+0000] {logging_mixin.py:149} INFO - [2023-08-09T08:44:47.377+0000] {dagbag.py:541} INFO - Filling up the DagBag from /opt/airflow/dags/Chap5_2.py
[2023-08-09T08:44:47.396+0000] {processor.py:836} INFO - DAG(s) dict_keys(['Chap5_2_1']) retrieved from /opt/airflow/dags/Chap5_2.py
[2023-08-09T08:44:47.423+0000] {logging_mixin.py:149} INFO - [2023-08-09T08:44:47.422+0000] {dag.py:2726} INFO - Sync 1 DAGs
[2023-08-09T08:44:47.439+0000] {logging_mixin.py:149} INFO - [2023-08-09T08:44:47.439+0000] {dag.py:3486} INFO - Setting next_dagrun for Chap5_2_1 to 2023-08-06T00:00:00+00:00, run_after=2023-08-07T00:00:00+00:00
[2023-08-09T08:44:47.455+0000] {processor.py:179} INFO - Processing /opt/airflow/dags/Chap5_2.py took 0.086 seconds
[2023-08-09T08:45:18.169+0000] {processor.py:157} INFO - Started process (PID=8721) to work on /opt/airflow/dags/Chap5_2.py
[2023-08-09T08:45:18.171+0000] {processor.py:826} INFO - Processing file /opt/airflow/dags/Chap5_2.py for tasks to queue
[2023-08-09T08:45:18.172+0000] {logging_mixin.py:149} INFO - [2023-08-09T08:45:18.172+0000] {dagbag.py:541} INFO - Filling up the DagBag from /opt/airflow/dags/Chap5_2.py
[2023-08-09T08:45:18.191+0000] {processor.py:836} INFO - DAG(s) dict_keys(['Chap5_2_1']) retrieved from /opt/airflow/dags/Chap5_2.py
[2023-08-09T08:45:18.229+0000] {logging_mixin.py:149} INFO - [2023-08-09T08:45:18.229+0000] {dag.py:2726} INFO - Sync 1 DAGs
[2023-08-09T08:45:18.245+0000] {logging_mixin.py:149} INFO - [2023-08-09T08:45:18.245+0000] {dag.py:3486} INFO - Setting next_dagrun for Chap5_2_1 to 2023-08-06T00:00:00+00:00, run_after=2023-08-07T00:00:00+00:00
[2023-08-09T08:45:18.258+0000] {processor.py:179} INFO - Processing /opt/airflow/dags/Chap5_2.py took 0.093 seconds
[2023-08-09T08:45:49.647+0000] {processor.py:157} INFO - Started process (PID=8860) to work on /opt/airflow/dags/Chap5_2.py
[2023-08-09T08:45:49.649+0000] {processor.py:826} INFO - Processing file /opt/airflow/dags/Chap5_2.py for tasks to queue
[2023-08-09T08:45:49.650+0000] {logging_mixin.py:149} INFO - [2023-08-09T08:45:49.650+0000] {dagbag.py:541} INFO - Filling up the DagBag from /opt/airflow/dags/Chap5_2.py
[2023-08-09T08:45:49.674+0000] {processor.py:836} INFO - DAG(s) dict_keys(['Chap5_2_1']) retrieved from /opt/airflow/dags/Chap5_2.py
[2023-08-09T08:45:49.707+0000] {logging_mixin.py:149} INFO - [2023-08-09T08:45:49.707+0000] {dag.py:2726} INFO - Sync 1 DAGs
[2023-08-09T08:45:49.725+0000] {logging_mixin.py:149} INFO - [2023-08-09T08:45:49.725+0000] {dag.py:3486} INFO - Setting next_dagrun for Chap5_2_1 to 2023-08-06T00:00:00+00:00, run_after=2023-08-07T00:00:00+00:00
[2023-08-09T08:45:49.742+0000] {processor.py:179} INFO - Processing /opt/airflow/dags/Chap5_2.py took 0.099 seconds
[2023-08-09T08:46:20.799+0000] {processor.py:157} INFO - Started process (PID=8997) to work on /opt/airflow/dags/Chap5_2.py
[2023-08-09T08:46:20.801+0000] {processor.py:826} INFO - Processing file /opt/airflow/dags/Chap5_2.py for tasks to queue
[2023-08-09T08:46:20.803+0000] {logging_mixin.py:149} INFO - [2023-08-09T08:46:20.803+0000] {dagbag.py:541} INFO - Filling up the DagBag from /opt/airflow/dags/Chap5_2.py
[2023-08-09T08:46:20.822+0000] {processor.py:836} INFO - DAG(s) dict_keys(['Chap5_2_1']) retrieved from /opt/airflow/dags/Chap5_2.py
[2023-08-09T08:46:20.855+0000] {logging_mixin.py:149} INFO - [2023-08-09T08:46:20.855+0000] {dag.py:2726} INFO - Sync 1 DAGs
[2023-08-09T08:46:20.874+0000] {logging_mixin.py:149} INFO - [2023-08-09T08:46:20.874+0000] {dag.py:3486} INFO - Setting next_dagrun for Chap5_2_1 to 2023-08-06T00:00:00+00:00, run_after=2023-08-07T00:00:00+00:00
[2023-08-09T08:46:20.905+0000] {processor.py:179} INFO - Processing /opt/airflow/dags/Chap5_2.py took 0.109 seconds
[2023-08-09T08:46:51.799+0000] {processor.py:157} INFO - Started process (PID=9139) to work on /opt/airflow/dags/Chap5_2.py
[2023-08-09T08:46:51.801+0000] {processor.py:826} INFO - Processing file /opt/airflow/dags/Chap5_2.py for tasks to queue
[2023-08-09T08:46:51.802+0000] {logging_mixin.py:149} INFO - [2023-08-09T08:46:51.802+0000] {dagbag.py:541} INFO - Filling up the DagBag from /opt/airflow/dags/Chap5_2.py
[2023-08-09T08:46:51.817+0000] {processor.py:836} INFO - DAG(s) dict_keys(['Chap5_2_1']) retrieved from /opt/airflow/dags/Chap5_2.py
[2023-08-09T08:46:51.838+0000] {logging_mixin.py:149} INFO - [2023-08-09T08:46:51.838+0000] {dag.py:2726} INFO - Sync 1 DAGs
[2023-08-09T08:46:51.857+0000] {logging_mixin.py:149} INFO - [2023-08-09T08:46:51.857+0000] {dag.py:3486} INFO - Setting next_dagrun for Chap5_2_1 to 2023-08-06T00:00:00+00:00, run_after=2023-08-07T00:00:00+00:00
[2023-08-09T08:46:51.868+0000] {processor.py:179} INFO - Processing /opt/airflow/dags/Chap5_2.py took 0.072 seconds
[2023-08-09T08:47:22.800+0000] {processor.py:157} INFO - Started process (PID=9278) to work on /opt/airflow/dags/Chap5_2.py
[2023-08-09T08:47:22.806+0000] {processor.py:826} INFO - Processing file /opt/airflow/dags/Chap5_2.py for tasks to queue
[2023-08-09T08:47:22.808+0000] {logging_mixin.py:149} INFO - [2023-08-09T08:47:22.808+0000] {dagbag.py:541} INFO - Filling up the DagBag from /opt/airflow/dags/Chap5_2.py
[2023-08-09T08:47:22.824+0000] {processor.py:836} INFO - DAG(s) dict_keys(['Chap5_2_1']) retrieved from /opt/airflow/dags/Chap5_2.py
[2023-08-09T08:47:22.846+0000] {logging_mixin.py:149} INFO - [2023-08-09T08:47:22.846+0000] {dag.py:2726} INFO - Sync 1 DAGs
[2023-08-09T08:47:22.866+0000] {logging_mixin.py:149} INFO - [2023-08-09T08:47:22.866+0000] {dag.py:3486} INFO - Setting next_dagrun for Chap5_2_1 to 2023-08-06T00:00:00+00:00, run_after=2023-08-07T00:00:00+00:00
[2023-08-09T08:47:22.877+0000] {processor.py:179} INFO - Processing /opt/airflow/dags/Chap5_2.py took 0.080 seconds
[2023-08-09T08:47:53.681+0000] {processor.py:157} INFO - Started process (PID=9418) to work on /opt/airflow/dags/Chap5_2.py
[2023-08-09T08:47:53.683+0000] {processor.py:826} INFO - Processing file /opt/airflow/dags/Chap5_2.py for tasks to queue
[2023-08-09T08:47:53.685+0000] {logging_mixin.py:149} INFO - [2023-08-09T08:47:53.685+0000] {dagbag.py:541} INFO - Filling up the DagBag from /opt/airflow/dags/Chap5_2.py
[2023-08-09T08:47:53.701+0000] {processor.py:836} INFO - DAG(s) dict_keys(['Chap5_2_1']) retrieved from /opt/airflow/dags/Chap5_2.py
[2023-08-09T08:47:53.726+0000] {logging_mixin.py:149} INFO - [2023-08-09T08:47:53.726+0000] {dag.py:2726} INFO - Sync 1 DAGs
[2023-08-09T08:47:53.741+0000] {logging_mixin.py:149} INFO - [2023-08-09T08:47:53.741+0000] {dag.py:3486} INFO - Setting next_dagrun for Chap5_2_1 to 2023-08-06T00:00:00+00:00, run_after=2023-08-07T00:00:00+00:00
[2023-08-09T08:47:53.754+0000] {processor.py:179} INFO - Processing /opt/airflow/dags/Chap5_2.py took 0.076 seconds
[2023-08-09T08:48:24.602+0000] {processor.py:157} INFO - Started process (PID=9557) to work on /opt/airflow/dags/Chap5_2.py
[2023-08-09T08:48:24.604+0000] {processor.py:826} INFO - Processing file /opt/airflow/dags/Chap5_2.py for tasks to queue
[2023-08-09T08:48:24.605+0000] {logging_mixin.py:149} INFO - [2023-08-09T08:48:24.605+0000] {dagbag.py:541} INFO - Filling up the DagBag from /opt/airflow/dags/Chap5_2.py
[2023-08-09T08:48:24.623+0000] {processor.py:836} INFO - DAG(s) dict_keys(['Chap5_2_1']) retrieved from /opt/airflow/dags/Chap5_2.py
[2023-08-09T08:48:24.649+0000] {logging_mixin.py:149} INFO - [2023-08-09T08:48:24.649+0000] {dag.py:2726} INFO - Sync 1 DAGs
[2023-08-09T08:48:24.667+0000] {logging_mixin.py:149} INFO - [2023-08-09T08:48:24.667+0000] {dag.py:3486} INFO - Setting next_dagrun for Chap5_2_1 to 2023-08-06T00:00:00+00:00, run_after=2023-08-07T00:00:00+00:00
[2023-08-09T08:48:24.684+0000] {processor.py:179} INFO - Processing /opt/airflow/dags/Chap5_2.py took 0.087 seconds
[2023-08-09T08:48:55.494+0000] {processor.py:157} INFO - Started process (PID=9695) to work on /opt/airflow/dags/Chap5_2.py
[2023-08-09T08:48:55.498+0000] {processor.py:826} INFO - Processing file /opt/airflow/dags/Chap5_2.py for tasks to queue
[2023-08-09T08:48:55.500+0000] {logging_mixin.py:149} INFO - [2023-08-09T08:48:55.500+0000] {dagbag.py:541} INFO - Filling up the DagBag from /opt/airflow/dags/Chap5_2.py
[2023-08-09T08:48:55.514+0000] {processor.py:836} INFO - DAG(s) dict_keys(['Chap5_2_1']) retrieved from /opt/airflow/dags/Chap5_2.py
[2023-08-09T08:48:55.539+0000] {logging_mixin.py:149} INFO - [2023-08-09T08:48:55.539+0000] {dag.py:2726} INFO - Sync 1 DAGs
[2023-08-09T08:48:55.561+0000] {logging_mixin.py:149} INFO - [2023-08-09T08:48:55.561+0000] {dag.py:3486} INFO - Setting next_dagrun for Chap5_2_1 to 2023-08-06T00:00:00+00:00, run_after=2023-08-07T00:00:00+00:00
[2023-08-09T08:48:55.574+0000] {processor.py:179} INFO - Processing /opt/airflow/dags/Chap5_2.py took 0.083 seconds
[2023-08-09T08:49:26.492+0000] {processor.py:157} INFO - Started process (PID=9841) to work on /opt/airflow/dags/Chap5_2.py
[2023-08-09T08:49:26.500+0000] {processor.py:826} INFO - Processing file /opt/airflow/dags/Chap5_2.py for tasks to queue
[2023-08-09T08:49:26.502+0000] {logging_mixin.py:149} INFO - [2023-08-09T08:49:26.502+0000] {dagbag.py:541} INFO - Filling up the DagBag from /opt/airflow/dags/Chap5_2.py
[2023-08-09T08:49:26.519+0000] {processor.py:836} INFO - DAG(s) dict_keys(['Chap5_2_1']) retrieved from /opt/airflow/dags/Chap5_2.py
[2023-08-09T08:49:26.545+0000] {logging_mixin.py:149} INFO - [2023-08-09T08:49:26.545+0000] {dag.py:2726} INFO - Sync 1 DAGs
[2023-08-09T08:49:26.564+0000] {logging_mixin.py:149} INFO - [2023-08-09T08:49:26.564+0000] {dag.py:3486} INFO - Setting next_dagrun for Chap5_2_1 to 2023-08-06T00:00:00+00:00, run_after=2023-08-07T00:00:00+00:00
[2023-08-09T08:49:26.583+0000] {processor.py:179} INFO - Processing /opt/airflow/dags/Chap5_2.py took 0.094 seconds
[2023-08-09T08:49:57.099+0000] {processor.py:157} INFO - Started process (PID=9980) to work on /opt/airflow/dags/Chap5_2.py
[2023-08-09T08:49:57.101+0000] {processor.py:826} INFO - Processing file /opt/airflow/dags/Chap5_2.py for tasks to queue
[2023-08-09T08:49:57.103+0000] {logging_mixin.py:149} INFO - [2023-08-09T08:49:57.103+0000] {dagbag.py:541} INFO - Filling up the DagBag from /opt/airflow/dags/Chap5_2.py
[2023-08-09T08:49:57.131+0000] {processor.py:836} INFO - DAG(s) dict_keys(['Chap5_2_1']) retrieved from /opt/airflow/dags/Chap5_2.py
[2023-08-09T08:49:57.159+0000] {logging_mixin.py:149} INFO - [2023-08-09T08:49:57.159+0000] {dag.py:2726} INFO - Sync 1 DAGs
[2023-08-09T08:49:57.176+0000] {logging_mixin.py:149} INFO - [2023-08-09T08:49:57.176+0000] {dag.py:3486} INFO - Setting next_dagrun for Chap5_2_1 to 2023-08-06T00:00:00+00:00, run_after=2023-08-07T00:00:00+00:00
[2023-08-09T08:49:57.190+0000] {processor.py:179} INFO - Processing /opt/airflow/dags/Chap5_2.py took 0.094 seconds
[2023-08-09T08:50:28.025+0000] {processor.py:157} INFO - Started process (PID=10116) to work on /opt/airflow/dags/Chap5_2.py
[2023-08-09T08:50:28.027+0000] {processor.py:826} INFO - Processing file /opt/airflow/dags/Chap5_2.py for tasks to queue
[2023-08-09T08:50:28.029+0000] {logging_mixin.py:149} INFO - [2023-08-09T08:50:28.029+0000] {dagbag.py:541} INFO - Filling up the DagBag from /opt/airflow/dags/Chap5_2.py
[2023-08-09T08:50:28.047+0000] {processor.py:836} INFO - DAG(s) dict_keys(['Chap5_2_1']) retrieved from /opt/airflow/dags/Chap5_2.py
[2023-08-09T08:50:28.074+0000] {logging_mixin.py:149} INFO - [2023-08-09T08:50:28.074+0000] {dag.py:2726} INFO - Sync 1 DAGs
[2023-08-09T08:50:28.096+0000] {logging_mixin.py:149} INFO - [2023-08-09T08:50:28.096+0000] {dag.py:3486} INFO - Setting next_dagrun for Chap5_2_1 to 2023-08-06T00:00:00+00:00, run_after=2023-08-07T00:00:00+00:00
[2023-08-09T08:50:28.109+0000] {processor.py:179} INFO - Processing /opt/airflow/dags/Chap5_2.py took 0.089 seconds
[2023-08-09T08:50:58.311+0000] {processor.py:157} INFO - Started process (PID=10250) to work on /opt/airflow/dags/Chap5_2.py
[2023-08-09T08:50:58.314+0000] {processor.py:826} INFO - Processing file /opt/airflow/dags/Chap5_2.py for tasks to queue
[2023-08-09T08:50:58.316+0000] {logging_mixin.py:149} INFO - [2023-08-09T08:50:58.316+0000] {dagbag.py:541} INFO - Filling up the DagBag from /opt/airflow/dags/Chap5_2.py
[2023-08-09T08:50:58.331+0000] {processor.py:836} INFO - DAG(s) dict_keys(['Chap5_2_1']) retrieved from /opt/airflow/dags/Chap5_2.py
[2023-08-09T08:50:58.363+0000] {logging_mixin.py:149} INFO - [2023-08-09T08:50:58.363+0000] {dag.py:2726} INFO - Sync 1 DAGs
[2023-08-09T08:50:58.382+0000] {logging_mixin.py:149} INFO - [2023-08-09T08:50:58.382+0000] {dag.py:3486} INFO - Setting next_dagrun for Chap5_2_1 to 2023-08-06T00:00:00+00:00, run_after=2023-08-07T00:00:00+00:00
[2023-08-09T08:50:58.402+0000] {processor.py:179} INFO - Processing /opt/airflow/dags/Chap5_2.py took 0.094 seconds
[2023-08-09T08:51:28.883+0000] {processor.py:157} INFO - Started process (PID=10388) to work on /opt/airflow/dags/Chap5_2.py
[2023-08-09T08:51:28.885+0000] {processor.py:826} INFO - Processing file /opt/airflow/dags/Chap5_2.py for tasks to queue
[2023-08-09T08:51:28.887+0000] {logging_mixin.py:149} INFO - [2023-08-09T08:51:28.887+0000] {dagbag.py:541} INFO - Filling up the DagBag from /opt/airflow/dags/Chap5_2.py
[2023-08-09T08:51:28.906+0000] {processor.py:836} INFO - DAG(s) dict_keys(['Chap5_2_1']) retrieved from /opt/airflow/dags/Chap5_2.py
[2023-08-09T08:51:28.930+0000] {logging_mixin.py:149} INFO - [2023-08-09T08:51:28.930+0000] {dag.py:2726} INFO - Sync 1 DAGs
[2023-08-09T08:51:28.947+0000] {logging_mixin.py:149} INFO - [2023-08-09T08:51:28.947+0000] {dag.py:3486} INFO - Setting next_dagrun for Chap5_2_1 to 2023-08-06T00:00:00+00:00, run_after=2023-08-07T00:00:00+00:00
[2023-08-09T08:51:28.960+0000] {processor.py:179} INFO - Processing /opt/airflow/dags/Chap5_2.py took 0.081 seconds
[2023-08-09T08:51:59.257+0000] {processor.py:157} INFO - Started process (PID=10522) to work on /opt/airflow/dags/Chap5_2.py
[2023-08-09T08:51:59.259+0000] {processor.py:826} INFO - Processing file /opt/airflow/dags/Chap5_2.py for tasks to queue
[2023-08-09T08:51:59.265+0000] {logging_mixin.py:149} INFO - [2023-08-09T08:51:59.265+0000] {dagbag.py:541} INFO - Filling up the DagBag from /opt/airflow/dags/Chap5_2.py
[2023-08-09T08:51:59.282+0000] {processor.py:836} INFO - DAG(s) dict_keys(['Chap5_2_1']) retrieved from /opt/airflow/dags/Chap5_2.py
[2023-08-09T08:51:59.304+0000] {logging_mixin.py:149} INFO - [2023-08-09T08:51:59.304+0000] {dag.py:2726} INFO - Sync 1 DAGs
[2023-08-09T08:51:59.323+0000] {logging_mixin.py:149} INFO - [2023-08-09T08:51:59.323+0000] {dag.py:3486} INFO - Setting next_dagrun for Chap5_2_1 to 2023-08-06T00:00:00+00:00, run_after=2023-08-07T00:00:00+00:00
[2023-08-09T08:51:59.339+0000] {processor.py:179} INFO - Processing /opt/airflow/dags/Chap5_2.py took 0.084 seconds
