[2023-08-09T08:37:37.904+0000] {processor.py:157} INFO - Started process (PID=6670) to work on /opt/airflow/dags/Chap5_1.py
[2023-08-09T08:37:37.907+0000] {processor.py:826} INFO - Processing file /opt/airflow/dags/Chap5_1.py for tasks to queue
[2023-08-09T08:37:37.909+0000] {logging_mixin.py:149} INFO - [2023-08-09T08:37:37.909+0000] {dagbag.py:541} INFO - Filling up the DagBag from /opt/airflow/dags/Chap5_1.py
[2023-08-09T08:37:37.934+0000] {processor.py:836} INFO - DAG(s) dict_keys(['Chap5_1']) retrieved from /opt/airflow/dags/Chap5_1.py
[2023-08-09T08:37:37.961+0000] {logging_mixin.py:149} INFO - [2023-08-09T08:37:37.961+0000] {dag.py:2726} INFO - Sync 1 DAGs
[2023-08-09T08:37:37.982+0000] {logging_mixin.py:149} INFO - [2023-08-09T08:37:37.981+0000] {dag.py:3486} INFO - Setting next_dagrun for Chap5_1 to 2023-08-06T00:00:00+00:00, run_after=2023-08-07T00:00:00+00:00
[2023-08-09T08:37:37.996+0000] {processor.py:179} INFO - Processing /opt/airflow/dags/Chap5_1.py took 0.096 seconds
[2023-08-09T08:38:08.732+0000] {processor.py:157} INFO - Started process (PID=6809) to work on /opt/airflow/dags/Chap5_1.py
[2023-08-09T08:38:08.734+0000] {processor.py:826} INFO - Processing file /opt/airflow/dags/Chap5_1.py for tasks to queue
[2023-08-09T08:38:08.735+0000] {logging_mixin.py:149} INFO - [2023-08-09T08:38:08.735+0000] {dagbag.py:541} INFO - Filling up the DagBag from /opt/airflow/dags/Chap5_1.py
[2023-08-09T08:38:08.749+0000] {processor.py:836} INFO - DAG(s) dict_keys(['Chap5_1']) retrieved from /opt/airflow/dags/Chap5_1.py
[2023-08-09T08:38:08.774+0000] {logging_mixin.py:149} INFO - [2023-08-09T08:38:08.773+0000] {dag.py:2726} INFO - Sync 1 DAGs
[2023-08-09T08:38:08.790+0000] {logging_mixin.py:149} INFO - [2023-08-09T08:38:08.789+0000] {dag.py:3486} INFO - Setting next_dagrun for Chap5_1 to 2023-08-06T00:00:00+00:00, run_after=2023-08-07T00:00:00+00:00
[2023-08-09T08:38:08.802+0000] {processor.py:179} INFO - Processing /opt/airflow/dags/Chap5_1.py took 0.073 seconds
[2023-08-09T08:38:39.591+0000] {processor.py:157} INFO - Started process (PID=6949) to work on /opt/airflow/dags/Chap5_1.py
[2023-08-09T08:38:39.593+0000] {processor.py:826} INFO - Processing file /opt/airflow/dags/Chap5_1.py for tasks to queue
[2023-08-09T08:38:39.600+0000] {logging_mixin.py:149} INFO - [2023-08-09T08:38:39.599+0000] {dagbag.py:541} INFO - Filling up the DagBag from /opt/airflow/dags/Chap5_1.py
[2023-08-09T08:38:39.614+0000] {processor.py:836} INFO - DAG(s) dict_keys(['Chap5_1']) retrieved from /opt/airflow/dags/Chap5_1.py
[2023-08-09T08:38:39.636+0000] {logging_mixin.py:149} INFO - [2023-08-09T08:38:39.636+0000] {dag.py:2726} INFO - Sync 1 DAGs
[2023-08-09T08:38:39.651+0000] {logging_mixin.py:149} INFO - [2023-08-09T08:38:39.651+0000] {dag.py:3486} INFO - Setting next_dagrun for Chap5_1 to 2023-08-06T00:00:00+00:00, run_after=2023-08-07T00:00:00+00:00
[2023-08-09T08:38:39.664+0000] {processor.py:179} INFO - Processing /opt/airflow/dags/Chap5_1.py took 0.075 seconds
[2023-08-09T08:39:10.477+0000] {processor.py:157} INFO - Started process (PID=7088) to work on /opt/airflow/dags/Chap5_1.py
[2023-08-09T08:39:10.479+0000] {processor.py:826} INFO - Processing file /opt/airflow/dags/Chap5_1.py for tasks to queue
[2023-08-09T08:39:10.481+0000] {logging_mixin.py:149} INFO - [2023-08-09T08:39:10.481+0000] {dagbag.py:541} INFO - Filling up the DagBag from /opt/airflow/dags/Chap5_1.py
[2023-08-09T08:39:10.495+0000] {processor.py:836} INFO - DAG(s) dict_keys(['Chap5_1']) retrieved from /opt/airflow/dags/Chap5_1.py
[2023-08-09T08:39:10.522+0000] {logging_mixin.py:149} INFO - [2023-08-09T08:39:10.521+0000] {dag.py:2726} INFO - Sync 1 DAGs
[2023-08-09T08:39:10.537+0000] {logging_mixin.py:149} INFO - [2023-08-09T08:39:10.537+0000] {dag.py:3486} INFO - Setting next_dagrun for Chap5_1 to 2023-08-06T00:00:00+00:00, run_after=2023-08-07T00:00:00+00:00
[2023-08-09T08:39:10.551+0000] {processor.py:179} INFO - Processing /opt/airflow/dags/Chap5_1.py took 0.076 seconds
[2023-08-09T08:39:41.104+0000] {processor.py:157} INFO - Started process (PID=7227) to work on /opt/airflow/dags/Chap5_1.py
[2023-08-09T08:39:41.107+0000] {processor.py:826} INFO - Processing file /opt/airflow/dags/Chap5_1.py for tasks to queue
[2023-08-09T08:39:41.108+0000] {logging_mixin.py:149} INFO - [2023-08-09T08:39:41.108+0000] {dagbag.py:541} INFO - Filling up the DagBag from /opt/airflow/dags/Chap5_1.py
[2023-08-09T08:39:41.122+0000] {processor.py:836} INFO - DAG(s) dict_keys(['Chap5_1']) retrieved from /opt/airflow/dags/Chap5_1.py
[2023-08-09T08:39:41.144+0000] {logging_mixin.py:149} INFO - [2023-08-09T08:39:41.144+0000] {dag.py:2726} INFO - Sync 1 DAGs
[2023-08-09T08:39:41.158+0000] {logging_mixin.py:149} INFO - [2023-08-09T08:39:41.158+0000] {dag.py:3486} INFO - Setting next_dagrun for Chap5_1 to 2023-08-06T00:00:00+00:00, run_after=2023-08-07T00:00:00+00:00
[2023-08-09T08:39:41.169+0000] {processor.py:179} INFO - Processing /opt/airflow/dags/Chap5_1.py took 0.069 seconds
[2023-08-09T08:40:11.931+0000] {processor.py:157} INFO - Started process (PID=7366) to work on /opt/airflow/dags/Chap5_1.py
[2023-08-09T08:40:11.933+0000] {processor.py:826} INFO - Processing file /opt/airflow/dags/Chap5_1.py for tasks to queue
[2023-08-09T08:40:11.934+0000] {logging_mixin.py:149} INFO - [2023-08-09T08:40:11.934+0000] {dagbag.py:541} INFO - Filling up the DagBag from /opt/airflow/dags/Chap5_1.py
[2023-08-09T08:40:11.949+0000] {processor.py:836} INFO - DAG(s) dict_keys(['Chap5_1']) retrieved from /opt/airflow/dags/Chap5_1.py
[2023-08-09T08:40:11.975+0000] {logging_mixin.py:149} INFO - [2023-08-09T08:40:11.974+0000] {dag.py:2726} INFO - Sync 1 DAGs
[2023-08-09T08:40:11.990+0000] {logging_mixin.py:149} INFO - [2023-08-09T08:40:11.990+0000] {dag.py:3486} INFO - Setting next_dagrun for Chap5_1 to 2023-08-06T00:00:00+00:00, run_after=2023-08-07T00:00:00+00:00
[2023-08-09T08:40:12.003+0000] {processor.py:179} INFO - Processing /opt/airflow/dags/Chap5_1.py took 0.075 seconds
[2023-08-09T08:40:42.408+0000] {processor.py:157} INFO - Started process (PID=7505) to work on /opt/airflow/dags/Chap5_1.py
[2023-08-09T08:40:42.410+0000] {processor.py:826} INFO - Processing file /opt/airflow/dags/Chap5_1.py for tasks to queue
[2023-08-09T08:40:42.413+0000] {logging_mixin.py:149} INFO - [2023-08-09T08:40:42.412+0000] {dagbag.py:541} INFO - Filling up the DagBag from /opt/airflow/dags/Chap5_1.py
[2023-08-09T08:40:42.427+0000] {processor.py:836} INFO - DAG(s) dict_keys(['Chap5_1']) retrieved from /opt/airflow/dags/Chap5_1.py
[2023-08-09T08:40:42.459+0000] {logging_mixin.py:149} INFO - [2023-08-09T08:40:42.459+0000] {dag.py:2726} INFO - Sync 1 DAGs
[2023-08-09T08:40:42.473+0000] {logging_mixin.py:149} INFO - [2023-08-09T08:40:42.473+0000] {dag.py:3486} INFO - Setting next_dagrun for Chap5_1 to 2023-08-06T00:00:00+00:00, run_after=2023-08-07T00:00:00+00:00
[2023-08-09T08:40:42.484+0000] {processor.py:179} INFO - Processing /opt/airflow/dags/Chap5_1.py took 0.080 seconds
[2023-08-09T08:41:12.973+0000] {processor.py:157} INFO - Started process (PID=7644) to work on /opt/airflow/dags/Chap5_1.py
[2023-08-09T08:41:12.977+0000] {processor.py:826} INFO - Processing file /opt/airflow/dags/Chap5_1.py for tasks to queue
[2023-08-09T08:41:12.979+0000] {logging_mixin.py:149} INFO - [2023-08-09T08:41:12.979+0000] {dagbag.py:541} INFO - Filling up the DagBag from /opt/airflow/dags/Chap5_1.py
[2023-08-09T08:41:12.993+0000] {processor.py:836} INFO - DAG(s) dict_keys(['Chap5_1']) retrieved from /opt/airflow/dags/Chap5_1.py
[2023-08-09T08:41:13.019+0000] {logging_mixin.py:149} INFO - [2023-08-09T08:41:13.019+0000] {dag.py:2726} INFO - Sync 1 DAGs
[2023-08-09T08:41:13.035+0000] {logging_mixin.py:149} INFO - [2023-08-09T08:41:13.035+0000] {dag.py:3486} INFO - Setting next_dagrun for Chap5_1 to 2023-08-06T00:00:00+00:00, run_after=2023-08-07T00:00:00+00:00
[2023-08-09T08:41:13.048+0000] {processor.py:179} INFO - Processing /opt/airflow/dags/Chap5_1.py took 0.078 seconds
[2023-08-09T08:41:43.628+0000] {processor.py:157} INFO - Started process (PID=7783) to work on /opt/airflow/dags/Chap5_1.py
[2023-08-09T08:41:43.630+0000] {processor.py:826} INFO - Processing file /opt/airflow/dags/Chap5_1.py for tasks to queue
[2023-08-09T08:41:43.632+0000] {logging_mixin.py:149} INFO - [2023-08-09T08:41:43.632+0000] {dagbag.py:541} INFO - Filling up the DagBag from /opt/airflow/dags/Chap5_1.py
[2023-08-09T08:41:43.647+0000] {processor.py:836} INFO - DAG(s) dict_keys(['Chap5_1']) retrieved from /opt/airflow/dags/Chap5_1.py
[2023-08-09T08:41:43.668+0000] {logging_mixin.py:149} INFO - [2023-08-09T08:41:43.668+0000] {dag.py:2726} INFO - Sync 1 DAGs
[2023-08-09T08:41:43.683+0000] {logging_mixin.py:149} INFO - [2023-08-09T08:41:43.683+0000] {dag.py:3486} INFO - Setting next_dagrun for Chap5_1 to 2023-08-06T00:00:00+00:00, run_after=2023-08-07T00:00:00+00:00
[2023-08-09T08:41:43.695+0000] {processor.py:179} INFO - Processing /opt/airflow/dags/Chap5_1.py took 0.069 seconds
[2023-08-09T08:42:14.148+0000] {processor.py:157} INFO - Started process (PID=7920) to work on /opt/airflow/dags/Chap5_1.py
[2023-08-09T08:42:14.150+0000] {processor.py:826} INFO - Processing file /opt/airflow/dags/Chap5_1.py for tasks to queue
[2023-08-09T08:42:14.151+0000] {logging_mixin.py:149} INFO - [2023-08-09T08:42:14.151+0000] {dagbag.py:541} INFO - Filling up the DagBag from /opt/airflow/dags/Chap5_1.py
[2023-08-09T08:42:14.165+0000] {processor.py:836} INFO - DAG(s) dict_keys(['Chap5_1']) retrieved from /opt/airflow/dags/Chap5_1.py
[2023-08-09T08:42:14.189+0000] {logging_mixin.py:149} INFO - [2023-08-09T08:42:14.189+0000] {dag.py:2726} INFO - Sync 1 DAGs
[2023-08-09T08:42:14.207+0000] {logging_mixin.py:149} INFO - [2023-08-09T08:42:14.207+0000] {dag.py:3486} INFO - Setting next_dagrun for Chap5_1 to 2023-08-06T00:00:00+00:00, run_after=2023-08-07T00:00:00+00:00
[2023-08-09T08:42:14.220+0000] {processor.py:179} INFO - Processing /opt/airflow/dags/Chap5_1.py took 0.075 seconds
[2023-08-09T08:42:44.577+0000] {processor.py:157} INFO - Started process (PID=8059) to work on /opt/airflow/dags/Chap5_1.py
[2023-08-09T08:42:44.579+0000] {processor.py:826} INFO - Processing file /opt/airflow/dags/Chap5_1.py for tasks to queue
[2023-08-09T08:42:44.580+0000] {logging_mixin.py:149} INFO - [2023-08-09T08:42:44.580+0000] {dagbag.py:541} INFO - Filling up the DagBag from /opt/airflow/dags/Chap5_1.py
[2023-08-09T08:42:44.594+0000] {processor.py:836} INFO - DAG(s) dict_keys(['Chap5_1']) retrieved from /opt/airflow/dags/Chap5_1.py
[2023-08-09T08:42:44.617+0000] {logging_mixin.py:149} INFO - [2023-08-09T08:42:44.617+0000] {dag.py:2726} INFO - Sync 1 DAGs
[2023-08-09T08:42:44.634+0000] {logging_mixin.py:149} INFO - [2023-08-09T08:42:44.634+0000] {dag.py:3486} INFO - Setting next_dagrun for Chap5_1 to 2023-08-06T00:00:00+00:00, run_after=2023-08-07T00:00:00+00:00
[2023-08-09T08:42:44.654+0000] {processor.py:179} INFO - Processing /opt/airflow/dags/Chap5_1.py took 0.080 seconds
[2023-08-09T08:43:15.023+0000] {processor.py:157} INFO - Started process (PID=8198) to work on /opt/airflow/dags/Chap5_1.py
[2023-08-09T08:43:15.025+0000] {processor.py:826} INFO - Processing file /opt/airflow/dags/Chap5_1.py for tasks to queue
[2023-08-09T08:43:15.026+0000] {logging_mixin.py:149} INFO - [2023-08-09T08:43:15.026+0000] {dagbag.py:541} INFO - Filling up the DagBag from /opt/airflow/dags/Chap5_1.py
[2023-08-09T08:43:15.040+0000] {processor.py:836} INFO - DAG(s) dict_keys(['Chap5_1']) retrieved from /opt/airflow/dags/Chap5_1.py
[2023-08-09T08:43:15.062+0000] {logging_mixin.py:149} INFO - [2023-08-09T08:43:15.062+0000] {dag.py:2726} INFO - Sync 1 DAGs
[2023-08-09T08:43:15.080+0000] {logging_mixin.py:149} INFO - [2023-08-09T08:43:15.080+0000] {dag.py:3486} INFO - Setting next_dagrun for Chap5_1 to 2023-08-06T00:00:00+00:00, run_after=2023-08-07T00:00:00+00:00
[2023-08-09T08:43:15.114+0000] {processor.py:179} INFO - Processing /opt/airflow/dags/Chap5_1.py took 0.095 seconds
[2023-08-09T08:43:46.400+0000] {processor.py:157} INFO - Started process (PID=8337) to work on /opt/airflow/dags/Chap5_1.py
[2023-08-09T08:43:46.402+0000] {processor.py:826} INFO - Processing file /opt/airflow/dags/Chap5_1.py for tasks to queue
[2023-08-09T08:43:46.406+0000] {logging_mixin.py:149} INFO - [2023-08-09T08:43:46.406+0000] {dagbag.py:541} INFO - Filling up the DagBag from /opt/airflow/dags/Chap5_1.py
[2023-08-09T08:43:46.422+0000] {processor.py:836} INFO - DAG(s) dict_keys(['Chap5_1']) retrieved from /opt/airflow/dags/Chap5_1.py
[2023-08-09T08:43:46.450+0000] {logging_mixin.py:149} INFO - [2023-08-09T08:43:46.450+0000] {dag.py:2726} INFO - Sync 1 DAGs
[2023-08-09T08:43:46.467+0000] {logging_mixin.py:149} INFO - [2023-08-09T08:43:46.467+0000] {dag.py:3486} INFO - Setting next_dagrun for Chap5_1 to 2023-08-06T00:00:00+00:00, run_after=2023-08-07T00:00:00+00:00
[2023-08-09T08:43:46.482+0000] {processor.py:179} INFO - Processing /opt/airflow/dags/Chap5_1.py took 0.085 seconds
[2023-08-09T08:44:17.050+0000] {processor.py:157} INFO - Started process (PID=8476) to work on /opt/airflow/dags/Chap5_1.py
[2023-08-09T08:44:17.052+0000] {processor.py:826} INFO - Processing file /opt/airflow/dags/Chap5_1.py for tasks to queue
[2023-08-09T08:44:17.053+0000] {logging_mixin.py:149} INFO - [2023-08-09T08:44:17.053+0000] {dagbag.py:541} INFO - Filling up the DagBag from /opt/airflow/dags/Chap5_1.py
[2023-08-09T08:44:17.075+0000] {processor.py:836} INFO - DAG(s) dict_keys(['Chap5_1']) retrieved from /opt/airflow/dags/Chap5_1.py
[2023-08-09T08:44:17.105+0000] {logging_mixin.py:149} INFO - [2023-08-09T08:44:17.105+0000] {dag.py:2726} INFO - Sync 1 DAGs
[2023-08-09T08:44:17.121+0000] {logging_mixin.py:149} INFO - [2023-08-09T08:44:17.121+0000] {dag.py:3486} INFO - Setting next_dagrun for Chap5_1 to 2023-08-06T00:00:00+00:00, run_after=2023-08-07T00:00:00+00:00
[2023-08-09T08:44:17.136+0000] {processor.py:179} INFO - Processing /opt/airflow/dags/Chap5_1.py took 0.089 seconds
[2023-08-09T08:44:47.850+0000] {processor.py:157} INFO - Started process (PID=8615) to work on /opt/airflow/dags/Chap5_1.py
[2023-08-09T08:44:47.852+0000] {processor.py:826} INFO - Processing file /opt/airflow/dags/Chap5_1.py for tasks to queue
[2023-08-09T08:44:47.860+0000] {logging_mixin.py:149} INFO - [2023-08-09T08:44:47.860+0000] {dagbag.py:541} INFO - Filling up the DagBag from /opt/airflow/dags/Chap5_1.py
[2023-08-09T08:44:47.876+0000] {processor.py:836} INFO - DAG(s) dict_keys(['Chap5_1']) retrieved from /opt/airflow/dags/Chap5_1.py
[2023-08-09T08:44:47.902+0000] {logging_mixin.py:149} INFO - [2023-08-09T08:44:47.902+0000] {dag.py:2726} INFO - Sync 1 DAGs
[2023-08-09T08:44:47.919+0000] {logging_mixin.py:149} INFO - [2023-08-09T08:44:47.919+0000] {dag.py:3486} INFO - Setting next_dagrun for Chap5_1 to 2023-08-06T00:00:00+00:00, run_after=2023-08-07T00:00:00+00:00
[2023-08-09T08:44:47.935+0000] {processor.py:179} INFO - Processing /opt/airflow/dags/Chap5_1.py took 0.089 seconds
[2023-08-09T08:45:18.607+0000] {processor.py:157} INFO - Started process (PID=8754) to work on /opt/airflow/dags/Chap5_1.py
[2023-08-09T08:45:18.609+0000] {processor.py:826} INFO - Processing file /opt/airflow/dags/Chap5_1.py for tasks to queue
[2023-08-09T08:45:18.611+0000] {logging_mixin.py:149} INFO - [2023-08-09T08:45:18.611+0000] {dagbag.py:541} INFO - Filling up the DagBag from /opt/airflow/dags/Chap5_1.py
[2023-08-09T08:45:18.626+0000] {processor.py:836} INFO - DAG(s) dict_keys(['Chap5_1']) retrieved from /opt/airflow/dags/Chap5_1.py
[2023-08-09T08:45:18.649+0000] {logging_mixin.py:149} INFO - [2023-08-09T08:45:18.649+0000] {dag.py:2726} INFO - Sync 1 DAGs
[2023-08-09T08:45:18.667+0000] {logging_mixin.py:149} INFO - [2023-08-09T08:45:18.667+0000] {dag.py:3486} INFO - Setting next_dagrun for Chap5_1 to 2023-08-06T00:00:00+00:00, run_after=2023-08-07T00:00:00+00:00
[2023-08-09T08:45:18.684+0000] {processor.py:179} INFO - Processing /opt/airflow/dags/Chap5_1.py took 0.079 seconds
[2023-08-09T08:45:50.196+0000] {processor.py:157} INFO - Started process (PID=8893) to work on /opt/airflow/dags/Chap5_1.py
[2023-08-09T08:45:50.198+0000] {processor.py:826} INFO - Processing file /opt/airflow/dags/Chap5_1.py for tasks to queue
[2023-08-09T08:45:50.200+0000] {logging_mixin.py:149} INFO - [2023-08-09T08:45:50.200+0000] {dagbag.py:541} INFO - Filling up the DagBag from /opt/airflow/dags/Chap5_1.py
[2023-08-09T08:45:50.219+0000] {processor.py:836} INFO - DAG(s) dict_keys(['Chap5_1']) retrieved from /opt/airflow/dags/Chap5_1.py
[2023-08-09T08:45:50.251+0000] {logging_mixin.py:149} INFO - [2023-08-09T08:45:50.251+0000] {dag.py:2726} INFO - Sync 1 DAGs
[2023-08-09T08:45:50.271+0000] {logging_mixin.py:149} INFO - [2023-08-09T08:45:50.271+0000] {dag.py:3486} INFO - Setting next_dagrun for Chap5_1 to 2023-08-06T00:00:00+00:00, run_after=2023-08-07T00:00:00+00:00
[2023-08-09T08:45:50.288+0000] {processor.py:179} INFO - Processing /opt/airflow/dags/Chap5_1.py took 0.095 seconds
[2023-08-09T08:46:21.329+0000] {processor.py:157} INFO - Started process (PID=9032) to work on /opt/airflow/dags/Chap5_1.py
[2023-08-09T08:46:21.331+0000] {processor.py:826} INFO - Processing file /opt/airflow/dags/Chap5_1.py for tasks to queue
[2023-08-09T08:46:21.333+0000] {logging_mixin.py:149} INFO - [2023-08-09T08:46:21.333+0000] {dagbag.py:541} INFO - Filling up the DagBag from /opt/airflow/dags/Chap5_1.py
[2023-08-09T08:46:21.350+0000] {processor.py:836} INFO - DAG(s) dict_keys(['Chap5_1']) retrieved from /opt/airflow/dags/Chap5_1.py
[2023-08-09T08:46:21.372+0000] {logging_mixin.py:149} INFO - [2023-08-09T08:46:21.371+0000] {dag.py:2726} INFO - Sync 1 DAGs
[2023-08-09T08:46:21.391+0000] {logging_mixin.py:149} INFO - [2023-08-09T08:46:21.391+0000] {dag.py:3486} INFO - Setting next_dagrun for Chap5_1 to 2023-08-06T00:00:00+00:00, run_after=2023-08-07T00:00:00+00:00
[2023-08-09T08:46:21.411+0000] {processor.py:179} INFO - Processing /opt/airflow/dags/Chap5_1.py took 0.085 seconds
[2023-08-09T08:46:52.350+0000] {processor.py:157} INFO - Started process (PID=9172) to work on /opt/airflow/dags/Chap5_1.py
[2023-08-09T08:46:52.352+0000] {processor.py:826} INFO - Processing file /opt/airflow/dags/Chap5_1.py for tasks to queue
[2023-08-09T08:46:52.355+0000] {logging_mixin.py:149} INFO - [2023-08-09T08:46:52.355+0000] {dagbag.py:541} INFO - Filling up the DagBag from /opt/airflow/dags/Chap5_1.py
[2023-08-09T08:46:52.377+0000] {processor.py:836} INFO - DAG(s) dict_keys(['Chap5_1']) retrieved from /opt/airflow/dags/Chap5_1.py
[2023-08-09T08:46:52.412+0000] {logging_mixin.py:149} INFO - [2023-08-09T08:46:52.411+0000] {dag.py:2726} INFO - Sync 1 DAGs
[2023-08-09T08:46:52.432+0000] {logging_mixin.py:149} INFO - [2023-08-09T08:46:52.432+0000] {dag.py:3486} INFO - Setting next_dagrun for Chap5_1 to 2023-08-06T00:00:00+00:00, run_after=2023-08-07T00:00:00+00:00
[2023-08-09T08:46:52.449+0000] {processor.py:179} INFO - Processing /opt/airflow/dags/Chap5_1.py took 0.103 seconds
[2023-08-09T08:47:23.411+0000] {processor.py:157} INFO - Started process (PID=9313) to work on /opt/airflow/dags/Chap5_1.py
[2023-08-09T08:47:23.415+0000] {processor.py:826} INFO - Processing file /opt/airflow/dags/Chap5_1.py for tasks to queue
[2023-08-09T08:47:23.417+0000] {logging_mixin.py:149} INFO - [2023-08-09T08:47:23.416+0000] {dagbag.py:541} INFO - Filling up the DagBag from /opt/airflow/dags/Chap5_1.py
[2023-08-09T08:47:23.441+0000] {processor.py:836} INFO - DAG(s) dict_keys(['Chap5_1']) retrieved from /opt/airflow/dags/Chap5_1.py
[2023-08-09T08:47:23.472+0000] {logging_mixin.py:149} INFO - [2023-08-09T08:47:23.472+0000] {dag.py:2726} INFO - Sync 1 DAGs
[2023-08-09T08:47:23.487+0000] {logging_mixin.py:149} INFO - [2023-08-09T08:47:23.487+0000] {dag.py:3486} INFO - Setting next_dagrun for Chap5_1 to 2023-08-06T00:00:00+00:00, run_after=2023-08-07T00:00:00+00:00
[2023-08-09T08:47:23.510+0000] {processor.py:179} INFO - Processing /opt/airflow/dags/Chap5_1.py took 0.102 seconds
[2023-08-09T08:47:54.321+0000] {processor.py:157} INFO - Started process (PID=9453) to work on /opt/airflow/dags/Chap5_1.py
[2023-08-09T08:47:54.323+0000] {processor.py:826} INFO - Processing file /opt/airflow/dags/Chap5_1.py for tasks to queue
[2023-08-09T08:47:54.325+0000] {logging_mixin.py:149} INFO - [2023-08-09T08:47:54.325+0000] {dagbag.py:541} INFO - Filling up the DagBag from /opt/airflow/dags/Chap5_1.py
[2023-08-09T08:47:54.342+0000] {processor.py:836} INFO - DAG(s) dict_keys(['Chap5_1']) retrieved from /opt/airflow/dags/Chap5_1.py
[2023-08-09T08:47:54.381+0000] {logging_mixin.py:149} INFO - [2023-08-09T08:47:54.381+0000] {dag.py:2726} INFO - Sync 1 DAGs
[2023-08-09T08:47:54.397+0000] {logging_mixin.py:149} INFO - [2023-08-09T08:47:54.397+0000] {dag.py:3486} INFO - Setting next_dagrun for Chap5_1 to 2023-08-06T00:00:00+00:00, run_after=2023-08-07T00:00:00+00:00
[2023-08-09T08:47:54.410+0000] {processor.py:179} INFO - Processing /opt/airflow/dags/Chap5_1.py took 0.092 seconds
[2023-08-09T08:48:25.326+0000] {processor.py:157} INFO - Started process (PID=9592) to work on /opt/airflow/dags/Chap5_1.py
[2023-08-09T08:48:25.328+0000] {processor.py:826} INFO - Processing file /opt/airflow/dags/Chap5_1.py for tasks to queue
[2023-08-09T08:48:25.350+0000] {logging_mixin.py:149} INFO - [2023-08-09T08:48:25.350+0000] {dagbag.py:541} INFO - Filling up the DagBag from /opt/airflow/dags/Chap5_1.py
[2023-08-09T08:48:25.368+0000] {processor.py:836} INFO - DAG(s) dict_keys(['Chap5_1']) retrieved from /opt/airflow/dags/Chap5_1.py
[2023-08-09T08:48:25.391+0000] {logging_mixin.py:149} INFO - [2023-08-09T08:48:25.391+0000] {dag.py:2726} INFO - Sync 1 DAGs
[2023-08-09T08:48:25.408+0000] {logging_mixin.py:149} INFO - [2023-08-09T08:48:25.408+0000] {dag.py:3486} INFO - Setting next_dagrun for Chap5_1 to 2023-08-06T00:00:00+00:00, run_after=2023-08-07T00:00:00+00:00
[2023-08-09T08:48:25.424+0000] {processor.py:179} INFO - Processing /opt/airflow/dags/Chap5_1.py took 0.103 seconds
[2023-08-09T08:48:55.917+0000] {processor.py:157} INFO - Started process (PID=9728) to work on /opt/airflow/dags/Chap5_1.py
[2023-08-09T08:48:55.919+0000] {processor.py:826} INFO - Processing file /opt/airflow/dags/Chap5_1.py for tasks to queue
[2023-08-09T08:48:55.921+0000] {logging_mixin.py:149} INFO - [2023-08-09T08:48:55.921+0000] {dagbag.py:541} INFO - Filling up the DagBag from /opt/airflow/dags/Chap5_1.py
[2023-08-09T08:48:55.938+0000] {processor.py:836} INFO - DAG(s) dict_keys(['Chap5_1']) retrieved from /opt/airflow/dags/Chap5_1.py
[2023-08-09T08:48:55.962+0000] {logging_mixin.py:149} INFO - [2023-08-09T08:48:55.961+0000] {dag.py:2726} INFO - Sync 1 DAGs
[2023-08-09T08:48:55.979+0000] {logging_mixin.py:149} INFO - [2023-08-09T08:48:55.979+0000] {dag.py:3486} INFO - Setting next_dagrun for Chap5_1 to 2023-08-06T00:00:00+00:00, run_after=2023-08-07T00:00:00+00:00
[2023-08-09T08:48:55.993+0000] {processor.py:179} INFO - Processing /opt/airflow/dags/Chap5_1.py took 0.079 seconds
[2023-08-09T08:49:26.962+0000] {processor.py:157} INFO - Started process (PID=9874) to work on /opt/airflow/dags/Chap5_1.py
[2023-08-09T08:49:26.984+0000] {processor.py:826} INFO - Processing file /opt/airflow/dags/Chap5_1.py for tasks to queue
[2023-08-09T08:49:26.986+0000] {logging_mixin.py:149} INFO - [2023-08-09T08:49:26.986+0000] {dagbag.py:541} INFO - Filling up the DagBag from /opt/airflow/dags/Chap5_1.py
[2023-08-09T08:49:27.000+0000] {processor.py:836} INFO - DAG(s) dict_keys(['Chap5_1']) retrieved from /opt/airflow/dags/Chap5_1.py
[2023-08-09T08:49:27.027+0000] {logging_mixin.py:149} INFO - [2023-08-09T08:49:27.027+0000] {dag.py:2726} INFO - Sync 1 DAGs
[2023-08-09T08:49:27.051+0000] {logging_mixin.py:149} INFO - [2023-08-09T08:49:27.051+0000] {dag.py:3486} INFO - Setting next_dagrun for Chap5_1 to 2023-08-06T00:00:00+00:00, run_after=2023-08-07T00:00:00+00:00
[2023-08-09T08:49:27.069+0000] {processor.py:179} INFO - Processing /opt/airflow/dags/Chap5_1.py took 0.110 seconds
[2023-08-09T08:49:57.543+0000] {processor.py:157} INFO - Started process (PID=10013) to work on /opt/airflow/dags/Chap5_1.py
[2023-08-09T08:49:57.545+0000] {processor.py:826} INFO - Processing file /opt/airflow/dags/Chap5_1.py for tasks to queue
[2023-08-09T08:49:57.546+0000] {logging_mixin.py:149} INFO - [2023-08-09T08:49:57.546+0000] {dagbag.py:541} INFO - Filling up the DagBag from /opt/airflow/dags/Chap5_1.py
[2023-08-09T08:49:57.565+0000] {processor.py:836} INFO - DAG(s) dict_keys(['Chap5_1']) retrieved from /opt/airflow/dags/Chap5_1.py
[2023-08-09T08:49:57.588+0000] {logging_mixin.py:149} INFO - [2023-08-09T08:49:57.588+0000] {dag.py:2726} INFO - Sync 1 DAGs
[2023-08-09T08:49:57.610+0000] {logging_mixin.py:149} INFO - [2023-08-09T08:49:57.610+0000] {dag.py:3486} INFO - Setting next_dagrun for Chap5_1 to 2023-08-06T00:00:00+00:00, run_after=2023-08-07T00:00:00+00:00
[2023-08-09T08:49:57.627+0000] {processor.py:179} INFO - Processing /opt/airflow/dags/Chap5_1.py took 0.087 seconds
[2023-08-09T08:50:28.654+0000] {processor.py:157} INFO - Started process (PID=10152) to work on /opt/airflow/dags/Chap5_1.py
[2023-08-09T08:50:28.656+0000] {processor.py:826} INFO - Processing file /opt/airflow/dags/Chap5_1.py for tasks to queue
[2023-08-09T08:50:28.658+0000] {logging_mixin.py:149} INFO - [2023-08-09T08:50:28.658+0000] {dagbag.py:541} INFO - Filling up the DagBag from /opt/airflow/dags/Chap5_1.py
[2023-08-09T08:50:28.672+0000] {processor.py:836} INFO - DAG(s) dict_keys(['Chap5_1']) retrieved from /opt/airflow/dags/Chap5_1.py
[2023-08-09T08:50:28.694+0000] {logging_mixin.py:149} INFO - [2023-08-09T08:50:28.694+0000] {dag.py:2726} INFO - Sync 1 DAGs
[2023-08-09T08:50:28.720+0000] {logging_mixin.py:149} INFO - [2023-08-09T08:50:28.720+0000] {dag.py:3486} INFO - Setting next_dagrun for Chap5_1 to 2023-08-06T00:00:00+00:00, run_after=2023-08-07T00:00:00+00:00
[2023-08-09T08:50:28.735+0000] {processor.py:179} INFO - Processing /opt/airflow/dags/Chap5_1.py took 0.085 seconds
[2023-08-09T08:50:59.266+0000] {processor.py:157} INFO - Started process (PID=10291) to work on /opt/airflow/dags/Chap5_1.py
[2023-08-09T08:50:59.267+0000] {processor.py:826} INFO - Processing file /opt/airflow/dags/Chap5_1.py for tasks to queue
[2023-08-09T08:50:59.269+0000] {logging_mixin.py:149} INFO - [2023-08-09T08:50:59.269+0000] {dagbag.py:541} INFO - Filling up the DagBag from /opt/airflow/dags/Chap5_1.py
[2023-08-09T08:50:59.299+0000] {processor.py:836} INFO - DAG(s) dict_keys(['Chap5_1']) retrieved from /opt/airflow/dags/Chap5_1.py
[2023-08-09T08:50:59.322+0000] {logging_mixin.py:149} INFO - [2023-08-09T08:50:59.322+0000] {dag.py:2726} INFO - Sync 1 DAGs
[2023-08-09T08:50:59.338+0000] {logging_mixin.py:149} INFO - [2023-08-09T08:50:59.338+0000] {dag.py:3486} INFO - Setting next_dagrun for Chap5_1 to 2023-08-06T00:00:00+00:00, run_after=2023-08-07T00:00:00+00:00
[2023-08-09T08:50:59.349+0000] {processor.py:179} INFO - Processing /opt/airflow/dags/Chap5_1.py took 0.087 seconds
[2023-08-09T08:51:29.759+0000] {processor.py:157} INFO - Started process (PID=10430) to work on /opt/airflow/dags/Chap5_1.py
[2023-08-09T08:51:29.762+0000] {processor.py:826} INFO - Processing file /opt/airflow/dags/Chap5_1.py for tasks to queue
[2023-08-09T08:51:29.763+0000] {logging_mixin.py:149} INFO - [2023-08-09T08:51:29.763+0000] {dagbag.py:541} INFO - Filling up the DagBag from /opt/airflow/dags/Chap5_1.py
[2023-08-09T08:51:29.780+0000] {processor.py:836} INFO - DAG(s) dict_keys(['Chap5_1']) retrieved from /opt/airflow/dags/Chap5_1.py
[2023-08-09T08:51:29.804+0000] {logging_mixin.py:149} INFO - [2023-08-09T08:51:29.804+0000] {dag.py:2726} INFO - Sync 1 DAGs
[2023-08-09T08:51:29.822+0000] {logging_mixin.py:149} INFO - [2023-08-09T08:51:29.822+0000] {dag.py:3486} INFO - Setting next_dagrun for Chap5_1 to 2023-08-06T00:00:00+00:00, run_after=2023-08-07T00:00:00+00:00
[2023-08-09T08:51:29.853+0000] {processor.py:179} INFO - Processing /opt/airflow/dags/Chap5_1.py took 0.096 seconds
[2023-08-09T08:52:00.369+0000] {processor.py:157} INFO - Started process (PID=10571) to work on /opt/airflow/dags/Chap5_1.py
[2023-08-09T08:52:00.371+0000] {processor.py:826} INFO - Processing file /opt/airflow/dags/Chap5_1.py for tasks to queue
[2023-08-09T08:52:00.373+0000] {logging_mixin.py:149} INFO - [2023-08-09T08:52:00.373+0000] {dagbag.py:541} INFO - Filling up the DagBag from /opt/airflow/dags/Chap5_1.py
[2023-08-09T08:52:00.393+0000] {processor.py:836} INFO - DAG(s) dict_keys(['Chap5_1']) retrieved from /opt/airflow/dags/Chap5_1.py
[2023-08-09T08:52:00.415+0000] {logging_mixin.py:149} INFO - [2023-08-09T08:52:00.415+0000] {dag.py:2726} INFO - Sync 1 DAGs
[2023-08-09T08:52:00.430+0000] {logging_mixin.py:149} INFO - [2023-08-09T08:52:00.430+0000] {dag.py:3486} INFO - Setting next_dagrun for Chap5_1 to 2023-08-06T00:00:00+00:00, run_after=2023-08-07T00:00:00+00:00
[2023-08-09T08:52:00.443+0000] {processor.py:179} INFO - Processing /opt/airflow/dags/Chap5_1.py took 0.077 seconds
