[2023-08-09T08:37:38.218+0000] {processor.py:157} INFO - Started process (PID=6685) to work on /opt/airflow/dags/PyOperator_v2.py
[2023-08-09T08:37:38.220+0000] {processor.py:826} INFO - Processing file /opt/airflow/dags/PyOperator_v2.py for tasks to queue
[2023-08-09T08:37:38.221+0000] {logging_mixin.py:149} INFO - [2023-08-09T08:37:38.221+0000] {dagbag.py:541} INFO - Filling up the DagBag from /opt/airflow/dags/PyOperator_v2.py
[2023-08-09T08:37:38.242+0000] {processor.py:836} INFO - DAG(s) dict_keys(['PyOperator_v2']) retrieved from /opt/airflow/dags/PyOperator_v2.py
[2023-08-09T08:37:38.266+0000] {logging_mixin.py:149} INFO - [2023-08-09T08:37:38.266+0000] {dag.py:2726} INFO - Sync 1 DAGs
[2023-08-09T08:37:38.287+0000] {logging_mixin.py:149} INFO - [2023-08-09T08:37:38.287+0000] {dag.py:3486} INFO - Setting next_dagrun for PyOperator_v2 to 2023-06-24T00:00:00+00:00, run_after=2023-06-25T00:00:00+00:00
[2023-08-09T08:37:38.304+0000] {processor.py:179} INFO - Processing /opt/airflow/dags/PyOperator_v2.py took 0.088 seconds
[2023-08-09T08:38:08.899+0000] {processor.py:157} INFO - Started process (PID=6822) to work on /opt/airflow/dags/PyOperator_v2.py
[2023-08-09T08:38:08.901+0000] {processor.py:826} INFO - Processing file /opt/airflow/dags/PyOperator_v2.py for tasks to queue
[2023-08-09T08:38:08.902+0000] {logging_mixin.py:149} INFO - [2023-08-09T08:38:08.902+0000] {dagbag.py:541} INFO - Filling up the DagBag from /opt/airflow/dags/PyOperator_v2.py
[2023-08-09T08:38:08.923+0000] {processor.py:836} INFO - DAG(s) dict_keys(['PyOperator_v2']) retrieved from /opt/airflow/dags/PyOperator_v2.py
[2023-08-09T08:38:08.950+0000] {logging_mixin.py:149} INFO - [2023-08-09T08:38:08.950+0000] {dag.py:2726} INFO - Sync 1 DAGs
[2023-08-09T08:38:08.965+0000] {logging_mixin.py:149} INFO - [2023-08-09T08:38:08.965+0000] {dag.py:3486} INFO - Setting next_dagrun for PyOperator_v2 to 2023-06-24T00:00:00+00:00, run_after=2023-06-25T00:00:00+00:00
[2023-08-09T08:38:08.976+0000] {processor.py:179} INFO - Processing /opt/airflow/dags/PyOperator_v2.py took 0.081 seconds
[2023-08-09T08:38:39.833+0000] {processor.py:157} INFO - Started process (PID=6964) to work on /opt/airflow/dags/PyOperator_v2.py
[2023-08-09T08:38:39.835+0000] {processor.py:826} INFO - Processing file /opt/airflow/dags/PyOperator_v2.py for tasks to queue
[2023-08-09T08:38:39.839+0000] {logging_mixin.py:149} INFO - [2023-08-09T08:38:39.839+0000] {dagbag.py:541} INFO - Filling up the DagBag from /opt/airflow/dags/PyOperator_v2.py
[2023-08-09T08:38:39.853+0000] {processor.py:836} INFO - DAG(s) dict_keys(['PyOperator_v2']) retrieved from /opt/airflow/dags/PyOperator_v2.py
[2023-08-09T08:38:39.874+0000] {logging_mixin.py:149} INFO - [2023-08-09T08:38:39.874+0000] {dag.py:2726} INFO - Sync 1 DAGs
[2023-08-09T08:38:39.889+0000] {logging_mixin.py:149} INFO - [2023-08-09T08:38:39.889+0000] {dag.py:3486} INFO - Setting next_dagrun for PyOperator_v2 to 2023-06-24T00:00:00+00:00, run_after=2023-06-25T00:00:00+00:00
[2023-08-09T08:38:39.901+0000] {processor.py:179} INFO - Processing /opt/airflow/dags/PyOperator_v2.py took 0.070 seconds
[2023-08-09T08:39:10.716+0000] {processor.py:157} INFO - Started process (PID=7103) to work on /opt/airflow/dags/PyOperator_v2.py
[2023-08-09T08:39:10.718+0000] {processor.py:826} INFO - Processing file /opt/airflow/dags/PyOperator_v2.py for tasks to queue
[2023-08-09T08:39:10.719+0000] {logging_mixin.py:149} INFO - [2023-08-09T08:39:10.719+0000] {dagbag.py:541} INFO - Filling up the DagBag from /opt/airflow/dags/PyOperator_v2.py
[2023-08-09T08:39:10.741+0000] {processor.py:836} INFO - DAG(s) dict_keys(['PyOperator_v2']) retrieved from /opt/airflow/dags/PyOperator_v2.py
[2023-08-09T08:39:10.762+0000] {logging_mixin.py:149} INFO - [2023-08-09T08:39:10.762+0000] {dag.py:2726} INFO - Sync 1 DAGs
[2023-08-09T08:39:10.778+0000] {logging_mixin.py:149} INFO - [2023-08-09T08:39:10.778+0000] {dag.py:3486} INFO - Setting next_dagrun for PyOperator_v2 to 2023-06-24T00:00:00+00:00, run_after=2023-06-25T00:00:00+00:00
[2023-08-09T08:39:10.791+0000] {processor.py:179} INFO - Processing /opt/airflow/dags/PyOperator_v2.py took 0.077 seconds
[2023-08-09T08:39:41.348+0000] {processor.py:157} INFO - Started process (PID=7240) to work on /opt/airflow/dags/PyOperator_v2.py
[2023-08-09T08:39:41.350+0000] {processor.py:826} INFO - Processing file /opt/airflow/dags/PyOperator_v2.py for tasks to queue
[2023-08-09T08:39:41.357+0000] {logging_mixin.py:149} INFO - [2023-08-09T08:39:41.357+0000] {dagbag.py:541} INFO - Filling up the DagBag from /opt/airflow/dags/PyOperator_v2.py
[2023-08-09T08:39:41.371+0000] {processor.py:836} INFO - DAG(s) dict_keys(['PyOperator_v2']) retrieved from /opt/airflow/dags/PyOperator_v2.py
[2023-08-09T08:39:41.393+0000] {logging_mixin.py:149} INFO - [2023-08-09T08:39:41.393+0000] {dag.py:2726} INFO - Sync 1 DAGs
[2023-08-09T08:39:41.408+0000] {logging_mixin.py:149} INFO - [2023-08-09T08:39:41.408+0000] {dag.py:3486} INFO - Setting next_dagrun for PyOperator_v2 to 2023-06-24T00:00:00+00:00, run_after=2023-06-25T00:00:00+00:00
[2023-08-09T08:39:41.423+0000] {processor.py:179} INFO - Processing /opt/airflow/dags/PyOperator_v2.py took 0.078 seconds
[2023-08-09T08:40:12.084+0000] {processor.py:157} INFO - Started process (PID=7379) to work on /opt/airflow/dags/PyOperator_v2.py
[2023-08-09T08:40:12.086+0000] {processor.py:826} INFO - Processing file /opt/airflow/dags/PyOperator_v2.py for tasks to queue
[2023-08-09T08:40:12.092+0000] {logging_mixin.py:149} INFO - [2023-08-09T08:40:12.092+0000] {dagbag.py:541} INFO - Filling up the DagBag from /opt/airflow/dags/PyOperator_v2.py
[2023-08-09T08:40:12.108+0000] {processor.py:836} INFO - DAG(s) dict_keys(['PyOperator_v2']) retrieved from /opt/airflow/dags/PyOperator_v2.py
[2023-08-09T08:40:12.131+0000] {logging_mixin.py:149} INFO - [2023-08-09T08:40:12.130+0000] {dag.py:2726} INFO - Sync 1 DAGs
[2023-08-09T08:40:12.154+0000] {logging_mixin.py:149} INFO - [2023-08-09T08:40:12.154+0000] {dag.py:3486} INFO - Setting next_dagrun for PyOperator_v2 to 2023-06-24T00:00:00+00:00, run_after=2023-06-25T00:00:00+00:00
[2023-08-09T08:40:12.165+0000] {processor.py:179} INFO - Processing /opt/airflow/dags/PyOperator_v2.py took 0.084 seconds
[2023-08-09T08:40:42.641+0000] {processor.py:157} INFO - Started process (PID=7520) to work on /opt/airflow/dags/PyOperator_v2.py
[2023-08-09T08:40:42.643+0000] {processor.py:826} INFO - Processing file /opt/airflow/dags/PyOperator_v2.py for tasks to queue
[2023-08-09T08:40:42.644+0000] {logging_mixin.py:149} INFO - [2023-08-09T08:40:42.644+0000] {dagbag.py:541} INFO - Filling up the DagBag from /opt/airflow/dags/PyOperator_v2.py
[2023-08-09T08:40:42.656+0000] {processor.py:836} INFO - DAG(s) dict_keys(['PyOperator_v2']) retrieved from /opt/airflow/dags/PyOperator_v2.py
[2023-08-09T08:40:42.676+0000] {logging_mixin.py:149} INFO - [2023-08-09T08:40:42.676+0000] {dag.py:2726} INFO - Sync 1 DAGs
[2023-08-09T08:40:42.691+0000] {logging_mixin.py:149} INFO - [2023-08-09T08:40:42.691+0000] {dag.py:3486} INFO - Setting next_dagrun for PyOperator_v2 to 2023-06-24T00:00:00+00:00, run_after=2023-06-25T00:00:00+00:00
[2023-08-09T08:40:42.702+0000] {processor.py:179} INFO - Processing /opt/airflow/dags/PyOperator_v2.py took 0.064 seconds
[2023-08-09T08:41:13.125+0000] {processor.py:157} INFO - Started process (PID=7657) to work on /opt/airflow/dags/PyOperator_v2.py
[2023-08-09T08:41:13.127+0000] {processor.py:826} INFO - Processing file /opt/airflow/dags/PyOperator_v2.py for tasks to queue
[2023-08-09T08:41:13.128+0000] {logging_mixin.py:149} INFO - [2023-08-09T08:41:13.128+0000] {dagbag.py:541} INFO - Filling up the DagBag from /opt/airflow/dags/PyOperator_v2.py
[2023-08-09T08:41:13.145+0000] {processor.py:836} INFO - DAG(s) dict_keys(['PyOperator_v2']) retrieved from /opt/airflow/dags/PyOperator_v2.py
[2023-08-09T08:41:13.168+0000] {logging_mixin.py:149} INFO - [2023-08-09T08:41:13.168+0000] {dag.py:2726} INFO - Sync 1 DAGs
[2023-08-09T08:41:13.185+0000] {logging_mixin.py:149} INFO - [2023-08-09T08:41:13.185+0000] {dag.py:3486} INFO - Setting next_dagrun for PyOperator_v2 to 2023-06-24T00:00:00+00:00, run_after=2023-06-25T00:00:00+00:00
[2023-08-09T08:41:13.200+0000] {processor.py:179} INFO - Processing /opt/airflow/dags/PyOperator_v2.py took 0.079 seconds
[2023-08-09T08:41:43.875+0000] {processor.py:157} INFO - Started process (PID=7798) to work on /opt/airflow/dags/PyOperator_v2.py
[2023-08-09T08:41:43.877+0000] {processor.py:826} INFO - Processing file /opt/airflow/dags/PyOperator_v2.py for tasks to queue
[2023-08-09T08:41:43.879+0000] {logging_mixin.py:149} INFO - [2023-08-09T08:41:43.879+0000] {dagbag.py:541} INFO - Filling up the DagBag from /opt/airflow/dags/PyOperator_v2.py
[2023-08-09T08:41:43.892+0000] {processor.py:836} INFO - DAG(s) dict_keys(['PyOperator_v2']) retrieved from /opt/airflow/dags/PyOperator_v2.py
[2023-08-09T08:41:43.912+0000] {logging_mixin.py:149} INFO - [2023-08-09T08:41:43.912+0000] {dag.py:2726} INFO - Sync 1 DAGs
[2023-08-09T08:41:43.927+0000] {logging_mixin.py:149} INFO - [2023-08-09T08:41:43.926+0000] {dag.py:3486} INFO - Setting next_dagrun for PyOperator_v2 to 2023-06-24T00:00:00+00:00, run_after=2023-06-25T00:00:00+00:00
[2023-08-09T08:41:43.937+0000] {processor.py:179} INFO - Processing /opt/airflow/dags/PyOperator_v2.py took 0.064 seconds
[2023-08-09T08:42:14.339+0000] {processor.py:157} INFO - Started process (PID=7935) to work on /opt/airflow/dags/PyOperator_v2.py
[2023-08-09T08:42:14.341+0000] {processor.py:826} INFO - Processing file /opt/airflow/dags/PyOperator_v2.py for tasks to queue
[2023-08-09T08:42:14.343+0000] {logging_mixin.py:149} INFO - [2023-08-09T08:42:14.343+0000] {dagbag.py:541} INFO - Filling up the DagBag from /opt/airflow/dags/PyOperator_v2.py
[2023-08-09T08:42:14.378+0000] {processor.py:836} INFO - DAG(s) dict_keys(['PyOperator_v2']) retrieved from /opt/airflow/dags/PyOperator_v2.py
[2023-08-09T08:42:14.399+0000] {logging_mixin.py:149} INFO - [2023-08-09T08:42:14.398+0000] {dag.py:2726} INFO - Sync 1 DAGs
[2023-08-09T08:42:14.412+0000] {logging_mixin.py:149} INFO - [2023-08-09T08:42:14.412+0000] {dag.py:3486} INFO - Setting next_dagrun for PyOperator_v2 to 2023-06-24T00:00:00+00:00, run_after=2023-06-25T00:00:00+00:00
[2023-08-09T08:42:14.423+0000] {processor.py:179} INFO - Processing /opt/airflow/dags/PyOperator_v2.py took 0.087 seconds
[2023-08-09T08:42:44.786+0000] {processor.py:157} INFO - Started process (PID=8074) to work on /opt/airflow/dags/PyOperator_v2.py
[2023-08-09T08:42:44.789+0000] {processor.py:826} INFO - Processing file /opt/airflow/dags/PyOperator_v2.py for tasks to queue
[2023-08-09T08:42:44.791+0000] {logging_mixin.py:149} INFO - [2023-08-09T08:42:44.791+0000] {dagbag.py:541} INFO - Filling up the DagBag from /opt/airflow/dags/PyOperator_v2.py
[2023-08-09T08:42:44.809+0000] {processor.py:836} INFO - DAG(s) dict_keys(['PyOperator_v2']) retrieved from /opt/airflow/dags/PyOperator_v2.py
[2023-08-09T08:42:44.831+0000] {logging_mixin.py:149} INFO - [2023-08-09T08:42:44.830+0000] {dag.py:2726} INFO - Sync 1 DAGs
[2023-08-09T08:42:44.846+0000] {logging_mixin.py:149} INFO - [2023-08-09T08:42:44.846+0000] {dag.py:3486} INFO - Setting next_dagrun for PyOperator_v2 to 2023-06-24T00:00:00+00:00, run_after=2023-06-25T00:00:00+00:00
[2023-08-09T08:42:44.857+0000] {processor.py:179} INFO - Processing /opt/airflow/dags/PyOperator_v2.py took 0.074 seconds
[2023-08-09T08:43:15.226+0000] {processor.py:157} INFO - Started process (PID=8213) to work on /opt/airflow/dags/PyOperator_v2.py
[2023-08-09T08:43:15.228+0000] {processor.py:826} INFO - Processing file /opt/airflow/dags/PyOperator_v2.py for tasks to queue
[2023-08-09T08:43:15.229+0000] {logging_mixin.py:149} INFO - [2023-08-09T08:43:15.229+0000] {dagbag.py:541} INFO - Filling up the DagBag from /opt/airflow/dags/PyOperator_v2.py
[2023-08-09T08:43:15.242+0000] {processor.py:836} INFO - DAG(s) dict_keys(['PyOperator_v2']) retrieved from /opt/airflow/dags/PyOperator_v2.py
[2023-08-09T08:43:15.265+0000] {logging_mixin.py:149} INFO - [2023-08-09T08:43:15.265+0000] {dag.py:2726} INFO - Sync 1 DAGs
[2023-08-09T08:43:15.279+0000] {logging_mixin.py:149} INFO - [2023-08-09T08:43:15.279+0000] {dag.py:3486} INFO - Setting next_dagrun for PyOperator_v2 to 2023-06-24T00:00:00+00:00, run_after=2023-06-25T00:00:00+00:00
[2023-08-09T08:43:15.293+0000] {processor.py:179} INFO - Processing /opt/airflow/dags/PyOperator_v2.py took 0.070 seconds
[2023-08-09T08:43:46.601+0000] {processor.py:157} INFO - Started process (PID=8352) to work on /opt/airflow/dags/PyOperator_v2.py
[2023-08-09T08:43:46.603+0000] {processor.py:826} INFO - Processing file /opt/airflow/dags/PyOperator_v2.py for tasks to queue
[2023-08-09T08:43:46.604+0000] {logging_mixin.py:149} INFO - [2023-08-09T08:43:46.604+0000] {dagbag.py:541} INFO - Filling up the DagBag from /opt/airflow/dags/PyOperator_v2.py
[2023-08-09T08:43:46.622+0000] {processor.py:836} INFO - DAG(s) dict_keys(['PyOperator_v2']) retrieved from /opt/airflow/dags/PyOperator_v2.py
[2023-08-09T08:43:46.644+0000] {logging_mixin.py:149} INFO - [2023-08-09T08:43:46.644+0000] {dag.py:2726} INFO - Sync 1 DAGs
[2023-08-09T08:43:46.659+0000] {logging_mixin.py:149} INFO - [2023-08-09T08:43:46.658+0000] {dag.py:3486} INFO - Setting next_dagrun for PyOperator_v2 to 2023-06-24T00:00:00+00:00, run_after=2023-06-25T00:00:00+00:00
[2023-08-09T08:43:46.673+0000] {processor.py:179} INFO - Processing /opt/airflow/dags/PyOperator_v2.py took 0.076 seconds
[2023-08-09T08:44:17.222+0000] {processor.py:157} INFO - Started process (PID=8491) to work on /opt/airflow/dags/PyOperator_v2.py
[2023-08-09T08:44:17.224+0000] {processor.py:826} INFO - Processing file /opt/airflow/dags/PyOperator_v2.py for tasks to queue
[2023-08-09T08:44:17.226+0000] {logging_mixin.py:149} INFO - [2023-08-09T08:44:17.226+0000] {dagbag.py:541} INFO - Filling up the DagBag from /opt/airflow/dags/PyOperator_v2.py
[2023-08-09T08:44:17.245+0000] {processor.py:836} INFO - DAG(s) dict_keys(['PyOperator_v2']) retrieved from /opt/airflow/dags/PyOperator_v2.py
[2023-08-09T08:44:17.270+0000] {logging_mixin.py:149} INFO - [2023-08-09T08:44:17.270+0000] {dag.py:2726} INFO - Sync 1 DAGs
[2023-08-09T08:44:17.288+0000] {logging_mixin.py:149} INFO - [2023-08-09T08:44:17.288+0000] {dag.py:3486} INFO - Setting next_dagrun for PyOperator_v2 to 2023-06-24T00:00:00+00:00, run_after=2023-06-25T00:00:00+00:00
[2023-08-09T08:44:17.303+0000] {processor.py:179} INFO - Processing /opt/airflow/dags/PyOperator_v2.py took 0.085 seconds
[2023-08-09T08:44:48.096+0000] {processor.py:157} INFO - Started process (PID=8630) to work on /opt/airflow/dags/PyOperator_v2.py
[2023-08-09T08:44:48.098+0000] {processor.py:826} INFO - Processing file /opt/airflow/dags/PyOperator_v2.py for tasks to queue
[2023-08-09T08:44:48.100+0000] {logging_mixin.py:149} INFO - [2023-08-09T08:44:48.100+0000] {dagbag.py:541} INFO - Filling up the DagBag from /opt/airflow/dags/PyOperator_v2.py
[2023-08-09T08:44:48.119+0000] {processor.py:836} INFO - DAG(s) dict_keys(['PyOperator_v2']) retrieved from /opt/airflow/dags/PyOperator_v2.py
[2023-08-09T08:44:48.141+0000] {logging_mixin.py:149} INFO - [2023-08-09T08:44:48.141+0000] {dag.py:2726} INFO - Sync 1 DAGs
[2023-08-09T08:44:48.156+0000] {logging_mixin.py:149} INFO - [2023-08-09T08:44:48.156+0000] {dag.py:3486} INFO - Setting next_dagrun for PyOperator_v2 to 2023-06-24T00:00:00+00:00, run_after=2023-06-25T00:00:00+00:00
[2023-08-09T08:44:48.169+0000] {processor.py:179} INFO - Processing /opt/airflow/dags/PyOperator_v2.py took 0.076 seconds
[2023-08-09T08:45:18.858+0000] {processor.py:157} INFO - Started process (PID=8769) to work on /opt/airflow/dags/PyOperator_v2.py
[2023-08-09T08:45:18.859+0000] {processor.py:826} INFO - Processing file /opt/airflow/dags/PyOperator_v2.py for tasks to queue
[2023-08-09T08:45:18.861+0000] {logging_mixin.py:149} INFO - [2023-08-09T08:45:18.861+0000] {dagbag.py:541} INFO - Filling up the DagBag from /opt/airflow/dags/PyOperator_v2.py
[2023-08-09T08:45:18.878+0000] {processor.py:836} INFO - DAG(s) dict_keys(['PyOperator_v2']) retrieved from /opt/airflow/dags/PyOperator_v2.py
[2023-08-09T08:45:18.899+0000] {logging_mixin.py:149} INFO - [2023-08-09T08:45:18.899+0000] {dag.py:2726} INFO - Sync 1 DAGs
[2023-08-09T08:45:18.915+0000] {logging_mixin.py:149} INFO - [2023-08-09T08:45:18.915+0000] {dag.py:3486} INFO - Setting next_dagrun for PyOperator_v2 to 2023-06-24T00:00:00+00:00, run_after=2023-06-25T00:00:00+00:00
[2023-08-09T08:45:18.928+0000] {processor.py:179} INFO - Processing /opt/airflow/dags/PyOperator_v2.py took 0.074 seconds
[2023-08-09T08:45:50.451+0000] {processor.py:157} INFO - Started process (PID=8908) to work on /opt/airflow/dags/PyOperator_v2.py
[2023-08-09T08:45:50.460+0000] {processor.py:826} INFO - Processing file /opt/airflow/dags/PyOperator_v2.py for tasks to queue
[2023-08-09T08:45:50.461+0000] {logging_mixin.py:149} INFO - [2023-08-09T08:45:50.461+0000] {dagbag.py:541} INFO - Filling up the DagBag from /opt/airflow/dags/PyOperator_v2.py
[2023-08-09T08:45:50.484+0000] {processor.py:836} INFO - DAG(s) dict_keys(['PyOperator_v2']) retrieved from /opt/airflow/dags/PyOperator_v2.py
[2023-08-09T08:45:50.509+0000] {logging_mixin.py:149} INFO - [2023-08-09T08:45:50.509+0000] {dag.py:2726} INFO - Sync 1 DAGs
[2023-08-09T08:45:50.525+0000] {logging_mixin.py:149} INFO - [2023-08-09T08:45:50.525+0000] {dag.py:3486} INFO - Setting next_dagrun for PyOperator_v2 to 2023-06-24T00:00:00+00:00, run_after=2023-06-25T00:00:00+00:00
[2023-08-09T08:45:50.540+0000] {processor.py:179} INFO - Processing /opt/airflow/dags/PyOperator_v2.py took 0.092 seconds
[2023-08-09T08:46:21.559+0000] {processor.py:157} INFO - Started process (PID=9047) to work on /opt/airflow/dags/PyOperator_v2.py
[2023-08-09T08:46:21.562+0000] {processor.py:826} INFO - Processing file /opt/airflow/dags/PyOperator_v2.py for tasks to queue
[2023-08-09T08:46:21.564+0000] {logging_mixin.py:149} INFO - [2023-08-09T08:46:21.563+0000] {dagbag.py:541} INFO - Filling up the DagBag from /opt/airflow/dags/PyOperator_v2.py
[2023-08-09T08:46:21.581+0000] {processor.py:836} INFO - DAG(s) dict_keys(['PyOperator_v2']) retrieved from /opt/airflow/dags/PyOperator_v2.py
[2023-08-09T08:46:21.602+0000] {logging_mixin.py:149} INFO - [2023-08-09T08:46:21.602+0000] {dag.py:2726} INFO - Sync 1 DAGs
[2023-08-09T08:46:21.619+0000] {logging_mixin.py:149} INFO - [2023-08-09T08:46:21.619+0000] {dag.py:3486} INFO - Setting next_dagrun for PyOperator_v2 to 2023-06-24T00:00:00+00:00, run_after=2023-06-25T00:00:00+00:00
[2023-08-09T08:46:21.632+0000] {processor.py:179} INFO - Processing /opt/airflow/dags/PyOperator_v2.py took 0.077 seconds
[2023-08-09T08:46:52.615+0000] {processor.py:157} INFO - Started process (PID=9189) to work on /opt/airflow/dags/PyOperator_v2.py
[2023-08-09T08:46:52.617+0000] {processor.py:826} INFO - Processing file /opt/airflow/dags/PyOperator_v2.py for tasks to queue
[2023-08-09T08:46:52.618+0000] {logging_mixin.py:149} INFO - [2023-08-09T08:46:52.618+0000] {dagbag.py:541} INFO - Filling up the DagBag from /opt/airflow/dags/PyOperator_v2.py
[2023-08-09T08:46:52.635+0000] {processor.py:836} INFO - DAG(s) dict_keys(['PyOperator_v2']) retrieved from /opt/airflow/dags/PyOperator_v2.py
[2023-08-09T08:46:52.657+0000] {logging_mixin.py:149} INFO - [2023-08-09T08:46:52.657+0000] {dag.py:2726} INFO - Sync 1 DAGs
[2023-08-09T08:46:52.672+0000] {logging_mixin.py:149} INFO - [2023-08-09T08:46:52.672+0000] {dag.py:3486} INFO - Setting next_dagrun for PyOperator_v2 to 2023-06-24T00:00:00+00:00, run_after=2023-06-25T00:00:00+00:00
[2023-08-09T08:46:52.685+0000] {processor.py:179} INFO - Processing /opt/airflow/dags/PyOperator_v2.py took 0.074 seconds
[2023-08-09T08:47:23.679+0000] {processor.py:157} INFO - Started process (PID=9328) to work on /opt/airflow/dags/PyOperator_v2.py
[2023-08-09T08:47:23.681+0000] {processor.py:826} INFO - Processing file /opt/airflow/dags/PyOperator_v2.py for tasks to queue
[2023-08-09T08:47:23.682+0000] {logging_mixin.py:149} INFO - [2023-08-09T08:47:23.682+0000] {dagbag.py:541} INFO - Filling up the DagBag from /opt/airflow/dags/PyOperator_v2.py
[2023-08-09T08:47:23.701+0000] {processor.py:836} INFO - DAG(s) dict_keys(['PyOperator_v2']) retrieved from /opt/airflow/dags/PyOperator_v2.py
[2023-08-09T08:47:23.722+0000] {logging_mixin.py:149} INFO - [2023-08-09T08:47:23.722+0000] {dag.py:2726} INFO - Sync 1 DAGs
[2023-08-09T08:47:23.739+0000] {logging_mixin.py:149} INFO - [2023-08-09T08:47:23.739+0000] {dag.py:3486} INFO - Setting next_dagrun for PyOperator_v2 to 2023-06-24T00:00:00+00:00, run_after=2023-06-25T00:00:00+00:00
[2023-08-09T08:47:23.752+0000] {processor.py:179} INFO - Processing /opt/airflow/dags/PyOperator_v2.py took 0.076 seconds
[2023-08-09T08:47:54.567+0000] {processor.py:157} INFO - Started process (PID=9468) to work on /opt/airflow/dags/PyOperator_v2.py
[2023-08-09T08:47:54.569+0000] {processor.py:826} INFO - Processing file /opt/airflow/dags/PyOperator_v2.py for tasks to queue
[2023-08-09T08:47:54.570+0000] {logging_mixin.py:149} INFO - [2023-08-09T08:47:54.570+0000] {dagbag.py:541} INFO - Filling up the DagBag from /opt/airflow/dags/PyOperator_v2.py
[2023-08-09T08:47:54.584+0000] {processor.py:836} INFO - DAG(s) dict_keys(['PyOperator_v2']) retrieved from /opt/airflow/dags/PyOperator_v2.py
[2023-08-09T08:47:54.606+0000] {logging_mixin.py:149} INFO - [2023-08-09T08:47:54.606+0000] {dag.py:2726} INFO - Sync 1 DAGs
[2023-08-09T08:47:54.620+0000] {logging_mixin.py:149} INFO - [2023-08-09T08:47:54.620+0000] {dag.py:3486} INFO - Setting next_dagrun for PyOperator_v2 to 2023-06-24T00:00:00+00:00, run_after=2023-06-25T00:00:00+00:00
[2023-08-09T08:47:54.631+0000] {processor.py:179} INFO - Processing /opt/airflow/dags/PyOperator_v2.py took 0.067 seconds
[2023-08-09T08:48:25.591+0000] {processor.py:157} INFO - Started process (PID=9607) to work on /opt/airflow/dags/PyOperator_v2.py
[2023-08-09T08:48:25.594+0000] {processor.py:826} INFO - Processing file /opt/airflow/dags/PyOperator_v2.py for tasks to queue
[2023-08-09T08:48:25.596+0000] {logging_mixin.py:149} INFO - [2023-08-09T08:48:25.596+0000] {dagbag.py:541} INFO - Filling up the DagBag from /opt/airflow/dags/PyOperator_v2.py
[2023-08-09T08:48:25.610+0000] {processor.py:836} INFO - DAG(s) dict_keys(['PyOperator_v2']) retrieved from /opt/airflow/dags/PyOperator_v2.py
[2023-08-09T08:48:25.636+0000] {logging_mixin.py:149} INFO - [2023-08-09T08:48:25.635+0000] {dag.py:2726} INFO - Sync 1 DAGs
[2023-08-09T08:48:25.653+0000] {logging_mixin.py:149} INFO - [2023-08-09T08:48:25.653+0000] {dag.py:3486} INFO - Setting next_dagrun for PyOperator_v2 to 2023-06-24T00:00:00+00:00, run_after=2023-06-25T00:00:00+00:00
[2023-08-09T08:48:25.669+0000] {processor.py:179} INFO - Processing /opt/airflow/dags/PyOperator_v2.py took 0.081 seconds
[2023-08-09T08:48:56.283+0000] {processor.py:157} INFO - Started process (PID=9752) to work on /opt/airflow/dags/PyOperator_v2.py
[2023-08-09T08:48:56.287+0000] {processor.py:826} INFO - Processing file /opt/airflow/dags/PyOperator_v2.py for tasks to queue
[2023-08-09T08:48:56.289+0000] {logging_mixin.py:149} INFO - [2023-08-09T08:48:56.288+0000] {dagbag.py:541} INFO - Filling up the DagBag from /opt/airflow/dags/PyOperator_v2.py
[2023-08-09T08:48:56.307+0000] {processor.py:836} INFO - DAG(s) dict_keys(['PyOperator_v2']) retrieved from /opt/airflow/dags/PyOperator_v2.py
[2023-08-09T08:48:56.336+0000] {logging_mixin.py:149} INFO - [2023-08-09T08:48:56.336+0000] {dag.py:2726} INFO - Sync 1 DAGs
[2023-08-09T08:48:56.353+0000] {logging_mixin.py:149} INFO - [2023-08-09T08:48:56.353+0000] {dag.py:3486} INFO - Setting next_dagrun for PyOperator_v2 to 2023-06-24T00:00:00+00:00, run_after=2023-06-25T00:00:00+00:00
[2023-08-09T08:48:56.365+0000] {processor.py:179} INFO - Processing /opt/airflow/dags/PyOperator_v2.py took 0.085 seconds
[2023-08-09T08:49:27.196+0000] {processor.py:157} INFO - Started process (PID=9889) to work on /opt/airflow/dags/PyOperator_v2.py
[2023-08-09T08:49:27.197+0000] {processor.py:826} INFO - Processing file /opt/airflow/dags/PyOperator_v2.py for tasks to queue
[2023-08-09T08:49:27.199+0000] {logging_mixin.py:149} INFO - [2023-08-09T08:49:27.199+0000] {dagbag.py:541} INFO - Filling up the DagBag from /opt/airflow/dags/PyOperator_v2.py
[2023-08-09T08:49:27.235+0000] {processor.py:836} INFO - DAG(s) dict_keys(['PyOperator_v2']) retrieved from /opt/airflow/dags/PyOperator_v2.py
[2023-08-09T08:49:27.256+0000] {logging_mixin.py:149} INFO - [2023-08-09T08:49:27.256+0000] {dag.py:2726} INFO - Sync 1 DAGs
[2023-08-09T08:49:27.272+0000] {logging_mixin.py:149} INFO - [2023-08-09T08:49:27.272+0000] {dag.py:3486} INFO - Setting next_dagrun for PyOperator_v2 to 2023-06-24T00:00:00+00:00, run_after=2023-06-25T00:00:00+00:00
[2023-08-09T08:49:27.285+0000] {processor.py:179} INFO - Processing /opt/airflow/dags/PyOperator_v2.py took 0.092 seconds
[2023-08-09T08:49:57.774+0000] {processor.py:157} INFO - Started process (PID=10028) to work on /opt/airflow/dags/PyOperator_v2.py
[2023-08-09T08:49:57.776+0000] {processor.py:826} INFO - Processing file /opt/airflow/dags/PyOperator_v2.py for tasks to queue
[2023-08-09T08:49:57.778+0000] {logging_mixin.py:149} INFO - [2023-08-09T08:49:57.778+0000] {dagbag.py:541} INFO - Filling up the DagBag from /opt/airflow/dags/PyOperator_v2.py
[2023-08-09T08:49:57.793+0000] {processor.py:836} INFO - DAG(s) dict_keys(['PyOperator_v2']) retrieved from /opt/airflow/dags/PyOperator_v2.py
[2023-08-09T08:49:57.815+0000] {logging_mixin.py:149} INFO - [2023-08-09T08:49:57.815+0000] {dag.py:2726} INFO - Sync 1 DAGs
[2023-08-09T08:49:57.830+0000] {logging_mixin.py:149} INFO - [2023-08-09T08:49:57.830+0000] {dag.py:3486} INFO - Setting next_dagrun for PyOperator_v2 to 2023-06-24T00:00:00+00:00, run_after=2023-06-25T00:00:00+00:00
[2023-08-09T08:49:57.839+0000] {processor.py:179} INFO - Processing /opt/airflow/dags/PyOperator_v2.py took 0.069 seconds
[2023-08-09T08:50:28.834+0000] {processor.py:157} INFO - Started process (PID=10167) to work on /opt/airflow/dags/PyOperator_v2.py
[2023-08-09T08:50:28.836+0000] {processor.py:826} INFO - Processing file /opt/airflow/dags/PyOperator_v2.py for tasks to queue
[2023-08-09T08:50:28.837+0000] {logging_mixin.py:149} INFO - [2023-08-09T08:50:28.837+0000] {dagbag.py:541} INFO - Filling up the DagBag from /opt/airflow/dags/PyOperator_v2.py
[2023-08-09T08:50:28.852+0000] {processor.py:836} INFO - DAG(s) dict_keys(['PyOperator_v2']) retrieved from /opt/airflow/dags/PyOperator_v2.py
[2023-08-09T08:50:28.875+0000] {logging_mixin.py:149} INFO - [2023-08-09T08:50:28.874+0000] {dag.py:2726} INFO - Sync 1 DAGs
[2023-08-09T08:50:28.893+0000] {logging_mixin.py:149} INFO - [2023-08-09T08:50:28.893+0000] {dag.py:3486} INFO - Setting next_dagrun for PyOperator_v2 to 2023-06-24T00:00:00+00:00, run_after=2023-06-25T00:00:00+00:00
[2023-08-09T08:50:28.903+0000] {processor.py:179} INFO - Processing /opt/airflow/dags/PyOperator_v2.py took 0.073 seconds
[2023-08-09T08:50:59.514+0000] {processor.py:157} INFO - Started process (PID=10308) to work on /opt/airflow/dags/PyOperator_v2.py
[2023-08-09T08:50:59.516+0000] {processor.py:826} INFO - Processing file /opt/airflow/dags/PyOperator_v2.py for tasks to queue
[2023-08-09T08:50:59.517+0000] {logging_mixin.py:149} INFO - [2023-08-09T08:50:59.517+0000] {dagbag.py:541} INFO - Filling up the DagBag from /opt/airflow/dags/PyOperator_v2.py
[2023-08-09T08:50:59.541+0000] {processor.py:836} INFO - DAG(s) dict_keys(['PyOperator_v2']) retrieved from /opt/airflow/dags/PyOperator_v2.py
[2023-08-09T08:50:59.563+0000] {logging_mixin.py:149} INFO - [2023-08-09T08:50:59.563+0000] {dag.py:2726} INFO - Sync 1 DAGs
[2023-08-09T08:50:59.579+0000] {logging_mixin.py:149} INFO - [2023-08-09T08:50:59.579+0000] {dag.py:3486} INFO - Setting next_dagrun for PyOperator_v2 to 2023-06-24T00:00:00+00:00, run_after=2023-06-25T00:00:00+00:00
[2023-08-09T08:50:59.591+0000] {processor.py:179} INFO - Processing /opt/airflow/dags/PyOperator_v2.py took 0.080 seconds
[2023-08-09T08:51:29.971+0000] {processor.py:157} INFO - Started process (PID=10445) to work on /opt/airflow/dags/PyOperator_v2.py
[2023-08-09T08:51:29.972+0000] {processor.py:826} INFO - Processing file /opt/airflow/dags/PyOperator_v2.py for tasks to queue
[2023-08-09T08:51:29.973+0000] {logging_mixin.py:149} INFO - [2023-08-09T08:51:29.973+0000] {dagbag.py:541} INFO - Filling up the DagBag from /opt/airflow/dags/PyOperator_v2.py
[2023-08-09T08:51:29.987+0000] {processor.py:836} INFO - DAG(s) dict_keys(['PyOperator_v2']) retrieved from /opt/airflow/dags/PyOperator_v2.py
[2023-08-09T08:51:30.010+0000] {logging_mixin.py:149} INFO - [2023-08-09T08:51:30.010+0000] {dag.py:2726} INFO - Sync 1 DAGs
[2023-08-09T08:51:30.025+0000] {logging_mixin.py:149} INFO - [2023-08-09T08:51:30.025+0000] {dag.py:3486} INFO - Setting next_dagrun for PyOperator_v2 to 2023-06-24T00:00:00+00:00, run_after=2023-06-25T00:00:00+00:00
[2023-08-09T08:51:30.035+0000] {processor.py:179} INFO - Processing /opt/airflow/dags/PyOperator_v2.py took 0.068 seconds
[2023-08-09T08:52:00.519+0000] {processor.py:157} INFO - Started process (PID=10584) to work on /opt/airflow/dags/PyOperator_v2.py
[2023-08-09T08:52:00.521+0000] {processor.py:826} INFO - Processing file /opt/airflow/dags/PyOperator_v2.py for tasks to queue
[2023-08-09T08:52:00.523+0000] {logging_mixin.py:149} INFO - [2023-08-09T08:52:00.523+0000] {dagbag.py:541} INFO - Filling up the DagBag from /opt/airflow/dags/PyOperator_v2.py
[2023-08-09T08:52:00.540+0000] {processor.py:836} INFO - DAG(s) dict_keys(['PyOperator_v2']) retrieved from /opt/airflow/dags/PyOperator_v2.py
[2023-08-09T08:52:00.563+0000] {logging_mixin.py:149} INFO - [2023-08-09T08:52:00.563+0000] {dag.py:2726} INFO - Sync 1 DAGs
[2023-08-09T08:52:00.578+0000] {logging_mixin.py:149} INFO - [2023-08-09T08:52:00.578+0000] {dag.py:3486} INFO - Setting next_dagrun for PyOperator_v2 to 2023-06-24T00:00:00+00:00, run_after=2023-06-25T00:00:00+00:00
[2023-08-09T08:52:00.591+0000] {processor.py:179} INFO - Processing /opt/airflow/dags/PyOperator_v2.py took 0.075 seconds
