[2023-08-09T08:37:42.295+0000] {processor.py:157} INFO - Started process (PID=6690) to work on /opt/airflow/dags/Spark.py
[2023-08-09T08:37:42.297+0000] {processor.py:826} INFO - Processing file /opt/airflow/dags/Spark.py for tasks to queue
[2023-08-09T08:37:42.299+0000] {logging_mixin.py:149} INFO - [2023-08-09T08:37:42.299+0000] {dagbag.py:541} INFO - Filling up the DagBag from /opt/airflow/dags/Spark.py
[2023-08-09T08:37:42.336+0000] {processor.py:836} INFO - DAG(s) dict_keys(['A_Process_data_hive_spark']) retrieved from /opt/airflow/dags/Spark.py
[2023-08-09T08:37:42.364+0000] {logging_mixin.py:149} INFO - [2023-08-09T08:37:42.363+0000] {dag.py:2726} INFO - Sync 1 DAGs
[2023-08-09T08:37:42.386+0000] {logging_mixin.py:149} INFO - [2023-08-09T08:37:42.386+0000] {dag.py:3486} INFO - Setting next_dagrun for A_Process_data_hive_spark to None, run_after=None
[2023-08-09T08:37:42.400+0000] {processor.py:179} INFO - Processing /opt/airflow/dags/Spark.py took 0.108 seconds
[2023-08-09T08:38:13.050+0000] {processor.py:157} INFO - Started process (PID=6829) to work on /opt/airflow/dags/Spark.py
[2023-08-09T08:38:13.054+0000] {processor.py:826} INFO - Processing file /opt/airflow/dags/Spark.py for tasks to queue
[2023-08-09T08:38:13.057+0000] {logging_mixin.py:149} INFO - [2023-08-09T08:38:13.057+0000] {dagbag.py:541} INFO - Filling up the DagBag from /opt/airflow/dags/Spark.py
[2023-08-09T08:38:13.096+0000] {processor.py:836} INFO - DAG(s) dict_keys(['A_Process_data_hive_spark']) retrieved from /opt/airflow/dags/Spark.py
[2023-08-09T08:38:13.118+0000] {logging_mixin.py:149} INFO - [2023-08-09T08:38:13.118+0000] {dag.py:2726} INFO - Sync 1 DAGs
[2023-08-09T08:38:13.134+0000] {logging_mixin.py:149} INFO - [2023-08-09T08:38:13.134+0000] {dag.py:3486} INFO - Setting next_dagrun for A_Process_data_hive_spark to None, run_after=None
[2023-08-09T08:38:13.145+0000] {processor.py:179} INFO - Processing /opt/airflow/dags/Spark.py took 0.098 seconds
[2023-08-09T08:38:43.973+0000] {processor.py:157} INFO - Started process (PID=6969) to work on /opt/airflow/dags/Spark.py
[2023-08-09T08:38:43.975+0000] {processor.py:826} INFO - Processing file /opt/airflow/dags/Spark.py for tasks to queue
[2023-08-09T08:38:44.010+0000] {logging_mixin.py:149} INFO - [2023-08-09T08:38:44.010+0000] {dagbag.py:541} INFO - Filling up the DagBag from /opt/airflow/dags/Spark.py
[2023-08-09T08:38:44.076+0000] {processor.py:836} INFO - DAG(s) dict_keys(['A_Process_data_hive_spark']) retrieved from /opt/airflow/dags/Spark.py
[2023-08-09T08:38:44.112+0000] {logging_mixin.py:149} INFO - [2023-08-09T08:38:44.112+0000] {dag.py:2726} INFO - Sync 1 DAGs
[2023-08-09T08:38:44.135+0000] {logging_mixin.py:149} INFO - [2023-08-09T08:38:44.135+0000] {dag.py:3486} INFO - Setting next_dagrun for A_Process_data_hive_spark to None, run_after=None
[2023-08-09T08:38:44.153+0000] {processor.py:179} INFO - Processing /opt/airflow/dags/Spark.py took 0.185 seconds
[2023-08-09T08:39:14.781+0000] {processor.py:157} INFO - Started process (PID=7108) to work on /opt/airflow/dags/Spark.py
[2023-08-09T08:39:14.783+0000] {processor.py:826} INFO - Processing file /opt/airflow/dags/Spark.py for tasks to queue
[2023-08-09T08:39:14.785+0000] {logging_mixin.py:149} INFO - [2023-08-09T08:39:14.785+0000] {dagbag.py:541} INFO - Filling up the DagBag from /opt/airflow/dags/Spark.py
[2023-08-09T08:39:14.838+0000] {processor.py:836} INFO - DAG(s) dict_keys(['A_Process_data_hive_spark']) retrieved from /opt/airflow/dags/Spark.py
[2023-08-09T08:39:14.865+0000] {logging_mixin.py:149} INFO - [2023-08-09T08:39:14.865+0000] {dag.py:2726} INFO - Sync 1 DAGs
[2023-08-09T08:39:14.889+0000] {logging_mixin.py:149} INFO - [2023-08-09T08:39:14.889+0000] {dag.py:3486} INFO - Setting next_dagrun for A_Process_data_hive_spark to None, run_after=None
[2023-08-09T08:39:14.904+0000] {processor.py:179} INFO - Processing /opt/airflow/dags/Spark.py took 0.127 seconds
[2023-08-09T08:39:45.581+0000] {processor.py:157} INFO - Started process (PID=7247) to work on /opt/airflow/dags/Spark.py
[2023-08-09T08:39:45.583+0000] {processor.py:826} INFO - Processing file /opt/airflow/dags/Spark.py for tasks to queue
[2023-08-09T08:39:45.585+0000] {logging_mixin.py:149} INFO - [2023-08-09T08:39:45.585+0000] {dagbag.py:541} INFO - Filling up the DagBag from /opt/airflow/dags/Spark.py
[2023-08-09T08:39:45.620+0000] {processor.py:836} INFO - DAG(s) dict_keys(['A_Process_data_hive_spark']) retrieved from /opt/airflow/dags/Spark.py
[2023-08-09T08:39:45.642+0000] {logging_mixin.py:149} INFO - [2023-08-09T08:39:45.642+0000] {dag.py:2726} INFO - Sync 1 DAGs
[2023-08-09T08:39:45.657+0000] {logging_mixin.py:149} INFO - [2023-08-09T08:39:45.656+0000] {dag.py:3486} INFO - Setting next_dagrun for A_Process_data_hive_spark to None, run_after=None
[2023-08-09T08:39:45.668+0000] {processor.py:179} INFO - Processing /opt/airflow/dags/Spark.py took 0.090 seconds
[2023-08-09T08:40:16.255+0000] {processor.py:157} INFO - Started process (PID=7386) to work on /opt/airflow/dags/Spark.py
[2023-08-09T08:40:16.258+0000] {processor.py:826} INFO - Processing file /opt/airflow/dags/Spark.py for tasks to queue
[2023-08-09T08:40:16.259+0000] {logging_mixin.py:149} INFO - [2023-08-09T08:40:16.259+0000] {dagbag.py:541} INFO - Filling up the DagBag from /opt/airflow/dags/Spark.py
[2023-08-09T08:40:16.314+0000] {processor.py:836} INFO - DAG(s) dict_keys(['A_Process_data_hive_spark']) retrieved from /opt/airflow/dags/Spark.py
[2023-08-09T08:40:16.335+0000] {logging_mixin.py:149} INFO - [2023-08-09T08:40:16.335+0000] {dag.py:2726} INFO - Sync 1 DAGs
[2023-08-09T08:40:16.351+0000] {logging_mixin.py:149} INFO - [2023-08-09T08:40:16.351+0000] {dag.py:3486} INFO - Setting next_dagrun for A_Process_data_hive_spark to None, run_after=None
[2023-08-09T08:40:16.362+0000] {processor.py:179} INFO - Processing /opt/airflow/dags/Spark.py took 0.109 seconds
[2023-08-09T08:40:46.726+0000] {processor.py:157} INFO - Started process (PID=7525) to work on /opt/airflow/dags/Spark.py
[2023-08-09T08:40:46.728+0000] {processor.py:826} INFO - Processing file /opt/airflow/dags/Spark.py for tasks to queue
[2023-08-09T08:40:46.733+0000] {logging_mixin.py:149} INFO - [2023-08-09T08:40:46.732+0000] {dagbag.py:541} INFO - Filling up the DagBag from /opt/airflow/dags/Spark.py
[2023-08-09T08:40:46.764+0000] {processor.py:836} INFO - DAG(s) dict_keys(['A_Process_data_hive_spark']) retrieved from /opt/airflow/dags/Spark.py
[2023-08-09T08:40:46.791+0000] {logging_mixin.py:149} INFO - [2023-08-09T08:40:46.791+0000] {dag.py:2726} INFO - Sync 1 DAGs
[2023-08-09T08:40:46.806+0000] {logging_mixin.py:149} INFO - [2023-08-09T08:40:46.806+0000] {dag.py:3486} INFO - Setting next_dagrun for A_Process_data_hive_spark to None, run_after=None
[2023-08-09T08:40:46.817+0000] {processor.py:179} INFO - Processing /opt/airflow/dags/Spark.py took 0.095 seconds
[2023-08-09T08:41:17.323+0000] {processor.py:157} INFO - Started process (PID=7664) to work on /opt/airflow/dags/Spark.py
[2023-08-09T08:41:17.326+0000] {processor.py:826} INFO - Processing file /opt/airflow/dags/Spark.py for tasks to queue
[2023-08-09T08:41:17.327+0000] {logging_mixin.py:149} INFO - [2023-08-09T08:41:17.327+0000] {dagbag.py:541} INFO - Filling up the DagBag from /opt/airflow/dags/Spark.py
[2023-08-09T08:41:17.379+0000] {processor.py:836} INFO - DAG(s) dict_keys(['A_Process_data_hive_spark']) retrieved from /opt/airflow/dags/Spark.py
[2023-08-09T08:41:17.402+0000] {logging_mixin.py:149} INFO - [2023-08-09T08:41:17.402+0000] {dag.py:2726} INFO - Sync 1 DAGs
[2023-08-09T08:41:17.418+0000] {logging_mixin.py:149} INFO - [2023-08-09T08:41:17.418+0000] {dag.py:3486} INFO - Setting next_dagrun for A_Process_data_hive_spark to None, run_after=None
[2023-08-09T08:41:17.431+0000] {processor.py:179} INFO - Processing /opt/airflow/dags/Spark.py took 0.114 seconds
[2023-08-09T08:41:47.994+0000] {processor.py:157} INFO - Started process (PID=7803) to work on /opt/airflow/dags/Spark.py
[2023-08-09T08:41:47.996+0000] {processor.py:826} INFO - Processing file /opt/airflow/dags/Spark.py for tasks to queue
[2023-08-09T08:41:47.998+0000] {logging_mixin.py:149} INFO - [2023-08-09T08:41:47.998+0000] {dagbag.py:541} INFO - Filling up the DagBag from /opt/airflow/dags/Spark.py
[2023-08-09T08:41:48.032+0000] {processor.py:836} INFO - DAG(s) dict_keys(['A_Process_data_hive_spark']) retrieved from /opt/airflow/dags/Spark.py
[2023-08-09T08:41:48.053+0000] {logging_mixin.py:149} INFO - [2023-08-09T08:41:48.053+0000] {dag.py:2726} INFO - Sync 1 DAGs
[2023-08-09T08:41:48.067+0000] {logging_mixin.py:149} INFO - [2023-08-09T08:41:48.067+0000] {dag.py:3486} INFO - Setting next_dagrun for A_Process_data_hive_spark to None, run_after=None
[2023-08-09T08:41:48.079+0000] {processor.py:179} INFO - Processing /opt/airflow/dags/Spark.py took 0.088 seconds
[2023-08-09T08:42:18.486+0000] {processor.py:157} INFO - Started process (PID=7942) to work on /opt/airflow/dags/Spark.py
[2023-08-09T08:42:18.489+0000] {processor.py:826} INFO - Processing file /opt/airflow/dags/Spark.py for tasks to queue
[2023-08-09T08:42:18.492+0000] {logging_mixin.py:149} INFO - [2023-08-09T08:42:18.492+0000] {dagbag.py:541} INFO - Filling up the DagBag from /opt/airflow/dags/Spark.py
[2023-08-09T08:42:18.520+0000] {processor.py:836} INFO - DAG(s) dict_keys(['A_Process_data_hive_spark']) retrieved from /opt/airflow/dags/Spark.py
[2023-08-09T08:42:18.542+0000] {logging_mixin.py:149} INFO - [2023-08-09T08:42:18.542+0000] {dag.py:2726} INFO - Sync 1 DAGs
[2023-08-09T08:42:18.558+0000] {logging_mixin.py:149} INFO - [2023-08-09T08:42:18.558+0000] {dag.py:3486} INFO - Setting next_dagrun for A_Process_data_hive_spark to None, run_after=None
[2023-08-09T08:42:18.568+0000] {processor.py:179} INFO - Processing /opt/airflow/dags/Spark.py took 0.086 seconds
[2023-08-09T08:42:48.920+0000] {processor.py:157} INFO - Started process (PID=8081) to work on /opt/airflow/dags/Spark.py
[2023-08-09T08:42:48.923+0000] {processor.py:826} INFO - Processing file /opt/airflow/dags/Spark.py for tasks to queue
[2023-08-09T08:42:48.925+0000] {logging_mixin.py:149} INFO - [2023-08-09T08:42:48.925+0000] {dagbag.py:541} INFO - Filling up the DagBag from /opt/airflow/dags/Spark.py
[2023-08-09T08:42:48.977+0000] {processor.py:836} INFO - DAG(s) dict_keys(['A_Process_data_hive_spark']) retrieved from /opt/airflow/dags/Spark.py
[2023-08-09T08:42:49.002+0000] {logging_mixin.py:149} INFO - [2023-08-09T08:42:49.002+0000] {dag.py:2726} INFO - Sync 1 DAGs
[2023-08-09T08:42:49.020+0000] {logging_mixin.py:149} INFO - [2023-08-09T08:42:49.020+0000] {dag.py:3486} INFO - Setting next_dagrun for A_Process_data_hive_spark to None, run_after=None
[2023-08-09T08:42:49.031+0000] {processor.py:179} INFO - Processing /opt/airflow/dags/Spark.py took 0.115 seconds
[2023-08-09T08:43:19.328+0000] {processor.py:157} INFO - Started process (PID=8220) to work on /opt/airflow/dags/Spark.py
[2023-08-09T08:43:19.330+0000] {processor.py:826} INFO - Processing file /opt/airflow/dags/Spark.py for tasks to queue
[2023-08-09T08:43:19.332+0000] {logging_mixin.py:149} INFO - [2023-08-09T08:43:19.332+0000] {dagbag.py:541} INFO - Filling up the DagBag from /opt/airflow/dags/Spark.py
[2023-08-09T08:43:19.367+0000] {processor.py:836} INFO - DAG(s) dict_keys(['A_Process_data_hive_spark']) retrieved from /opt/airflow/dags/Spark.py
[2023-08-09T08:43:19.390+0000] {logging_mixin.py:149} INFO - [2023-08-09T08:43:19.390+0000] {dag.py:2726} INFO - Sync 1 DAGs
[2023-08-09T08:43:19.406+0000] {logging_mixin.py:149} INFO - [2023-08-09T08:43:19.406+0000] {dag.py:3486} INFO - Setting next_dagrun for A_Process_data_hive_spark to None, run_after=None
[2023-08-09T08:43:19.417+0000] {processor.py:179} INFO - Processing /opt/airflow/dags/Spark.py took 0.092 seconds
[2023-08-09T08:43:49.710+0000] {processor.py:157} INFO - Started process (PID=8359) to work on /opt/airflow/dags/Spark.py
[2023-08-09T08:43:49.712+0000] {processor.py:826} INFO - Processing file /opt/airflow/dags/Spark.py for tasks to queue
[2023-08-09T08:43:49.714+0000] {logging_mixin.py:149} INFO - [2023-08-09T08:43:49.714+0000] {dagbag.py:541} INFO - Filling up the DagBag from /opt/airflow/dags/Spark.py
[2023-08-09T08:43:49.763+0000] {processor.py:836} INFO - DAG(s) dict_keys(['A_Process_data_hive_spark']) retrieved from /opt/airflow/dags/Spark.py
[2023-08-09T08:43:49.787+0000] {logging_mixin.py:149} INFO - [2023-08-09T08:43:49.786+0000] {dag.py:2726} INFO - Sync 1 DAGs
[2023-08-09T08:43:49.801+0000] {logging_mixin.py:149} INFO - [2023-08-09T08:43:49.801+0000] {dag.py:3486} INFO - Setting next_dagrun for A_Process_data_hive_spark to None, run_after=None
[2023-08-09T08:43:49.811+0000] {processor.py:179} INFO - Processing /opt/airflow/dags/Spark.py took 0.105 seconds
[2023-08-09T08:44:20.429+0000] {processor.py:157} INFO - Started process (PID=8498) to work on /opt/airflow/dags/Spark.py
[2023-08-09T08:44:20.432+0000] {processor.py:826} INFO - Processing file /opt/airflow/dags/Spark.py for tasks to queue
[2023-08-09T08:44:20.434+0000] {logging_mixin.py:149} INFO - [2023-08-09T08:44:20.434+0000] {dagbag.py:541} INFO - Filling up the DagBag from /opt/airflow/dags/Spark.py
[2023-08-09T08:44:20.495+0000] {processor.py:836} INFO - DAG(s) dict_keys(['A_Process_data_hive_spark']) retrieved from /opt/airflow/dags/Spark.py
[2023-08-09T08:44:20.526+0000] {logging_mixin.py:149} INFO - [2023-08-09T08:44:20.526+0000] {dag.py:2726} INFO - Sync 1 DAGs
[2023-08-09T08:44:20.546+0000] {logging_mixin.py:149} INFO - [2023-08-09T08:44:20.546+0000] {dag.py:3486} INFO - Setting next_dagrun for A_Process_data_hive_spark to None, run_after=None
[2023-08-09T08:44:20.560+0000] {processor.py:179} INFO - Processing /opt/airflow/dags/Spark.py took 0.136 seconds
[2023-08-09T08:44:51.216+0000] {processor.py:157} INFO - Started process (PID=8637) to work on /opt/airflow/dags/Spark.py
[2023-08-09T08:44:51.218+0000] {processor.py:826} INFO - Processing file /opt/airflow/dags/Spark.py for tasks to queue
[2023-08-09T08:44:51.219+0000] {logging_mixin.py:149} INFO - [2023-08-09T08:44:51.219+0000] {dagbag.py:541} INFO - Filling up the DagBag from /opt/airflow/dags/Spark.py
[2023-08-09T08:44:51.251+0000] {processor.py:836} INFO - DAG(s) dict_keys(['A_Process_data_hive_spark']) retrieved from /opt/airflow/dags/Spark.py
[2023-08-09T08:44:51.275+0000] {logging_mixin.py:149} INFO - [2023-08-09T08:44:51.275+0000] {dag.py:2726} INFO - Sync 1 DAGs
[2023-08-09T08:44:51.294+0000] {logging_mixin.py:149} INFO - [2023-08-09T08:44:51.293+0000] {dag.py:3486} INFO - Setting next_dagrun for A_Process_data_hive_spark to None, run_after=None
[2023-08-09T08:44:51.305+0000] {processor.py:179} INFO - Processing /opt/airflow/dags/Spark.py took 0.092 seconds
[2023-08-09T08:45:21.950+0000] {processor.py:157} INFO - Started process (PID=8776) to work on /opt/airflow/dags/Spark.py
[2023-08-09T08:45:21.954+0000] {processor.py:826} INFO - Processing file /opt/airflow/dags/Spark.py for tasks to queue
[2023-08-09T08:45:21.957+0000] {logging_mixin.py:149} INFO - [2023-08-09T08:45:21.956+0000] {dagbag.py:541} INFO - Filling up the DagBag from /opt/airflow/dags/Spark.py
[2023-08-09T08:45:21.998+0000] {processor.py:836} INFO - DAG(s) dict_keys(['A_Process_data_hive_spark']) retrieved from /opt/airflow/dags/Spark.py
[2023-08-09T08:45:22.024+0000] {logging_mixin.py:149} INFO - [2023-08-09T08:45:22.024+0000] {dag.py:2726} INFO - Sync 1 DAGs
[2023-08-09T08:45:22.045+0000] {logging_mixin.py:149} INFO - [2023-08-09T08:45:22.045+0000] {dag.py:3486} INFO - Setting next_dagrun for A_Process_data_hive_spark to None, run_after=None
[2023-08-09T08:45:22.060+0000] {processor.py:179} INFO - Processing /opt/airflow/dags/Spark.py took 0.116 seconds
[2023-08-09T08:45:52.540+0000] {processor.py:157} INFO - Started process (PID=8915) to work on /opt/airflow/dags/Spark.py
[2023-08-09T08:45:52.543+0000] {processor.py:826} INFO - Processing file /opt/airflow/dags/Spark.py for tasks to queue
[2023-08-09T08:45:52.545+0000] {logging_mixin.py:149} INFO - [2023-08-09T08:45:52.545+0000] {dagbag.py:541} INFO - Filling up the DagBag from /opt/airflow/dags/Spark.py
[2023-08-09T08:45:52.600+0000] {processor.py:836} INFO - DAG(s) dict_keys(['A_Process_data_hive_spark']) retrieved from /opt/airflow/dags/Spark.py
[2023-08-09T08:45:52.626+0000] {logging_mixin.py:149} INFO - [2023-08-09T08:45:52.626+0000] {dag.py:2726} INFO - Sync 1 DAGs
[2023-08-09T08:45:52.646+0000] {logging_mixin.py:149} INFO - [2023-08-09T08:45:52.646+0000] {dag.py:3486} INFO - Setting next_dagrun for A_Process_data_hive_spark to None, run_after=None
[2023-08-09T08:45:52.660+0000] {processor.py:179} INFO - Processing /opt/airflow/dags/Spark.py took 0.123 seconds
[2023-08-09T08:46:23.686+0000] {processor.py:157} INFO - Started process (PID=9054) to work on /opt/airflow/dags/Spark.py
[2023-08-09T08:46:23.689+0000] {processor.py:826} INFO - Processing file /opt/airflow/dags/Spark.py for tasks to queue
[2023-08-09T08:46:23.692+0000] {logging_mixin.py:149} INFO - [2023-08-09T08:46:23.691+0000] {dagbag.py:541} INFO - Filling up the DagBag from /opt/airflow/dags/Spark.py
[2023-08-09T08:46:23.729+0000] {processor.py:836} INFO - DAG(s) dict_keys(['A_Process_data_hive_spark']) retrieved from /opt/airflow/dags/Spark.py
[2023-08-09T08:46:23.770+0000] {logging_mixin.py:149} INFO - [2023-08-09T08:46:23.770+0000] {dag.py:2726} INFO - Sync 1 DAGs
[2023-08-09T08:46:23.796+0000] {logging_mixin.py:149} INFO - [2023-08-09T08:46:23.796+0000] {dag.py:3486} INFO - Setting next_dagrun for A_Process_data_hive_spark to None, run_after=None
[2023-08-09T08:46:23.813+0000] {processor.py:179} INFO - Processing /opt/airflow/dags/Spark.py took 0.131 seconds
[2023-08-09T08:46:54.707+0000] {processor.py:157} INFO - Started process (PID=9194) to work on /opt/airflow/dags/Spark.py
[2023-08-09T08:46:54.710+0000] {processor.py:826} INFO - Processing file /opt/airflow/dags/Spark.py for tasks to queue
[2023-08-09T08:46:54.712+0000] {logging_mixin.py:149} INFO - [2023-08-09T08:46:54.712+0000] {dagbag.py:541} INFO - Filling up the DagBag from /opt/airflow/dags/Spark.py
[2023-08-09T08:46:54.745+0000] {processor.py:836} INFO - DAG(s) dict_keys(['A_Process_data_hive_spark']) retrieved from /opt/airflow/dags/Spark.py
[2023-08-09T08:46:54.770+0000] {logging_mixin.py:149} INFO - [2023-08-09T08:46:54.770+0000] {dag.py:2726} INFO - Sync 1 DAGs
[2023-08-09T08:46:54.788+0000] {logging_mixin.py:149} INFO - [2023-08-09T08:46:54.788+0000] {dag.py:3486} INFO - Setting next_dagrun for A_Process_data_hive_spark to None, run_after=None
[2023-08-09T08:46:54.802+0000] {processor.py:179} INFO - Processing /opt/airflow/dags/Spark.py took 0.099 seconds
[2023-08-09T08:47:25.735+0000] {processor.py:157} INFO - Started process (PID=9333) to work on /opt/airflow/dags/Spark.py
[2023-08-09T08:47:25.738+0000] {processor.py:826} INFO - Processing file /opt/airflow/dags/Spark.py for tasks to queue
[2023-08-09T08:47:25.739+0000] {logging_mixin.py:149} INFO - [2023-08-09T08:47:25.739+0000] {dagbag.py:541} INFO - Filling up the DagBag from /opt/airflow/dags/Spark.py
[2023-08-09T08:47:25.803+0000] {processor.py:836} INFO - DAG(s) dict_keys(['A_Process_data_hive_spark']) retrieved from /opt/airflow/dags/Spark.py
[2023-08-09T08:47:25.837+0000] {logging_mixin.py:149} INFO - [2023-08-09T08:47:25.837+0000] {dag.py:2726} INFO - Sync 1 DAGs
[2023-08-09T08:47:25.858+0000] {logging_mixin.py:149} INFO - [2023-08-09T08:47:25.857+0000] {dag.py:3486} INFO - Setting next_dagrun for A_Process_data_hive_spark to None, run_after=None
[2023-08-09T08:47:25.878+0000] {processor.py:179} INFO - Processing /opt/airflow/dags/Spark.py took 0.147 seconds
[2023-08-09T08:47:56.584+0000] {processor.py:157} INFO - Started process (PID=9480) to work on /opt/airflow/dags/Spark.py
[2023-08-09T08:47:56.586+0000] {processor.py:826} INFO - Processing file /opt/airflow/dags/Spark.py for tasks to queue
[2023-08-09T08:47:56.606+0000] {logging_mixin.py:149} INFO - [2023-08-09T08:47:56.606+0000] {dagbag.py:541} INFO - Filling up the DagBag from /opt/airflow/dags/Spark.py
[2023-08-09T08:47:56.642+0000] {processor.py:836} INFO - DAG(s) dict_keys(['A_Process_data_hive_spark']) retrieved from /opt/airflow/dags/Spark.py
[2023-08-09T08:47:56.666+0000] {logging_mixin.py:149} INFO - [2023-08-09T08:47:56.666+0000] {dag.py:2726} INFO - Sync 1 DAGs
[2023-08-09T08:47:56.681+0000] {logging_mixin.py:149} INFO - [2023-08-09T08:47:56.681+0000] {dag.py:3486} INFO - Setting next_dagrun for A_Process_data_hive_spark to None, run_after=None
[2023-08-09T08:47:56.693+0000] {processor.py:179} INFO - Processing /opt/airflow/dags/Spark.py took 0.112 seconds
[2023-08-09T08:48:27.618+0000] {processor.py:157} INFO - Started process (PID=9618) to work on /opt/airflow/dags/Spark.py
[2023-08-09T08:48:27.621+0000] {processor.py:826} INFO - Processing file /opt/airflow/dags/Spark.py for tasks to queue
[2023-08-09T08:48:27.623+0000] {logging_mixin.py:149} INFO - [2023-08-09T08:48:27.623+0000] {dagbag.py:541} INFO - Filling up the DagBag from /opt/airflow/dags/Spark.py
[2023-08-09T08:48:27.690+0000] {processor.py:836} INFO - DAG(s) dict_keys(['A_Process_data_hive_spark']) retrieved from /opt/airflow/dags/Spark.py
[2023-08-09T08:48:27.722+0000] {logging_mixin.py:149} INFO - [2023-08-09T08:48:27.722+0000] {dag.py:2726} INFO - Sync 1 DAGs
[2023-08-09T08:48:27.743+0000] {logging_mixin.py:149} INFO - [2023-08-09T08:48:27.743+0000] {dag.py:3486} INFO - Setting next_dagrun for A_Process_data_hive_spark to None, run_after=None
[2023-08-09T08:48:27.761+0000] {processor.py:179} INFO - Processing /opt/airflow/dags/Spark.py took 0.147 seconds
[2023-08-09T08:48:58.298+0000] {processor.py:157} INFO - Started process (PID=9757) to work on /opt/airflow/dags/Spark.py
[2023-08-09T08:48:58.300+0000] {processor.py:826} INFO - Processing file /opt/airflow/dags/Spark.py for tasks to queue
[2023-08-09T08:48:58.301+0000] {logging_mixin.py:149} INFO - [2023-08-09T08:48:58.301+0000] {dagbag.py:541} INFO - Filling up the DagBag from /opt/airflow/dags/Spark.py
[2023-08-09T08:48:58.343+0000] {processor.py:836} INFO - DAG(s) dict_keys(['A_Process_data_hive_spark']) retrieved from /opt/airflow/dags/Spark.py
[2023-08-09T08:48:58.370+0000] {logging_mixin.py:149} INFO - [2023-08-09T08:48:58.370+0000] {dag.py:2726} INFO - Sync 1 DAGs
[2023-08-09T08:48:58.387+0000] {logging_mixin.py:149} INFO - [2023-08-09T08:48:58.387+0000] {dag.py:3486} INFO - Setting next_dagrun for A_Process_data_hive_spark to None, run_after=None
[2023-08-09T08:48:58.401+0000] {processor.py:179} INFO - Processing /opt/airflow/dags/Spark.py took 0.107 seconds
[2023-08-09T08:49:29.270+0000] {processor.py:157} INFO - Started process (PID=9896) to work on /opt/airflow/dags/Spark.py
[2023-08-09T08:49:29.272+0000] {processor.py:826} INFO - Processing file /opt/airflow/dags/Spark.py for tasks to queue
[2023-08-09T08:49:29.274+0000] {logging_mixin.py:149} INFO - [2023-08-09T08:49:29.273+0000] {dagbag.py:541} INFO - Filling up the DagBag from /opt/airflow/dags/Spark.py
[2023-08-09T08:49:29.321+0000] {processor.py:836} INFO - DAG(s) dict_keys(['A_Process_data_hive_spark']) retrieved from /opt/airflow/dags/Spark.py
[2023-08-09T08:49:29.345+0000] {logging_mixin.py:149} INFO - [2023-08-09T08:49:29.345+0000] {dag.py:2726} INFO - Sync 1 DAGs
[2023-08-09T08:49:29.361+0000] {logging_mixin.py:149} INFO - [2023-08-09T08:49:29.361+0000] {dag.py:3486} INFO - Setting next_dagrun for A_Process_data_hive_spark to None, run_after=None
[2023-08-09T08:49:29.372+0000] {processor.py:179} INFO - Processing /opt/airflow/dags/Spark.py took 0.106 seconds
[2023-08-09T08:49:59.875+0000] {processor.py:157} INFO - Started process (PID=10035) to work on /opt/airflow/dags/Spark.py
[2023-08-09T08:49:59.877+0000] {processor.py:826} INFO - Processing file /opt/airflow/dags/Spark.py for tasks to queue
[2023-08-09T08:49:59.879+0000] {logging_mixin.py:149} INFO - [2023-08-09T08:49:59.879+0000] {dagbag.py:541} INFO - Filling up the DagBag from /opt/airflow/dags/Spark.py
[2023-08-09T08:49:59.922+0000] {processor.py:836} INFO - DAG(s) dict_keys(['A_Process_data_hive_spark']) retrieved from /opt/airflow/dags/Spark.py
[2023-08-09T08:49:59.956+0000] {logging_mixin.py:149} INFO - [2023-08-09T08:49:59.955+0000] {dag.py:2726} INFO - Sync 1 DAGs
[2023-08-09T08:49:59.976+0000] {logging_mixin.py:149} INFO - [2023-08-09T08:49:59.976+0000] {dag.py:3486} INFO - Setting next_dagrun for A_Process_data_hive_spark to None, run_after=None
[2023-08-09T08:49:59.994+0000] {processor.py:179} INFO - Processing /opt/airflow/dags/Spark.py took 0.122 seconds
[2023-08-09T08:50:30.945+0000] {processor.py:157} INFO - Started process (PID=10174) to work on /opt/airflow/dags/Spark.py
[2023-08-09T08:50:30.947+0000] {processor.py:826} INFO - Processing file /opt/airflow/dags/Spark.py for tasks to queue
[2023-08-09T08:50:30.949+0000] {logging_mixin.py:149} INFO - [2023-08-09T08:50:30.949+0000] {dagbag.py:541} INFO - Filling up the DagBag from /opt/airflow/dags/Spark.py
[2023-08-09T08:50:30.977+0000] {processor.py:836} INFO - DAG(s) dict_keys(['A_Process_data_hive_spark']) retrieved from /opt/airflow/dags/Spark.py
[2023-08-09T08:50:31.001+0000] {logging_mixin.py:149} INFO - [2023-08-09T08:50:31.001+0000] {dag.py:2726} INFO - Sync 1 DAGs
[2023-08-09T08:50:31.018+0000] {logging_mixin.py:149} INFO - [2023-08-09T08:50:31.018+0000] {dag.py:3486} INFO - Setting next_dagrun for A_Process_data_hive_spark to None, run_after=None
[2023-08-09T08:50:31.029+0000] {processor.py:179} INFO - Processing /opt/airflow/dags/Spark.py took 0.088 seconds
[2023-08-09T08:51:01.564+0000] {processor.py:157} INFO - Started process (PID=10313) to work on /opt/airflow/dags/Spark.py
[2023-08-09T08:51:01.568+0000] {processor.py:826} INFO - Processing file /opt/airflow/dags/Spark.py for tasks to queue
[2023-08-09T08:51:01.570+0000] {logging_mixin.py:149} INFO - [2023-08-09T08:51:01.569+0000] {dagbag.py:541} INFO - Filling up the DagBag from /opt/airflow/dags/Spark.py
[2023-08-09T08:51:01.622+0000] {processor.py:836} INFO - DAG(s) dict_keys(['A_Process_data_hive_spark']) retrieved from /opt/airflow/dags/Spark.py
[2023-08-09T08:51:01.647+0000] {logging_mixin.py:149} INFO - [2023-08-09T08:51:01.646+0000] {dag.py:2726} INFO - Sync 1 DAGs
[2023-08-09T08:51:01.661+0000] {logging_mixin.py:149} INFO - [2023-08-09T08:51:01.661+0000] {dag.py:3486} INFO - Setting next_dagrun for A_Process_data_hive_spark to None, run_after=None
[2023-08-09T08:51:01.674+0000] {processor.py:179} INFO - Processing /opt/airflow/dags/Spark.py took 0.115 seconds
[2023-08-09T08:51:32.085+0000] {processor.py:157} INFO - Started process (PID=10452) to work on /opt/airflow/dags/Spark.py
[2023-08-09T08:51:32.088+0000] {processor.py:826} INFO - Processing file /opt/airflow/dags/Spark.py for tasks to queue
[2023-08-09T08:51:32.095+0000] {logging_mixin.py:149} INFO - [2023-08-09T08:51:32.095+0000] {dagbag.py:541} INFO - Filling up the DagBag from /opt/airflow/dags/Spark.py
[2023-08-09T08:51:32.134+0000] {processor.py:836} INFO - DAG(s) dict_keys(['A_Process_data_hive_spark']) retrieved from /opt/airflow/dags/Spark.py
[2023-08-09T08:51:32.164+0000] {logging_mixin.py:149} INFO - [2023-08-09T08:51:32.164+0000] {dag.py:2726} INFO - Sync 1 DAGs
[2023-08-09T08:51:32.184+0000] {logging_mixin.py:149} INFO - [2023-08-09T08:51:32.184+0000] {dag.py:3486} INFO - Setting next_dagrun for A_Process_data_hive_spark to None, run_after=None
[2023-08-09T08:51:32.197+0000] {processor.py:179} INFO - Processing /opt/airflow/dags/Spark.py took 0.117 seconds
[2023-08-09T08:52:02.676+0000] {processor.py:157} INFO - Started process (PID=10591) to work on /opt/airflow/dags/Spark.py
[2023-08-09T08:52:02.679+0000] {processor.py:826} INFO - Processing file /opt/airflow/dags/Spark.py for tasks to queue
[2023-08-09T08:52:02.681+0000] {logging_mixin.py:149} INFO - [2023-08-09T08:52:02.680+0000] {dagbag.py:541} INFO - Filling up the DagBag from /opt/airflow/dags/Spark.py
[2023-08-09T08:52:02.730+0000] {processor.py:836} INFO - DAG(s) dict_keys(['A_Process_data_hive_spark']) retrieved from /opt/airflow/dags/Spark.py
[2023-08-09T08:52:02.751+0000] {logging_mixin.py:149} INFO - [2023-08-09T08:52:02.751+0000] {dag.py:2726} INFO - Sync 1 DAGs
[2023-08-09T08:52:02.766+0000] {logging_mixin.py:149} INFO - [2023-08-09T08:52:02.766+0000] {dag.py:3486} INFO - Setting next_dagrun for A_Process_data_hive_spark to None, run_after=None
[2023-08-09T08:52:02.779+0000] {processor.py:179} INFO - Processing /opt/airflow/dags/Spark.py took 0.108 seconds
