[2023-08-09T08:37:36.159+0000] {processor.py:157} INFO - Started process (PID=6630) to work on /opt/airflow/dags/Chap8/hooks.py
[2023-08-09T08:37:36.161+0000] {processor.py:826} INFO - Processing file /opt/airflow/dags/Chap8/hooks.py for tasks to queue
[2023-08-09T08:37:36.162+0000] {logging_mixin.py:149} INFO - [2023-08-09T08:37:36.162+0000] {dagbag.py:541} INFO - Filling up the DagBag from /opt/airflow/dags/Chap8/hooks.py
[2023-08-09T08:37:36.172+0000] {processor.py:838} WARNING - No viable dags retrieved from /opt/airflow/dags/Chap8/hooks.py
[2023-08-09T08:37:36.189+0000] {processor.py:179} INFO - Processing /opt/airflow/dags/Chap8/hooks.py took 0.033 seconds
[2023-08-09T08:38:07.114+0000] {processor.py:157} INFO - Started process (PID=6769) to work on /opt/airflow/dags/Chap8/hooks.py
[2023-08-09T08:38:07.116+0000] {processor.py:826} INFO - Processing file /opt/airflow/dags/Chap8/hooks.py for tasks to queue
[2023-08-09T08:38:07.117+0000] {logging_mixin.py:149} INFO - [2023-08-09T08:38:07.117+0000] {dagbag.py:541} INFO - Filling up the DagBag from /opt/airflow/dags/Chap8/hooks.py
[2023-08-09T08:38:07.124+0000] {processor.py:838} WARNING - No viable dags retrieved from /opt/airflow/dags/Chap8/hooks.py
[2023-08-09T08:38:07.138+0000] {processor.py:179} INFO - Processing /opt/airflow/dags/Chap8/hooks.py took 0.027 seconds
[2023-08-09T08:38:37.947+0000] {processor.py:157} INFO - Started process (PID=6909) to work on /opt/airflow/dags/Chap8/hooks.py
[2023-08-09T08:38:37.949+0000] {processor.py:826} INFO - Processing file /opt/airflow/dags/Chap8/hooks.py for tasks to queue
[2023-08-09T08:38:37.951+0000] {logging_mixin.py:149} INFO - [2023-08-09T08:38:37.951+0000] {dagbag.py:541} INFO - Filling up the DagBag from /opt/airflow/dags/Chap8/hooks.py
[2023-08-09T08:38:37.957+0000] {processor.py:838} WARNING - No viable dags retrieved from /opt/airflow/dags/Chap8/hooks.py
[2023-08-09T08:38:37.975+0000] {processor.py:179} INFO - Processing /opt/airflow/dags/Chap8/hooks.py took 0.031 seconds
[2023-08-09T08:39:08.835+0000] {processor.py:157} INFO - Started process (PID=7048) to work on /opt/airflow/dags/Chap8/hooks.py
[2023-08-09T08:39:08.838+0000] {processor.py:826} INFO - Processing file /opt/airflow/dags/Chap8/hooks.py for tasks to queue
[2023-08-09T08:39:08.839+0000] {logging_mixin.py:149} INFO - [2023-08-09T08:39:08.839+0000] {dagbag.py:541} INFO - Filling up the DagBag from /opt/airflow/dags/Chap8/hooks.py
[2023-08-09T08:39:08.852+0000] {processor.py:838} WARNING - No viable dags retrieved from /opt/airflow/dags/Chap8/hooks.py
[2023-08-09T08:39:08.867+0000] {processor.py:179} INFO - Processing /opt/airflow/dags/Chap8/hooks.py took 0.035 seconds
[2023-08-09T08:39:39.475+0000] {processor.py:157} INFO - Started process (PID=7187) to work on /opt/airflow/dags/Chap8/hooks.py
[2023-08-09T08:39:39.477+0000] {processor.py:826} INFO - Processing file /opt/airflow/dags/Chap8/hooks.py for tasks to queue
[2023-08-09T08:39:39.478+0000] {logging_mixin.py:149} INFO - [2023-08-09T08:39:39.478+0000] {dagbag.py:541} INFO - Filling up the DagBag from /opt/airflow/dags/Chap8/hooks.py
[2023-08-09T08:39:39.484+0000] {processor.py:838} WARNING - No viable dags retrieved from /opt/airflow/dags/Chap8/hooks.py
[2023-08-09T08:39:39.500+0000] {processor.py:179} INFO - Processing /opt/airflow/dags/Chap8/hooks.py took 0.028 seconds
[2023-08-09T08:40:10.332+0000] {processor.py:157} INFO - Started process (PID=7326) to work on /opt/airflow/dags/Chap8/hooks.py
[2023-08-09T08:40:10.340+0000] {processor.py:826} INFO - Processing file /opt/airflow/dags/Chap8/hooks.py for tasks to queue
[2023-08-09T08:40:10.342+0000] {logging_mixin.py:149} INFO - [2023-08-09T08:40:10.342+0000] {dagbag.py:541} INFO - Filling up the DagBag from /opt/airflow/dags/Chap8/hooks.py
[2023-08-09T08:40:10.349+0000] {processor.py:838} WARNING - No viable dags retrieved from /opt/airflow/dags/Chap8/hooks.py
[2023-08-09T08:40:10.365+0000] {processor.py:179} INFO - Processing /opt/airflow/dags/Chap8/hooks.py took 0.036 seconds
[2023-08-09T08:40:40.810+0000] {processor.py:157} INFO - Started process (PID=7465) to work on /opt/airflow/dags/Chap8/hooks.py
[2023-08-09T08:40:40.813+0000] {processor.py:826} INFO - Processing file /opt/airflow/dags/Chap8/hooks.py for tasks to queue
[2023-08-09T08:40:40.814+0000] {logging_mixin.py:149} INFO - [2023-08-09T08:40:40.814+0000] {dagbag.py:541} INFO - Filling up the DagBag from /opt/airflow/dags/Chap8/hooks.py
[2023-08-09T08:40:40.822+0000] {processor.py:838} WARNING - No viable dags retrieved from /opt/airflow/dags/Chap8/hooks.py
[2023-08-09T08:40:40.838+0000] {processor.py:179} INFO - Processing /opt/airflow/dags/Chap8/hooks.py took 0.031 seconds
[2023-08-09T08:41:11.355+0000] {processor.py:157} INFO - Started process (PID=7604) to work on /opt/airflow/dags/Chap8/hooks.py
[2023-08-09T08:41:11.357+0000] {processor.py:826} INFO - Processing file /opt/airflow/dags/Chap8/hooks.py for tasks to queue
[2023-08-09T08:41:11.358+0000] {logging_mixin.py:149} INFO - [2023-08-09T08:41:11.358+0000] {dagbag.py:541} INFO - Filling up the DagBag from /opt/airflow/dags/Chap8/hooks.py
[2023-08-09T08:41:11.365+0000] {processor.py:838} WARNING - No viable dags retrieved from /opt/airflow/dags/Chap8/hooks.py
[2023-08-09T08:41:11.397+0000] {processor.py:179} INFO - Processing /opt/airflow/dags/Chap8/hooks.py took 0.045 seconds
[2023-08-09T08:41:42.038+0000] {processor.py:157} INFO - Started process (PID=7743) to work on /opt/airflow/dags/Chap8/hooks.py
[2023-08-09T08:41:42.041+0000] {processor.py:826} INFO - Processing file /opt/airflow/dags/Chap8/hooks.py for tasks to queue
[2023-08-09T08:41:42.042+0000] {logging_mixin.py:149} INFO - [2023-08-09T08:41:42.042+0000] {dagbag.py:541} INFO - Filling up the DagBag from /opt/airflow/dags/Chap8/hooks.py
[2023-08-09T08:41:42.051+0000] {processor.py:838} WARNING - No viable dags retrieved from /opt/airflow/dags/Chap8/hooks.py
[2023-08-09T08:41:42.068+0000] {processor.py:179} INFO - Processing /opt/airflow/dags/Chap8/hooks.py took 0.033 seconds
[2023-08-09T08:42:12.613+0000] {processor.py:157} INFO - Started process (PID=7882) to work on /opt/airflow/dags/Chap8/hooks.py
[2023-08-09T08:42:12.615+0000] {processor.py:826} INFO - Processing file /opt/airflow/dags/Chap8/hooks.py for tasks to queue
[2023-08-09T08:42:12.616+0000] {logging_mixin.py:149} INFO - [2023-08-09T08:42:12.616+0000] {dagbag.py:541} INFO - Filling up the DagBag from /opt/airflow/dags/Chap8/hooks.py
[2023-08-09T08:42:12.623+0000] {processor.py:838} WARNING - No viable dags retrieved from /opt/airflow/dags/Chap8/hooks.py
[2023-08-09T08:42:12.640+0000] {processor.py:179} INFO - Processing /opt/airflow/dags/Chap8/hooks.py took 0.030 seconds
[2023-08-09T08:42:44.082+0000] {processor.py:157} INFO - Started process (PID=8021) to work on /opt/airflow/dags/Chap8/hooks.py
[2023-08-09T08:42:44.084+0000] {processor.py:826} INFO - Processing file /opt/airflow/dags/Chap8/hooks.py for tasks to queue
[2023-08-09T08:42:44.085+0000] {logging_mixin.py:149} INFO - [2023-08-09T08:42:44.085+0000] {dagbag.py:541} INFO - Filling up the DagBag from /opt/airflow/dags/Chap8/hooks.py
[2023-08-09T08:42:44.091+0000] {processor.py:838} WARNING - No viable dags retrieved from /opt/airflow/dags/Chap8/hooks.py
[2023-08-09T08:42:44.110+0000] {processor.py:179} INFO - Processing /opt/airflow/dags/Chap8/hooks.py took 0.031 seconds
[2023-08-09T08:43:14.544+0000] {processor.py:157} INFO - Started process (PID=8160) to work on /opt/airflow/dags/Chap8/hooks.py
[2023-08-09T08:43:14.553+0000] {processor.py:826} INFO - Processing file /opt/airflow/dags/Chap8/hooks.py for tasks to queue
[2023-08-09T08:43:14.555+0000] {logging_mixin.py:149} INFO - [2023-08-09T08:43:14.554+0000] {dagbag.py:541} INFO - Filling up the DagBag from /opt/airflow/dags/Chap8/hooks.py
[2023-08-09T08:43:14.561+0000] {processor.py:838} WARNING - No viable dags retrieved from /opt/airflow/dags/Chap8/hooks.py
[2023-08-09T08:43:14.577+0000] {processor.py:179} INFO - Processing /opt/airflow/dags/Chap8/hooks.py took 0.036 seconds
[2023-08-09T08:43:45.922+0000] {processor.py:157} INFO - Started process (PID=8299) to work on /opt/airflow/dags/Chap8/hooks.py
[2023-08-09T08:43:45.925+0000] {processor.py:826} INFO - Processing file /opt/airflow/dags/Chap8/hooks.py for tasks to queue
[2023-08-09T08:43:45.927+0000] {logging_mixin.py:149} INFO - [2023-08-09T08:43:45.927+0000] {dagbag.py:541} INFO - Filling up the DagBag from /opt/airflow/dags/Chap8/hooks.py
[2023-08-09T08:43:45.951+0000] {processor.py:838} WARNING - No viable dags retrieved from /opt/airflow/dags/Chap8/hooks.py
[2023-08-09T08:43:45.968+0000] {processor.py:179} INFO - Processing /opt/airflow/dags/Chap8/hooks.py took 0.049 seconds
[2023-08-09T08:44:16.489+0000] {processor.py:157} INFO - Started process (PID=8438) to work on /opt/airflow/dags/Chap8/hooks.py
[2023-08-09T08:44:16.491+0000] {processor.py:826} INFO - Processing file /opt/airflow/dags/Chap8/hooks.py for tasks to queue
[2023-08-09T08:44:16.496+0000] {logging_mixin.py:149} INFO - [2023-08-09T08:44:16.496+0000] {dagbag.py:541} INFO - Filling up the DagBag from /opt/airflow/dags/Chap8/hooks.py
[2023-08-09T08:44:16.502+0000] {processor.py:838} WARNING - No viable dags retrieved from /opt/airflow/dags/Chap8/hooks.py
[2023-08-09T08:44:16.519+0000] {processor.py:179} INFO - Processing /opt/airflow/dags/Chap8/hooks.py took 0.033 seconds
[2023-08-09T08:44:47.278+0000] {processor.py:157} INFO - Started process (PID=8577) to work on /opt/airflow/dags/Chap8/hooks.py
[2023-08-09T08:44:47.280+0000] {processor.py:826} INFO - Processing file /opt/airflow/dags/Chap8/hooks.py for tasks to queue
[2023-08-09T08:44:47.281+0000] {logging_mixin.py:149} INFO - [2023-08-09T08:44:47.281+0000] {dagbag.py:541} INFO - Filling up the DagBag from /opt/airflow/dags/Chap8/hooks.py
[2023-08-09T08:44:47.293+0000] {processor.py:838} WARNING - No viable dags retrieved from /opt/airflow/dags/Chap8/hooks.py
[2023-08-09T08:44:47.325+0000] {processor.py:179} INFO - Processing /opt/airflow/dags/Chap8/hooks.py took 0.050 seconds
[2023-08-09T08:45:18.104+0000] {processor.py:157} INFO - Started process (PID=8716) to work on /opt/airflow/dags/Chap8/hooks.py
[2023-08-09T08:45:18.106+0000] {processor.py:826} INFO - Processing file /opt/airflow/dags/Chap8/hooks.py for tasks to queue
[2023-08-09T08:45:18.108+0000] {logging_mixin.py:149} INFO - [2023-08-09T08:45:18.107+0000] {dagbag.py:541} INFO - Filling up the DagBag from /opt/airflow/dags/Chap8/hooks.py
[2023-08-09T08:45:18.114+0000] {processor.py:838} WARNING - No viable dags retrieved from /opt/airflow/dags/Chap8/hooks.py
[2023-08-09T08:45:18.132+0000] {processor.py:179} INFO - Processing /opt/airflow/dags/Chap8/hooks.py took 0.030 seconds
[2023-08-09T08:45:49.547+0000] {processor.py:157} INFO - Started process (PID=8855) to work on /opt/airflow/dags/Chap8/hooks.py
[2023-08-09T08:45:49.550+0000] {processor.py:826} INFO - Processing file /opt/airflow/dags/Chap8/hooks.py for tasks to queue
[2023-08-09T08:45:49.551+0000] {logging_mixin.py:149} INFO - [2023-08-09T08:45:49.551+0000] {dagbag.py:541} INFO - Filling up the DagBag from /opt/airflow/dags/Chap8/hooks.py
[2023-08-09T08:45:49.559+0000] {processor.py:838} WARNING - No viable dags retrieved from /opt/airflow/dags/Chap8/hooks.py
[2023-08-09T08:45:49.578+0000] {processor.py:179} INFO - Processing /opt/airflow/dags/Chap8/hooks.py took 0.034 seconds
[2023-08-09T08:46:20.795+0000] {processor.py:157} INFO - Started process (PID=8994) to work on /opt/airflow/dags/Chap8/hooks.py
[2023-08-09T08:46:20.798+0000] {processor.py:826} INFO - Processing file /opt/airflow/dags/Chap8/hooks.py for tasks to queue
[2023-08-09T08:46:20.799+0000] {logging_mixin.py:149} INFO - [2023-08-09T08:46:20.799+0000] {dagbag.py:541} INFO - Filling up the DagBag from /opt/airflow/dags/Chap8/hooks.py
[2023-08-09T08:46:20.805+0000] {processor.py:838} WARNING - No viable dags retrieved from /opt/airflow/dags/Chap8/hooks.py
[2023-08-09T08:46:20.826+0000] {processor.py:179} INFO - Processing /opt/airflow/dags/Chap8/hooks.py took 0.038 seconds
[2023-08-09T08:46:51.715+0000] {processor.py:157} INFO - Started process (PID=9134) to work on /opt/airflow/dags/Chap8/hooks.py
[2023-08-09T08:46:51.717+0000] {processor.py:826} INFO - Processing file /opt/airflow/dags/Chap8/hooks.py for tasks to queue
[2023-08-09T08:46:51.719+0000] {logging_mixin.py:149} INFO - [2023-08-09T08:46:51.719+0000] {dagbag.py:541} INFO - Filling up the DagBag from /opt/airflow/dags/Chap8/hooks.py
[2023-08-09T08:46:51.726+0000] {processor.py:838} WARNING - No viable dags retrieved from /opt/airflow/dags/Chap8/hooks.py
[2023-08-09T08:46:51.743+0000] {processor.py:179} INFO - Processing /opt/airflow/dags/Chap8/hooks.py took 0.031 seconds
[2023-08-09T08:47:22.736+0000] {processor.py:157} INFO - Started process (PID=9273) to work on /opt/airflow/dags/Chap8/hooks.py
[2023-08-09T08:47:22.738+0000] {processor.py:826} INFO - Processing file /opt/airflow/dags/Chap8/hooks.py for tasks to queue
[2023-08-09T08:47:22.740+0000] {logging_mixin.py:149} INFO - [2023-08-09T08:47:22.740+0000] {dagbag.py:541} INFO - Filling up the DagBag from /opt/airflow/dags/Chap8/hooks.py
[2023-08-09T08:47:22.746+0000] {processor.py:838} WARNING - No viable dags retrieved from /opt/airflow/dags/Chap8/hooks.py
[2023-08-09T08:47:22.763+0000] {processor.py:179} INFO - Processing /opt/airflow/dags/Chap8/hooks.py took 0.029 seconds
[2023-08-09T08:47:53.615+0000] {processor.py:157} INFO - Started process (PID=9413) to work on /opt/airflow/dags/Chap8/hooks.py
[2023-08-09T08:47:53.618+0000] {processor.py:826} INFO - Processing file /opt/airflow/dags/Chap8/hooks.py for tasks to queue
[2023-08-09T08:47:53.620+0000] {logging_mixin.py:149} INFO - [2023-08-09T08:47:53.619+0000] {dagbag.py:541} INFO - Filling up the DagBag from /opt/airflow/dags/Chap8/hooks.py
[2023-08-09T08:47:53.626+0000] {processor.py:838} WARNING - No viable dags retrieved from /opt/airflow/dags/Chap8/hooks.py
[2023-08-09T08:47:53.643+0000] {processor.py:179} INFO - Processing /opt/airflow/dags/Chap8/hooks.py took 0.031 seconds
[2023-08-09T08:48:24.525+0000] {processor.py:157} INFO - Started process (PID=9552) to work on /opt/airflow/dags/Chap8/hooks.py
[2023-08-09T08:48:24.528+0000] {processor.py:826} INFO - Processing file /opt/airflow/dags/Chap8/hooks.py for tasks to queue
[2023-08-09T08:48:24.529+0000] {logging_mixin.py:149} INFO - [2023-08-09T08:48:24.529+0000] {dagbag.py:541} INFO - Filling up the DagBag from /opt/airflow/dags/Chap8/hooks.py
[2023-08-09T08:48:24.536+0000] {processor.py:838} WARNING - No viable dags retrieved from /opt/airflow/dags/Chap8/hooks.py
[2023-08-09T08:48:24.555+0000] {processor.py:179} INFO - Processing /opt/airflow/dags/Chap8/hooks.py took 0.033 seconds
[2023-08-09T08:48:55.429+0000] {processor.py:157} INFO - Started process (PID=9690) to work on /opt/airflow/dags/Chap8/hooks.py
[2023-08-09T08:48:55.431+0000] {processor.py:826} INFO - Processing file /opt/airflow/dags/Chap8/hooks.py for tasks to queue
[2023-08-09T08:48:55.432+0000] {logging_mixin.py:149} INFO - [2023-08-09T08:48:55.432+0000] {dagbag.py:541} INFO - Filling up the DagBag from /opt/airflow/dags/Chap8/hooks.py
[2023-08-09T08:48:55.438+0000] {processor.py:838} WARNING - No viable dags retrieved from /opt/airflow/dags/Chap8/hooks.py
[2023-08-09T08:48:55.454+0000] {processor.py:179} INFO - Processing /opt/airflow/dags/Chap8/hooks.py took 0.028 seconds
[2023-08-09T08:49:26.385+0000] {processor.py:157} INFO - Started process (PID=9836) to work on /opt/airflow/dags/Chap8/hooks.py
[2023-08-09T08:49:26.388+0000] {processor.py:826} INFO - Processing file /opt/airflow/dags/Chap8/hooks.py for tasks to queue
[2023-08-09T08:49:26.390+0000] {logging_mixin.py:149} INFO - [2023-08-09T08:49:26.389+0000] {dagbag.py:541} INFO - Filling up the DagBag from /opt/airflow/dags/Chap8/hooks.py
[2023-08-09T08:49:26.397+0000] {processor.py:838} WARNING - No viable dags retrieved from /opt/airflow/dags/Chap8/hooks.py
[2023-08-09T08:49:26.421+0000] {processor.py:179} INFO - Processing /opt/airflow/dags/Chap8/hooks.py took 0.042 seconds
[2023-08-09T08:49:57.035+0000] {processor.py:157} INFO - Started process (PID=9975) to work on /opt/airflow/dags/Chap8/hooks.py
[2023-08-09T08:49:57.036+0000] {processor.py:826} INFO - Processing file /opt/airflow/dags/Chap8/hooks.py for tasks to queue
[2023-08-09T08:49:57.038+0000] {logging_mixin.py:149} INFO - [2023-08-09T08:49:57.038+0000] {dagbag.py:541} INFO - Filling up the DagBag from /opt/airflow/dags/Chap8/hooks.py
[2023-08-09T08:49:57.048+0000] {processor.py:838} WARNING - No viable dags retrieved from /opt/airflow/dags/Chap8/hooks.py
[2023-08-09T08:49:57.064+0000] {processor.py:179} INFO - Processing /opt/airflow/dags/Chap8/hooks.py took 0.033 seconds
[2023-08-09T08:50:27.939+0000] {processor.py:157} INFO - Started process (PID=10111) to work on /opt/airflow/dags/Chap8/hooks.py
[2023-08-09T08:50:27.941+0000] {processor.py:826} INFO - Processing file /opt/airflow/dags/Chap8/hooks.py for tasks to queue
[2023-08-09T08:50:27.943+0000] {logging_mixin.py:149} INFO - [2023-08-09T08:50:27.942+0000] {dagbag.py:541} INFO - Filling up the DagBag from /opt/airflow/dags/Chap8/hooks.py
[2023-08-09T08:50:27.954+0000] {processor.py:838} WARNING - No viable dags retrieved from /opt/airflow/dags/Chap8/hooks.py
[2023-08-09T08:50:27.973+0000] {processor.py:179} INFO - Processing /opt/airflow/dags/Chap8/hooks.py took 0.037 seconds
[2023-08-09T08:50:58.232+0000] {processor.py:157} INFO - Started process (PID=10244) to work on /opt/airflow/dags/Chap8/hooks.py
[2023-08-09T08:50:58.234+0000] {processor.py:826} INFO - Processing file /opt/airflow/dags/Chap8/hooks.py for tasks to queue
[2023-08-09T08:50:58.236+0000] {logging_mixin.py:149} INFO - [2023-08-09T08:50:58.236+0000] {dagbag.py:541} INFO - Filling up the DagBag from /opt/airflow/dags/Chap8/hooks.py
[2023-08-09T08:50:58.249+0000] {processor.py:838} WARNING - No viable dags retrieved from /opt/airflow/dags/Chap8/hooks.py
[2023-08-09T08:50:58.266+0000] {processor.py:179} INFO - Processing /opt/airflow/dags/Chap8/hooks.py took 0.037 seconds
[2023-08-09T08:51:28.812+0000] {processor.py:157} INFO - Started process (PID=10383) to work on /opt/airflow/dags/Chap8/hooks.py
[2023-08-09T08:51:28.815+0000] {processor.py:826} INFO - Processing file /opt/airflow/dags/Chap8/hooks.py for tasks to queue
[2023-08-09T08:51:28.817+0000] {logging_mixin.py:149} INFO - [2023-08-09T08:51:28.817+0000] {dagbag.py:541} INFO - Filling up the DagBag from /opt/airflow/dags/Chap8/hooks.py
[2023-08-09T08:51:28.824+0000] {processor.py:838} WARNING - No viable dags retrieved from /opt/airflow/dags/Chap8/hooks.py
[2023-08-09T08:51:28.842+0000] {processor.py:179} INFO - Processing /opt/airflow/dags/Chap8/hooks.py took 0.034 seconds
[2023-08-09T08:51:59.256+0000] {processor.py:157} INFO - Started process (PID=10519) to work on /opt/airflow/dags/Chap8/hooks.py
[2023-08-09T08:51:59.259+0000] {processor.py:826} INFO - Processing file /opt/airflow/dags/Chap8/hooks.py for tasks to queue
[2023-08-09T08:51:59.265+0000] {logging_mixin.py:149} INFO - [2023-08-09T08:51:59.265+0000] {dagbag.py:541} INFO - Filling up the DagBag from /opt/airflow/dags/Chap8/hooks.py
[2023-08-09T08:51:59.274+0000] {processor.py:838} WARNING - No viable dags retrieved from /opt/airflow/dags/Chap8/hooks.py
[2023-08-09T08:51:59.298+0000] {processor.py:179} INFO - Processing /opt/airflow/dags/Chap8/hooks.py took 0.047 seconds
